"""
CALM-inspired chunk-latent ablation adapted to the parameter-golf BPB workflow.

Design:
- group target tokens into fixed-size chunks
- train a chunk autoencoder that compresses each chunk into a continuous latent
- run an autoregressive chunk transformer over previous chunk tokens
- decode the predicted chunk latent back into target tokens

This is not a literal port of `../calm`: the original repo uses a separately pretrained
autoencoder and likelihood-free latent training. Here we keep the core continuous-chunk
idea but adapt it to direct BPB optimization and the repo's single-script ablation setup.

Artifact path:
- evaluation and export keep only the chunk autoregressive path plus chunk decoder
- the chunk VAE encoder is training-only and removed from the exported state dict
"""

from __future__ import annotations

import copy
import io
import os
import random
import subprocess
import sys
import time
import zlib
from pathlib import Path

import numpy as np
import sentencepiece as spm
import torch
import torch.distributed as dist
import torch.nn.functional as F
from torch import Tensor, nn
from torch.nn.parallel import DistributedDataParallel as DDP

sys.path.insert(0, str(Path(__file__).resolve().parent.parent))
import train_gpt as base  # noqa: E402


class Hyperparameters(base.Hyperparameters):
    calm_patch_size = int(os.environ.get("CALM_PATCH_SIZE", "4"))
    calm_latent_dim = int(
        os.environ.get("CALM_LATENT_DIM", str(max(128, int(os.environ.get("MODEL_DIM", "512")) // 2)))
    )
    calm_ae_layers = int(os.environ.get("CALM_AE_LAYERS", "2"))
    calm_decoder_layers = int(os.environ.get("CALM_DECODER_LAYERS", "2"))
    calm_ae_expansion = int(os.environ.get("CALM_AE_EXPANSION", "2"))
    calm_decoder_expansion = int(os.environ.get("CALM_DECODER_EXPANSION", "2"))
    calm_latent_pred_expansion = int(os.environ.get("CALM_LATENT_PRED_EXPANSION", "2"))
    calm_ae_dropout = float(os.environ.get("CALM_AE_DROPOUT", "0.05"))
    calm_ae_ce_weight = float(os.environ.get("CALM_AE_CE_WEIGHT", "0.25"))
    calm_latent_align_weight = float(os.environ.get("CALM_LATENT_ALIGN_WEIGHT", "0.5"))
    calm_kl_weight = float(os.environ.get("CALM_KL_WEIGHT", "0.001"))
    calm_kl_clamp = float(os.environ.get("CALM_KL_CLAMP", "0.0"))
    calm_aux_lr = float(os.environ.get("CALM_AUX_LR", str(base.Hyperparameters.head_lr)))


class ChunkMLPBlock(nn.Module):
    def __init__(self, dim: int, expansion: int):
        super().__init__()
        hidden = max(dim, dim * expansion)
        self.norm = base.RMSNorm()
        self.fc = base.CastedLinear(dim, hidden, bias=False)
        self.proj = base.CastedLinear(hidden, dim, bias=False)
        nn.init.zeros_(self.proj.weight)

    def forward(self, x: Tensor) -> Tensor:
        return x + self.proj(F.silu(self.fc(self.norm(x))))


class ChunkEncoder(nn.Module):
    def __init__(self, model_dim: int, patch_size: int, latent_dim: int, num_layers: int, expansion: int, dropout: float):
        super().__init__()
        self.patch_size = patch_size
        self.dropout = dropout
        self.blocks = nn.ModuleList([ChunkMLPBlock(model_dim, expansion) for _ in range(num_layers)])
        self.squeeze = base.CastedLinear(patch_size * model_dim, model_dim, bias=False)
        self.norm = base.RMSNorm()
        self.to_latent = base.CastedLinear(model_dim, latent_dim, bias=False)

    def forward(self, tok_emb: nn.Embedding, pos_emb: Tensor, chunk_tokens: Tensor) -> Tensor:
        bsz, num_chunks, patch_size = chunk_tokens.shape
        if patch_size != self.patch_size:
            raise ValueError(f"Expected chunk size {self.patch_size}, got {patch_size}")
        x = tok_emb(chunk_tokens.reshape(bsz * num_chunks, patch_size))
        x = x + pos_emb.to(dtype=x.dtype)[None, :, :]
        if self.training and self.dropout > 0.0:
            x = F.dropout(x, p=self.dropout, training=True)
        for block in self.blocks:
            x = block(x)
        flat = x.reshape(bsz * num_chunks, patch_size * x.size(-1))
        hidden = self.norm(self.squeeze(flat))
        latent = self.to_latent(hidden)
        return latent.reshape(bsz, num_chunks, -1)


class ContextChunkEmbedder(nn.Module):
    def __init__(self, model_dim: int, patch_size: int):
        super().__init__()
        self.patch_size = patch_size
        self.in_proj = base.CastedLinear(patch_size * model_dim, 2 * model_dim, bias=False)
        self.out_proj = base.CastedLinear(2 * model_dim, model_dim, bias=False)

    def forward(self, tok_emb: nn.Embedding, pos_emb: Tensor, chunk_tokens: Tensor) -> Tensor:
        bsz, num_chunks, patch_size = chunk_tokens.shape
        if patch_size != self.patch_size:
            raise ValueError(f"Expected chunk size {self.patch_size}, got {patch_size}")
        x = tok_emb(chunk_tokens.reshape(bsz * num_chunks, patch_size))
        x = x + pos_emb.to(dtype=x.dtype)[None, :, :]
        flat = x.reshape(bsz * num_chunks, patch_size * x.size(-1))
        hidden = self.out_proj(F.silu(self.in_proj(flat)))
        return hidden.reshape(bsz, num_chunks, -1)


class ChunkLatentPredictor(nn.Module):
    def __init__(self, model_dim: int, latent_dim: int, expansion: int):
        super().__init__()
        hidden = max(model_dim, latent_dim, model_dim * expansion)
        self.norm = base.RMSNorm()
        self.fc = base.CastedLinear(model_dim, hidden, bias=False)
        self.proj = base.CastedLinear(hidden, latent_dim, bias=False)
        self.base_latent = nn.Parameter(torch.zeros(latent_dim, dtype=torch.float32))
        nn.init.zeros_(self.proj.weight)

    def forward(self, hidden: Tensor) -> Tensor:
        base_latent = self.base_latent.to(dtype=hidden.dtype)[None, None, :]
        return base_latent + self.proj(F.silu(self.fc(self.norm(hidden))))


class ChunkLatentDecoder(nn.Module):
    def __init__(
        self,
        vocab_size: int,
        model_dim: int,
        patch_size: int,
        latent_dim: int,
        num_layers: int,
        expansion: int,
        logit_softcap: float,
    ):
        super().__init__()
        self.vocab_size = vocab_size
        self.patch_size = patch_size
        self.logit_softcap = logit_softcap
        self.latent_proj = base.CastedLinear(latent_dim, model_dim, bias=False)
        self.expand = base.CastedLinear(model_dim, patch_size * model_dim, bias=False)
        self.blocks = nn.ModuleList([ChunkMLPBlock(model_dim, expansion) for _ in range(num_layers)])
        self.norm = base.RMSNorm()

    def forward(self, latent: Tensor, tok_weight: Tensor, pos_emb: Tensor) -> Tensor:
        bsz, num_chunks, _ = latent.shape
        hidden = self.latent_proj(latent.reshape(bsz * num_chunks, -1))
        x = self.expand(hidden).reshape(bsz * num_chunks, self.patch_size, -1)
        x = x + pos_emb.to(dtype=x.dtype)[None, :, :]
        for block in self.blocks:
            x = block(x)
        x = self.norm(x)
        logits_proj = F.linear(x.reshape(-1, x.size(-1)), tok_weight)
        logits = self.logit_softcap * torch.tanh(logits_proj / self.logit_softcap)
        return logits.reshape(bsz, num_chunks, self.patch_size, self.vocab_size)


class CALMChunkGPT(nn.Module):
    training_only_prefixes = ("ae_encoder.",)

    def __init__(self, args: Hyperparameters):
        super().__init__()
        if args.logit_softcap <= 0.0:
            raise ValueError(f"logit_softcap must be positive, got {args.logit_softcap}")
        if args.train_seq_len % args.calm_patch_size != 0:
            raise ValueError(
                f"TRAIN_SEQ_LEN={args.train_seq_len} must be divisible by CALM_PATCH_SIZE={args.calm_patch_size}"
            )
        self.tie_embeddings = True
        self.logit_softcap = args.logit_softcap
        self.patch_size = args.calm_patch_size
        self.latent_dim = args.calm_latent_dim
        self.ae_ce_weight = args.calm_ae_ce_weight
        self.latent_align_weight = args.calm_latent_align_weight
        self.tok_emb = nn.Embedding(args.vocab_size, args.model_dim)
        self.chunk_pos_emb = nn.Parameter(torch.zeros(self.patch_size, args.model_dim, dtype=torch.float32))
        self.context_init = nn.Parameter(torch.zeros(args.model_dim, dtype=torch.float32))
        self.context_embedder = ContextChunkEmbedder(args.model_dim, self.patch_size)
        self.num_encoder_layers = args.num_layers // 2
        self.num_decoder_layers = args.num_layers - self.num_encoder_layers
        self.num_skip_weights = min(self.num_encoder_layers, self.num_decoder_layers)
        self.skip_weights = nn.Parameter(torch.ones(self.num_skip_weights, args.model_dim, dtype=torch.float32))
        self.blocks = nn.ModuleList(
            [
                base.Block(
                    args.model_dim,
                    args.num_heads,
                    args.num_kv_heads,
                    args.mlp_mult,
                    args.rope_base,
                    args.qk_gain_init,
                )
                for _ in range(args.num_layers)
            ]
        )
        self.final_norm = base.RMSNorm()
        self.ae_encoder = ChunkEncoder(
            model_dim=args.model_dim,
            patch_size=self.patch_size,
            latent_dim=self.latent_dim,
            num_layers=args.calm_ae_layers,
            expansion=args.calm_ae_expansion,
            dropout=args.calm_ae_dropout,
        )
        self.latent_predictor = ChunkLatentPredictor(
            model_dim=args.model_dim,
            latent_dim=self.latent_dim,
            expansion=args.calm_latent_pred_expansion,
        )
        self.decoder = ChunkLatentDecoder(
            vocab_size=args.vocab_size,
            model_dim=args.model_dim,
            patch_size=self.patch_size,
            latent_dim=self.latent_dim,
            num_layers=args.calm_decoder_layers,
            expansion=args.calm_decoder_expansion,
            logit_softcap=args.logit_softcap,
        )
        self.latent_norm = base.RMSNorm()
        nn.init.normal_(self.tok_emb.weight, mean=0.0, std=args.tied_embed_init_std)

    def chunk_tokens(self, token_ids: Tensor) -> Tensor:
        bsz, seqlen = token_ids.shape
        if seqlen % self.patch_size != 0:
            raise ValueError(f"Sequence length {seqlen} must be divisible by patch size {self.patch_size}")
        return token_ids.reshape(bsz, seqlen // self.patch_size, self.patch_size)

    def encode_context(self, context_chunks: Tensor) -> Tensor:
        bsz, _, _ = context_chunks.shape
        if context_chunks.size(1) > 1:
            prev_hidden = self.context_embedder(self.tok_emb, self.chunk_pos_emb, context_chunks[:, :-1])
            init = self.context_init.to(dtype=prev_hidden.dtype)[None, None, :].expand(bsz, 1, -1)
            x = torch.cat((init, prev_hidden), dim=1)
        else:
            init = self.context_init.to(dtype=self.tok_emb.weight.dtype)[None, None, :].expand(bsz, 1, -1)
            x = init
        x0 = x
        skips: list[Tensor] = []
        for i in range(self.num_encoder_layers):
            x = self.blocks[i](x, x0)
            skips.append(x)
        for i in range(self.num_decoder_layers):
            if skips:
                x = x + self.skip_weights[i].to(dtype=x.dtype)[None, None, :] * skips.pop()
            x = self.blocks[self.num_encoder_layers + i](x, x0)
        return self.final_norm(x)

    def predict_latent(self, context_hidden: Tensor) -> Tensor:
        pred_latent = self.latent_predictor(context_hidden)
        return self.latent_norm(pred_latent)

    def decode_to_logits(self, latent: Tensor) -> Tensor:
        latent = self.latent_norm(latent)
        return self.decoder(latent, self.tok_emb.weight, self.chunk_pos_emb)

    def chunk_ce(self, logits: Tensor, target_chunks: Tensor) -> Tensor:
        return F.cross_entropy(logits.reshape(-1, logits.size(-1)).float(), target_chunks.reshape(-1), reduction="mean")

    def forward(self, input_ids: Tensor, target_ids: Tensor) -> Tensor:
        del input_ids  # This ablation conditions on chunk-level teacher forcing over target chunks.
        target_chunks = self.chunk_tokens(target_ids)
        context_hidden = self.encode_context(target_chunks)
        pred_latent = self.predict_latent(context_hidden)
        pred_logits = self.decode_to_logits(pred_latent)
        ar_ce = self.chunk_ce(pred_logits, target_chunks)
        if not self.training:
            return ar_ce

        target_latent = self.ae_encoder(self.tok_emb, self.chunk_pos_emb, target_chunks)
        ae_logits = self.decode_to_logits(target_latent)
        ae_ce = self.chunk_ce(ae_logits, target_chunks)
        latent_align = F.mse_loss(pred_latent.float(), target_latent.detach().float(), reduction="mean")
        return ar_ce + self.ae_ce_weight * ae_ce + self.latent_align_weight * latent_align

    def artifact_state_dict(self) -> dict[str, Tensor]:
        return {
            name: tensor
            for name, tensor in self.state_dict().items()
            if not any(name.startswith(prefix) for prefix in self.training_only_prefixes)
        }


def main() -> None:
    code = Path(__file__).read_text(encoding="utf-8")
    args = Hyperparameters()
    base.zeropower_via_newtonschulz5 = torch.compile(base.zeropower_via_newtonschulz5)

    distributed = "RANK" in os.environ and "WORLD_SIZE" in os.environ
    rank = int(os.environ.get("RANK", "0"))
    world_size = int(os.environ.get("WORLD_SIZE", "1"))
    local_rank = int(os.environ.get("LOCAL_RANK", "0"))
    if world_size <= 0:
        raise ValueError(f"WORLD_SIZE must be positive, got {world_size}")
    if 8 % world_size != 0:
        raise ValueError(f"WORLD_SIZE={world_size} must divide 8 so grad_accum_steps stays integral")
    grad_accum_steps = 8 // world_size
    grad_scale = 1.0 / grad_accum_steps
    if not torch.cuda.is_available():
        raise RuntimeError("CUDA is required")
    device = torch.device("cuda", local_rank)
    torch.cuda.set_device(device)
    if distributed:
        dist.init_process_group(backend="nccl", device_id=device)
        dist.barrier()
    master_process = rank == 0

    torch.backends.cuda.matmul.allow_tf32 = True
    torch.backends.cudnn.allow_tf32 = True
    torch.set_float32_matmul_precision("high")
    from torch.backends.cuda import enable_cudnn_sdp, enable_flash_sdp, enable_math_sdp, enable_mem_efficient_sdp

    enable_cudnn_sdp(False)
    enable_flash_sdp(True)
    enable_mem_efficient_sdp(False)
    enable_math_sdp(False)

    logfile = None
    if master_process:
        os.makedirs("logs", exist_ok=True)
        logfile = f"logs/{args.run_id}.txt"
        print(logfile)

    def log0(msg: str, console: bool = True) -> None:
        if not master_process:
            return
        if console:
            print(msg)
        if logfile is not None:
            with open(logfile, "a", encoding="utf-8") as f:
                print(msg, file=f)

    log0(code, console=False)
    log0("=" * 100, console=False)
    log0(f"Running Python {sys.version}", console=False)
    log0(f"Running PyTorch {torch.__version__}", console=False)
    log0(
        subprocess.run(["nvidia-smi"], stdout=subprocess.PIPE, stderr=subprocess.PIPE, text=True, check=False).stdout,
        console=False,
    )
    log0("=" * 100, console=False)

    random.seed(args.seed)
    np.random.seed(args.seed)
    torch.manual_seed(args.seed)
    torch.cuda.manual_seed_all(args.seed)

    if not args.tokenizer_path.endswith(".model"):
        raise ValueError(f"Script only setup for SentencePiece .model file: {args.tokenizer_path}")
    sp = spm.SentencePieceProcessor(model_file=args.tokenizer_path)
    if int(sp.vocab_size()) != args.vocab_size:
        raise ValueError(
            f"VOCAB_SIZE={args.vocab_size} does not match tokenizer vocab_size={int(sp.vocab_size())}"
        )
    dataset_dir = Path(args.data_path).resolve()
    actual_train_files = len(list(dataset_dir.glob("fineweb_train_*.bin")))
    val_tokens = base.load_validation_tokens(args.val_files, args.train_seq_len)
    base_bytes_lut, has_leading_space_lut, is_boundary_token_lut = base.build_sentencepiece_luts(
        sp, args.vocab_size, device
    )
    log0(f"val_bpb:enabled tokenizer_kind=sentencepiece tokenizer_path={args.tokenizer_path}")
    log0(f"train_loader:dataset:{dataset_dir.name} train_shards:{actual_train_files}")
    log0(f"val_loader:shards pattern={args.val_files} tokens:{val_tokens.numel() - 1}")

    base_model = CALMChunkGPT(args).to(device).bfloat16()
    for module in base_model.modules():
        if isinstance(module, base.CastedLinear):
            module.float()
    base.restore_low_dim_params_to_fp32(base_model)
    compiled_model = torch.compile(base_model, dynamic=False, fullgraph=True)
    model: nn.Module = DDP(compiled_model, device_ids=[local_rank], broadcast_buffers=False) if distributed else compiled_model

    named_params = list(base_model.named_parameters())
    aux_params = [
        p
        for name, p in named_params
        if name != "tok_emb.weight"
    ]

    optimizer_tok = torch.optim.Adam(
        [{"params": [base_model.tok_emb.weight], "lr": args.tied_embed_lr, "base_lr": args.tied_embed_lr}],
        betas=(args.beta1, args.beta2),
        eps=args.adam_eps,
        fused=True,
    )
    optimizer_scalar = torch.optim.Adam(
        [{"params": aux_params, "lr": args.calm_aux_lr, "base_lr": args.calm_aux_lr}],
        betas=(args.beta1, args.beta2),
        eps=args.adam_eps,
        fused=True,
    )
    optimizers: list[torch.optim.Optimizer] = [optimizer_tok, optimizer_scalar]

    train_params = sum(p.numel() for p in base_model.parameters())
    artifact_params = sum(t.numel() for t in base_model.artifact_state_dict().values())
    log0(f"model_params_train:{train_params}")
    log0(f"model_params_artifact:{artifact_params}")
    log0(f"world_size:{world_size} grad_accum_steps:{grad_accum_steps}")
    log0("sdp_backends:cudnn=False flash=True mem_efficient=False math=False")
    log0(f"attention_mode:gqa num_heads:{args.num_heads} num_kv_heads:{args.num_kv_heads}")
    log0(
        f"calm_chunk:patch_size={args.calm_patch_size} latent_dim={args.calm_latent_dim} "
        f"ae_layers={args.calm_ae_layers} decoder_layers={args.calm_decoder_layers}"
    )
    log0(
        f"calm_loss:ae_ce_weight={args.calm_ae_ce_weight} latent_align_weight={args.calm_latent_align_weight} "
        f"kl_weight=0.0 ae_dropout={args.calm_ae_dropout} aux_lr={args.calm_aux_lr}"
    )
    log0(
        f"tie_embeddings:{base_model.tie_embeddings} embed_lr:{args.tied_embed_lr} "
        f"optimizer:adam_only calm_aux_lr:{args.calm_aux_lr}"
    )
    log0(
        f"train_batch_tokens:{args.train_batch_tokens} train_seq_len:{args.train_seq_len} "
        f"iterations:{args.iterations} warmup_steps:{args.warmup_steps} "
        f"max_wallclock_seconds:{args.max_wallclock_seconds:.3f}"
    )
    log0(f"seed:{args.seed}")

    train_loader = base.DistributedTokenLoader(args.train_files, rank, world_size, device)

    def zero_grad_all() -> None:
        for opt in optimizers:
            opt.zero_grad(set_to_none=True)

    max_wallclock_ms = 1000.0 * args.max_wallclock_seconds if args.max_wallclock_seconds > 0 else None

    def lr_mul(step: int, elapsed_ms: float) -> float:
        if args.warmdown_iters <= 0:
            return 1.0
        if max_wallclock_ms is None:
            warmdown_start = max(args.iterations - args.warmdown_iters, 0)
            if warmdown_start <= step < args.iterations:
                return max((args.iterations - step) / max(args.warmdown_iters, 1), 0.0)
            return 1.0
        step_ms = elapsed_ms / max(step, 1)
        warmdown_ms = args.warmdown_iters * step_ms
        remaining_ms = max(max_wallclock_ms - elapsed_ms, 0.0)
        return remaining_ms / max(warmdown_ms, 1e-9) if remaining_ms <= warmdown_ms else 1.0

    if args.warmup_steps > 0:
        initial_model_state = {name: tensor.detach().cpu().clone() for name, tensor in base_model.state_dict().items()}
        initial_optimizer_states = [copy.deepcopy(opt.state_dict()) for opt in optimizers]
        model.train()
        for warmup_step in range(args.warmup_steps):
            zero_grad_all()
            for micro_step in range(grad_accum_steps):
                if distributed:
                    model.require_backward_grad_sync = micro_step == grad_accum_steps - 1
                x, y = train_loader.next_batch(args.train_batch_tokens, args.train_seq_len, grad_accum_steps)
                with torch.autocast(device_type="cuda", dtype=torch.bfloat16, enabled=True):
                    warmup_loss = model(x, y)
                (warmup_loss * grad_scale).backward()
            for opt in optimizers:
                opt.step()
            zero_grad_all()
            if args.warmup_steps <= 20 or (warmup_step + 1) % 10 == 0 or warmup_step + 1 == args.warmup_steps:
                log0(f"warmup_step:{warmup_step + 1}/{args.warmup_steps}")
        base_model.load_state_dict(initial_model_state, strict=True)
        for opt, state in zip(optimizers, initial_optimizer_states, strict=True):
            opt.load_state_dict(state)
        zero_grad_all()
        if distributed:
            model.require_backward_grad_sync = True
        train_loader = base.DistributedTokenLoader(args.train_files, rank, world_size, device)

    training_time_ms = 0.0
    stop_after_step: int | None = None
    torch.cuda.synchronize()
    t0 = time.perf_counter()

    step = 0
    while True:
        last_step = step == args.iterations or (stop_after_step is not None and step >= stop_after_step)
        should_validate = last_step or (args.val_loss_every > 0 and step % args.val_loss_every == 0)
        if should_validate:
            torch.cuda.synchronize()
            training_time_ms += 1000.0 * (time.perf_counter() - t0)
            val_loss, val_bpb = base.eval_val(
                args,
                model,
                rank,
                world_size,
                device,
                grad_accum_steps,
                val_tokens,
                base_bytes_lut,
                has_leading_space_lut,
                is_boundary_token_lut,
            )
            log0(
                f"step:{step}/{args.iterations} val_loss:{val_loss:.4f} val_bpb:{val_bpb:.4f} "
                f"train_time:{training_time_ms:.0f}ms step_avg:{training_time_ms / max(step, 1):.2f}ms"
            )
            torch.cuda.synchronize()
            t0 = time.perf_counter()

        if last_step:
            if stop_after_step is not None and step < args.iterations:
                log0(
                    f"stopping_early: wallclock_cap train_time:{training_time_ms:.0f}ms "
                    f"step:{step}/{args.iterations}"
                )
            break

        elapsed_ms = training_time_ms + 1000.0 * (time.perf_counter() - t0)
        scale = lr_mul(step, elapsed_ms)
        zero_grad_all()
        train_loss = torch.zeros((), device=device)
        for micro_step in range(grad_accum_steps):
            if distributed:
                model.require_backward_grad_sync = micro_step == grad_accum_steps - 1
            x, y = train_loader.next_batch(args.train_batch_tokens, args.train_seq_len, grad_accum_steps)
            with torch.autocast(device_type="cuda", dtype=torch.bfloat16, enabled=True):
                loss = model(x, y)
            train_loss += loss.detach()
            (loss * grad_scale).backward()
        train_loss /= grad_accum_steps

        for opt in optimizers:
            for group in opt.param_groups:
                group["lr"] = group["base_lr"] * scale

        if args.grad_clip_norm > 0:
            torch.nn.utils.clip_grad_norm_(base_model.parameters(), args.grad_clip_norm)
        for opt in optimizers:
            opt.step()
        zero_grad_all()

        step += 1
        approx_training_time_ms = training_time_ms + 1000.0 * (time.perf_counter() - t0)
        should_log_train = (
            args.train_log_every > 0
            and (step <= 10 or step % args.train_log_every == 0 or stop_after_step is not None)
        )
        if should_log_train:
            log0(
                f"step:{step}/{args.iterations} train_loss:{train_loss.item():.4f} "
                f"train_time:{approx_training_time_ms:.0f}ms step_avg:{approx_training_time_ms / step:.2f}ms"
            )

        reached_cap = max_wallclock_ms is not None and approx_training_time_ms >= max_wallclock_ms
        if distributed and max_wallclock_ms is not None:
            reached_cap_tensor = torch.tensor(int(reached_cap), device=device)
            dist.all_reduce(reached_cap_tensor, op=dist.ReduceOp.MAX)
            reached_cap = bool(reached_cap_tensor.item())
        if stop_after_step is None and reached_cap:
            stop_after_step = step

    log0(
        f"peak memory allocated: {torch.cuda.max_memory_allocated() // 1024 // 1024} MiB "
        f"reserved: {torch.cuda.max_memory_reserved() // 1024 // 1024} MiB"
    )

    artifact_state = base_model.artifact_state_dict()
    if master_process:
        torch.save(artifact_state, "final_model.pt")
        model_bytes = os.path.getsize("final_model.pt")
        code_bytes = len(code.encode("utf-8"))
        log0(f"Serialized artifact model: {model_bytes} bytes")
        log0(f"Code size: {code_bytes} bytes")
        log0(f"Total submission size: {model_bytes + code_bytes} bytes")

    quant_obj, quant_stats = base.quantize_state_dict_int8(artifact_state)
    quant_buf = io.BytesIO()
    torch.save(quant_obj, quant_buf)
    quant_raw = quant_buf.getvalue()
    quant_blob = zlib.compress(quant_raw, level=9)
    quant_raw_bytes = len(quant_raw)
    if master_process:
        with open("final_model.int8.ptz", "wb") as f:
            f.write(quant_blob)
        quant_file_bytes = os.path.getsize("final_model.int8.ptz")
        code_bytes = len(code.encode("utf-8"))
        ratio = quant_stats["baseline_tensor_bytes"] / max(quant_stats["int8_payload_bytes"], 1)
        log0(
            f"Serialized artifact int8+zlib: {quant_file_bytes} bytes "
            f"(payload:{quant_stats['int8_payload_bytes']} raw_torch:{quant_raw_bytes} payload_ratio:{ratio:.2f}x)"
        )
        log0(f"Total submission size int8+zlib: {quant_file_bytes + code_bytes} bytes")

    if distributed:
        dist.barrier()
    with open("final_model.int8.ptz", "rb") as f:
        quant_blob_disk = f.read()
    quant_state = torch.load(io.BytesIO(zlib.decompress(quant_blob_disk)), map_location="cpu")
    roundtrip_state = base.dequantize_state_dict_int8(quant_state)
    missing, unexpected = base_model.load_state_dict(roundtrip_state, strict=False)
    if unexpected:
        raise RuntimeError(f"Unexpected keys when loading roundtrip artifact: {unexpected}")
    allowed_missing = {name for name, _ in base_model.named_parameters() if name.startswith("ae_encoder.")}
    if set(missing) - allowed_missing:
        raise RuntimeError(f"Unexpected missing keys when loading roundtrip artifact: {missing}")
    torch.cuda.synchronize()
    t_qeval = time.perf_counter()
    q_val_loss, q_val_bpb = base.eval_val(
        args,
        model,
        rank,
        world_size,
        device,
        grad_accum_steps,
        val_tokens,
        base_bytes_lut,
        has_leading_space_lut,
        is_boundary_token_lut,
    )
    torch.cuda.synchronize()
    log0(
        f"final_int8_zlib_roundtrip val_loss:{q_val_loss:.4f} val_bpb:{q_val_bpb:.4f} "
        f"eval_time:{1000.0 * (time.perf_counter() - t_qeval):.0f}ms"
    )
    log0(f"final_int8_zlib_roundtrip_exact val_loss:{q_val_loss:.8f} val_bpb:{q_val_bpb:.8f}")

    if distributed:
        dist.destroy_process_group()


if __name__ == "__main__":
    main()

====================================================================================================
Running Python 3.14.4 (main, Apr 11 2026, 09:29:24) [GCC 15.2.1 20260209]
Running PyTorch 2.11.0
Wed Apr 22 12:47:18 2026       
+-----------------------------------------------------------------------------------------+
| NVIDIA-SMI 595.58.03              Driver Version: 595.58.03      CUDA Version: 13.2     |
+-----------------------------------------+------------------------+----------------------+
| GPU  Name                 Persistence-M | Bus-Id          Disp.A | Volatile Uncorr. ECC |
| Fan  Temp   Perf          Pwr:Usage/Cap |           Memory-Usage | GPU-Util  Compute M. |
|                                         |                        |               MIG M. |
|=========================================+========================+======================|
|   0  NVIDIA GeForce RTX 5090        Off |   00000000:01:00.0  On |                  N/A |
| 30%   43C    P3             39W /  575W |   11285MiB /  32607MiB |      0%      Default |
|                                         |                        |                  N/A |
+-----------------------------------------+------------------------+----------------------+

+-----------------------------------------------------------------------------------------+
| Processes:                                                                              |
|  GPU   GI   CI              PID   Type   Process name                        GPU Memory |
|        ID   ID                                                               Usage      |
|=========================================================================================|
|    0   N/A  N/A            5235      G   /usr/bin/niri                          1289MiB |
|    0   N/A  N/A            5425    C+G   /usr/bin/walker                         140MiB |
|    0   N/A  N/A            5585      G   Xwayland                                  9MiB |
|    0   N/A  N/A            7060      G   /app/zen/zen                            813MiB |
|    0   N/A  N/A            7573      G   /usr/lib/vesktop/vesktop                156MiB |
|    0   N/A  N/A            8896    C+G   missioncenter                            91MiB |
|    0   N/A  N/A            9395    C+G   ...al/zed.app/libexec/zed-editor       4398MiB |
|    0   N/A  N/A           23764      G   kitty                                    34MiB |
|    0   N/A  N/A           37137      G   kitty                                    36MiB |
|    0   N/A  N/A           65013      G   kitty                                    34MiB |
|    0   N/A  N/A           69845      G   kitty                                    34MiB |
|    0   N/A  N/A           75100      G   kitty                                    34MiB |
|    0   N/A  N/A          121390      G   kitty                                    34MiB |
|    0   N/A  N/A          141523      G   kitty                                    34MiB |
|    0   N/A  N/A          145599      G   kitty                                    46MiB |
|    0   N/A  N/A          254170      G   kitty                                    34MiB |
|    0   N/A  N/A          256157      G   kitty                                    34MiB |
|    0   N/A  N/A          273387      G   kitty                                    34MiB |
|    0   N/A  N/A          279071      G   kitty                                    34MiB |
|    0   N/A  N/A          279663      G   kitty                                    34MiB |
|    0   N/A  N/A          359542      G   kitty                                    34MiB |
|    0   N/A  N/A          432486      G   kitty                                    34MiB |
|    0   N/A  N/A          459029      G   kitty                                    34MiB |
|    0   N/A  N/A          498852      G   kitty                                    34MiB |
|    0   N/A  N/A          516761      G   kitty                                    34MiB |
|    0   N/A  N/A          528703      G   kitty                                    34MiB |
|    0   N/A  N/A          567362      G   kitty                                    34MiB |
|    0   N/A  N/A          577633      G   kitty                                    34MiB |
|    0   N/A  N/A         1783024      G   kitty                                    34MiB |
|    0   N/A  N/A         2034979      G   kitty                                    34MiB |
|    0   N/A  N/A         2049270      G   kitty                                    34MiB |
|    0   N/A  N/A         2049742      G   kitty                                    34MiB |
|    0   N/A  N/A         2086520      G   kitty                                    34MiB |
|    0   N/A  N/A         2112333      G   kitty                                    34MiB |
|    0   N/A  N/A         2113832      G   kitty                                    34MiB |
|    0   N/A  N/A         2128605      G   kitty                                    56MiB |
|    0   N/A  N/A         2153095      G   kitty                                    34MiB |
|    0   N/A  N/A         2158019      G   kitty                                    34MiB |
|    0   N/A  N/A         2230629      G   kitty                                    34MiB |
|    0   N/A  N/A         2248238      G   kitty                                    34MiB |
|    0   N/A  N/A         2252798      G   kitty                                    56MiB |
|    0   N/A  N/A         2426949      G   kitty                                    34MiB |
|    0   N/A  N/A         2526082      G   kitty                                    34MiB |
|    0   N/A  N/A         2673251      G   kitty                                    34MiB |
|    0   N/A  N/A         3075697      G   kitty                                    35MiB |
|    0   N/A  N/A         3128571      G   kitty                                    34MiB |
|    0   N/A  N/A         3140014      G   kitty                                    34MiB |
|    0   N/A  N/A         3210585      G   kitty                                    56MiB |
|    0   N/A  N/A         3251884      G   ...odules/electron/dist/electron        120MiB |
|    0   N/A  N/A         3252272      G   ...rack-uuid=3190708988185955192         21MiB |
|    0   N/A  N/A         3252273      G   ...rack-uuid=3190708988185955192          6MiB |
|    0   N/A  N/A         3344195      G   kitty                                    34MiB |
|    0   N/A  N/A         3391962      G   kitty                                    56MiB |
|    0   N/A  N/A         3397391      G   /tmp/.mount_redactiJerut/redact         132MiB |
|    0   N/A  N/A         3398004      G   ...rack-uuid=3190708988185955192          6MiB |
|    0   N/A  N/A         3398005      G   ...rack-uuid=3190708988185955192         21MiB |
|    0   N/A  N/A         3409634      C   /usr/bin/python3                        498MiB |
+-----------------------------------------------------------------------------------------+

====================================================================================================
val_bpb:enabled tokenizer_kind=sentencepiece tokenizer_path=./data/tokenizers/fineweb_1024_bpe.model
train_loader:dataset:fineweb10B_sp1024 train_shards:80
val_loader:shards pattern=./data/datasets/fineweb10B_sp1024/fineweb_val_*.bin tokens:62021632
model_params_train:27024200
model_params_artifact:23747400
world_size:1 grad_accum_steps:8
sdp_backends:cudnn=False flash=True mem_efficient=False math=False
attention_mode:gqa num_heads:8 num_kv_heads:4
calm_chunk:patch_size=4 latent_dim=256 ae_layers=2 decoder_layers=2
calm_loss:ae_ce_weight=0.25 latent_align_weight=0.5 kl_weight=0.0 ae_dropout=0.05 aux_lr=0.001
tie_embeddings:True embed_lr:0.002 optimizer:adam_only calm_aux_lr:0.001
train_batch_tokens:524288 train_seq_len:1024 iterations:2000 warmup_steps:20 max_wallclock_seconds:0.000
seed:1337
warmup_step:1/20
warmup_step:2/20
warmup_step:3/20
warmup_step:4/20
warmup_step:5/20
warmup_step:6/20
warmup_step:7/20
warmup_step:8/20
warmup_step:9/20
warmup_step:10/20
warmup_step:11/20
warmup_step:12/20
warmup_step:13/20
warmup_step:14/20
warmup_step:15/20
warmup_step:16/20
warmup_step:17/20
warmup_step:18/20
warmup_step:19/20
warmup_step:20/20
step:0/2000 val_loss:6.9315 val_bpb:4.1052 train_time:0ms step_avg:0.01ms
step:1/2000 train_loss:8.8313 train_time:364ms step_avg:364.07ms
step:2/2000 train_loss:9.2932 train_time:650ms step_avg:324.99ms
step:3/2000 train_loss:9.2887 train_time:978ms step_avg:325.88ms
step:4/2000 train_loss:9.2867 train_time:1303ms step_avg:325.80ms
step:5/2000 train_loss:9.2846 train_time:1625ms step_avg:325.10ms
step:6/2000 train_loss:9.2817 train_time:1938ms step_avg:323.00ms
step:7/2000 train_loss:9.2809 train_time:2252ms step_avg:321.65ms
step:8/2000 train_loss:9.2805 train_time:2569ms step_avg:321.12ms
step:9/2000 train_loss:9.2790 train_time:2885ms step_avg:320.52ms
step:10/2000 train_loss:9.2792 train_time:3212ms step_avg:321.18ms
step:20/2000 train_loss:9.2747 train_time:6417ms step_avg:320.87ms
step:20/2000 val_loss:6.9024 val_bpb:4.0880 train_time:6457ms step_avg:322.85ms
step:30/2000 train_loss:9.2748 train_time:9560ms step_avg:318.67ms
step:40/2000 train_loss:9.2745 train_time:12704ms step_avg:317.60ms
step:40/2000 val_loss:6.9024 val_bpb:4.0880 train_time:12744ms step_avg:318.60ms
step:50/2000 train_loss:9.2733 train_time:15850ms step_avg:317.01ms
step:60/2000 train_loss:9.2752 train_time:19000ms step_avg:316.67ms
step:60/2000 val_loss:6.9024 val_bpb:4.0880 train_time:19040ms step_avg:317.34ms
step:70/2000 train_loss:9.2737 train_time:22183ms step_avg:316.90ms
step:80/2000 train_loss:9.2748 train_time:25408ms step_avg:317.60ms
step:80/2000 val_loss:6.9024 val_bpb:4.0880 train_time:25449ms step_avg:318.11ms
step:90/2000 train_loss:9.2745 train_time:28659ms step_avg:318.44ms
step:100/2000 train_loss:9.2741 train_time:31839ms step_avg:318.39ms
step:100/2000 val_loss:6.9024 val_bpb:4.0880 train_time:31880ms step_avg:318.80ms
step:110/2000 train_loss:9.2745 train_time:35013ms step_avg:318.30ms
step:120/2000 train_loss:9.2743 train_time:38166ms step_avg:318.05ms
step:120/2000 val_loss:6.9024 val_bpb:4.0880 train_time:38206ms step_avg:318.38ms
step:130/2000 train_loss:9.2747 train_time:41394ms step_avg:318.42ms
step:140/2000 train_loss:9.2750 train_time:44546ms step_avg:318.19ms
step:140/2000 val_loss:6.9024 val_bpb:4.0880 train_time:44586ms step_avg:318.47ms
step:150/2000 train_loss:9.2747 train_time:47729ms step_avg:318.19ms
step:160/2000 train_loss:9.2751 train_time:50954ms step_avg:318.47ms
step:160/2000 val_loss:6.9024 val_bpb:4.0880 train_time:50997ms step_avg:318.73ms
step:170/2000 train_loss:9.2746 train_time:54109ms step_avg:318.29ms
step:180/2000 train_loss:9.2749 train_time:57270ms step_avg:318.17ms
step:180/2000 val_loss:6.9024 val_bpb:4.0880 train_time:57310ms step_avg:318.39ms
step:190/2000 train_loss:9.2741 train_time:60423ms step_avg:318.02ms
step:200/2000 train_loss:9.2742 train_time:63653ms step_avg:318.26ms
step:200/2000 val_loss:6.9024 val_bpb:4.0880 train_time:63693ms step_avg:318.46ms
step:210/2000 train_loss:9.2741 train_time:66816ms step_avg:318.17ms
step:220/2000 train_loss:9.2745 train_time:69970ms step_avg:318.04ms
step:220/2000 val_loss:6.9024 val_bpb:4.0880 train_time:70009ms step_avg:318.22ms
step:230/2000 train_loss:9.2745 train_time:73181ms step_avg:318.18ms
step:240/2000 train_loss:9.2742 train_time:76380ms step_avg:318.25ms
step:240/2000 val_loss:6.9024 val_bpb:4.0880 train_time:76419ms step_avg:318.41ms
step:250/2000 train_loss:9.2743 train_time:79533ms step_avg:318.13ms
step:260/2000 train_loss:9.2744 train_time:82689ms step_avg:318.03ms
step:260/2000 val_loss:6.9024 val_bpb:4.0880 train_time:82729ms step_avg:318.19ms
step:270/2000 train_loss:9.2748 train_time:85917ms step_avg:318.21ms
step:280/2000 train_loss:9.2749 train_time:89222ms step_avg:318.65ms
step:280/2000 val_loss:6.9024 val_bpb:4.0880 train_time:89265ms step_avg:318.80ms
step:290/2000 train_loss:9.2742 train_time:92414ms step_avg:318.67ms
step:300/2000 train_loss:9.2746 train_time:95574ms step_avg:318.58ms
step:300/2000 val_loss:6.9024 val_bpb:4.0880 train_time:95616ms step_avg:318.72ms
step:310/2000 train_loss:9.2748 train_time:98729ms step_avg:318.48ms
step:320/2000 train_loss:9.2727 train_time:101890ms step_avg:318.41ms
step:320/2000 val_loss:6.9024 val_bpb:4.0880 train_time:101930ms step_avg:318.53ms
step:330/2000 train_loss:9.2734 train_time:105047ms step_avg:318.32ms
step:340/2000 train_loss:9.2745 train_time:108203ms step_avg:318.25ms
step:340/2000 val_loss:6.9024 val_bpb:4.0880 train_time:108243ms step_avg:318.36ms
step:350/2000 train_loss:9.2743 train_time:111401ms step_avg:318.29ms
step:360/2000 train_loss:9.2734 train_time:114560ms step_avg:318.22ms
step:360/2000 val_loss:6.9024 val_bpb:4.0880 train_time:114600ms step_avg:318.33ms
step:370/2000 train_loss:9.2750 train_time:117728ms step_avg:318.18ms
step:380/2000 train_loss:9.2752 train_time:120947ms step_avg:318.28ms
step:380/2000 val_loss:6.9024 val_bpb:4.0880 train_time:120986ms step_avg:318.38ms
step:390/2000 train_loss:9.2754 train_time:124140ms step_avg:318.31ms
step:400/2000 train_loss:9.2747 train_time:127311ms step_avg:318.28ms
step:400/2000 val_loss:6.9024 val_bpb:4.0880 train_time:127351ms step_avg:318.38ms
step:410/2000 train_loss:9.2745 train_time:130485ms step_avg:318.26ms
step:420/2000 train_loss:9.2751 train_time:133748ms step_avg:318.45ms
step:420/2000 val_loss:6.9024 val_bpb:4.0880 train_time:133791ms step_avg:318.55ms
step:430/2000 train_loss:9.2737 train_time:136906ms step_avg:318.39ms
step:440/2000 train_loss:9.2749 train_time:140062ms step_avg:318.32ms
step:440/2000 val_loss:6.9024 val_bpb:4.0880 train_time:140102ms step_avg:318.41ms
step:450/2000 train_loss:9.2745 train_time:143387ms step_avg:318.64ms
step:460/2000 train_loss:9.2735 train_time:146607ms step_avg:318.71ms
step:460/2000 val_loss:6.9024 val_bpb:4.0880 train_time:146647ms step_avg:318.80ms
step:470/2000 train_loss:9.2755 train_time:149794ms step_avg:318.71ms
step:480/2000 train_loss:9.2747 train_time:152976ms step_avg:318.70ms
step:480/2000 val_loss:6.9024 val_bpb:4.0880 train_time:153017ms step_avg:318.79ms
step:490/2000 train_loss:9.2739 train_time:156178ms step_avg:318.73ms
step:500/2000 train_loss:9.2744 train_time:159351ms step_avg:318.70ms
step:500/2000 val_loss:6.9024 val_bpb:4.0880 train_time:159392ms step_avg:318.78ms
step:510/2000 train_loss:9.2747 train_time:162521ms step_avg:318.67ms
step:520/2000 train_loss:9.2744 train_time:165773ms step_avg:318.79ms
step:520/2000 val_loss:6.9024 val_bpb:4.0880 train_time:165812ms step_avg:318.87ms
step:530/2000 train_loss:9.2755 train_time:168927ms step_avg:318.73ms
step:540/2000 train_loss:9.2753 train_time:172085ms step_avg:318.68ms
step:540/2000 val_loss:6.9024 val_bpb:4.0880 train_time:172125ms step_avg:318.75ms
step:550/2000 train_loss:9.2748 train_time:175259ms step_avg:318.65ms
step:560/2000 train_loss:9.2742 train_time:178465ms step_avg:318.69ms
step:560/2000 val_loss:6.9024 val_bpb:4.0880 train_time:178505ms step_avg:318.76ms
step:570/2000 train_loss:9.2737 train_time:181664ms step_avg:318.71ms
step:580/2000 train_loss:9.2745 train_time:184850ms step_avg:318.71ms
step:580/2000 val_loss:6.9024 val_bpb:4.0880 train_time:184890ms step_avg:318.78ms
step:590/2000 train_loss:9.2750 train_time:188016ms step_avg:318.67ms
step:600/2000 train_loss:9.2737 train_time:191173ms step_avg:318.62ms
step:600/2000 val_loss:6.9024 val_bpb:4.0880 train_time:191212ms step_avg:318.69ms
step:610/2000 train_loss:9.2747 train_time:194343ms step_avg:318.59ms
step:620/2000 train_loss:9.2749 train_time:197503ms step_avg:318.55ms
step:620/2000 val_loss:6.9024 val_bpb:4.0880 train_time:197543ms step_avg:318.62ms
step:630/2000 train_loss:9.2742 train_time:200679ms step_avg:318.54ms
step:640/2000 train_loss:9.2741 train_time:203910ms step_avg:318.61ms
step:640/2000 val_loss:6.9024 val_bpb:4.0880 train_time:203950ms step_avg:318.67ms
step:650/2000 train_loss:9.2754 train_time:207066ms step_avg:318.56ms
step:660/2000 train_loss:9.2745 train_time:210223ms step_avg:318.52ms
step:660/2000 val_loss:6.9024 val_bpb:4.0880 train_time:210263ms step_avg:318.58ms
step:670/2000 train_loss:9.2742 train_time:213376ms step_avg:318.47ms
step:680/2000 train_loss:9.2733 train_time:216532ms step_avg:318.43ms
step:680/2000 val_loss:6.9024 val_bpb:4.0880 train_time:216572ms step_avg:318.49ms
step:690/2000 train_loss:9.2745 train_time:219687ms step_avg:318.39ms
step:700/2000 train_loss:9.2743 train_time:222845ms step_avg:318.35ms
step:700/2000 val_loss:6.9024 val_bpb:4.0880 train_time:222885ms step_avg:318.41ms
step:710/2000 train_loss:9.2748 train_time:226001ms step_avg:318.31ms
step:720/2000 train_loss:9.2752 train_time:229162ms step_avg:318.28ms
step:720/2000 val_loss:6.9024 val_bpb:4.0880 train_time:229201ms step_avg:318.34ms
step:730/2000 train_loss:9.2738 train_time:232427ms step_avg:318.39ms
step:740/2000 train_loss:9.2746 train_time:235599ms step_avg:318.38ms
step:740/2000 val_loss:6.9024 val_bpb:4.0880 train_time:235639ms step_avg:318.43ms
step:750/2000 train_loss:9.2748 train_time:238894ms step_avg:318.53ms
step:760/2000 train_loss:9.2740 train_time:242067ms step_avg:318.51ms
step:760/2000 val_loss:6.9024 val_bpb:4.0880 train_time:242106ms step_avg:318.56ms
step:770/2000 train_loss:9.2739 train_time:245237ms step_avg:318.49ms
step:780/2000 train_loss:9.2740 train_time:248393ms step_avg:318.45ms
step:780/2000 val_loss:6.9024 val_bpb:4.0880 train_time:248438ms step_avg:318.51ms
step:790/2000 train_loss:9.2748 train_time:251558ms step_avg:318.43ms
step:800/2000 train_loss:9.2749 train_time:254715ms step_avg:318.39ms
step:800/2000 val_loss:6.9024 val_bpb:4.0880 train_time:254755ms step_avg:318.44ms
step:810/2000 train_loss:9.2739 train_time:257869ms step_avg:318.36ms
step:820/2000 train_loss:9.2735 train_time:261032ms step_avg:318.33ms
step:820/2000 val_loss:6.9024 val_bpb:4.0880 train_time:261072ms step_avg:318.38ms
step:830/2000 train_loss:9.2747 train_time:264201ms step_avg:318.31ms
step:840/2000 train_loss:9.2742 train_time:267359ms step_avg:318.28ms
step:840/2000 val_loss:6.9024 val_bpb:4.0880 train_time:267399ms step_avg:318.33ms
step:850/2000 train_loss:9.2731 train_time:270513ms step_avg:318.25ms
step:860/2000 train_loss:9.2736 train_time:273668ms step_avg:318.22ms
step:860/2000 val_loss:6.9024 val_bpb:4.0880 train_time:273708ms step_avg:318.27ms
step:870/2000 train_loss:9.2744 train_time:276822ms step_avg:318.19ms
step:880/2000 train_loss:9.2747 train_time:280005ms step_avg:318.19ms
step:880/2000 val_loss:6.9024 val_bpb:4.0880 train_time:280045ms step_avg:318.23ms
step:890/2000 train_loss:9.2748 train_time:283160ms step_avg:318.16ms
step:900/2000 train_loss:9.2731 train_time:286319ms step_avg:318.13ms
step:900/2000 val_loss:6.9024 val_bpb:4.0880 train_time:286359ms step_avg:318.18ms
step:910/2000 train_loss:9.2748 train_time:289479ms step_avg:318.11ms
step:920/2000 train_loss:9.2749 train_time:292665ms step_avg:318.11ms
step:920/2000 val_loss:6.9024 val_bpb:4.0880 train_time:292705ms step_avg:318.16ms
step:930/2000 train_loss:9.2740 train_time:295819ms step_avg:318.08ms
step:940/2000 train_loss:9.2744 train_time:298985ms step_avg:318.07ms
step:940/2000 val_loss:6.9024 val_bpb:4.0880 train_time:299026ms step_avg:318.11ms
step:950/2000 train_loss:9.2751 train_time:302142ms step_avg:318.04ms
step:960/2000 train_loss:9.2750 train_time:305316ms step_avg:318.04ms
step:960/2000 val_loss:6.9024 val_bpb:4.0880 train_time:305356ms step_avg:318.08ms
step:970/2000 train_loss:9.2738 train_time:308470ms step_avg:318.01ms
step:980/2000 train_loss:9.2751 train_time:311626ms step_avg:317.99ms
step:980/2000 val_loss:6.9024 val_bpb:4.0880 train_time:311667ms step_avg:318.03ms
step:990/2000 train_loss:9.2741 train_time:314783ms step_avg:317.96ms
step:1000/2000 train_loss:9.2741 train_time:317950ms step_avg:317.95ms
step:1000/2000 val_loss:6.9024 val_bpb:4.0880 train_time:317992ms step_avg:317.99ms
step:1010/2000 train_loss:9.2744 train_time:321280ms step_avg:318.10ms
step:1020/2000 train_loss:9.2746 train_time:324505ms step_avg:318.14ms
step:1020/2000 val_loss:6.9024 val_bpb:4.0880 train_time:324546ms step_avg:318.18ms
step:1030/2000 train_loss:9.2741 train_time:327659ms step_avg:318.12ms
step:1040/2000 train_loss:9.2744 train_time:330849ms step_avg:318.12ms
step:1040/2000 val_loss:6.9024 val_bpb:4.0880 train_time:330889ms step_avg:318.16ms
step:1050/2000 train_loss:9.2744 train_time:334004ms step_avg:318.10ms
step:1060/2000 train_loss:9.2752 train_time:337160ms step_avg:318.08ms
step:1060/2000 val_loss:6.9024 val_bpb:4.0880 train_time:337200ms step_avg:318.11ms
step:1070/2000 train_loss:9.2751 train_time:340314ms step_avg:318.05ms
step:1080/2000 train_loss:9.2735 train_time:343472ms step_avg:318.03ms
step:1080/2000 val_loss:6.9024 val_bpb:4.0880 train_time:343512ms step_avg:318.07ms
step:1090/2000 train_loss:9.2749 train_time:346657ms step_avg:318.03ms
step:1100/2000 train_loss:9.2738 train_time:349819ms step_avg:318.02ms
step:1100/2000 val_loss:6.9024 val_bpb:4.0880 train_time:349859ms step_avg:318.05ms
step:1110/2000 train_loss:9.2753 train_time:352974ms step_avg:317.99ms
step:1120/2000 train_loss:9.2755 train_time:356130ms step_avg:317.97ms
step:1120/2000 val_loss:6.9024 val_bpb:4.0880 train_time:356170ms step_avg:318.01ms
step:1130/2000 train_loss:9.2750 train_time:359289ms step_avg:317.96ms
step:1140/2000 train_loss:9.2748 train_time:362445ms step_avg:317.93ms
step:1140/2000 val_loss:6.9024 val_bpb:4.0880 train_time:362485ms step_avg:317.97ms
step:1150/2000 train_loss:9.2743 train_time:365615ms step_avg:317.93ms
step:1160/2000 train_loss:9.2735 train_time:368771ms step_avg:317.91ms
step:1160/2000 val_loss:6.9024 val_bpb:4.0880 train_time:368812ms step_avg:317.94ms
step:1170/2000 train_loss:9.2749 train_time:371926ms step_avg:317.89ms
step:1180/2000 train_loss:9.2756 train_time:375082ms step_avg:317.87ms
step:1180/2000 val_loss:6.9024 val_bpb:4.0880 train_time:375122ms step_avg:317.90ms
step:1190/2000 train_loss:9.2744 train_time:378238ms step_avg:317.85ms
step:1200/2000 train_loss:9.2743 train_time:381396ms step_avg:317.83ms
step:1200/2000 val_loss:6.9024 val_bpb:4.0880 train_time:381435ms step_avg:317.86ms
step:1210/2000 train_loss:9.2748 train_time:384550ms step_avg:317.81ms
step:1220/2000 train_loss:9.2742 train_time:387708ms step_avg:317.79ms
step:1220/2000 val_loss:6.9024 val_bpb:4.0880 train_time:387748ms step_avg:317.83ms
step:1230/2000 train_loss:9.2737 train_time:390863ms step_avg:317.77ms
step:1240/2000 train_loss:9.2748 train_time:394020ms step_avg:317.76ms
step:1240/2000 val_loss:6.9024 val_bpb:4.0880 train_time:394062ms step_avg:317.79ms
step:1250/2000 train_loss:9.2746 train_time:397177ms step_avg:317.74ms
step:1260/2000 train_loss:9.2747 train_time:400335ms step_avg:317.73ms
step:1260/2000 val_loss:6.9024 val_bpb:4.0880 train_time:400374ms step_avg:317.76ms
step:1270/2000 train_loss:9.2745 train_time:403507ms step_avg:317.72ms
step:1280/2000 train_loss:9.2741 train_time:406723ms step_avg:317.75ms
step:1280/2000 val_loss:6.9024 val_bpb:4.0880 train_time:406764ms step_avg:317.78ms
step:1290/2000 train_loss:9.2744 train_time:409890ms step_avg:317.74ms
step:1300/2000 train_loss:9.2755 train_time:413090ms step_avg:317.76ms
step:1300/2000 val_loss:6.9024 val_bpb:4.0880 train_time:413131ms step_avg:317.79ms
step:1310/2000 train_loss:9.2749 train_time:416246ms step_avg:317.74ms
step:1320/2000 train_loss:9.2739 train_time:419404ms step_avg:317.73ms
step:1320/2000 val_loss:6.9024 val_bpb:4.0880 train_time:419443ms step_avg:317.76ms
step:1330/2000 train_loss:9.2748 train_time:422592ms step_avg:317.74ms
step:1340/2000 train_loss:9.2740 train_time:425776ms step_avg:317.74ms
step:1340/2000 val_loss:6.9024 val_bpb:4.0880 train_time:425816ms step_avg:317.77ms
step:1350/2000 train_loss:9.2757 train_time:428957ms step_avg:317.75ms
step:1360/2000 train_loss:9.2748 train_time:432178ms step_avg:317.78ms
step:1360/2000 val_loss:6.9024 val_bpb:4.0880 train_time:432217ms step_avg:317.81ms
step:1370/2000 train_loss:9.2750 train_time:435349ms step_avg:317.77ms
step:1380/2000 train_loss:9.2754 train_time:438522ms step_avg:317.77ms
step:1380/2000 val_loss:6.9024 val_bpb:4.0880 train_time:438564ms step_avg:317.80ms
step:1390/2000 train_loss:9.2738 train_time:441680ms step_avg:317.76ms
step:1400/2000 train_loss:9.2754 train_time:444887ms step_avg:317.78ms
step:1400/2000 val_loss:6.9024 val_bpb:4.0880 train_time:444927ms step_avg:317.81ms
step:1410/2000 train_loss:9.2743 train_time:448048ms step_avg:317.76ms
step:1420/2000 train_loss:9.2727 train_time:451205ms step_avg:317.75ms
step:1420/2000 val_loss:6.9024 val_bpb:4.0880 train_time:451244ms step_avg:317.78ms
step:1430/2000 train_loss:9.2745 train_time:454359ms step_avg:317.73ms
step:1440/2000 train_loss:9.2742 train_time:457518ms step_avg:317.72ms
step:1440/2000 val_loss:6.9024 val_bpb:4.0880 train_time:457557ms step_avg:317.75ms
step:1450/2000 train_loss:9.2741 train_time:460735ms step_avg:317.75ms
step:1460/2000 train_loss:9.2751 train_time:463909ms step_avg:317.75ms
step:1460/2000 val_loss:6.9024 val_bpb:4.0880 train_time:463950ms step_avg:317.77ms
step:1470/2000 train_loss:9.2744 train_time:467094ms step_avg:317.75ms
step:1480/2000 train_loss:9.2745 train_time:470283ms step_avg:317.76ms
step:1480/2000 val_loss:6.9024 val_bpb:4.0880 train_time:470322ms step_avg:317.79ms
step:1490/2000 train_loss:9.2743 train_time:473437ms step_avg:317.74ms
step:1500/2000 train_loss:9.2744 train_time:476594ms step_avg:317.73ms
step:1500/2000 val_loss:6.9024 val_bpb:4.0880 train_time:476633ms step_avg:317.76ms
step:1510/2000 train_loss:9.2746 train_time:479848ms step_avg:317.78ms
step:1520/2000 train_loss:9.2748 train_time:483058ms step_avg:317.80ms
step:1520/2000 val_loss:6.9024 val_bpb:4.0880 train_time:483099ms step_avg:317.83ms
step:1530/2000 train_loss:9.2739 train_time:486301ms step_avg:317.84ms
step:1540/2000 train_loss:9.2741 train_time:489475ms step_avg:317.84ms
step:1540/2000 val_loss:6.9024 val_bpb:4.0880 train_time:489515ms step_avg:317.87ms
step:1550/2000 train_loss:9.2719 train_time:492698ms step_avg:317.87ms
step:1560/2000 train_loss:9.2747 train_time:495873ms step_avg:317.87ms
step:1560/2000 val_loss:6.9024 val_bpb:4.0880 train_time:495913ms step_avg:317.89ms
step:1570/2000 train_loss:9.2751 train_time:499131ms step_avg:317.92ms
step:1580/2000 train_loss:9.2743 train_time:502318ms step_avg:317.92ms
step:1580/2000 val_loss:6.9024 val_bpb:4.0880 train_time:502358ms step_avg:317.95ms
step:1590/2000 train_loss:9.2747 train_time:505487ms step_avg:317.92ms
step:1600/2000 train_loss:9.2742 train_time:508657ms step_avg:317.91ms
step:1600/2000 val_loss:6.9024 val_bpb:4.0880 train_time:508697ms step_avg:317.94ms
step:1610/2000 train_loss:9.2743 train_time:511936ms step_avg:317.97ms
step:1620/2000 train_loss:9.2746 train_time:515108ms step_avg:317.97ms
step:1620/2000 val_loss:6.9024 val_bpb:4.0880 train_time:515148ms step_avg:317.99ms
step:1630/2000 train_loss:9.2737 train_time:518262ms step_avg:317.95ms
step:1640/2000 train_loss:9.2754 train_time:521418ms step_avg:317.94ms
step:1640/2000 val_loss:6.9024 val_bpb:4.0880 train_time:521458ms step_avg:317.96ms
step:1650/2000 train_loss:9.2742 train_time:524593ms step_avg:317.93ms
step:1660/2000 train_loss:9.2742 train_time:527810ms step_avg:317.96ms
step:1660/2000 val_loss:6.9024 val_bpb:4.0880 train_time:527850ms step_avg:317.98ms
step:1670/2000 train_loss:9.2747 train_time:530964ms step_avg:317.94ms
step:1680/2000 train_loss:9.2732 train_time:534204ms step_avg:317.98ms
step:1680/2000 val_loss:6.9024 val_bpb:4.0880 train_time:534246ms step_avg:318.00ms
step:1690/2000 train_loss:9.2736 train_time:537393ms step_avg:317.98ms
step:1700/2000 train_loss:9.2752 train_time:540549ms step_avg:317.97ms
step:1700/2000 val_loss:6.9024 val_bpb:4.0880 train_time:540589ms step_avg:317.99ms
step:1710/2000 train_loss:9.2744 train_time:543757ms step_avg:317.99ms
step:1720/2000 train_loss:9.2748 train_time:546984ms step_avg:318.01ms
step:1720/2000 val_loss:6.9024 val_bpb:4.0880 train_time:547024ms step_avg:318.04ms
step:1730/2000 train_loss:9.2745 train_time:550151ms step_avg:318.01ms
step:1740/2000 train_loss:9.2748 train_time:553328ms step_avg:318.00ms
step:1740/2000 val_loss:6.9024 val_bpb:4.0880 train_time:553368ms step_avg:318.03ms
step:1750/2000 train_loss:9.2746 train_time:556543ms step_avg:318.02ms
step:1760/2000 train_loss:9.2739 train_time:559711ms step_avg:318.02ms
step:1760/2000 val_loss:6.9024 val_bpb:4.0880 train_time:559751ms step_avg:318.04ms
step:1770/2000 train_loss:9.2750 train_time:562881ms step_avg:318.01ms
step:1780/2000 train_loss:9.2751 train_time:566041ms step_avg:318.00ms
step:1780/2000 val_loss:6.9024 val_bpb:4.0880 train_time:566083ms step_avg:318.02ms
step:1790/2000 train_loss:9.2740 train_time:569197ms step_avg:317.99ms
step:1800/2000 train_loss:9.2744 train_time:572417ms step_avg:318.01ms
step:1800/2000 val_loss:6.9024 val_bpb:4.0880 train_time:572457ms step_avg:318.03ms
step:1810/2000 train_loss:9.2743 train_time:575573ms step_avg:318.00ms
step:1820/2000 train_loss:9.2746 train_time:578730ms step_avg:317.98ms
step:1820/2000 val_loss:6.9024 val_bpb:4.0880 train_time:578770ms step_avg:318.01ms
step:1830/2000 train_loss:9.2725 train_time:581887ms step_avg:317.97ms
step:1840/2000 train_loss:9.2746 train_time:585062ms step_avg:317.97ms
step:1840/2000 val_loss:6.9024 val_bpb:4.0880 train_time:585102ms step_avg:317.99ms
step:1850/2000 train_loss:9.2748 train_time:588244ms step_avg:317.97ms
step:1860/2000 train_loss:9.2734 train_time:591472ms step_avg:318.00ms
step:1860/2000 val_loss:6.9024 val_bpb:4.0880 train_time:591514ms step_avg:318.02ms
step:1870/2000 train_loss:9.2745 train_time:594646ms step_avg:317.99ms
step:1880/2000 train_loss:9.2742 train_time:597817ms step_avg:317.99ms
step:1880/2000 val_loss:6.9024 val_bpb:4.0880 train_time:597857ms step_avg:318.01ms
step:1890/2000 train_loss:9.2748 train_time:601040ms step_avg:318.01ms
step:1900/2000 train_loss:9.2735 train_time:604364ms step_avg:318.09ms
step:1900/2000 val_loss:6.9024 val_bpb:4.0880 train_time:604404ms step_avg:318.11ms
step:1910/2000 train_loss:9.2734 train_time:607586ms step_avg:318.11ms
step:1920/2000 train_loss:9.2754 train_time:610748ms step_avg:318.10ms
step:1920/2000 val_loss:6.9024 val_bpb:4.0880 train_time:610788ms step_avg:318.12ms
step:1930/2000 train_loss:9.2744 train_time:614019ms step_avg:318.14ms
step:1940/2000 train_loss:9.2727 train_time:617179ms step_avg:318.13ms
step:1940/2000 val_loss:6.9024 val_bpb:4.0880 train_time:617219ms step_avg:318.15ms
step:1950/2000 train_loss:9.2749 train_time:620332ms step_avg:318.12ms
step:1960/2000 train_loss:9.2745 train_time:623489ms step_avg:318.11ms
step:1960/2000 val_loss:6.9024 val_bpb:4.0880 train_time:623529ms step_avg:318.13ms
step:1970/2000 train_loss:9.2735 train_time:626648ms step_avg:318.10ms
step:1980/2000 train_loss:9.2745 train_time:629817ms step_avg:318.09ms
step:1980/2000 val_loss:6.9024 val_bpb:4.0880 train_time:629857ms step_avg:318.11ms
step:1990/2000 train_loss:9.2742 train_time:632987ms step_avg:318.08ms
step:2000/2000 train_loss:9.2744 train_time:636356ms step_avg:318.18ms
step:2000/2000 val_loss:6.9024 val_bpb:4.0880 train_time:636399ms step_avg:318.20ms
peak memory allocated: 6116 MiB reserved: 6202 MiB
Serialized artifact model: 93964818 bytes
Code size: 27762 bytes
Total submission size: 93992580 bytes
Serialized artifact int8+zlib: 10642010 bytes (payload:23886112 raw_torch:23927219 payload_ratio:3.93x)
Total submission size int8+zlib: 10669772 bytes
final_int8_zlib_roundtrip val_loss:6.9055 val_bpb:4.0899 eval_time:7472ms
final_int8_zlib_roundtrip_exact val_loss:6.90554815 val_bpb:4.08985459
