"""
CALM-inspired chunk-latent ablation adapted to the parameter-golf BPB workflow.

Design:
- group target tokens into fixed-size chunks
- train a chunk autoencoder that compresses each chunk into a continuous latent
- run an autoregressive chunk transformer over previous chunk tokens
- decode the predicted chunk latent back into target tokens

This is not a literal port of `../calm`: the original repo uses a separately pretrained
autoencoder and likelihood-free latent training. Here we keep the core continuous-chunk
idea but adapt it to direct BPB optimization and the repo's single-script ablation setup.

Artifact path:
- evaluation and export keep only the chunk autoregressive path plus chunk decoder
- the chunk VAE encoder is training-only and removed from the exported state dict
"""

from __future__ import annotations

import copy
import io
import os
import random
import subprocess
import sys
import time
import zlib
from pathlib import Path

import numpy as np
import sentencepiece as spm
import torch
import torch.distributed as dist
import torch.nn.functional as F
from torch import Tensor, nn
from torch.nn.parallel import DistributedDataParallel as DDP

sys.path.insert(0, str(Path(__file__).resolve().parent.parent))
import train_gpt as base  # noqa: E402


class Hyperparameters(base.Hyperparameters):
    calm_patch_size = int(os.environ.get("CALM_PATCH_SIZE", "4"))
    calm_latent_dim = int(
        os.environ.get("CALM_LATENT_DIM", str(max(128, int(os.environ.get("MODEL_DIM", "512")) // 2)))
    )
    calm_ae_layers = int(os.environ.get("CALM_AE_LAYERS", "2"))
    calm_decoder_layers = int(os.environ.get("CALM_DECODER_LAYERS", "2"))
    calm_ae_expansion = int(os.environ.get("CALM_AE_EXPANSION", "2"))
    calm_decoder_expansion = int(os.environ.get("CALM_DECODER_EXPANSION", "2"))
    calm_latent_pred_expansion = int(os.environ.get("CALM_LATENT_PRED_EXPANSION", "2"))
    calm_ae_dropout = float(os.environ.get("CALM_AE_DROPOUT", "0.05"))
    calm_ae_ce_weight = float(os.environ.get("CALM_AE_CE_WEIGHT", "0.25"))
    calm_latent_align_weight = float(os.environ.get("CALM_LATENT_ALIGN_WEIGHT", "0.5"))
    calm_kl_weight = float(os.environ.get("CALM_KL_WEIGHT", "0.001"))
    calm_kl_clamp = float(os.environ.get("CALM_KL_CLAMP", "0.0"))


class ChunkMLPBlock(nn.Module):
    def __init__(self, dim: int, expansion: int):
        super().__init__()
        hidden = max(dim, dim * expansion)
        self.norm = base.RMSNorm()
        self.fc = base.CastedLinear(dim, hidden, bias=False)
        self.proj = base.CastedLinear(hidden, dim, bias=False)
        nn.init.zeros_(self.proj.weight)

    def forward(self, x: Tensor) -> Tensor:
        return x + self.proj(F.silu(self.fc(self.norm(x))))


class ChunkVAEEncoder(nn.Module):
    def __init__(self, model_dim: int, patch_size: int, latent_dim: int, num_layers: int, expansion: int, dropout: float):
        super().__init__()
        self.patch_size = patch_size
        self.dropout = dropout
        self.blocks = nn.ModuleList([ChunkMLPBlock(model_dim, expansion) for _ in range(num_layers)])
        self.squeeze = base.CastedLinear(patch_size * model_dim, model_dim, bias=False)
        self.norm = base.RMSNorm()
        self.to_stats = base.CastedLinear(model_dim, 2 * latent_dim, bias=False)

    def forward(self, tok_emb: nn.Embedding, pos_emb: Tensor, chunk_tokens: Tensor) -> tuple[Tensor, Tensor]:
        bsz, num_chunks, patch_size = chunk_tokens.shape
        if patch_size != self.patch_size:
            raise ValueError(f"Expected chunk size {self.patch_size}, got {patch_size}")
        x = tok_emb(chunk_tokens.reshape(bsz * num_chunks, patch_size))
        x = x + pos_emb.to(dtype=x.dtype)[None, :, :]
        if self.training and self.dropout > 0.0:
            x = F.dropout(x, p=self.dropout, training=True)
        for block in self.blocks:
            x = block(x)
        flat = x.reshape(bsz * num_chunks, patch_size * x.size(-1))
        hidden = self.norm(self.squeeze(flat))
        mean, log_std = self.to_stats(hidden).chunk(2, dim=-1)
        log_std = log_std.clamp(-4.0, 4.0)
        return mean.reshape(bsz, num_chunks, -1), log_std.reshape(bsz, num_chunks, -1)


class ContextChunkEmbedder(nn.Module):
    def __init__(self, model_dim: int, patch_size: int):
        super().__init__()
        self.patch_size = patch_size
        self.in_proj = base.CastedLinear(patch_size * model_dim, 2 * model_dim, bias=False)
        self.out_proj = base.CastedLinear(2 * model_dim, model_dim, bias=False)

    def forward(self, tok_emb: nn.Embedding, pos_emb: Tensor, chunk_tokens: Tensor) -> Tensor:
        bsz, num_chunks, patch_size = chunk_tokens.shape
        if patch_size != self.patch_size:
            raise ValueError(f"Expected chunk size {self.patch_size}, got {patch_size}")
        x = tok_emb(chunk_tokens.reshape(bsz * num_chunks, patch_size))
        x = x + pos_emb.to(dtype=x.dtype)[None, :, :]
        flat = x.reshape(bsz * num_chunks, patch_size * x.size(-1))
        hidden = self.out_proj(F.silu(self.in_proj(flat)))
        return hidden.reshape(bsz, num_chunks, -1)


class ChunkLatentPredictor(nn.Module):
    def __init__(self, model_dim: int, latent_dim: int, expansion: int):
        super().__init__()
        hidden = max(model_dim, latent_dim, model_dim * expansion)
        self.norm = base.RMSNorm()
        self.fc = base.CastedLinear(model_dim, hidden, bias=False)
        self.proj = base.CastedLinear(hidden, latent_dim, bias=False)
        self.base_latent = nn.Parameter(torch.zeros(latent_dim, dtype=torch.float32))
        nn.init.zeros_(self.proj.weight)

    def forward(self, hidden: Tensor) -> Tensor:
        base_latent = self.base_latent.to(dtype=hidden.dtype)[None, None, :]
        return base_latent + self.proj(F.silu(self.fc(self.norm(hidden))))


class ChunkLatentDecoder(nn.Module):
    def __init__(
        self,
        vocab_size: int,
        model_dim: int,
        patch_size: int,
        latent_dim: int,
        num_layers: int,
        expansion: int,
        logit_softcap: float,
    ):
        super().__init__()
        self.vocab_size = vocab_size
        self.patch_size = patch_size
        self.logit_softcap = logit_softcap
        self.latent_proj = base.CastedLinear(latent_dim, model_dim, bias=False)
        self.expand = base.CastedLinear(model_dim, patch_size * model_dim, bias=False)
        self.blocks = nn.ModuleList([ChunkMLPBlock(model_dim, expansion) for _ in range(num_layers)])
        self.norm = base.RMSNorm()

    def forward(self, latent: Tensor, tok_weight: Tensor, pos_emb: Tensor) -> Tensor:
        bsz, num_chunks, _ = latent.shape
        hidden = self.latent_proj(latent.reshape(bsz * num_chunks, -1))
        x = self.expand(hidden).reshape(bsz * num_chunks, self.patch_size, -1)
        x = x + pos_emb.to(dtype=x.dtype)[None, :, :]
        for block in self.blocks:
            x = block(x)
        x = self.norm(x)
        logits_proj = F.linear(x.reshape(-1, x.size(-1)), tok_weight)
        logits = self.logit_softcap * torch.tanh(logits_proj / self.logit_softcap)
        return logits.reshape(bsz, num_chunks, self.patch_size, self.vocab_size)


class CALMChunkGPT(nn.Module):
    training_only_prefixes = ("ae_encoder.",)

    def __init__(self, args: Hyperparameters):
        super().__init__()
        if args.logit_softcap <= 0.0:
            raise ValueError(f"logit_softcap must be positive, got {args.logit_softcap}")
        if args.train_seq_len % args.calm_patch_size != 0:
            raise ValueError(
                f"TRAIN_SEQ_LEN={args.train_seq_len} must be divisible by CALM_PATCH_SIZE={args.calm_patch_size}"
            )
        self.tie_embeddings = True
        self.logit_softcap = args.logit_softcap
        self.patch_size = args.calm_patch_size
        self.latent_dim = args.calm_latent_dim
        self.ae_ce_weight = args.calm_ae_ce_weight
        self.latent_align_weight = args.calm_latent_align_weight
        self.kl_weight = args.calm_kl_weight
        self.kl_clamp = args.calm_kl_clamp
        self.tok_emb = nn.Embedding(args.vocab_size, args.model_dim)
        self.chunk_pos_emb = nn.Parameter(torch.zeros(self.patch_size, args.model_dim, dtype=torch.float32))
        self.context_init = nn.Parameter(torch.zeros(args.model_dim, dtype=torch.float32))
        self.context_embedder = ContextChunkEmbedder(args.model_dim, self.patch_size)
        self.num_encoder_layers = args.num_layers // 2
        self.num_decoder_layers = args.num_layers - self.num_encoder_layers
        self.num_skip_weights = min(self.num_encoder_layers, self.num_decoder_layers)
        self.skip_weights = nn.Parameter(torch.ones(self.num_skip_weights, args.model_dim, dtype=torch.float32))
        self.blocks = nn.ModuleList(
            [
                base.Block(
                    args.model_dim,
                    args.num_heads,
                    args.num_kv_heads,
                    args.mlp_mult,
                    args.rope_base,
                    args.qk_gain_init,
                )
                for _ in range(args.num_layers)
            ]
        )
        self.final_norm = base.RMSNorm()
        self.ae_encoder = ChunkVAEEncoder(
            model_dim=args.model_dim,
            patch_size=self.patch_size,
            latent_dim=self.latent_dim,
            num_layers=args.calm_ae_layers,
            expansion=args.calm_ae_expansion,
            dropout=args.calm_ae_dropout,
        )
        self.latent_predictor = ChunkLatentPredictor(
            model_dim=args.model_dim,
            latent_dim=self.latent_dim,
            expansion=args.calm_latent_pred_expansion,
        )
        self.decoder = ChunkLatentDecoder(
            vocab_size=args.vocab_size,
            model_dim=args.model_dim,
            patch_size=self.patch_size,
            latent_dim=self.latent_dim,
            num_layers=args.calm_decoder_layers,
            expansion=args.calm_decoder_expansion,
            logit_softcap=args.logit_softcap,
        )
        self.latent_norm = base.RMSNorm()
        nn.init.normal_(self.tok_emb.weight, mean=0.0, std=args.tied_embed_init_std)

    def chunk_tokens(self, token_ids: Tensor) -> Tensor:
        bsz, seqlen = token_ids.shape
        if seqlen % self.patch_size != 0:
            raise ValueError(f"Sequence length {seqlen} must be divisible by patch size {self.patch_size}")
        return token_ids.reshape(bsz, seqlen // self.patch_size, self.patch_size)

    def encode_context(self, context_chunks: Tensor) -> Tensor:
        bsz, _, _ = context_chunks.shape
        if context_chunks.size(1) > 1:
            prev_hidden = self.context_embedder(self.tok_emb, self.chunk_pos_emb, context_chunks[:, :-1])
            init = self.context_init.to(dtype=prev_hidden.dtype)[None, None, :].expand(bsz, 1, -1)
            x = torch.cat((init, prev_hidden), dim=1)
        else:
            init = self.context_init.to(dtype=self.tok_emb.weight.dtype)[None, None, :].expand(bsz, 1, -1)
            x = init
        x0 = x
        skips: list[Tensor] = []
        for i in range(self.num_encoder_layers):
            x = self.blocks[i](x, x0)
            skips.append(x)
        for i in range(self.num_decoder_layers):
            if skips:
                x = x + self.skip_weights[i].to(dtype=x.dtype)[None, None, :] * skips.pop()
            x = self.blocks[self.num_encoder_layers + i](x, x0)
        return self.final_norm(x)

    def predict_latent(self, context_hidden: Tensor) -> Tensor:
        pred_latent = self.latent_predictor(context_hidden)
        return self.latent_norm(pred_latent)

    def sample_latent(self, mean: Tensor, log_std: Tensor) -> Tensor:
        if not self.training:
            return mean
        std = torch.exp(log_std)
        eps = torch.randn_like(mean)
        return mean + eps * std

    def kl_loss(self, mean: Tensor, log_std: Tensor) -> Tensor:
        std = torch.exp(log_std)
        kl = 0.5 * (mean.pow(2) + std.pow(2) - 1.0 - 2.0 * log_std)
        if self.kl_clamp > 0.0:
            kl = torch.clamp(kl, min=self.kl_clamp)
        return kl.sum(dim=-1).mean()

    def decode_to_logits(self, latent: Tensor) -> Tensor:
        latent = self.latent_norm(latent)
        return self.decoder(latent, self.tok_emb.weight, self.chunk_pos_emb)

    def chunk_ce(self, logits: Tensor, target_chunks: Tensor) -> Tensor:
        return F.cross_entropy(logits.reshape(-1, logits.size(-1)).float(), target_chunks.reshape(-1), reduction="mean")

    def forward(self, input_ids: Tensor, target_ids: Tensor) -> Tensor:
        del input_ids  # This ablation conditions on chunk-level teacher forcing over target chunks.
        target_chunks = self.chunk_tokens(target_ids)
        context_hidden = self.encode_context(target_chunks)
        pred_latent = self.predict_latent(context_hidden)
        pred_logits = self.decode_to_logits(pred_latent)
        ar_ce = self.chunk_ce(pred_logits, target_chunks)
        if not self.training:
            return ar_ce

        mean, log_std = self.ae_encoder(self.tok_emb, self.chunk_pos_emb, target_chunks)
        sampled_latent = self.sample_latent(mean, log_std)
        ae_logits = self.decode_to_logits(sampled_latent)
        ae_ce = self.chunk_ce(ae_logits, target_chunks)
        latent_align = F.mse_loss(pred_latent.float(), mean.detach().float(), reduction="mean")
        kl = self.kl_loss(mean.float(), log_std.float())
        return ar_ce + self.ae_ce_weight * ae_ce + self.latent_align_weight * latent_align + self.kl_weight * kl

    def artifact_state_dict(self) -> dict[str, Tensor]:
        return {
            name: tensor
            for name, tensor in self.state_dict().items()
            if not any(name.startswith(prefix) for prefix in self.training_only_prefixes)
        }


def main() -> None:
    code = Path(__file__).read_text(encoding="utf-8")
    args = Hyperparameters()
    base.zeropower_via_newtonschulz5 = torch.compile(base.zeropower_via_newtonschulz5)

    distributed = "RANK" in os.environ and "WORLD_SIZE" in os.environ
    rank = int(os.environ.get("RANK", "0"))
    world_size = int(os.environ.get("WORLD_SIZE", "1"))
    local_rank = int(os.environ.get("LOCAL_RANK", "0"))
    if world_size <= 0:
        raise ValueError(f"WORLD_SIZE must be positive, got {world_size}")
    if 8 % world_size != 0:
        raise ValueError(f"WORLD_SIZE={world_size} must divide 8 so grad_accum_steps stays integral")
    grad_accum_steps = 8 // world_size
    grad_scale = 1.0 / grad_accum_steps
    if not torch.cuda.is_available():
        raise RuntimeError("CUDA is required")
    device = torch.device("cuda", local_rank)
    torch.cuda.set_device(device)
    if distributed:
        dist.init_process_group(backend="nccl", device_id=device)
        dist.barrier()
    master_process = rank == 0

    torch.backends.cuda.matmul.allow_tf32 = True
    torch.backends.cudnn.allow_tf32 = True
    torch.set_float32_matmul_precision("high")
    from torch.backends.cuda import enable_cudnn_sdp, enable_flash_sdp, enable_math_sdp, enable_mem_efficient_sdp

    enable_cudnn_sdp(False)
    enable_flash_sdp(True)
    enable_mem_efficient_sdp(False)
    enable_math_sdp(False)

    logfile = None
    if master_process:
        os.makedirs("logs", exist_ok=True)
        logfile = f"logs/{args.run_id}.txt"
        print(logfile)

    def log0(msg: str, console: bool = True) -> None:
        if not master_process:
            return
        if console:
            print(msg)
        if logfile is not None:
            with open(logfile, "a", encoding="utf-8") as f:
                print(msg, file=f)

    log0(code, console=False)
    log0("=" * 100, console=False)
    log0(f"Running Python {sys.version}", console=False)
    log0(f"Running PyTorch {torch.__version__}", console=False)
    log0(
        subprocess.run(["nvidia-smi"], stdout=subprocess.PIPE, stderr=subprocess.PIPE, text=True, check=False).stdout,
        console=False,
    )
    log0("=" * 100, console=False)

    random.seed(args.seed)
    np.random.seed(args.seed)
    torch.manual_seed(args.seed)
    torch.cuda.manual_seed_all(args.seed)

    if not args.tokenizer_path.endswith(".model"):
        raise ValueError(f"Script only setup for SentencePiece .model file: {args.tokenizer_path}")
    sp = spm.SentencePieceProcessor(model_file=args.tokenizer_path)
    if int(sp.vocab_size()) != args.vocab_size:
        raise ValueError(
            f"VOCAB_SIZE={args.vocab_size} does not match tokenizer vocab_size={int(sp.vocab_size())}"
        )
    dataset_dir = Path(args.data_path).resolve()
    actual_train_files = len(list(dataset_dir.glob("fineweb_train_*.bin")))
    val_tokens = base.load_validation_tokens(args.val_files, args.train_seq_len)
    base_bytes_lut, has_leading_space_lut, is_boundary_token_lut = base.build_sentencepiece_luts(
        sp, args.vocab_size, device
    )
    log0(f"val_bpb:enabled tokenizer_kind=sentencepiece tokenizer_path={args.tokenizer_path}")
    log0(f"train_loader:dataset:{dataset_dir.name} train_shards:{actual_train_files}")
    log0(f"val_loader:shards pattern={args.val_files} tokens:{val_tokens.numel() - 1}")

    base_model = CALMChunkGPT(args).to(device).bfloat16()
    for module in base_model.modules():
        if isinstance(module, base.CastedLinear):
            module.float()
    base.restore_low_dim_params_to_fp32(base_model)
    compiled_model = torch.compile(base_model, dynamic=False, fullgraph=True)
    model: nn.Module = DDP(compiled_model, device_ids=[local_rank], broadcast_buffers=False) if distributed else compiled_model

    named_params = list(base_model.named_parameters())
    matrix_params = [
        p
        for name, p in named_params
        if name != "tok_emb.weight"
        and p.ndim == 2
        and not any(pattern in name for pattern in base.CONTROL_TENSOR_NAME_PATTERNS)
    ]
    scalar_params = [
        p
        for name, p in named_params
        if name != "tok_emb.weight" and (p.ndim < 2 or any(pattern in name for pattern in base.CONTROL_TENSOR_NAME_PATTERNS))
    ]

    optimizer_tok = torch.optim.Adam(
        [{"params": [base_model.tok_emb.weight], "lr": args.tied_embed_lr, "base_lr": args.tied_embed_lr}],
        betas=(args.beta1, args.beta2),
        eps=args.adam_eps,
        fused=True,
    )
    optimizer_muon = base.Muon(
        matrix_params,
        lr=args.matrix_lr,
        momentum=args.muon_momentum,
        backend_steps=args.muon_backend_steps,
    )
    for group in optimizer_muon.param_groups:
        group["base_lr"] = args.matrix_lr
    optimizer_scalar = torch.optim.Adam(
        [{"params": scalar_params, "lr": args.scalar_lr, "base_lr": args.scalar_lr}],
        betas=(args.beta1, args.beta2),
        eps=args.adam_eps,
        fused=True,
    )
    optimizers: list[torch.optim.Optimizer] = [optimizer_tok, optimizer_muon, optimizer_scalar]

    train_params = sum(p.numel() for p in base_model.parameters())
    artifact_params = sum(t.numel() for t in base_model.artifact_state_dict().values())
    log0(f"model_params_train:{train_params}")
    log0(f"model_params_artifact:{artifact_params}")
    log0(f"world_size:{world_size} grad_accum_steps:{grad_accum_steps}")
    log0("sdp_backends:cudnn=False flash=True mem_efficient=False math=False")
    log0(f"attention_mode:gqa num_heads:{args.num_heads} num_kv_heads:{args.num_kv_heads}")
    log0(
        f"calm_chunk:patch_size={args.calm_patch_size} latent_dim={args.calm_latent_dim} "
        f"ae_layers={args.calm_ae_layers} decoder_layers={args.calm_decoder_layers}"
    )
    log0(
        f"calm_loss:ae_ce_weight={args.calm_ae_ce_weight} latent_align_weight={args.calm_latent_align_weight} "
        f"kl_weight={args.calm_kl_weight} ae_dropout={args.calm_ae_dropout}"
    )
    log0(
        f"tie_embeddings:{base_model.tie_embeddings} embed_lr:{args.tied_embed_lr} "
        f"matrix_lr:{args.matrix_lr} scalar_lr:{args.scalar_lr}"
    )
    log0(
        f"train_batch_tokens:{args.train_batch_tokens} train_seq_len:{args.train_seq_len} "
        f"iterations:{args.iterations} warmup_steps:{args.warmup_steps} "
        f"max_wallclock_seconds:{args.max_wallclock_seconds:.3f}"
    )
    log0(f"seed:{args.seed}")

    train_loader = base.DistributedTokenLoader(args.train_files, rank, world_size, device)

    def zero_grad_all() -> None:
        for opt in optimizers:
            opt.zero_grad(set_to_none=True)

    max_wallclock_ms = 1000.0 * args.max_wallclock_seconds if args.max_wallclock_seconds > 0 else None

    def lr_mul(step: int, elapsed_ms: float) -> float:
        if args.warmdown_iters <= 0:
            return 1.0
        if max_wallclock_ms is None:
            warmdown_start = max(args.iterations - args.warmdown_iters, 0)
            if warmdown_start <= step < args.iterations:
                return max((args.iterations - step) / max(args.warmdown_iters, 1), 0.0)
            return 1.0
        step_ms = elapsed_ms / max(step, 1)
        warmdown_ms = args.warmdown_iters * step_ms
        remaining_ms = max(max_wallclock_ms - elapsed_ms, 0.0)
        return remaining_ms / max(warmdown_ms, 1e-9) if remaining_ms <= warmdown_ms else 1.0

    if args.warmup_steps > 0:
        initial_model_state = {name: tensor.detach().cpu().clone() for name, tensor in base_model.state_dict().items()}
        initial_optimizer_states = [copy.deepcopy(opt.state_dict()) for opt in optimizers]
        model.train()
        for warmup_step in range(args.warmup_steps):
            zero_grad_all()
            for micro_step in range(grad_accum_steps):
                if distributed:
                    model.require_backward_grad_sync = micro_step == grad_accum_steps - 1
                x, y = train_loader.next_batch(args.train_batch_tokens, args.train_seq_len, grad_accum_steps)
                with torch.autocast(device_type="cuda", dtype=torch.bfloat16, enabled=True):
                    warmup_loss = model(x, y)
                (warmup_loss * grad_scale).backward()
            for opt in optimizers:
                opt.step()
            zero_grad_all()
            if args.warmup_steps <= 20 or (warmup_step + 1) % 10 == 0 or warmup_step + 1 == args.warmup_steps:
                log0(f"warmup_step:{warmup_step + 1}/{args.warmup_steps}")
        base_model.load_state_dict(initial_model_state, strict=True)
        for opt, state in zip(optimizers, initial_optimizer_states, strict=True):
            opt.load_state_dict(state)
        zero_grad_all()
        if distributed:
            model.require_backward_grad_sync = True
        train_loader = base.DistributedTokenLoader(args.train_files, rank, world_size, device)

    training_time_ms = 0.0
    stop_after_step: int | None = None
    torch.cuda.synchronize()
    t0 = time.perf_counter()

    step = 0
    while True:
        last_step = step == args.iterations or (stop_after_step is not None and step >= stop_after_step)
        should_validate = last_step or (args.val_loss_every > 0 and step % args.val_loss_every == 0)
        if should_validate:
            torch.cuda.synchronize()
            training_time_ms += 1000.0 * (time.perf_counter() - t0)
            val_loss, val_bpb = base.eval_val(
                args,
                model,
                rank,
                world_size,
                device,
                grad_accum_steps,
                val_tokens,
                base_bytes_lut,
                has_leading_space_lut,
                is_boundary_token_lut,
            )
            log0(
                f"step:{step}/{args.iterations} val_loss:{val_loss:.4f} val_bpb:{val_bpb:.4f} "
                f"train_time:{training_time_ms:.0f}ms step_avg:{training_time_ms / max(step, 1):.2f}ms"
            )
            torch.cuda.synchronize()
            t0 = time.perf_counter()

        if last_step:
            if stop_after_step is not None and step < args.iterations:
                log0(
                    f"stopping_early: wallclock_cap train_time:{training_time_ms:.0f}ms "
                    f"step:{step}/{args.iterations}"
                )
            break

        elapsed_ms = training_time_ms + 1000.0 * (time.perf_counter() - t0)
        scale = lr_mul(step, elapsed_ms)
        zero_grad_all()
        train_loss = torch.zeros((), device=device)
        for micro_step in range(grad_accum_steps):
            if distributed:
                model.require_backward_grad_sync = micro_step == grad_accum_steps - 1
            x, y = train_loader.next_batch(args.train_batch_tokens, args.train_seq_len, grad_accum_steps)
            with torch.autocast(device_type="cuda", dtype=torch.bfloat16, enabled=True):
                loss = model(x, y)
            train_loss += loss.detach()
            (loss * grad_scale).backward()
        train_loss /= grad_accum_steps

        frac = min(step / args.muon_momentum_warmup_steps, 1.0) if args.muon_momentum_warmup_steps > 0 else 1.0
        muon_momentum = (1 - frac) * args.muon_momentum_warmup_start + frac * args.muon_momentum
        for group in optimizer_muon.param_groups:
            group["momentum"] = muon_momentum
        for opt in optimizers:
            for group in opt.param_groups:
                group["lr"] = group["base_lr"] * scale

        if args.grad_clip_norm > 0:
            torch.nn.utils.clip_grad_norm_(base_model.parameters(), args.grad_clip_norm)
        for opt in optimizers:
            opt.step()
        zero_grad_all()

        step += 1
        approx_training_time_ms = training_time_ms + 1000.0 * (time.perf_counter() - t0)
        should_log_train = (
            args.train_log_every > 0
            and (step <= 10 or step % args.train_log_every == 0 or stop_after_step is not None)
        )
        if should_log_train:
            log0(
                f"step:{step}/{args.iterations} train_loss:{train_loss.item():.4f} "
                f"train_time:{approx_training_time_ms:.0f}ms step_avg:{approx_training_time_ms / step:.2f}ms"
            )

        reached_cap = max_wallclock_ms is not None and approx_training_time_ms >= max_wallclock_ms
        if distributed and max_wallclock_ms is not None:
            reached_cap_tensor = torch.tensor(int(reached_cap), device=device)
            dist.all_reduce(reached_cap_tensor, op=dist.ReduceOp.MAX)
            reached_cap = bool(reached_cap_tensor.item())
        if stop_after_step is None and reached_cap:
            stop_after_step = step

    log0(
        f"peak memory allocated: {torch.cuda.max_memory_allocated() // 1024 // 1024} MiB "
        f"reserved: {torch.cuda.max_memory_reserved() // 1024 // 1024} MiB"
    )

    artifact_state = base_model.artifact_state_dict()
    if master_process:
        torch.save(artifact_state, "final_model.pt")
        model_bytes = os.path.getsize("final_model.pt")
        code_bytes = len(code.encode("utf-8"))
        log0(f"Serialized artifact model: {model_bytes} bytes")
        log0(f"Code size: {code_bytes} bytes")
        log0(f"Total submission size: {model_bytes + code_bytes} bytes")

    quant_obj, quant_stats = base.quantize_state_dict_int8(artifact_state)
    quant_buf = io.BytesIO()
    torch.save(quant_obj, quant_buf)
    quant_raw = quant_buf.getvalue()
    quant_blob = zlib.compress(quant_raw, level=9)
    quant_raw_bytes = len(quant_raw)
    if master_process:
        with open("final_model.int8.ptz", "wb") as f:
            f.write(quant_blob)
        quant_file_bytes = os.path.getsize("final_model.int8.ptz")
        code_bytes = len(code.encode("utf-8"))
        ratio = quant_stats["baseline_tensor_bytes"] / max(quant_stats["int8_payload_bytes"], 1)
        log0(
            f"Serialized artifact int8+zlib: {quant_file_bytes} bytes "
            f"(payload:{quant_stats['int8_payload_bytes']} raw_torch:{quant_raw_bytes} payload_ratio:{ratio:.2f}x)"
        )
        log0(f"Total submission size int8+zlib: {quant_file_bytes + code_bytes} bytes")

    if distributed:
        dist.barrier()
    with open("final_model.int8.ptz", "rb") as f:
        quant_blob_disk = f.read()
    quant_state = torch.load(io.BytesIO(zlib.decompress(quant_blob_disk)), map_location="cpu")
    roundtrip_state = base.dequantize_state_dict_int8(quant_state)
    missing, unexpected = base_model.load_state_dict(roundtrip_state, strict=False)
    if unexpected:
        raise RuntimeError(f"Unexpected keys when loading roundtrip artifact: {unexpected}")
    allowed_missing = {name for name, _ in base_model.named_parameters() if name.startswith("ae_encoder.")}
    if set(missing) - allowed_missing:
        raise RuntimeError(f"Unexpected missing keys when loading roundtrip artifact: {missing}")
    torch.cuda.synchronize()
    t_qeval = time.perf_counter()
    q_val_loss, q_val_bpb = base.eval_val(
        args,
        model,
        rank,
        world_size,
        device,
        grad_accum_steps,
        val_tokens,
        base_bytes_lut,
        has_leading_space_lut,
        is_boundary_token_lut,
    )
    torch.cuda.synchronize()
    log0(
        f"final_int8_zlib_roundtrip val_loss:{q_val_loss:.4f} val_bpb:{q_val_bpb:.4f} "
        f"eval_time:{1000.0 * (time.perf_counter() - t_qeval):.0f}ms"
    )
    log0(f"final_int8_zlib_roundtrip_exact val_loss:{q_val_loss:.8f} val_bpb:{q_val_bpb:.8f}")

    if distributed:
        dist.destroy_process_group()


if __name__ == "__main__":
    main()

====================================================================================================
Running Python 3.14.4 (main, Apr 11 2026, 09:29:24) [GCC 15.2.1 20260209]
Running PyTorch 2.11.0
Wed Apr 22 12:42:45 2026       
+-----------------------------------------------------------------------------------------+
| NVIDIA-SMI 595.58.03              Driver Version: 595.58.03      CUDA Version: 13.2     |
+-----------------------------------------+------------------------+----------------------+
| GPU  Name                 Persistence-M | Bus-Id          Disp.A | Volatile Uncorr. ECC |
| Fan  Temp   Perf          Pwr:Usage/Cap |           Memory-Usage | GPU-Util  Compute M. |
|                                         |                        |               MIG M. |
|=========================================+========================+======================|
|   0  NVIDIA GeForce RTX 5090        Off |   00000000:01:00.0  On |                  N/A |
| 30%   42C    P8             40W /  575W |   11250MiB /  32607MiB |      2%      Default |
|                                         |                        |                  N/A |
+-----------------------------------------+------------------------+----------------------+

+-----------------------------------------------------------------------------------------+
| Processes:                                                                              |
|  GPU   GI   CI              PID   Type   Process name                        GPU Memory |
|        ID   ID                                                               Usage      |
|=========================================================================================|
|    0   N/A  N/A            5235      G   /usr/bin/niri                          1289MiB |
|    0   N/A  N/A            5425    C+G   /usr/bin/walker                         140MiB |
|    0   N/A  N/A            5585      G   Xwayland                                  9MiB |
|    0   N/A  N/A            7060      G   /app/zen/zen                            790MiB |
|    0   N/A  N/A            7573      G   /usr/lib/vesktop/vesktop                150MiB |
|    0   N/A  N/A            8896    C+G   missioncenter                            91MiB |
|    0   N/A  N/A            9395    C+G   ...al/zed.app/libexec/zed-editor       4398MiB |
|    0   N/A  N/A           23764      G   kitty                                    34MiB |
|    0   N/A  N/A           37137      G   kitty                                    36MiB |
|    0   N/A  N/A           65013      G   kitty                                    34MiB |
|    0   N/A  N/A           69845      G   kitty                                    34MiB |
|    0   N/A  N/A           75100      G   kitty                                    34MiB |
|    0   N/A  N/A          121390      G   kitty                                    34MiB |
|    0   N/A  N/A          141523      G   kitty                                    34MiB |
|    0   N/A  N/A          145599      G   kitty                                    46MiB |
|    0   N/A  N/A          254170      G   kitty                                    34MiB |
|    0   N/A  N/A          256157      G   kitty                                    34MiB |
|    0   N/A  N/A          273387      G   kitty                                    34MiB |
|    0   N/A  N/A          279071      G   kitty                                    34MiB |
|    0   N/A  N/A          279663      G   kitty                                    34MiB |
|    0   N/A  N/A          359542      G   kitty                                    34MiB |
|    0   N/A  N/A          432486      G   kitty                                    34MiB |
|    0   N/A  N/A          459029      G   kitty                                    34MiB |
|    0   N/A  N/A          498852      G   kitty                                    34MiB |
|    0   N/A  N/A          516761      G   kitty                                    34MiB |
|    0   N/A  N/A          528703      G   kitty                                    34MiB |
|    0   N/A  N/A          567362      G   kitty                                    34MiB |
|    0   N/A  N/A          577633      G   kitty                                    34MiB |
|    0   N/A  N/A         1783024      G   kitty                                    34MiB |
|    0   N/A  N/A         2034979      G   kitty                                    34MiB |
|    0   N/A  N/A         2049270      G   kitty                                    34MiB |
|    0   N/A  N/A         2049742      G   kitty                                    34MiB |
|    0   N/A  N/A         2086520      G   kitty                                    34MiB |
|    0   N/A  N/A         2112333      G   kitty                                    34MiB |
|    0   N/A  N/A         2113832      G   kitty                                    34MiB |
|    0   N/A  N/A         2128605      G   kitty                                    56MiB |
|    0   N/A  N/A         2153095      G   kitty                                    34MiB |
|    0   N/A  N/A         2158019      G   kitty                                    34MiB |
|    0   N/A  N/A         2230629      G   kitty                                    34MiB |
|    0   N/A  N/A         2248238      G   kitty                                    34MiB |
|    0   N/A  N/A         2252798      G   kitty                                    56MiB |
|    0   N/A  N/A         2426949      G   kitty                                    34MiB |
|    0   N/A  N/A         2526082      G   kitty                                    34MiB |
|    0   N/A  N/A         2673251      G   kitty                                    34MiB |
|    0   N/A  N/A         3075697      G   kitty                                    35MiB |
|    0   N/A  N/A         3128571      G   kitty                                    34MiB |
|    0   N/A  N/A         3140014      G   kitty                                    34MiB |
|    0   N/A  N/A         3210585      G   kitty                                    56MiB |
|    0   N/A  N/A         3251884      G   ...odules/electron/dist/electron        120MiB |
|    0   N/A  N/A         3252272      G   ...rack-uuid=3190708988185955192         14MiB |
|    0   N/A  N/A         3252273      G   ...rack-uuid=3190708988185955192          6MiB |
|    0   N/A  N/A         3344195      G   kitty                                    34MiB |
|    0   N/A  N/A         3391962      G   kitty                                    56MiB |
|    0   N/A  N/A         3397391      G   /tmp/.mount_redactiJerut/redact         132MiB |
|    0   N/A  N/A         3398004      G   ...rack-uuid=3190708988185955192          6MiB |
|    0   N/A  N/A         3398005      G   ...rack-uuid=3190708988185955192         21MiB |
|    0   N/A  N/A         3403754      C   /usr/bin/python3                        498MiB |
+-----------------------------------------------------------------------------------------+

====================================================================================================
val_bpb:enabled tokenizer_kind=sentencepiece tokenizer_path=./data/tokenizers/fineweb_1024_bpe.model
train_loader:dataset:fineweb10B_sp1024 train_shards:80
val_loader:shards pattern=./data/datasets/fineweb10B_sp1024/fineweb_val_*.bin tokens:62021632
model_params_train:27155272
model_params_artifact:23747400
world_size:1 grad_accum_steps:8
sdp_backends:cudnn=False flash=True mem_efficient=False math=False
attention_mode:gqa num_heads:8 num_kv_heads:4
calm_chunk:patch_size=4 latent_dim=256 ae_layers=2 decoder_layers=2
calm_loss:ae_ce_weight=0.25 latent_align_weight=0.5 kl_weight=0.001 ae_dropout=0.05
tie_embeddings:True embed_lr:0.05 matrix_lr:0.04 scalar_lr:0.04
train_batch_tokens:524288 train_seq_len:1024 iterations:2000 warmup_steps:20 max_wallclock_seconds:0.000
seed:1337
warmup_step:1/20
warmup_step:2/20
warmup_step:3/20
warmup_step:4/20
warmup_step:5/20
warmup_step:6/20
warmup_step:7/20
warmup_step:8/20
warmup_step:9/20
warmup_step:10/20
warmup_step:11/20
warmup_step:12/20
warmup_step:13/20
warmup_step:14/20
warmup_step:15/20
warmup_step:16/20
warmup_step:17/20
warmup_step:18/20
warmup_step:19/20
warmup_step:20/20
step:0/2000 val_loss:6.9315 val_bpb:4.1052 train_time:0ms step_avg:0.01ms
step:1/2000 train_loss:8.9915 train_time:331ms step_avg:331.38ms
step:2/2000 train_loss:10.1444 train_time:657ms step_avg:328.30ms
step:3/2000 train_loss:nan train_time:982ms step_avg:327.22ms
step:4/2000 train_loss:nan train_time:1299ms step_avg:324.70ms
step:5/2000 train_loss:nan train_time:1623ms step_avg:324.62ms
step:6/2000 train_loss:nan train_time:1945ms step_avg:324.16ms
step:7/2000 train_loss:nan train_time:2262ms step_avg:323.18ms
step:8/2000 train_loss:nan train_time:2581ms step_avg:322.67ms
step:9/2000 train_loss:nan train_time:2902ms step_avg:322.41ms
step:10/2000 train_loss:nan train_time:3219ms step_avg:321.85ms
step:20/2000 train_loss:nan train_time:6447ms step_avg:322.37ms
step:20/2000 val_loss:nan val_bpb:nan train_time:6449ms step_avg:322.45ms
step:30/2000 train_loss:nan train_time:9634ms step_avg:321.14ms
step:40/2000 train_loss:nan train_time:12814ms step_avg:320.36ms
step:40/2000 val_loss:nan val_bpb:nan train_time:12816ms step_avg:320.40ms
step:50/2000 train_loss:nan train_time:15994ms step_avg:319.88ms
