"""
Muon-baseline ablation with a deployed TFSD metric decoder.

Decoder:
- token scores are negative squared distances to learned token centers
- the same token table is used at inference, so the geometric regime is deployed rather than auxiliary

Training objective:
- primary TFSD loss on the metric logits
- optional small metric-CE anchor for stabilization
"""

from __future__ import annotations

import copy
import io
import math
import os
import random
import subprocess
import sys
import time
import zlib
from pathlib import Path

import numpy as np
import sentencepiece as spm
import torch
import torch.distributed as dist
import torch.nn.functional as F
from torch import Tensor, nn
from torch.nn.parallel import DistributedDataParallel as DDP

sys.path.insert(0, str(Path(__file__).resolve().parent))
import train_normuon as base  # noqa: E402


class Hyperparameters(base.Hyperparameters):
    tfsd_weight = float(os.environ.get("TFSD_WEIGHT", "1.0"))
    metric_ce_weight = float(os.environ.get("METRIC_CE_WEIGHT", "0.0"))
    tfsd_teacher_temp = float(os.environ.get("TFSD_TEACHER_TEMP", "1.0"))
    tfsd_student_temp = float(os.environ.get("TFSD_STUDENT_TEMP", "1.0"))
    metric_gamma = float(os.environ.get("TFSD_METRIC_GAMMA", "0.0"))


class TFSDMetricHeadGPT(base.GPT):
    def __init__(self, args: Hyperparameters):
        super().__init__(
            vocab_size=args.vocab_size,
            num_layers=args.num_layers,
            model_dim=args.model_dim,
            num_heads=args.num_heads,
            num_kv_heads=args.num_kv_heads,
            mlp_mult=args.mlp_mult,
            tie_embeddings=args.tie_embeddings,
            tied_embed_init_std=args.tied_embed_init_std,
            logit_softcap=args.logit_softcap,
            rope_base=args.rope_base,
            qk_gain_init=args.qk_gain_init,
        )
        self.tfsd_weight = args.tfsd_weight
        self.metric_ce_weight = args.metric_ce_weight
        self.tfsd_teacher_temp = args.tfsd_teacher_temp
        self.tfsd_student_temp = args.tfsd_student_temp
        self.metric_input_scale = 1.0 / math.sqrt(args.model_dim)
        self.metric_gamma = args.metric_gamma if args.metric_gamma > 0.0 else math.sqrt(args.model_dim / 8.0)

    def encode_hidden(self, input_ids: Tensor) -> Tensor:
        x = self.tok_emb(input_ids)
        x = F.rms_norm(x, (x.size(-1),))
        x0 = x
        skips: list[Tensor] = []
        for i in range(self.num_encoder_layers):
            x = self.blocks[i](x, x0)
            skips.append(x)
        for i in range(self.num_decoder_layers):
            if skips:
                x = x + self.skip_weights[i].to(dtype=x.dtype)[None, None, :] * skips.pop()
            x = self.blocks[self.num_encoder_layers + i](x, x0)
        return self.final_norm(x)

    def token_centers(self) -> Tensor:
        if self.tie_embeddings:
            return self.tok_emb.weight
        if self.lm_head is None:
            raise RuntimeError("lm_head is required when tie_embeddings=False")
        return self.lm_head.weight

    def metric_logits(self, hidden: Tensor) -> Tensor:
        flat_hidden = hidden.reshape(-1, hidden.size(-1)).float() * self.metric_input_scale
        centers = self.token_centers().float() * self.metric_input_scale
        hidden_sq = flat_hidden.square().sum(dim=-1, keepdim=True)
        center_sq = centers.square().sum(dim=-1).unsqueeze(0)
        dist_sq = (hidden_sq + center_sq) - 2.0 * (flat_hidden @ centers.T)
        return -self.metric_gamma * dist_sq

    def metric_ce_loss(self, hidden: Tensor, target_ids: Tensor) -> Tensor:
        logits = self.metric_logits(hidden)
        return F.cross_entropy(logits, target_ids.reshape(-1), reduction="mean")

    def tfsd_loss(self, hidden: Tensor, target_ids: Tensor) -> Tensor:
        target_flat = target_ids.reshape(-1)
        student_logits = self.metric_logits(hidden)
        with torch.no_grad():
            teacher_logits = student_logits.detach().clone()
            teacher_logits[torch.arange(target_flat.numel(), device=target_flat.device), target_flat] = 0.0
            teacher_probs = F.softmax(teacher_logits / self.tfsd_teacher_temp, dim=-1)
        student_log_probs = F.log_softmax(student_logits / self.tfsd_student_temp, dim=-1)
        return F.kl_div(student_log_probs, teacher_probs, reduction="batchmean")

    def forward(self, input_ids: Tensor, target_ids: Tensor) -> Tensor:
        hidden = self.encode_hidden(input_ids)
        if not self.training:
            return self.metric_ce_loss(hidden, target_ids)
        loss = hidden.new_zeros((), dtype=torch.float32)
        if self.tfsd_weight > 0.0:
            loss = loss + self.tfsd_weight * self.tfsd_loss(hidden, target_ids)
        if self.metric_ce_weight > 0.0:
            loss = loss + self.metric_ce_weight * self.metric_ce_loss(hidden, target_ids)
        return loss


def main() -> None:
    code = Path(__file__).read_text(encoding="utf-8")
    args = Hyperparameters()
    base.zeropower_via_newtonschulz5 = torch.compile(base.zeropower_via_newtonschulz5)

    distributed = "RANK" in os.environ and "WORLD_SIZE" in os.environ
    rank = int(os.environ.get("RANK", "0"))
    world_size = int(os.environ.get("WORLD_SIZE", "1"))
    local_rank = int(os.environ.get("LOCAL_RANK", "0"))
    if world_size <= 0:
        raise ValueError(f"WORLD_SIZE must be positive, got {world_size}")
    if 8 % world_size != 0:
        raise ValueError(f"WORLD_SIZE={world_size} must divide 8 so grad_accum_steps stays integral")
    grad_accum_steps = 8 // world_size
    grad_scale = 1.0 / grad_accum_steps
    if not torch.cuda.is_available():
        raise RuntimeError("CUDA is required")
    device = torch.device("cuda", local_rank)
    torch.cuda.set_device(device)
    if distributed:
        dist.init_process_group(backend="nccl", device_id=device)
        dist.barrier()
    master_process = rank == 0

    torch.backends.cuda.matmul.allow_tf32 = True
    torch.backends.cudnn.allow_tf32 = True
    from torch.backends.cuda import enable_cudnn_sdp, enable_flash_sdp, enable_math_sdp, enable_mem_efficient_sdp

    enable_cudnn_sdp(False)
    enable_flash_sdp(True)
    enable_mem_efficient_sdp(False)
    enable_math_sdp(False)

    logfile = None
    if master_process:
        os.makedirs("logs", exist_ok=True)
        logfile = f"logs/{args.run_id}.txt"
        print(logfile)

    def log0(msg: str, console: bool = True) -> None:
        if not master_process:
            return
        if console:
            print(msg)
        if logfile is not None:
            with open(logfile, "a", encoding="utf-8") as f:
                print(msg, file=f)

    log0(code, console=False)
    log0("=" * 100, console=False)
    log0(f"Running Python {sys.version}", console=False)
    log0(f"Running PyTorch {torch.__version__}", console=False)
    log0(
        subprocess.run(["nvidia-smi"], stdout=subprocess.PIPE, stderr=subprocess.PIPE, text=True, check=False).stdout,
        console=False,
    )
    log0("=" * 100, console=False)

    random.seed(args.seed)
    np.random.seed(args.seed)
    torch.manual_seed(args.seed)
    torch.cuda.manual_seed_all(args.seed)

    if not args.tokenizer_path.endswith(".model"):
        raise ValueError(f"Script only setup for SentencePiece .model file: {args.tokenizer_path}")
    sp = spm.SentencePieceProcessor(model_file=args.tokenizer_path)
    if int(sp.vocab_size()) != args.vocab_size:
        raise ValueError(
            f"VOCAB_SIZE={args.vocab_size} does not match tokenizer vocab_size={int(sp.vocab_size())}"
        )
    dataset_dir = Path(args.data_path).resolve()
    actual_train_files = len(list(dataset_dir.glob("fineweb_train_*.bin")))
    val_tokens = base.load_validation_tokens(args.val_files, args.train_seq_len)
    base_bytes_lut, has_leading_space_lut, is_boundary_token_lut = base.build_sentencepiece_luts(
        sp, args.vocab_size, device
    )
    log0(f"val_bpb:enabled tokenizer_kind=sentencepiece tokenizer_path={args.tokenizer_path}")
    log0(f"train_loader:dataset:{dataset_dir.name} train_shards:{actual_train_files}")
    log0(f"val_loader:shards pattern={args.val_files} tokens:{val_tokens.numel() - 1}")

    base_model = TFSDMetricHeadGPT(args).to(device).bfloat16()
    for module in base_model.modules():
        if isinstance(module, base.CastedLinear):
            module.float()
    base.restore_low_dim_params_to_fp32(base_model)
    compiled_model = torch.compile(base_model, dynamic=False, fullgraph=True)
    model: nn.Module = DDP(compiled_model, device_ids=[local_rank], broadcast_buffers=False) if distributed else compiled_model

    block_named_params = list(base_model.blocks.named_parameters())
    matrix_params = [
        p
        for name, p in block_named_params
        if p.ndim == 2 and not any(pattern in name for pattern in base.CONTROL_TENSOR_NAME_PATTERNS)
    ]
    scalar_params = [
        p
        for name, p in block_named_params
        if p.ndim < 2 or any(pattern in name for pattern in base.CONTROL_TENSOR_NAME_PATTERNS)
    ]
    if base_model.skip_weights.numel() > 0:
        scalar_params.append(base_model.skip_weights)

    token_lr = args.tied_embed_lr if args.tie_embeddings else args.embed_lr
    optimizer_tok = torch.optim.Adam(
        [{"params": [base_model.tok_emb.weight], "lr": token_lr, "base_lr": token_lr}],
        betas=(args.beta1, args.beta2),
        eps=args.adam_eps,
        fused=True,
    )
    optimizer_muon = base.Muon(
        matrix_params,
        lr=args.matrix_lr,
        momentum=args.muon_momentum,
        backend_steps=args.muon_backend_steps,
        beta2=args.normuon_beta2,
    )
    for group in optimizer_muon.param_groups:
        group["base_lr"] = args.matrix_lr
    optimizer_scalar = torch.optim.Adam(
        [{"params": scalar_params, "lr": args.scalar_lr, "base_lr": args.scalar_lr}],
        betas=(args.beta1, args.beta2),
        eps=args.adam_eps,
        fused=True,
    )
    optimizers: list[torch.optim.Optimizer] = [optimizer_tok, optimizer_muon, optimizer_scalar]
    if base_model.lm_head is not None:
        optimizer_head = torch.optim.Adam(
            [{"params": [base_model.lm_head.weight], "lr": args.head_lr, "base_lr": args.head_lr}],
            betas=(args.beta1, args.beta2),
            eps=args.adam_eps,
            fused=True,
        )
        optimizers.insert(1, optimizer_head)

    n_params = sum(p.numel() for p in base_model.parameters())
    log0(f"model_params:{n_params}")
    log0(f"world_size:{world_size} grad_accum_steps:{grad_accum_steps}")
    log0("sdp_backends:cudnn=False flash=True mem_efficient=False math=False")
    log0(f"attention_mode:gqa num_heads:{args.num_heads} num_kv_heads:{args.num_kv_heads}")
    log0(
        f"metric_head:tfsd_weight={args.tfsd_weight} metric_ce_weight={args.metric_ce_weight} "
        f"teacher_temp={args.tfsd_teacher_temp} student_temp={args.tfsd_student_temp} "
        f"metric_gamma={base_model.metric_gamma:.4f}"
    )
    log0(
        f"tie_embeddings:{args.tie_embeddings} embed_lr:{token_lr} "
        f"head_lr:{args.head_lr if base_model.lm_head is not None else 0.0} "
        f"matrix_lr:{args.matrix_lr} scalar_lr:{args.scalar_lr}"
    )
    log0(
        f"train_batch_tokens:{args.train_batch_tokens} train_seq_len:{args.train_seq_len} "
        f"iterations:{args.iterations} warmup_steps:{args.warmup_steps} "
        f"max_wallclock_seconds:{args.max_wallclock_seconds:.3f}"
    )
    log0(f"seed:{args.seed}")

    train_loader = base.DistributedTokenLoader(args.train_files, rank, world_size, device)

    def zero_grad_all() -> None:
        for opt in optimizers:
            opt.zero_grad(set_to_none=True)

    def global_grad_norm() -> float:
        total = torch.zeros((), device=device, dtype=torch.float32)
        for param in base_model.parameters():
            if param.grad is None:
                continue
            total += param.grad.detach().float().square().sum()
        return float(torch.sqrt(total).item())

    max_wallclock_ms = 1000.0 * args.max_wallclock_seconds if args.max_wallclock_seconds > 0 else None

    def lr_mul(step: int, elapsed_ms: float) -> float:
        if args.warmdown_iters <= 0:
            return 1.0
        if max_wallclock_ms is None:
            warmdown_start = max(args.iterations - args.warmdown_iters, 0)
            return max((args.iterations - step) / max(args.warmdown_iters, 1), 0.0) if warmdown_start <= step < args.iterations else 1.0
        step_ms = elapsed_ms / max(step, 1)
        warmdown_ms = args.warmdown_iters * step_ms
        remaining_ms = max(max_wallclock_ms - elapsed_ms, 0.0)
        return remaining_ms / max(warmdown_ms, 1e-9) if remaining_ms <= warmdown_ms else 1.0

    if args.warmup_steps > 0:
        initial_model_state = {name: tensor.detach().cpu().clone() for name, tensor in base_model.state_dict().items()}
        initial_optimizer_states = [copy.deepcopy(opt.state_dict()) for opt in optimizers]
        model.train()
        for warmup_step in range(args.warmup_steps):
            zero_grad_all()
            for micro_step in range(grad_accum_steps):
                if distributed:
                    model.require_backward_grad_sync = micro_step == grad_accum_steps - 1
                x, y = train_loader.next_batch(args.train_batch_tokens, args.train_seq_len, grad_accum_steps)
                with torch.autocast(device_type="cuda", dtype=torch.bfloat16, enabled=True):
                    warmup_loss = model(x, y)
                (warmup_loss * grad_scale).backward()
            for opt in optimizers:
                opt.step()
            zero_grad_all()
            if args.warmup_steps <= 20 or (warmup_step + 1) % 10 == 0 or warmup_step + 1 == args.warmup_steps:
                log0(f"warmup_step:{warmup_step + 1}/{args.warmup_steps}")
        base_model.load_state_dict(initial_model_state, strict=True)
        for opt, state in zip(optimizers, initial_optimizer_states, strict=True):
            opt.load_state_dict(state)
        zero_grad_all()
        if distributed:
            model.require_backward_grad_sync = True
        train_loader = base.DistributedTokenLoader(args.train_files, rank, world_size, device)

    training_time_ms = 0.0
    stop_after_step: int | None = None
    torch.cuda.synchronize()
    t0 = time.perf_counter()

    step = 0
    while True:
        last_step = step == args.iterations or (stop_after_step is not None and step >= stop_after_step)

        should_validate = last_step or (args.val_loss_every > 0 and step % args.val_loss_every == 0)
        if should_validate:
            torch.cuda.synchronize()
            training_time_ms += 1000.0 * (time.perf_counter() - t0)
            val_loss, val_bpb = base.eval_val(
                args,
                model,
                rank,
                world_size,
                device,
                grad_accum_steps,
                val_tokens,
                base_bytes_lut,
                has_leading_space_lut,
                is_boundary_token_lut,
            )
            log0(
                f"step:{step}/{args.iterations} val_loss:{val_loss:.4f} val_bpb:{val_bpb:.4f} "
                f"train_time:{training_time_ms:.0f}ms step_avg:{training_time_ms / max(step, 1):.2f}ms"
            )
            torch.cuda.synchronize()
            t0 = time.perf_counter()

        if last_step:
            if stop_after_step is not None and step < args.iterations:
                log0(
                    f"stopping_early: wallclock_cap train_time:{training_time_ms:.0f}ms "
                    f"step:{step}/{args.iterations}"
                )
            break

        elapsed_ms = training_time_ms + 1000.0 * (time.perf_counter() - t0)
        scale = lr_mul(step, elapsed_ms)
        zero_grad_all()
        train_loss = torch.zeros((), device=device)
        for micro_step in range(grad_accum_steps):
            if distributed:
                model.require_backward_grad_sync = micro_step == grad_accum_steps - 1
            x, y = train_loader.next_batch(args.train_batch_tokens, args.train_seq_len, grad_accum_steps)
            with torch.autocast(device_type="cuda", dtype=torch.bfloat16, enabled=True):
                loss = model(x, y)
            train_loss += loss.detach()
            (loss * grad_scale).backward()
        train_loss /= grad_accum_steps

        frac = min(step / args.muon_momentum_warmup_steps, 1.0) if args.muon_momentum_warmup_steps > 0 else 1.0
        muon_momentum = (1 - frac) * args.muon_momentum_warmup_start + frac * args.muon_momentum
        for group in optimizer_muon.param_groups:
            group["momentum"] = muon_momentum

        for opt in optimizers:
            for group in opt.param_groups:
                group["lr"] = group["base_lr"] * scale

        grad_norm = global_grad_norm()
        if args.grad_clip_norm > 0:
            torch.nn.utils.clip_grad_norm_(base_model.parameters(), args.grad_clip_norm)
        for opt in optimizers:
            opt.step()
        zero_grad_all()

        step += 1
        approx_training_time_ms = training_time_ms + 1000.0 * (time.perf_counter() - t0)
        should_log_train = (
            args.train_log_every > 0
            and (step <= 10 or step % args.train_log_every == 0 or stop_after_step is not None)
        )
        if should_log_train:
            log0(
                f"step:{step}/{args.iterations} train_loss:{train_loss.item():.4f} "
                f"grad_norm:{grad_norm:.4f} "
                f"train_time:{approx_training_time_ms:.0f}ms step_avg:{approx_training_time_ms / step:.2f}ms"
            )

        reached_cap = max_wallclock_ms is not None and approx_training_time_ms >= max_wallclock_ms
        if distributed and max_wallclock_ms is not None:
            reached_cap_tensor = torch.tensor(int(reached_cap), device=device)
            dist.all_reduce(reached_cap_tensor, op=dist.ReduceOp.MAX)
            reached_cap = bool(reached_cap_tensor.item())
        if stop_after_step is None and reached_cap:
            stop_after_step = step

    log0(
        f"peak memory allocated: {torch.cuda.max_memory_allocated() // 1024 // 1024} MiB "
        f"reserved: {torch.cuda.max_memory_reserved() // 1024 // 1024} MiB"
    )

    if master_process:
        torch.save(base_model.state_dict(), "final_model.pt")
        model_bytes = os.path.getsize("final_model.pt")
        code_bytes = len(code.encode("utf-8"))
        log0(f"Serialized model: {model_bytes} bytes")
        log0(f"Code size: {code_bytes} bytes")
        log0(f"Total submission size: {model_bytes + code_bytes} bytes")

    quant_obj, quant_stats = base.quantize_state_dict_int8(base_model.state_dict())
    quant_buf = io.BytesIO()
    torch.save(quant_obj, quant_buf)
    quant_raw = quant_buf.getvalue()
    quant_blob = zlib.compress(quant_raw, level=9)
    quant_raw_bytes = len(quant_raw)
    if master_process:
        with open("final_model.int8.ptz", "wb") as f:
            f.write(quant_blob)
        quant_file_bytes = os.path.getsize("final_model.int8.ptz")
        code_bytes = len(code.encode("utf-8"))
        ratio = quant_stats["baseline_tensor_bytes"] / max(quant_stats["int8_payload_bytes"], 1)
        log0(
            f"Serialized model int8+zlib: {quant_file_bytes} bytes "
            f"(payload:{quant_stats['int8_payload_bytes']} raw_torch:{quant_raw_bytes} payload_ratio:{ratio:.2f}x)"
        )
        log0(f"Total submission size int8+zlib: {quant_file_bytes + code_bytes} bytes")

    if distributed:
        dist.barrier()
    with open("final_model.int8.ptz", "rb") as f:
        quant_blob_disk = f.read()
    quant_state = torch.load(io.BytesIO(zlib.decompress(quant_blob_disk)), map_location="cpu")
    base_model.load_state_dict(base.dequantize_state_dict_int8(quant_state), strict=True)
    torch.cuda.synchronize()
    t_qeval = time.perf_counter()
    q_val_loss, q_val_bpb = base.eval_val(
        args,
        model,
        rank,
        world_size,
        device,
        grad_accum_steps,
        val_tokens,
        base_bytes_lut,
        has_leading_space_lut,
        is_boundary_token_lut,
    )
    torch.cuda.synchronize()
    log0(
        f"final_int8_zlib_roundtrip val_loss:{q_val_loss:.4f} val_bpb:{q_val_bpb:.4f} "
        f"eval_time:{1000.0 * (time.perf_counter() - t_qeval):.0f}ms"
    )
    log0(f"final_int8_zlib_roundtrip_exact val_loss:{q_val_loss:.8f} val_bpb:{q_val_bpb:.8f}")

    if distributed:
        dist.destroy_process_group()


if __name__ == "__main__":
    main()

====================================================================================================
Running Python 3.14.4 (main, Apr 11 2026, 09:29:24) [GCC 15.2.1 20260209]
Running PyTorch 2.11.0
Wed Apr 15 13:56:51 2026       
+-----------------------------------------------------------------------------------------+
| NVIDIA-SMI 595.58.03              Driver Version: 595.58.03      CUDA Version: 13.2     |
+-----------------------------------------+------------------------+----------------------+
| GPU  Name                 Persistence-M | Bus-Id          Disp.A | Volatile Uncorr. ECC |
| Fan  Temp   Perf          Pwr:Usage/Cap |           Memory-Usage | GPU-Util  Compute M. |
|                                         |                        |               MIG M. |
|=========================================+========================+======================|
|   0  NVIDIA GeForce RTX 5090        Off |   00000000:01:00.0  On |                  N/A |
|  0%   36C    P8             46W /  575W |   11634MiB /  32607MiB |     17%      Default |
|                                         |                        |                  N/A |
+-----------------------------------------+------------------------+----------------------+

+-----------------------------------------------------------------------------------------+
| Processes:                                                                              |
|  GPU   GI   CI              PID   Type   Process name                        GPU Memory |
|        ID   ID                                                               Usage      |
|=========================================================================================|
|    0   N/A  N/A            4186      G   /usr/bin/niri                          2037MiB |
|    0   N/A  N/A            4469      G   Xwayland                                  9MiB |
|    0   N/A  N/A            5806      G   /app/zen/zen                            537MiB |
|    0   N/A  N/A            6656      G   /usr/lib/vesktop/vesktop                171MiB |
|    0   N/A  N/A            8849      G   kitty                                   116MiB |
|    0   N/A  N/A           36162      G   kitty                                    34MiB |
|    0   N/A  N/A           36567      G   kitty                                    44MiB |
|    0   N/A  N/A           56268      G   kitty                                    34MiB |
|    0   N/A  N/A           76841      G   kitty                                    56MiB |
|    0   N/A  N/A          180126      G   kitty                                    34MiB |
|    0   N/A  N/A          207887      G   kitty                                    34MiB |
|    0   N/A  N/A          342624      G   kitty                                    34MiB |
|    0   N/A  N/A          449627      G   kitty                                    22MiB |
|    0   N/A  N/A          483937      G   kitty                                    28MiB |
|    0   N/A  N/A          496351      G   kitty                                    44MiB |
|    0   N/A  N/A          572560      G   kitty                                    34MiB |
|    0   N/A  N/A          580509      G   kitty                                    34MiB |
|    0   N/A  N/A          584659      G   kitty                                    34MiB |
|    0   N/A  N/A          643185      G   kitty                                    34MiB |
|    0   N/A  N/A          656412      G   kitty                                    34MiB |
|    0   N/A  N/A          672689      G   kitty                                    34MiB |
|    0   N/A  N/A          677637      G   kitty                                    34MiB |
|    0   N/A  N/A         1004904      G   kitty                                    56MiB |
|    0   N/A  N/A         1009393      G   kitty                                    34MiB |
|    0   N/A  N/A         1093605      G   kitty                                    34MiB |
|    0   N/A  N/A         1109281      G   kitty                                    34MiB |
|    0   N/A  N/A         1131220      C   /usr/bin/python3                        498MiB |
|    0   N/A  N/A         1173677      G   kitty                                    34MiB |
|    0   N/A  N/A         1274054    C+G   missioncenter                            91MiB |
|    0   N/A  N/A         1401566      G   kitty                                    56MiB |
|    0   N/A  N/A         1573467    C+G   ...al/zed.app/libexec/zed-editor       4580MiB |
|    0   N/A  N/A         1617864      G   kitty                                    34MiB |
|    0   N/A  N/A         1650453      G   kitty                                    22MiB |
|    0   N/A  N/A         1791614      G   kitty                                    34MiB |
|    0   N/A  N/A         1804920      G   kitty                                    34MiB |
|    0   N/A  N/A         1807510      G   kitty                                    34MiB |
|    0   N/A  N/A         1813493      G   kitty                                    34MiB |
|    0   N/A  N/A         1918192      G   kitty                                    34MiB |
|    0   N/A  N/A         1925909      G   kitty                                    34MiB |
|    0   N/A  N/A         1955100      G   kitty                                    34MiB |
|    0   N/A  N/A         2073692      G   kitty                                    34MiB |
|    0   N/A  N/A         2075018      G   kitty                                    34MiB |
|    0   N/A  N/A         3133014      G   kitty                                    34MiB |
|    0   N/A  N/A         3134258      G   kitty                                    22MiB |
|    0   N/A  N/A         3139856      G   kitty                                    34MiB |
|    0   N/A  N/A         3159468      G   kitty                                    22MiB |
|    0   N/A  N/A         3536380      G   kitty                                    34MiB |
|    0   N/A  N/A         3612828      G   kitty                                    28MiB |
|    0   N/A  N/A         3694379      G   kitty                                    34MiB |
|    0   N/A  N/A         3716995      G   kitty                                    34MiB |
|    0   N/A  N/A         3717149      G   kitty                                    34MiB |
|    0   N/A  N/A         3924067      G   kitty                                    34MiB |
|    0   N/A  N/A         4001380      G   kitty                                    34MiB |
|    0   N/A  N/A         4001999      G   kitty                                    34MiB |
|    0   N/A  N/A         4049387      G   kitty                                    34MiB |
|    0   N/A  N/A         4051003      G   kitty                                    34MiB |
|    0   N/A  N/A         4124728      G   kitty                                    34MiB |
|    0   N/A  N/A         4166104      G   kitty                                    34MiB |
+-----------------------------------------------------------------------------------------+

====================================================================================================
val_bpb:enabled tokenizer_kind=sentencepiece tokenizer_path=./data/tokenizers/fineweb_1024_bpe.model
train_loader:dataset:fineweb10B_sp1024 train_shards:80
val_loader:shards pattern=./data/datasets/fineweb10B_sp1024/fineweb_val_*.bin tokens:62021632
model_params:17059912
world_size:1 grad_accum_steps:8
sdp_backends:cudnn=False flash=True mem_efficient=False math=False
attention_mode:gqa num_heads:8 num_kv_heads:4
metric_head:tfsd_weight=1.0 metric_ce_weight=0.0 teacher_temp=1.0 student_temp=1.0 metric_gamma=16.0000
tie_embeddings:True embed_lr:0.05 head_lr:0.0 matrix_lr:0.04 scalar_lr:0.04
train_batch_tokens:524288 train_seq_len:1024 iterations:2000 warmup_steps:20 max_wallclock_seconds:0.000
seed:1337
warmup_step:1/20
warmup_step:2/20
warmup_step:3/20
warmup_step:4/20
warmup_step:5/20
warmup_step:6/20
warmup_step:7/20
warmup_step:8/20
warmup_step:9/20
warmup_step:10/20
warmup_step:11/20
warmup_step:12/20
warmup_step:13/20
warmup_step:14/20
warmup_step:15/20
warmup_step:16/20
warmup_step:17/20
warmup_step:18/20
warmup_step:19/20
warmup_step:20/20
step:0/2000 val_loss:6.9308 val_bpb:4.1048 train_time:0ms step_avg:0.01ms
step:1/2000 train_loss:6.9289 grad_norm:0.0238 train_time:621ms step_avg:621.47ms
step:2/2000 train_loss:6.7012 grad_norm:0.2387 train_time:1227ms step_avg:613.34ms
step:3/2000 train_loss:6.2088 grad_norm:0.2255 train_time:1838ms step_avg:612.68ms
step:4/2000 train_loss:5.8961 grad_norm:0.1866 train_time:2460ms step_avg:614.96ms
step:5/2000 train_loss:5.6880 grad_norm:0.1538 train_time:3064ms step_avg:612.87ms
step:6/2000 train_loss:5.5463 grad_norm:0.1981 train_time:3694ms step_avg:615.70ms
step:7/2000 train_loss:5.3993 grad_norm:0.3239 train_time:4290ms step_avg:612.84ms
step:8/2000 train_loss:5.2845 grad_norm:0.4342 train_time:4899ms step_avg:612.35ms
step:9/2000 train_loss:5.1517 grad_norm:0.4789 train_time:5504ms step_avg:611.57ms
step:10/2000 train_loss:5.0708 grad_norm:0.9314 train_time:6132ms step_avg:613.22ms
step:20/2000 train_loss:4.4604 grad_norm:0.5878 train_time:12227ms step_avg:611.35ms
step:30/2000 train_loss:4.2429 grad_norm:0.4006 train_time:18325ms step_avg:610.82ms
step:40/2000 train_loss:3.9200 grad_norm:0.3628 train_time:24413ms step_avg:610.34ms
step:50/2000 train_loss:3.6916 grad_norm:0.3764 train_time:30526ms step_avg:610.52ms
step:60/2000 train_loss:3.5454 grad_norm:0.5161 train_time:36707ms step_avg:611.78ms
step:70/2000 train_loss:3.3710 grad_norm:0.3523 train_time:42782ms step_avg:611.17ms
step:80/2000 train_loss:3.2437 grad_norm:0.3940 train_time:48929ms step_avg:611.62ms
step:90/2000 train_loss:3.1099 grad_norm:0.3445 train_time:55108ms step_avg:612.31ms
step:100/2000 train_loss:3.0530 grad_norm:0.2745 train_time:61310ms step_avg:613.10ms
step:110/2000 train_loss:2.9762 grad_norm:0.3565 train_time:67475ms step_avg:613.41ms
step:120/2000 train_loss:2.9942 grad_norm:0.2814 train_time:73694ms step_avg:614.12ms
step:130/2000 train_loss:2.9356 grad_norm:0.2499 train_time:79829ms step_avg:614.07ms
step:140/2000 train_loss:2.8342 grad_norm:0.2853 train_time:86038ms step_avg:614.56ms
step:150/2000 train_loss:2.8667 grad_norm:0.2334 train_time:92212ms step_avg:614.75ms
step:160/2000 train_loss:2.7693 grad_norm:0.1706 train_time:98414ms step_avg:615.09ms
step:170/2000 train_loss:2.8347 grad_norm:0.2166 train_time:104606ms step_avg:615.33ms
step:180/2000 train_loss:2.7484 grad_norm:0.2483 train_time:110844ms step_avg:615.80ms
step:190/2000 train_loss:2.7401 grad_norm:0.1835 train_time:117111ms step_avg:616.37ms
step:200/2000 train_loss:2.6711 grad_norm:0.1956 train_time:123219ms step_avg:616.10ms
step:210/2000 train_loss:2.6887 grad_norm:0.1706 train_time:129460ms step_avg:616.48ms
step:220/2000 train_loss:2.7711 grad_norm:0.1965 train_time:135647ms step_avg:616.58ms
step:230/2000 train_loss:2.7100 grad_norm:0.2010 train_time:141745ms step_avg:616.28ms
step:240/2000 train_loss:2.6799 grad_norm:0.1754 train_time:148004ms step_avg:616.69ms
step:250/2000 train_loss:2.6532 grad_norm:0.1663 train_time:154265ms step_avg:617.06ms
step:260/2000 train_loss:2.6009 grad_norm:0.1816 train_time:160507ms step_avg:617.33ms
step:270/2000 train_loss:2.5625 grad_norm:0.1576 train_time:166692ms step_avg:617.38ms
step:280/2000 train_loss:2.5912 grad_norm:0.1638 train_time:172870ms step_avg:617.39ms
step:290/2000 train_loss:2.5995 grad_norm:0.1475 train_time:179148ms step_avg:617.75ms
step:300/2000 train_loss:2.5472 grad_norm:0.1375 train_time:185276ms step_avg:617.59ms
step:310/2000 train_loss:2.5659 grad_norm:0.1564 train_time:191588ms step_avg:618.02ms
step:320/2000 train_loss:2.5418 grad_norm:0.1159 train_time:197813ms step_avg:618.17ms
step:330/2000 train_loss:2.5692 grad_norm:0.1269 train_time:203954ms step_avg:618.04ms
step:340/2000 train_loss:2.5288 grad_norm:0.1109 train_time:210283ms step_avg:618.48ms
step:350/2000 train_loss:2.5499 grad_norm:0.1180 train_time:216479ms step_avg:618.51ms
step:360/2000 train_loss:2.5535 grad_norm:0.1221 train_time:222662ms step_avg:618.50ms
step:370/2000 train_loss:2.4249 grad_norm:0.1174 train_time:228839ms step_avg:618.48ms
step:380/2000 train_loss:2.5041 grad_norm:0.0992 train_time:235073ms step_avg:618.61ms
step:390/2000 train_loss:2.5544 grad_norm:0.1070 train_time:241342ms step_avg:618.83ms
step:400/2000 train_loss:2.3465 grad_norm:0.1287 train_time:247531ms step_avg:618.83ms
step:400/2000 val_loss:2.5109 val_bpb:1.4871 train_time:247532ms step_avg:618.83ms
step:410/2000 train_loss:2.5053 grad_norm:0.0961 train_time:253597ms step_avg:618.53ms
step:420/2000 train_loss:2.4271 grad_norm:0.0960 train_time:259713ms step_avg:618.36ms
step:430/2000 train_loss:2.4323 grad_norm:0.0979 train_time:265895ms step_avg:618.36ms
step:440/2000 train_loss:2.5206 grad_norm:0.0886 train_time:272114ms step_avg:618.44ms
step:450/2000 train_loss:2.4664 grad_norm:0.0881 train_time:278348ms step_avg:618.55ms
step:460/2000 train_loss:2.4795 grad_norm:0.0892 train_time:284413ms step_avg:618.29ms
step:470/2000 train_loss:2.4863 grad_norm:0.0692 train_time:290553ms step_avg:618.20ms
step:480/2000 train_loss:2.4508 grad_norm:0.0950 train_time:296769ms step_avg:618.27ms
step:490/2000 train_loss:2.5172 grad_norm:0.0910 train_time:303051ms step_avg:618.47ms
step:500/2000 train_loss:2.4620 grad_norm:0.0745 train_time:309481ms step_avg:618.96ms
step:510/2000 train_loss:2.3738 grad_norm:0.0889 train_time:315541ms step_avg:618.71ms
step:520/2000 train_loss:2.4602 grad_norm:0.0676 train_time:321575ms step_avg:618.41ms
step:530/2000 train_loss:2.4889 grad_norm:0.0986 train_time:327611ms step_avg:618.13ms
step:540/2000 train_loss:2.2709 grad_norm:0.0693 train_time:333638ms step_avg:617.85ms
step:550/2000 train_loss:2.3498 grad_norm:0.0708 train_time:339771ms step_avg:617.77ms
step:560/2000 train_loss:2.4498 grad_norm:0.0690 train_time:345899ms step_avg:617.68ms
step:570/2000 train_loss:2.4685 grad_norm:0.0791 train_time:352060ms step_avg:617.65ms
step:580/2000 train_loss:2.4770 grad_norm:0.0635 train_time:358157ms step_avg:617.51ms
step:590/2000 train_loss:2.4522 grad_norm:0.0798 train_time:364292ms step_avg:617.44ms
step:600/2000 train_loss:2.4687 grad_norm:0.0639 train_time:370412ms step_avg:617.35ms
step:610/2000 train_loss:2.4698 grad_norm:0.0679 train_time:376456ms step_avg:617.14ms
step:620/2000 train_loss:2.4367 grad_norm:0.0735 train_time:382490ms step_avg:616.92ms
step:630/2000 train_loss:2.4594 grad_norm:0.0702 train_time:388524ms step_avg:616.71ms
step:640/2000 train_loss:2.3534 grad_norm:0.0636 train_time:394704ms step_avg:616.73ms
step:650/2000 train_loss:2.2867 grad_norm:0.0677 train_time:401003ms step_avg:616.93ms
step:660/2000 train_loss:2.4698 grad_norm:0.0547 train_time:407108ms step_avg:616.83ms
step:670/2000 train_loss:2.4180 grad_norm:0.0594 train_time:413249ms step_avg:616.79ms
step:680/2000 train_loss:2.4429 grad_norm:0.0606 train_time:419293ms step_avg:616.61ms
step:690/2000 train_loss:2.4100 grad_norm:0.0526 train_time:425449ms step_avg:616.59ms
step:700/2000 train_loss:2.4292 grad_norm:0.0523 train_time:431655ms step_avg:616.65ms
step:710/2000 train_loss:2.3569 grad_norm:0.0617 train_time:437732ms step_avg:616.52ms
step:720/2000 train_loss:2.3122 grad_norm:0.0667 train_time:443781ms step_avg:616.36ms
step:730/2000 train_loss:2.4116 grad_norm:0.0563 train_time:449807ms step_avg:616.17ms
step:740/2000 train_loss:2.3711 grad_norm:0.0562 train_time:455824ms step_avg:615.98ms
step:750/2000 train_loss:2.3429 grad_norm:0.0602 train_time:462029ms step_avg:616.04ms
step:760/2000 train_loss:2.3096 grad_norm:0.0456 train_time:468165ms step_avg:616.01ms
step:770/2000 train_loss:2.3673 grad_norm:0.0518 train_time:474356ms step_avg:616.05ms
step:780/2000 train_loss:2.3564 grad_norm:0.0540 train_time:480472ms step_avg:615.99ms
step:790/2000 train_loss:2.3784 grad_norm:0.0546 train_time:486622ms step_avg:615.98ms
step:800/2000 train_loss:2.3320 grad_norm:0.0607 train_time:492878ms step_avg:616.10ms
step:800/2000 val_loss:2.3631 val_bpb:1.3995 train_time:492878ms step_avg:616.10ms
step:810/2000 train_loss:2.3846 grad_norm:0.0540 train_time:499016ms step_avg:616.07ms
step:820/2000 train_loss:2.3330 grad_norm:0.0505 train_time:505206ms step_avg:616.10ms
step:830/2000 train_loss:2.3792 grad_norm:0.0643 train_time:511331ms step_avg:616.06ms
step:840/2000 train_loss:2.3496 grad_norm:0.0524 train_time:517502ms step_avg:616.07ms
step:850/2000 train_loss:2.4383 grad_norm:0.0562 train_time:523754ms step_avg:616.18ms
step:860/2000 train_loss:2.3360 grad_norm:0.0480 train_time:530076ms step_avg:616.37ms
step:870/2000 train_loss:2.3861 grad_norm:0.0509 train_time:536279ms step_avg:616.41ms
step:880/2000 train_loss:2.3341 grad_norm:0.0535 train_time:542598ms step_avg:616.59ms
step:890/2000 train_loss:2.3229 grad_norm:0.0530 train_time:548722ms step_avg:616.54ms
step:900/2000 train_loss:2.3599 grad_norm:0.0533 train_time:554747ms step_avg:616.39ms
step:910/2000 train_loss:2.4219 grad_norm:0.0487 train_time:560770ms step_avg:616.23ms
step:920/2000 train_loss:2.3068 grad_norm:0.0512 train_time:566792ms step_avg:616.08ms
step:930/2000 train_loss:2.3281 grad_norm:0.0535 train_time:572825ms step_avg:615.94ms
step:940/2000 train_loss:2.3481 grad_norm:0.0463 train_time:578852ms step_avg:615.80ms
step:950/2000 train_loss:2.3774 grad_norm:0.0497 train_time:584876ms step_avg:615.66ms
step:960/2000 train_loss:2.3257 grad_norm:0.0876 train_time:590903ms step_avg:615.52ms
step:970/2000 train_loss:2.3554 grad_norm:0.0480 train_time:596926ms step_avg:615.39ms
step:980/2000 train_loss:2.3158 grad_norm:0.0467 train_time:602952ms step_avg:615.26ms
step:990/2000 train_loss:2.3369 grad_norm:0.0463 train_time:608981ms step_avg:615.13ms
step:1000/2000 train_loss:2.3550 grad_norm:0.0468 train_time:615000ms step_avg:615.00ms
step:1010/2000 train_loss:2.3444 grad_norm:0.0407 train_time:621022ms step_avg:614.87ms
step:1020/2000 train_loss:2.2653 grad_norm:0.0484 train_time:627050ms step_avg:614.75ms
step:1030/2000 train_loss:2.3400 grad_norm:0.0460 train_time:633076ms step_avg:614.64ms
step:1040/2000 train_loss:2.2688 grad_norm:0.0487 train_time:639101ms step_avg:614.52ms
step:1050/2000 train_loss:2.3838 grad_norm:0.0492 train_time:645123ms step_avg:614.40ms
step:1060/2000 train_loss:2.3009 grad_norm:0.0459 train_time:651147ms step_avg:614.29ms
step:1070/2000 train_loss:2.2024 grad_norm:0.0487 train_time:657176ms step_avg:614.18ms
step:1080/2000 train_loss:2.3620 grad_norm:0.0416 train_time:663197ms step_avg:614.07ms
step:1090/2000 train_loss:2.3370 grad_norm:0.0432 train_time:669218ms step_avg:613.96ms
step:1100/2000 train_loss:2.2757 grad_norm:0.0391 train_time:675242ms step_avg:613.86ms
step:1110/2000 train_loss:2.2234 grad_norm:0.0440 train_time:681270ms step_avg:613.76ms
step:1120/2000 train_loss:2.3662 grad_norm:0.0475 train_time:687294ms step_avg:613.65ms
step:1130/2000 train_loss:2.2839 grad_norm:0.0448 train_time:693314ms step_avg:613.55ms
step:1140/2000 train_loss:2.3407 grad_norm:0.0433 train_time:699336ms step_avg:613.45ms
step:1150/2000 train_loss:2.2878 grad_norm:0.0404 train_time:705361ms step_avg:613.36ms
step:1160/2000 train_loss:2.3477 grad_norm:0.0430 train_time:711384ms step_avg:613.26ms
step:1170/2000 train_loss:2.2772 grad_norm:0.0462 train_time:717403ms step_avg:613.16ms
step:1180/2000 train_loss:2.1428 grad_norm:0.0451 train_time:723424ms step_avg:613.07ms
step:1190/2000 train_loss:2.3616 grad_norm:0.0402 train_time:729448ms step_avg:612.98ms
step:1200/2000 train_loss:2.2858 grad_norm:0.0401 train_time:735469ms step_avg:612.89ms
step:1200/2000 val_loss:2.2962 val_bpb:1.3599 train_time:735469ms step_avg:612.89ms
step:1210/2000 train_loss:2.3179 grad_norm:0.0393 train_time:741491ms step_avg:612.80ms
step:1220/2000 train_loss:2.2843 grad_norm:0.0452 train_time:747518ms step_avg:612.72ms
step:1230/2000 train_loss:2.3050 grad_norm:0.0436 train_time:753541ms step_avg:612.63ms
step:1240/2000 train_loss:2.2510 grad_norm:0.0444 train_time:759569ms step_avg:612.56ms
step:1250/2000 train_loss:2.2010 grad_norm:0.0404 train_time:765591ms step_avg:612.47ms
step:1260/2000 train_loss:2.3012 grad_norm:0.0501 train_time:771611ms step_avg:612.39ms
step:1270/2000 train_loss:2.2661 grad_norm:0.0453 train_time:777630ms step_avg:612.31ms
step:1280/2000 train_loss:2.2186 grad_norm:0.0421 train_time:783656ms step_avg:612.23ms
step:1290/2000 train_loss:2.2821 grad_norm:0.0417 train_time:789687ms step_avg:612.16ms
step:1300/2000 train_loss:2.3066 grad_norm:0.0411 train_time:795709ms step_avg:612.08ms
step:1310/2000 train_loss:2.2602 grad_norm:0.0459 train_time:801729ms step_avg:612.01ms
step:1320/2000 train_loss:2.2714 grad_norm:0.0408 train_time:807753ms step_avg:611.93ms
step:1330/2000 train_loss:2.2869 grad_norm:0.0429 train_time:813773ms step_avg:611.86ms
step:1340/2000 train_loss:2.2491 grad_norm:0.0380 train_time:819879ms step_avg:611.85ms
step:1350/2000 train_loss:2.1732 grad_norm:0.0421 train_time:825902ms step_avg:611.78ms
step:1360/2000 train_loss:2.3146 grad_norm:0.0378 train_time:831925ms step_avg:611.71ms
step:1370/2000 train_loss:2.2425 grad_norm:0.0452 train_time:837945ms step_avg:611.64ms
step:1380/2000 train_loss:2.1819 grad_norm:0.0405 train_time:844011ms step_avg:611.60ms
step:1390/2000 train_loss:2.2847 grad_norm:0.0471 train_time:850022ms step_avg:611.53ms
step:1400/2000 train_loss:2.3258 grad_norm:0.0411 train_time:856045ms step_avg:611.46ms
step:1410/2000 train_loss:2.2424 grad_norm:0.0386 train_time:862062ms step_avg:611.39ms
step:1420/2000 train_loss:2.2749 grad_norm:0.0394 train_time:868083ms step_avg:611.33ms
step:1430/2000 train_loss:2.2474 grad_norm:0.0419 train_time:874107ms step_avg:611.26ms
step:1440/2000 train_loss:2.2093 grad_norm:0.0373 train_time:880134ms step_avg:611.20ms
step:1450/2000 train_loss:2.2568 grad_norm:0.0412 train_time:886156ms step_avg:611.14ms
step:1460/2000 train_loss:2.2747 grad_norm:0.0400 train_time:892178ms step_avg:611.08ms
step:1470/2000 train_loss:2.2741 grad_norm:0.0393 train_time:898203ms step_avg:611.02ms
step:1480/2000 train_loss:2.2969 grad_norm:0.0430 train_time:904219ms step_avg:610.96ms
step:1490/2000 train_loss:2.2998 grad_norm:0.0455 train_time:910239ms step_avg:610.90ms
step:1500/2000 train_loss:2.2859 grad_norm:0.0374 train_time:916261ms step_avg:610.84ms
step:1510/2000 train_loss:2.2561 grad_norm:0.0380 train_time:922285ms step_avg:610.78ms
step:1520/2000 train_loss:2.2418 grad_norm:0.0388 train_time:928305ms step_avg:610.73ms
step:1530/2000 train_loss:2.3081 grad_norm:0.0360 train_time:934328ms step_avg:610.67ms
step:1540/2000 train_loss:2.2790 grad_norm:0.0389 train_time:940352ms step_avg:610.62ms
step:1550/2000 train_loss:2.5902 grad_norm:0.0584 train_time:946376ms step_avg:610.57ms
step:1560/2000 train_loss:2.2714 grad_norm:0.0370 train_time:952406ms step_avg:610.52ms
step:1570/2000 train_loss:2.3130 grad_norm:0.0420 train_time:958437ms step_avg:610.47ms
step:1580/2000 train_loss:2.2401 grad_norm:0.0397 train_time:964465ms step_avg:610.42ms
step:1590/2000 train_loss:2.2795 grad_norm:0.0396 train_time:970489ms step_avg:610.37ms
step:1600/2000 train_loss:2.2229 grad_norm:0.0404 train_time:976517ms step_avg:610.32ms
step:1600/2000 val_loss:2.2646 val_bpb:1.3412 train_time:976517ms step_avg:610.32ms
step:1610/2000 train_loss:2.2119 grad_norm:0.0384 train_time:982540ms step_avg:610.27ms
step:1620/2000 train_loss:2.2684 grad_norm:0.0415 train_time:988566ms step_avg:610.23ms
step:1630/2000 train_loss:2.2955 grad_norm:0.0352 train_time:994591ms step_avg:610.18ms
step:1640/2000 train_loss:2.3779 grad_norm:0.0402 train_time:1000618ms step_avg:610.13ms
step:1650/2000 train_loss:2.2574 grad_norm:0.0417 train_time:1006644ms step_avg:610.09ms
step:1660/2000 train_loss:2.2501 grad_norm:0.0350 train_time:1012666ms step_avg:610.04ms
step:1670/2000 train_loss:2.2559 grad_norm:0.0348 train_time:1018686ms step_avg:609.99ms
step:1680/2000 train_loss:2.2427 grad_norm:0.0404 train_time:1024705ms step_avg:609.94ms
step:1690/2000 train_loss:2.2820 grad_norm:0.0364 train_time:1030724ms step_avg:609.90ms
step:1700/2000 train_loss:2.2722 grad_norm:0.0481 train_time:1036744ms step_avg:609.85ms
step:1710/2000 train_loss:2.2666 grad_norm:0.0372 train_time:1042764ms step_avg:609.80ms
step:1720/2000 train_loss:2.3083 grad_norm:0.0329 train_time:1048788ms step_avg:609.76ms
step:1730/2000 train_loss:2.2212 grad_norm:0.0363 train_time:1054809ms step_avg:609.72ms
step:1740/2000 train_loss:2.2831 grad_norm:0.0402 train_time:1060837ms step_avg:609.68ms
step:1750/2000 train_loss:2.2377 grad_norm:0.0365 train_time:1066864ms step_avg:609.64ms
step:1760/2000 train_loss:2.2334 grad_norm:0.0336 train_time:1072886ms step_avg:609.59ms
step:1770/2000 train_loss:2.2564 grad_norm:0.0399 train_time:1078913ms step_avg:609.56ms
step:1780/2000 train_loss:2.1871 grad_norm:0.0325 train_time:1084936ms step_avg:609.51ms
step:1790/2000 train_loss:2.2261 grad_norm:0.0352 train_time:1090955ms step_avg:609.47ms
step:1800/2000 train_loss:2.2664 grad_norm:0.0354 train_time:1096975ms step_avg:609.43ms
step:1810/2000 train_loss:2.2446 grad_norm:0.0370 train_time:1102995ms step_avg:609.39ms
step:1820/2000 train_loss:2.1813 grad_norm:0.0383 train_time:1109014ms step_avg:609.35ms
step:1830/2000 train_loss:2.1837 grad_norm:0.0622 train_time:1115038ms step_avg:609.31ms
step:1840/2000 train_loss:2.2258 grad_norm:0.0387 train_time:1121055ms step_avg:609.27ms
step:1850/2000 train_loss:2.2831 grad_norm:0.0401 train_time:1127096ms step_avg:609.24ms
step:1860/2000 train_loss:2.2464 grad_norm:0.0385 train_time:1133120ms step_avg:609.20ms
step:1870/2000 train_loss:2.2549 grad_norm:0.0345 train_time:1139141ms step_avg:609.17ms
step:1880/2000 train_loss:2.2822 grad_norm:0.0351 train_time:1145164ms step_avg:609.13ms
step:1890/2000 train_loss:2.2411 grad_norm:0.0367 train_time:1151188ms step_avg:609.09ms
step:1900/2000 train_loss:2.2205 grad_norm:0.0347 train_time:1157212ms step_avg:609.06ms
step:1910/2000 train_loss:2.3322 grad_norm:0.0380 train_time:1163235ms step_avg:609.02ms
step:1920/2000 train_loss:2.2525 grad_norm:0.0339 train_time:1169250ms step_avg:608.98ms
step:1930/2000 train_loss:2.2322 grad_norm:0.0355 train_time:1175273ms step_avg:608.95ms
step:1940/2000 train_loss:2.2275 grad_norm:0.0349 train_time:1181299ms step_avg:608.92ms
step:1950/2000 train_loss:2.2997 grad_norm:0.0383 train_time:1187319ms step_avg:608.88ms
step:1960/2000 train_loss:2.2307 grad_norm:0.0406 train_time:1193345ms step_avg:608.85ms
step:1970/2000 train_loss:2.2453 grad_norm:0.0569 train_time:1199368ms step_avg:608.82ms
step:1980/2000 train_loss:2.2492 grad_norm:0.0359 train_time:1205393ms step_avg:608.78ms
step:1990/2000 train_loss:2.2212 grad_norm:0.0340 train_time:1211420ms step_avg:608.75ms
step:2000/2000 train_loss:2.2251 grad_norm:0.0321 train_time:1217444ms step_avg:608.72ms
step:2000/2000 val_loss:2.2366 val_bpb:1.3246 train_time:1217444ms step_avg:608.72ms
peak memory allocated: 11334 MiB reserved: 11532 MiB
Serialized model: 67224983 bytes
Code size: 20586 bytes
Total submission size: 67245569 bytes
Serialized model int8+zlib: 15660697 bytes (payload:17178912 raw_torch:17224025 payload_ratio:3.91x)
Total submission size int8+zlib: 15681283 bytes
final_int8_zlib_roundtrip val_loss:2.2369 val_bpb:1.3248 eval_time:20010ms
final_int8_zlib_roundtrip_exact val_loss:2.23691435 val_bpb:1.32482668
