"""
LeWM-style latent trunk where the detached continuous decoder reads from the same latent that JEPA trains.

Training objective:
- trunk is shaped only by latent prediction MSE + SIGReg
- encoder projector defines the deployed latent state
- detached decoder head predicts a continuous next-token point from that latent
- decoder trains with positive cosine loss to the live token embedding of the target token

Eval path:
- tokens -> trunk hidden -> latent projector -> token head
- decoder output is ranked against the live token embedding table with cosine logits
- BPB is computed from those geometric token scores
"""

from __future__ import annotations

import copy
import io
import math
import os
import random
import subprocess
import sys
import time
import zlib
from pathlib import Path

import numpy as np
import sentencepiece as spm
import torch
import torch.distributed as dist
import torch.nn.functional as F
from torch import Tensor, nn
from torch.nn.parallel import DistributedDataParallel as DDP

sys.path.insert(0, str(Path(__file__).resolve().parent.parent))
import train_gpt as base  # noqa: E402


class Hyperparameters(base.Hyperparameters):
    token_metric_weight = float(os.environ.get("TOKEN_METRIC_WEIGHT", "1.0"))
    token_metric_temp = float(os.environ.get("TOKEN_METRIC_TEMP", "0.07"))
    token_metric_expansion = int(os.environ.get("TOKEN_METRIC_EXPANSION", "2"))
    lewm_latent_dim = int(os.environ.get("LEWM_LATENT_DIM", os.environ.get("MODEL_DIM", "512")))
    lewm_pred_weight = float(os.environ.get("LEWM_PRED_WEIGHT", "1.0"))
    lewm_sigreg_weight = float(os.environ.get("LEWM_SIGREG_WEIGHT", "0.1"))
    lewm_pred_expansion = int(os.environ.get("LEWM_PRED_EXPANSION", "2"))
    lewm_pred_dropout = float(os.environ.get("LEWM_PRED_DROPOUT", "0.1"))
    lewm_sigreg_projections = int(os.environ.get("LEWM_SIGREG_PROJECTIONS", "16"))
    lewm_sigreg_stride = int(os.environ.get("LEWM_SIGREG_STRIDE", "128"))
    lewm_sigreg_nodes = int(os.environ.get("LEWM_SIGREG_NODES", "17"))
    lewm_sigreg_tmax = float(os.environ.get("LEWM_SIGREG_TMAX", "4.0"))


class LatentProjector(nn.Module):
    def __init__(self, in_dim: int, out_dim: int):
        super().__init__()
        self.linear = base.CastedLinear(in_dim, out_dim, bias=False)

    def forward(self, x: Tensor) -> Tensor:
        flat = self.linear(x.reshape(-1, x.size(-1)))
        return flat.reshape(x.size(0), x.size(1), -1)


class LatentPredictor(nn.Module):
    def __init__(self, dim: int, expansion: int, dropout: float):
        super().__init__()
        hidden = max(dim, dim * expansion)
        self.fc = base.CastedLinear(dim, hidden, bias=False)
        self.dropout = nn.Dropout(dropout)
        self.proj = base.CastedLinear(hidden, dim, bias=False)
        self.proj._zero_init = True

    def forward(self, latent: Tensor) -> Tensor:
        return latent + self.proj(self.dropout(torch.relu(self.fc(latent))))


class TokenMetricHead(nn.Module):
    def __init__(self, in_dim: int, out_dim: int, expansion: int):
        super().__init__()
        hidden = max(in_dim, out_dim, in_dim * expansion, out_dim * expansion)
        self.fc = base.CastedLinear(in_dim, hidden, bias=False)
        self.proj = base.CastedLinear(hidden, out_dim, bias=False)
        self.proj._zero_init = True

    def forward(self, latent: Tensor) -> Tensor:
        return self.proj(torch.relu(self.fc(latent)))


class LeWMSharedLatentMetricGPT(base.GPT):
    training_only_prefixes = ("predictor.", "predictor_projector.")

    def __init__(self, args: Hyperparameters):
        super().__init__(
            vocab_size=args.vocab_size,
            num_layers=args.num_layers,
            model_dim=args.model_dim,
            num_heads=args.num_heads,
            num_kv_heads=args.num_kv_heads,
            mlp_mult=args.mlp_mult,
            tie_embeddings=True,
            tied_embed_init_std=args.tied_embed_init_std,
            logit_softcap=args.logit_softcap,
            rope_base=args.rope_base,
            qk_gain_init=args.qk_gain_init,
        )
        self.token_metric_weight = args.token_metric_weight
        self.token_metric_temp = args.token_metric_temp
        self.lewm_pred_weight = args.lewm_pred_weight
        self.lewm_sigreg_weight = args.lewm_sigreg_weight
        self.lewm_sigreg_projections = args.lewm_sigreg_projections
        self.lewm_sigreg_stride = args.lewm_sigreg_stride
        self.encoder_projector = LatentProjector(args.model_dim, args.lewm_latent_dim)
        self.predictor = LatentPredictor(args.lewm_latent_dim, args.lewm_pred_expansion, args.lewm_pred_dropout)
        self.predictor_projector = LatentProjector(args.lewm_latent_dim, args.lewm_latent_dim)
        self.token_head = TokenMetricHead(args.lewm_latent_dim, args.model_dim, args.token_metric_expansion)
        nn.init.zeros_(self.predictor.proj.weight)
        nn.init.zeros_(self.token_head.proj.weight)
        t_nodes = torch.linspace(-args.lewm_sigreg_tmax, args.lewm_sigreg_tmax, args.lewm_sigreg_nodes)
        self.register_buffer("sigreg_t_nodes", t_nodes, persistent=False)

    def encode_hidden(self, input_ids: Tensor) -> Tensor:
        x = self.tok_emb(input_ids)
        x = F.rms_norm(x, (x.size(-1),))
        x0 = x
        skips: list[Tensor] = []
        for i in range(self.num_encoder_layers):
            x = self.blocks[i](x, x0)
            skips.append(x)
        for i in range(self.num_decoder_layers):
            if skips:
                x = x + self.skip_weights[i].to(dtype=x.dtype)[None, None, :] * skips.pop()
            x = self.blocks[self.num_encoder_layers + i](x, x0)
        return self.final_norm(x)

    def encode_latent(self, hidden: Tensor) -> Tensor:
        return self.encoder_projector(hidden)

    def predict_next_latent(self, latent: Tensor) -> Tensor:
        return self.predictor_projector(self.predictor(latent))

    def pred_loss(self, latent: Tensor) -> Tensor:
        if latent.size(1) < 2:
            return latent.new_zeros(())
        pred_next = self.predict_next_latent(latent[:, :-1])
        return F.mse_loss(pred_next, latent[:, 1:], reduction="mean")

    def sigreg_loss(self, latent: Tensor) -> Tensor:
        sampled = latent[:, :: self.lewm_sigreg_stride, :].transpose(0, 1).float()
        if sampled.numel() == 0 or sampled.size(1) < 2:
            return latent.new_zeros(())
        dirs = F.normalize(
            torch.randn(self.lewm_sigreg_projections, sampled.size(-1), device=sampled.device, dtype=sampled.dtype),
            dim=-1,
        )
        proj = torch.einsum("sbd,pd->sbp", sampled, dirs)
        t = self.sigreg_t_nodes.to(device=sampled.device, dtype=sampled.dtype)
        tx = proj.unsqueeze(-1) * t
        real = torch.cos(tx).mean(dim=1)
        imag = torch.sin(tx).mean(dim=1)
        target = torch.exp(-0.5 * t.pow(2)).view(1, 1, -1)
        integrand = ((real - target).pow(2) + imag.pow(2)) * target
        return torch.trapezoid(integrand, t, dim=-1).mean()

    def token_point(self, latent: Tensor, *, detach_latent: bool) -> Tensor:
        if detach_latent:
            latent = latent.detach()
        return self.token_head(latent)

    def token_metric_loss(self, latent: Tensor, target_ids: Tensor) -> Tensor:
        pred = F.normalize(self.token_point(latent, detach_latent=True), dim=-1)
        target = F.normalize(self.tok_emb(target_ids), dim=-1)
        return (1.0 - (pred * target).sum(dim=-1)).mean()

    def token_logits(self, latent: Tensor) -> Tensor:
        pred = F.normalize(self.token_point(latent, detach_latent=False), dim=-1)
        protos = F.normalize(self.tok_emb.weight, dim=-1)
        return torch.einsum("btd,vd->btv", pred, protos) / self.token_metric_temp

    def eval_ce_loss(self, latent: Tensor, target_ids: Tensor) -> Tensor:
        logits = self.token_logits(latent)
        return F.cross_entropy(logits.reshape(-1, logits.size(-1)).float(), target_ids.reshape(-1), reduction="mean")

    def forward(self, input_ids: Tensor, target_ids: Tensor) -> Tensor:
        hidden = self.encode_hidden(input_ids)
        latent = self.encode_latent(hidden)
        if self.training:
            loss = hidden.new_zeros(())
            if self.lewm_pred_weight > 0.0:
                loss = loss + self.lewm_pred_weight * self.pred_loss(latent)
            if self.lewm_sigreg_weight > 0.0:
                loss = loss + self.lewm_sigreg_weight * self.sigreg_loss(latent)
            if self.token_metric_weight > 0.0:
                loss = loss + self.token_metric_weight * self.token_metric_loss(latent, target_ids)
            return loss
        return self.eval_ce_loss(latent, target_ids)

    def artifact_state_dict(self) -> dict[str, Tensor]:
        return {
            name: tensor
            for name, tensor in self.state_dict().items()
            if not any(name.startswith(prefix) for prefix in self.training_only_prefixes)
        }


def main() -> None:
    code = Path(__file__).read_text(encoding="utf-8")
    args = Hyperparameters()
    base.zeropower_via_newtonschulz5 = torch.compile(base.zeropower_via_newtonschulz5)

    distributed = "RANK" in os.environ and "WORLD_SIZE" in os.environ
    rank = int(os.environ.get("RANK", "0"))
    world_size = int(os.environ.get("WORLD_SIZE", "1"))
    local_rank = int(os.environ.get("LOCAL_RANK", "0"))
    if world_size <= 0:
        raise ValueError(f"WORLD_SIZE must be positive, got {world_size}")
    if 8 % world_size != 0:
        raise ValueError(f"WORLD_SIZE={world_size} must divide 8 so grad_accum_steps stays integral")
    grad_accum_steps = 8 // world_size
    grad_scale = 1.0 / grad_accum_steps
    if not torch.cuda.is_available():
        raise RuntimeError("CUDA is required")
    device = torch.device("cuda", local_rank)
    torch.cuda.set_device(device)
    if distributed:
        dist.init_process_group(backend="nccl", device_id=device)
        dist.barrier()
    master_process = rank == 0

    torch.backends.cuda.matmul.allow_tf32 = True
    torch.backends.cudnn.allow_tf32 = True
    torch.set_float32_matmul_precision("high")
    from torch.backends.cuda import enable_cudnn_sdp, enable_flash_sdp, enable_math_sdp, enable_mem_efficient_sdp

    enable_cudnn_sdp(False)
    enable_flash_sdp(True)
    enable_mem_efficient_sdp(False)
    enable_math_sdp(False)

    logfile = None
    if master_process:
        os.makedirs("logs", exist_ok=True)
        logfile = f"logs/{args.run_id}.txt"
        print(logfile)

    def log0(msg: str, console: bool = True) -> None:
        if not master_process:
            return
        if console:
            print(msg)
        if logfile is not None:
            with open(logfile, "a", encoding="utf-8") as f:
                print(msg, file=f)

    log0(code, console=False)
    log0("=" * 100, console=False)
    log0(f"Running Python {sys.version}", console=False)
    log0(f"Running PyTorch {torch.__version__}", console=False)
    log0(
        subprocess.run(["nvidia-smi"], stdout=subprocess.PIPE, stderr=subprocess.PIPE, text=True, check=False).stdout,
        console=False,
    )
    log0("=" * 100, console=False)

    random.seed(args.seed)
    np.random.seed(args.seed)
    torch.manual_seed(args.seed)
    torch.cuda.manual_seed_all(args.seed)

    if not args.tokenizer_path.endswith(".model"):
        raise ValueError(f"Script only setup for SentencePiece .model file: {args.tokenizer_path}")
    sp = spm.SentencePieceProcessor(model_file=args.tokenizer_path)
    if int(sp.vocab_size()) != args.vocab_size:
        raise ValueError(
            f"VOCAB_SIZE={args.vocab_size} does not match tokenizer vocab_size={int(sp.vocab_size())}"
        )
    dataset_dir = Path(args.data_path).resolve()
    actual_train_files = len(list(dataset_dir.glob("fineweb_train_*.bin")))
    val_tokens = base.load_validation_tokens(args.val_files, args.train_seq_len)
    base_bytes_lut, has_leading_space_lut, is_boundary_token_lut = base.build_sentencepiece_luts(
        sp, args.vocab_size, device
    )
    log0(f"val_bpb:enabled tokenizer_kind=sentencepiece tokenizer_path={args.tokenizer_path}")
    log0(f"train_loader:dataset:{dataset_dir.name} train_shards:{actual_train_files}")
    log0(f"val_loader:shards pattern={args.val_files} tokens:{val_tokens.numel() - 1}")

    base_model = LeWMSharedLatentMetricGPT(args).to(device).bfloat16()
    for module in base_model.modules():
        if isinstance(module, base.CastedLinear):
            module.float()
    base.restore_low_dim_params_to_fp32(base_model)
    compiled_model = torch.compile(base_model, dynamic=False, fullgraph=True)
    model: nn.Module = DDP(compiled_model, device_ids=[local_rank], broadcast_buffers=False) if distributed else compiled_model

    named_params = list(base_model.named_parameters())
    matrix_params = [
        p
        for name, p in named_params
        if name != "tok_emb.weight" and p.ndim == 2 and not any(pattern in name for pattern in base.CONTROL_TENSOR_NAME_PATTERNS)
    ]
    scalar_params = [
        p
        for name, p in named_params
        if name != "tok_emb.weight" and (p.ndim < 2 or any(pattern in name for pattern in base.CONTROL_TENSOR_NAME_PATTERNS))
    ]

    optimizer_tok = torch.optim.Adam(
        [{"params": [base_model.tok_emb.weight], "lr": args.tied_embed_lr, "base_lr": args.tied_embed_lr}],
        betas=(args.beta1, args.beta2),
        eps=args.adam_eps,
        fused=True,
    )
    optimizer_muon = base.Muon(
        matrix_params,
        lr=args.matrix_lr,
        momentum=args.muon_momentum,
        backend_steps=args.muon_backend_steps,
    )
    for group in optimizer_muon.param_groups:
        group["base_lr"] = args.matrix_lr
    optimizer_scalar = torch.optim.Adam(
        [{"params": scalar_params, "lr": args.scalar_lr, "base_lr": args.scalar_lr}],
        betas=(args.beta1, args.beta2),
        eps=args.adam_eps,
        fused=True,
    )
    optimizers: list[torch.optim.Optimizer] = [optimizer_tok, optimizer_muon, optimizer_scalar]

    train_params = sum(p.numel() for p in base_model.parameters())
    artifact_params = sum(t.numel() for t in base_model.artifact_state_dict().values())
    log0(f"model_params_train:{train_params}")
    log0(f"model_params_artifact:{artifact_params}")
    log0(f"world_size:{world_size} grad_accum_steps:{grad_accum_steps}")
    log0("sdp_backends:cudnn=False flash=True mem_efficient=False math=False")
    log0(f"attention_mode:gqa num_heads:{args.num_heads} num_kv_heads:{args.num_kv_heads}")
    log0(
        f"token_metric:weight={args.token_metric_weight} temp={args.token_metric_temp} expansion={args.token_metric_expansion}"
    )
    log0(
        f"lewm_latent:latent_dim={args.lewm_latent_dim} pred_weight={args.lewm_pred_weight} "
        f"sigreg_weight={args.lewm_sigreg_weight} pred_expansion={args.lewm_pred_expansion} "
        f"pred_dropout={args.lewm_pred_dropout} sigreg_projections={args.lewm_sigreg_projections} "
        f"sigreg_stride={args.lewm_sigreg_stride}"
    )
    log0(f"embed_lr:{args.tied_embed_lr} matrix_lr:{args.matrix_lr} scalar_lr:{args.scalar_lr}")
    log0(
        f"train_batch_tokens:{args.train_batch_tokens} train_seq_len:{args.train_seq_len} "
        f"iterations:{args.iterations} warmup_steps:{args.warmup_steps} "
        f"max_wallclock_seconds:{args.max_wallclock_seconds:.3f}"
    )
    log0(f"seed:{args.seed}")

    train_loader = base.DistributedTokenLoader(args.train_files, rank, world_size, device)

    def zero_grad_all() -> None:
        for opt in optimizers:
            opt.zero_grad(set_to_none=True)

    max_wallclock_ms = 1000.0 * args.max_wallclock_seconds if args.max_wallclock_seconds > 0 else None

    def lr_mul(step: int, elapsed_ms: float) -> float:
        if args.warmdown_iters <= 0:
            return 1.0
        if max_wallclock_ms is None:
            warmdown_start = max(args.iterations - args.warmdown_iters, 0)
            if warmdown_start <= step < args.iterations:
                return max((args.iterations - step) / max(args.warmdown_iters, 1), 0.0)
            return 1.0
        step_ms = elapsed_ms / max(step, 1)
        warmdown_ms = args.warmdown_iters * step_ms
        remaining_ms = max(max_wallclock_ms - elapsed_ms, 0.0)
        return remaining_ms / max(warmdown_ms, 1e-9) if remaining_ms <= warmdown_ms else 1.0

    if args.warmup_steps > 0:
        initial_model_state = {name: tensor.detach().cpu().clone() for name, tensor in base_model.state_dict().items()}
        initial_optimizer_states = [copy.deepcopy(opt.state_dict()) for opt in optimizers]
        model.train()
        for warmup_step in range(args.warmup_steps):
            zero_grad_all()
            for micro_step in range(grad_accum_steps):
                if distributed:
                    model.require_backward_grad_sync = micro_step == grad_accum_steps - 1
                x, y = train_loader.next_batch(args.train_batch_tokens, args.train_seq_len, grad_accum_steps)
                with torch.autocast(device_type="cuda", dtype=torch.bfloat16, enabled=True):
                    warmup_loss = model(x, y)
                (warmup_loss * grad_scale).backward()
            for opt in optimizers:
                opt.step()
            zero_grad_all()
            if args.warmup_steps <= 20 or (warmup_step + 1) % 10 == 0 or warmup_step + 1 == args.warmup_steps:
                log0(f"warmup_step:{warmup_step + 1}/{args.warmup_steps}")
        base_model.load_state_dict(initial_model_state, strict=True)
        for opt, state in zip(optimizers, initial_optimizer_states, strict=True):
            opt.load_state_dict(state)
        zero_grad_all()
        if distributed:
            model.require_backward_grad_sync = True
        train_loader = base.DistributedTokenLoader(args.train_files, rank, world_size, device)

    training_time_ms = 0.0
    stop_after_step: int | None = None
    torch.cuda.synchronize()
    t0 = time.perf_counter()

    step = 0
    while True:
        last_step = step == args.iterations or (stop_after_step is not None and step >= stop_after_step)
        should_validate = last_step or (args.val_loss_every > 0 and step % args.val_loss_every == 0)
        if should_validate:
            torch.cuda.synchronize()
            training_time_ms += 1000.0 * (time.perf_counter() - t0)
            val_loss, val_bpb = base.eval_val(
                args,
                model,
                rank,
                world_size,
                device,
                grad_accum_steps,
                val_tokens,
                base_bytes_lut,
                has_leading_space_lut,
                is_boundary_token_lut,
            )
            log0(
                f"step:{step}/{args.iterations} val_loss:{val_loss:.4f} val_bpb:{val_bpb:.4f} "
                f"train_time:{training_time_ms:.0f}ms step_avg:{training_time_ms / max(step, 1):.2f}ms"
            )
            torch.cuda.synchronize()
            t0 = time.perf_counter()

        if last_step:
            if stop_after_step is not None and step < args.iterations:
                log0(
                    f"stopping_early: wallclock_cap train_time:{training_time_ms:.0f}ms "
                    f"step:{step}/{args.iterations}"
                )
            break

        elapsed_ms = training_time_ms + 1000.0 * (time.perf_counter() - t0)
        scale = lr_mul(step, elapsed_ms)
        zero_grad_all()
        train_loss = torch.zeros((), device=device)
        for micro_step in range(grad_accum_steps):
            if distributed:
                model.require_backward_grad_sync = micro_step == grad_accum_steps - 1
            x, y = train_loader.next_batch(args.train_batch_tokens, args.train_seq_len, grad_accum_steps)
            with torch.autocast(device_type="cuda", dtype=torch.bfloat16, enabled=True):
                loss = model(x, y)
            train_loss += loss.detach()
            (loss * grad_scale).backward()
        train_loss /= grad_accum_steps

        frac = min(step / args.muon_momentum_warmup_steps, 1.0) if args.muon_momentum_warmup_steps > 0 else 1.0
        muon_momentum = (1 - frac) * args.muon_momentum_warmup_start + frac * args.muon_momentum
        for group in optimizer_muon.param_groups:
            group["momentum"] = muon_momentum
        for opt in optimizers:
            for group in opt.param_groups:
                group["lr"] = group["base_lr"] * scale

        if args.grad_clip_norm > 0:
            torch.nn.utils.clip_grad_norm_(base_model.parameters(), args.grad_clip_norm)
        for opt in optimizers:
            opt.step()
        zero_grad_all()

        step += 1
        approx_training_time_ms = training_time_ms + 1000.0 * (time.perf_counter() - t0)
        should_log_train = (
            args.train_log_every > 0
            and (step <= 10 or step % args.train_log_every == 0 or stop_after_step is not None)
        )
        if should_log_train:
            log0(
                f"step:{step}/{args.iterations} train_loss:{train_loss.item():.4f} "
                f"train_time:{approx_training_time_ms:.0f}ms step_avg:{approx_training_time_ms / step:.2f}ms"
            )

        reached_cap = max_wallclock_ms is not None and approx_training_time_ms >= max_wallclock_ms
        if distributed and max_wallclock_ms is not None:
            reached_cap_tensor = torch.tensor(int(reached_cap), device=device)
            dist.all_reduce(reached_cap_tensor, op=dist.ReduceOp.MAX)
            reached_cap = bool(reached_cap_tensor.item())
        if stop_after_step is None and reached_cap:
            stop_after_step = step

    log0(
        f"peak memory allocated: {torch.cuda.max_memory_allocated() // 1024 // 1024} MiB "
        f"reserved: {torch.cuda.max_memory_reserved() // 1024 // 1024} MiB"
    )

    artifact_state = base_model.artifact_state_dict()
    if master_process:
        torch.save(artifact_state, "final_model.pt")
        model_bytes = os.path.getsize("final_model.pt")
        code_bytes = len(code.encode("utf-8"))
        log0(f"Serialized artifact model: {model_bytes} bytes")
        log0(f"Code size: {code_bytes} bytes")
        log0(f"Total submission size: {model_bytes + code_bytes} bytes")

    quant_obj, quant_stats = base.quantize_state_dict_int8(artifact_state)
    quant_buf = io.BytesIO()
    torch.save(quant_obj, quant_buf)
    quant_raw = quant_buf.getvalue()
    quant_blob = zlib.compress(quant_raw, level=9)
    quant_raw_bytes = len(quant_raw)
    if master_process:
        with open("final_model.int8.ptz", "wb") as f:
            f.write(quant_blob)
        quant_file_bytes = os.path.getsize("final_model.int8.ptz")
        code_bytes = len(code.encode("utf-8"))
        ratio = quant_stats["baseline_tensor_bytes"] / max(quant_stats["int8_payload_bytes"], 1)
        log0(
            f"Serialized artifact int8+zlib: {quant_file_bytes} bytes "
            f"(payload:{quant_stats['int8_payload_bytes']} raw_torch:{quant_raw_bytes} payload_ratio:{ratio:.2f}x)"
        )
        log0(f"Total submission size int8+zlib: {quant_file_bytes + code_bytes} bytes")

    if distributed:
        dist.barrier()
    with open("final_model.int8.ptz", "rb") as f:
        quant_blob_disk = f.read()
    quant_state = torch.load(io.BytesIO(zlib.decompress(quant_blob_disk)), map_location="cpu")
    roundtrip_state = base.dequantize_state_dict_int8(quant_state)
    missing, unexpected = base_model.load_state_dict(roundtrip_state, strict=False)
    if unexpected:
        raise RuntimeError(f"Unexpected keys when loading roundtrip artifact: {unexpected}")
    if any(not any(name.startswith(prefix) for prefix in base_model.training_only_prefixes) for name in missing):
        raise RuntimeError(f"Unexpected missing keys when loading roundtrip artifact: {missing}")
    torch.cuda.synchronize()
    t_qeval = time.perf_counter()
    q_val_loss, q_val_bpb = base.eval_val(
        args,
        model,
        rank,
        world_size,
        device,
        grad_accum_steps,
        val_tokens,
        base_bytes_lut,
        has_leading_space_lut,
        is_boundary_token_lut,
    )
    torch.cuda.synchronize()
    log0(
        f"final_int8_zlib_roundtrip val_loss:{q_val_loss:.4f} val_bpb:{q_val_bpb:.4f} "
        f"eval_time:{1000.0 * (time.perf_counter() - t_qeval):.0f}ms"
    )
    log0(f"final_int8_zlib_roundtrip_exact val_loss:{q_val_loss:.8f} val_bpb:{q_val_bpb:.8f}")

    if distributed:
        dist.destroy_process_group()


if __name__ == "__main__":
    main()

====================================================================================================
Running Python 3.14.3 (main, Feb 18 2026, 14:34:51) [GCC 15.2.1 20260209]
Running PyTorch 2.11.0
Mon Apr 13 10:43:16 2026       
+-----------------------------------------------------------------------------------------+
| NVIDIA-SMI 595.58.03              Driver Version: 595.58.03      CUDA Version: 13.2     |
+-----------------------------------------+------------------------+----------------------+
| GPU  Name                 Persistence-M | Bus-Id          Disp.A | Volatile Uncorr. ECC |
| Fan  Temp   Perf          Pwr:Usage/Cap |           Memory-Usage | GPU-Util  Compute M. |
|                                         |                        |               MIG M. |
|=========================================+========================+======================|
|   0  NVIDIA GeForce RTX 5090        Off |   00000000:01:00.0  On |                  N/A |
|  0%   35C    P8             27W /  575W |    6081MiB /  32607MiB |      1%      Default |
|                                         |                        |                  N/A |
+-----------------------------------------+------------------------+----------------------+

+-----------------------------------------------------------------------------------------+
| Processes:                                                                              |
|  GPU   GI   CI              PID   Type   Process name                        GPU Memory |
|        ID   ID                                                               Usage      |
|=========================================================================================|
|    0   N/A  N/A            4186      G   /usr/bin/niri                          1213MiB |
|    0   N/A  N/A            4469      G   Xwayland                                  9MiB |
|    0   N/A  N/A            5806      G   /app/zen/zen                            767MiB |
|    0   N/A  N/A            6656      G   /usr/lib/vesktop/vesktop                175MiB |
|    0   N/A  N/A            8849      G   kitty                                   116MiB |
|    0   N/A  N/A           36162      G   kitty                                    34MiB |
|    0   N/A  N/A           36567      G   kitty                                    44MiB |
|    0   N/A  N/A           56268      G   kitty                                    34MiB |
|    0   N/A  N/A           76841      G   kitty                                    56MiB |
|    0   N/A  N/A          104442      G   kitty                                    34MiB |
|    0   N/A  N/A          180126      G   kitty                                    34MiB |
|    0   N/A  N/A          342624      G   kitty                                    34MiB |
|    0   N/A  N/A          347425      G   kitty                                    34MiB |
|    0   N/A  N/A          449627      G   kitty                                    22MiB |
|    0   N/A  N/A          483937      G   kitty                                    28MiB |
|    0   N/A  N/A          496351      G   kitty                                    44MiB |
|    0   N/A  N/A          533379      G   kitty                                    34MiB |
|    0   N/A  N/A          643185      G   kitty                                    34MiB |
|    0   N/A  N/A         1004904      G   kitty                                    34MiB |
|    0   N/A  N/A         1009393      G   kitty                                    34MiB |
|    0   N/A  N/A         1093605      G   kitty                                    34MiB |
|    0   N/A  N/A         1109281      G   kitty                                    34MiB |
|    0   N/A  N/A         1173677      G   kitty                                    34MiB |
|    0   N/A  N/A         1274054    C+G   missioncenter                            91MiB |
|    0   N/A  N/A         1319942      G   kitty                                    34MiB |
|    0   N/A  N/A         1401566      G   kitty                                    34MiB |
|    0   N/A  N/A         1415756      G   kitty                                    34MiB |
|    0   N/A  N/A         1501574      G   kitty                                    22MiB |
|    0   N/A  N/A         1504082      G   ...odules/electron/dist/electron        440MiB |
|    0   N/A  N/A         1518103      G   kitty                                    34MiB |
|    0   N/A  N/A         1563774      G   kitty                                    46MiB |
|    0   N/A  N/A         1573467    C+G   ...al/zed.app/libexec/zed-editor        709MiB |
|    0   N/A  N/A         1576268      G   kitty                                    22MiB |
|    0   N/A  N/A         1617864      G   kitty                                    34MiB |
|    0   N/A  N/A         1646889      G   ...rack-uuid=3190708988185955192         17MiB |
|    0   N/A  N/A         1650453      G   kitty                                    34MiB |
|    0   N/A  N/A         1783614      C   /usr/bin/python3                        498MiB |
+-----------------------------------------------------------------------------------------+

====================================================================================================
val_bpb:enabled tokenizer_kind=sentencepiece tokenizer_path=./data/tokenizers/fineweb_1024_bpe.model
train_loader:dataset:fineweb10B_sp1024 train_shards:80
val_loader:shards pattern=./data/datasets/fineweb10B_sp1024/fineweb_val_*.bin tokens:62021632
model_params_train:19681352
model_params_artifact:18370632
world_size:1 grad_accum_steps:8
sdp_backends:cudnn=False flash=True mem_efficient=False math=False
attention_mode:gqa num_heads:8 num_kv_heads:4
token_metric:weight=1.0 temp=0.07 expansion=2
lewm_latent:latent_dim=512 pred_weight=1.0 sigreg_weight=0.1 pred_expansion=2 pred_dropout=0.1 sigreg_projections=16 sigreg_stride=128
embed_lr:0.05 matrix_lr:0.04 scalar_lr:0.04
train_batch_tokens:524288 train_seq_len:1024 iterations:500 warmup_steps:20 max_wallclock_seconds:0.000
seed:1337
warmup_step:1/20
warmup_step:2/20
warmup_step:3/20
warmup_step:4/20
warmup_step:5/20
warmup_step:6/20
warmup_step:7/20
warmup_step:8/20
warmup_step:9/20
warmup_step:10/20
warmup_step:11/20
warmup_step:12/20
warmup_step:13/20
warmup_step:14/20
warmup_step:15/20
warmup_step:16/20
warmup_step:17/20
warmup_step:18/20
warmup_step:19/20
warmup_step:20/20
step:0/500 val_loss:6.9315 val_bpb:4.1052 train_time:0ms step_avg:0.01ms
step:1/500 train_loss:1.4531 train_time:661ms step_avg:660.51ms
step:2/500 train_loss:1.5687 train_time:1299ms step_avg:649.49ms
step:3/500 train_loss:1.3101 train_time:1931ms step_avg:643.75ms
step:4/500 train_loss:1.1542 train_time:2567ms step_avg:641.66ms
step:5/500 train_loss:1.0476 train_time:3204ms step_avg:640.74ms
step:6/500 train_loss:0.9712 train_time:3837ms step_avg:639.45ms
step:7/500 train_loss:0.9189 train_time:4475ms step_avg:639.23ms
step:8/500 train_loss:0.8879 train_time:5109ms step_avg:638.57ms
step:9/500 train_loss:0.8721 train_time:5741ms step_avg:637.84ms
step:10/500 train_loss:0.8673 train_time:6377ms step_avg:637.68ms
step:20/500 train_loss:0.6990 train_time:12730ms step_avg:636.51ms
step:30/500 train_loss:0.5819 train_time:19045ms step_avg:634.83ms
step:40/500 train_loss:0.4441 train_time:25345ms step_avg:633.63ms
step:50/500 train_loss:0.3377 train_time:31712ms step_avg:634.24ms
step:60/500 train_loss:0.3091 train_time:38171ms step_avg:636.18ms
step:70/500 train_loss:0.2969 train_time:44593ms step_avg:637.04ms
step:80/500 train_loss:0.2602 train_time:50982ms step_avg:637.28ms
step:90/500 train_loss:0.2223 train_time:57314ms step_avg:636.82ms
step:100/500 train_loss:0.2432 train_time:63653ms step_avg:636.53ms
step:100/500 val_loss:6.7408 val_bpb:3.9923 train_time:63653ms step_avg:636.53ms
step:110/500 train_loss:0.2560 train_time:70000ms step_avg:636.36ms
step:120/500 train_loss:0.1956 train_time:76312ms step_avg:635.94ms
step:130/500 train_loss:0.1856 train_time:82667ms step_avg:635.90ms
step:140/500 train_loss:0.1636 train_time:88981ms step_avg:635.58ms
step:150/500 train_loss:0.1552 train_time:95294ms step_avg:635.29ms
step:160/500 train_loss:0.1491 train_time:101590ms step_avg:634.94ms
step:170/500 train_loss:0.1423 train_time:107952ms step_avg:635.01ms
step:180/500 train_loss:0.1125 train_time:114259ms step_avg:634.77ms
step:190/500 train_loss:0.1065 train_time:120564ms step_avg:634.55ms
step:200/500 train_loss:0.1717 train_time:126967ms step_avg:634.83ms
step:200/500 val_loss:6.7535 val_bpb:3.9998 train_time:126967ms step_avg:634.83ms
step:210/500 train_loss:0.1084 train_time:133353ms step_avg:635.02ms
step:220/500 train_loss:0.1023 train_time:139801ms step_avg:635.46ms
step:230/500 train_loss:0.1037 train_time:146231ms step_avg:635.78ms
step:240/500 train_loss:0.0977 train_time:152676ms step_avg:636.15ms
step:250/500 train_loss:0.0836 train_time:159105ms step_avg:636.42ms
step:260/500 train_loss:0.1177 train_time:165513ms step_avg:636.59ms
step:270/500 train_loss:0.0708 train_time:172065ms step_avg:637.28ms
step:280/500 train_loss:0.0983 train_time:178746ms step_avg:638.38ms
step:290/500 train_loss:0.0978 train_time:185438ms step_avg:639.44ms
step:300/500 train_loss:0.0734 train_time:192005ms step_avg:640.02ms
step:300/500 val_loss:6.7707 val_bpb:4.0100 train_time:192005ms step_avg:640.02ms
step:310/500 train_loss:0.0640 train_time:198787ms step_avg:641.25ms
step:320/500 train_loss:0.0610 train_time:205563ms step_avg:642.38ms
step:330/500 train_loss:0.0564 train_time:212069ms step_avg:642.63ms
step:340/500 train_loss:0.0639 train_time:218520ms step_avg:642.70ms
step:350/500 train_loss:0.0577 train_time:225001ms step_avg:642.86ms
step:360/500 train_loss:0.0632 train_time:231481ms step_avg:643.00ms
step:370/500 train_loss:0.0584 train_time:237874ms step_avg:642.90ms
step:380/500 train_loss:0.0485 train_time:244345ms step_avg:643.01ms
step:390/500 train_loss:0.0627 train_time:250902ms step_avg:643.34ms
step:400/500 train_loss:0.0519 train_time:257416ms step_avg:643.54ms
step:400/500 val_loss:6.7838 val_bpb:4.0178 train_time:257416ms step_avg:643.54ms
step:410/500 train_loss:0.0473 train_time:264063ms step_avg:644.06ms
step:420/500 train_loss:0.0527 train_time:270602ms step_avg:644.29ms
step:430/500 train_loss:0.0438 train_time:277309ms step_avg:644.90ms
step:440/500 train_loss:0.0498 train_time:284000ms step_avg:645.45ms
step:450/500 train_loss:0.0445 train_time:290533ms step_avg:645.63ms
step:460/500 train_loss:0.0414 train_time:297230ms step_avg:646.15ms
step:470/500 train_loss:0.0305 train_time:303722ms step_avg:646.22ms
step:480/500 train_loss:0.0236 train_time:310200ms step_avg:646.25ms
step:490/500 train_loss:0.0233 train_time:316619ms step_avg:646.16ms
step:500/500 train_loss:0.0215 train_time:323028ms step_avg:646.06ms
step:500/500 val_loss:6.7688 val_bpb:4.0089 train_time:323029ms step_avg:646.06ms
peak memory allocated: 11373 MiB reserved: 11512 MiB
Serialized artifact model: 72464410 bytes
Code size: 24523 bytes
Total submission size: 72488933 bytes
Serialized artifact int8+zlib: 12409437 bytes (payload:18493728 raw_torch:18540685 payload_ratio:3.92x)
Total submission size int8+zlib: 12433960 bytes
final_int8_zlib_roundtrip val_loss:6.7707 val_bpb:4.0100 eval_time:21371ms
final_int8_zlib_roundtrip_exact val_loss:6.77069639 val_bpb:4.00998778
