"""
Muon-baseline ablation with a raw tied-token geometric objective.

Decoder:
- hidden states decode directly against the tied token embedding table
- no learned warp or separate output manifold
- eval uses the same dense metric decoder for BPB

Training objective:
- attract predicted hidden states to the correct raw token embedding
- regularize the predicted hidden geometry with an Epps-Pulley style SIGReg
- no CE by default
"""

from __future__ import annotations

import copy
import io
import math
import os
import random
import subprocess
import sys
import time
import zlib
from pathlib import Path

import numpy as np
import sentencepiece as spm
import torch
import torch.distributed as dist
import torch.nn.functional as F
from torch import Tensor, nn
from torch.nn.parallel import DistributedDataParallel as DDP

sys.path.insert(0, str(Path(__file__).resolve().parent))
import train_normuon as base  # noqa: E402


class Hyperparameters(base.Hyperparameters):
    metric_gamma = float(os.environ.get("TFSD_METRIC_GAMMA", "0.0"))
    manifold_attract_weight = float(os.environ.get("MANIFOLD_ATTRACT_WEIGHT", "1.0"))
    manifold_sigreg_weight = float(os.environ.get("MANIFOLD_SIGREG_WEIGHT", "0.1"))
    manifold_sigreg_projections = int(os.environ.get("MANIFOLD_SIGREG_PROJECTIONS", "128"))
    manifold_sigreg_num_points = int(os.environ.get("MANIFOLD_SIGREG_NUM_POINTS", "17"))
    manifold_sigreg_t_max = float(os.environ.get("MANIFOLD_SIGREG_T_MAX", "4.0"))
    projector_dim = int(os.environ.get("PROJECTOR_DIM", "512"))


class RawEPSIGRegMetricGPT(base.GPT):
    def __init__(self, args: Hyperparameters):
        super().__init__(
            vocab_size=args.vocab_size,
            num_layers=args.num_layers,
            model_dim=args.model_dim,
            num_heads=args.num_heads,
            num_kv_heads=args.num_kv_heads,
            mlp_mult=args.mlp_mult,
            tie_embeddings=args.tie_embeddings,
            tied_embed_init_std=args.tied_embed_init_std,
            logit_softcap=args.logit_softcap,
            rope_base=args.rope_base,
            qk_gain_init=args.qk_gain_init,
        )
        self.metric_input_scale = 1.0 / math.sqrt(args.model_dim)
        self.metric_gamma = args.metric_gamma if args.metric_gamma > 0.0 else math.sqrt(args.model_dim / 8.0)
        self.manifold_attract_weight = args.manifold_attract_weight
        self.manifold_sigreg_weight = args.manifold_sigreg_weight
        self.projector = base.CastedLinear(args.model_dim, args.projector_dim, bias=False)
        nn.init.normal_(self.projector.weight, std=0.02)
        if args.projector_dim == args.model_dim:
            self.projector_target = nn.Identity()
        else:
            self.projector_target = base.CastedLinear(args.model_dim, args.projector_dim, bias=False)
            nn.init.normal_(self.projector_target.weight, std=0.02)
        dirs = torch.randn(args.manifold_sigreg_projections, args.projector_dim, dtype=torch.float32)
        dirs = F.normalize(dirs, dim=-1)
        self.register_buffer("sigreg_dirs", dirs, persistent=False)
        t = torch.linspace(0.0, args.manifold_sigreg_t_max, args.manifold_sigreg_num_points, dtype=torch.float32)
        self.register_buffer("sigreg_t", t, persistent=False)

    def encode_hidden(self, input_ids: Tensor) -> Tensor:
        x = self.tok_emb(input_ids)
        x = F.rms_norm(x, (x.size(-1),))
        x0 = x
        skips: list[Tensor] = []
        for i in range(self.num_encoder_layers):
            x = self.blocks[i](x, x0)
            skips.append(x)
        for i in range(self.num_decoder_layers):
            if skips:
                x = x + self.skip_weights[i].to(dtype=x.dtype)[None, None, :] * skips.pop()
            x = self.blocks[self.num_encoder_layers + i](x, x0)
        return self.final_norm(x)

    def token_centers(self) -> Tensor:
        if self.tie_embeddings:
            return self.tok_emb.weight
        if self.lm_head is None:
            raise RuntimeError("lm_head is required when tie_embeddings=False")
        return self.lm_head.weight

    def projected_geometry(self, hidden: Tensor) -> tuple[Tensor, Tensor]:
        flat_hidden = hidden.reshape(-1, hidden.size(-1))
        pred = self.projector(flat_hidden).float()
        centers = self.projector_target(self.token_centers()).float()
        pred = F.rms_norm(pred, (pred.size(-1),))
        centers = F.rms_norm(centers, (centers.size(-1),))
        return F.normalize(pred, dim=-1), F.normalize(centers, dim=-1)

    def metric_logits(self, hidden: Tensor) -> Tensor:
        flat_hidden, centers = self.projected_geometry(hidden)
        hidden_sq = flat_hidden.square().sum(dim=-1, keepdim=True)
        center_sq = centers.square().sum(dim=-1).unsqueeze(0)
        dist_sq = (hidden_sq + center_sq) - 2.0 * (flat_hidden @ centers.T)
        return -self.metric_gamma * dist_sq

    def metric_ce_loss(self, hidden: Tensor, target_ids: Tensor) -> Tensor:
        logits = self.metric_logits(hidden)
        return F.cross_entropy(logits, target_ids.reshape(-1), reduction="mean")

    def sigreg_loss(self, points: Tensor) -> Tensor:
        flat = points.reshape(-1, points.size(-1)).float()
        dirs = self.sigreg_dirs.to(device=flat.device, dtype=flat.dtype)
        t = self.sigreg_t.to(device=flat.device, dtype=flat.dtype)
        proj = flat @ dirs.T  # [N, M]
        angles = proj.unsqueeze(-1) * t.view(1, 1, -1)  # [N, M, T]
        real = torch.cos(angles).mean(dim=0)
        imag = torch.sin(angles).mean(dim=0)
        gaussian_cf = torch.exp(-0.5 * t.square()).view(1, -1)
        err = (real - gaussian_cf).square() + imag.square()
        weighted_err = err * gaussian_cf
        return torch.trapz(weighted_err, t, dim=-1).mean()

    def manifold_attract_loss(self, hidden: Tensor, target_ids: Tensor) -> Tensor:
        flat_hidden, centers = self.projected_geometry(hidden)
        target = target_ids.reshape(-1)
        target_centers = centers.index_select(0, target)
        delta = flat_hidden - target_centers
        return delta.pow(2).sum(dim=-1).mean()

    @torch.no_grad()
    def manifold_diagnostics(self, input_ids: Tensor, target_ids: Tensor) -> dict[str, float]:
        trunk_hidden = self.encode_hidden(input_ids).reshape(-1, self.token_centers().size(-1))
        raw_hidden = self.projector(trunk_hidden).float()
        raw_centers = self.projector_target(self.token_centers()).float()
        norm_hidden = F.rms_norm(raw_hidden, (raw_hidden.size(-1),))
        norm_centers = F.rms_norm(raw_centers, (raw_centers.size(-1),))
        hidden = F.normalize(norm_hidden, dim=-1)
        centers = F.normalize(norm_centers, dim=-1)
        target = target_ids.reshape(-1)
        target_centers = centers.index_select(0, target)
        delta = hidden - target_centers
        gold_sq_dist = delta.pow(2).sum(dim=-1)
        gold_cos = (hidden * target_centers).sum(dim=-1)
        pred_norm = raw_hidden.norm(dim=-1)
        center_norm = raw_centers.norm(dim=-1)
        norm_pred_norm = norm_hidden.norm(dim=-1)
        norm_center_norm = norm_centers.norm(dim=-1)
        pred_dim_std_mean = hidden.std(dim=0, correction=0).mean()
        center_dim_std_mean = centers.std(dim=0, correction=0).mean()
        return {
            "gold_sq_dist_mean": float(gold_sq_dist.mean().item()),
            "gold_sq_dist_std": float(gold_sq_dist.std(correction=0).item()),
            "gold_dist_mean": float(gold_sq_dist.sqrt().mean().item()),
            "gold_dist_std": float(gold_sq_dist.sqrt().std(correction=0).item()),
            "gold_cos_mean": float(gold_cos.mean().item()),
            "gold_cos_std": float(gold_cos.std(correction=0).item()),
            "raw_pred_norm_mean": float(pred_norm.mean().item()),
            "raw_pred_norm_std": float(pred_norm.std(correction=0).item()),
            "raw_center_norm_mean": float(center_norm.mean().item()),
            "raw_center_norm_std": float(center_norm.std(correction=0).item()),
            "norm_pred_norm_mean": float(norm_pred_norm.mean().item()),
            "norm_pred_norm_std": float(norm_pred_norm.std(correction=0).item()),
            "norm_center_norm_mean": float(norm_center_norm.mean().item()),
            "norm_center_norm_std": float(norm_center_norm.std(correction=0).item()),
            "pred_dim_std_mean": float(pred_dim_std_mean.item()),
            "center_dim_std_mean": float(center_dim_std_mean.item()),
        }

    def forward(self, input_ids: Tensor, target_ids: Tensor) -> Tensor:
        hidden = self.encode_hidden(input_ids)
        if not self.training:
            return self.metric_ce_loss(hidden, target_ids)
        pred_space, _ = self.projected_geometry(hidden)
        loss = self.manifold_attract_weight * self.manifold_attract_loss(hidden, target_ids)
        if self.manifold_sigreg_weight > 0.0:
            loss = loss + self.manifold_sigreg_weight * self.sigreg_loss(pred_space)
        return loss


def main() -> None:
    code = Path(__file__).read_text(encoding="utf-8")
    args = Hyperparameters()
    base.zeropower_via_newtonschulz5 = torch.compile(base.zeropower_via_newtonschulz5)

    distributed = "RANK" in os.environ and "WORLD_SIZE" in os.environ
    rank = int(os.environ.get("RANK", "0"))
    world_size = int(os.environ.get("WORLD_SIZE", "1"))
    local_rank = int(os.environ.get("LOCAL_RANK", "0"))
    if world_size <= 0:
        raise ValueError(f"WORLD_SIZE must be positive, got {world_size}")
    if 8 % world_size != 0:
        raise ValueError(f"WORLD_SIZE={world_size} must divide 8 so grad_accum_steps stays integral")
    grad_accum_steps = 8 // world_size
    grad_scale = 1.0 / grad_accum_steps
    if not torch.cuda.is_available():
        raise RuntimeError("CUDA is required")
    device = torch.device("cuda", local_rank)
    torch.cuda.set_device(device)
    if distributed:
        dist.init_process_group(backend="nccl", device_id=device)
        dist.barrier()
    master_process = rank == 0

    torch.backends.cuda.matmul.allow_tf32 = True
    torch.backends.cudnn.allow_tf32 = True
    from torch.backends.cuda import enable_cudnn_sdp, enable_flash_sdp, enable_math_sdp, enable_mem_efficient_sdp

    enable_cudnn_sdp(False)
    enable_flash_sdp(True)
    enable_mem_efficient_sdp(False)
    enable_math_sdp(False)

    logfile = None
    if master_process:
        os.makedirs("logs", exist_ok=True)
        logfile = f"logs/{args.run_id}.txt"
        print(logfile)

    def log0(msg: str, console: bool = True) -> None:
        if not master_process:
            return
        if console:
            print(msg)
        if logfile is not None:
            with open(logfile, "a", encoding="utf-8") as f:
                print(msg, file=f)

    log0(code, console=False)
    log0("=" * 100, console=False)
    log0(f"Running Python {sys.version}", console=False)
    log0(f"Running PyTorch {torch.__version__}", console=False)
    log0(
        subprocess.run(["nvidia-smi"], stdout=subprocess.PIPE, stderr=subprocess.PIPE, text=True, check=False).stdout,
        console=False,
    )
    log0("=" * 100, console=False)

    random.seed(args.seed)
    np.random.seed(args.seed)
    torch.manual_seed(args.seed)
    torch.cuda.manual_seed_all(args.seed)

    if not args.tokenizer_path.endswith(".model"):
        raise ValueError(f"Script only setup for SentencePiece .model file: {args.tokenizer_path}")
    sp = spm.SentencePieceProcessor(model_file=args.tokenizer_path)
    if int(sp.vocab_size()) != args.vocab_size:
        raise ValueError(
            f"VOCAB_SIZE={args.vocab_size} does not match tokenizer vocab_size={int(sp.vocab_size())}"
        )
    dataset_dir = Path(args.data_path).resolve()
    actual_train_files = len(list(dataset_dir.glob("fineweb_train_*.bin")))
    val_tokens = base.load_validation_tokens(args.val_files, args.train_seq_len)
    base_bytes_lut, has_leading_space_lut, is_boundary_token_lut = base.build_sentencepiece_luts(
        sp, args.vocab_size, device
    )
    log0(f"val_bpb:enabled tokenizer_kind=sentencepiece tokenizer_path={args.tokenizer_path}")
    log0(f"train_loader:dataset:{dataset_dir.name} train_shards:{actual_train_files}")
    log0(f"val_loader:shards pattern={args.val_files} tokens:{val_tokens.numel() - 1}")

    base_model = RawEPSIGRegMetricGPT(args).to(device).bfloat16()
    for module in base_model.modules():
        if isinstance(module, base.CastedLinear):
            module.float()
    base.restore_low_dim_params_to_fp32(base_model)
    compiled_model = torch.compile(base_model, dynamic=False, fullgraph=True)
    model: nn.Module = DDP(compiled_model, device_ids=[local_rank], broadcast_buffers=False) if distributed else compiled_model

    named_params = list(base_model.named_parameters())
    matrix_params = [
        p
        for name, p in named_params
        if name not in {"tok_emb.weight", "lm_head.weight"}
        and p.ndim == 2
        and not any(pattern in name for pattern in base.CONTROL_TENSOR_NAME_PATTERNS)
    ]
    scalar_params = [
        p
        for name, p in named_params
        if name not in {"tok_emb.weight", "lm_head.weight"}
        and (p.ndim < 2 or any(pattern in name for pattern in base.CONTROL_TENSOR_NAME_PATTERNS))
    ]

    token_lr = args.tied_embed_lr if args.tie_embeddings else args.embed_lr
    optimizer_tok = torch.optim.Adam(
        [{"params": [base_model.tok_emb.weight], "lr": token_lr, "base_lr": token_lr}],
        betas=(args.beta1, args.beta2),
        eps=args.adam_eps,
        fused=True,
    )
    optimizer_muon = base.Muon(
        matrix_params,
        lr=args.matrix_lr,
        momentum=args.muon_momentum,
        backend_steps=args.muon_backend_steps,
        beta2=args.normuon_beta2,
    )
    for group in optimizer_muon.param_groups:
        group["base_lr"] = args.matrix_lr
    optimizer_scalar = torch.optim.Adam(
        [{"params": scalar_params, "lr": args.scalar_lr, "base_lr": args.scalar_lr}],
        betas=(args.beta1, args.beta2),
        eps=args.adam_eps,
        fused=True,
    )
    optimizers: list[torch.optim.Optimizer] = [optimizer_tok, optimizer_muon, optimizer_scalar]
    if base_model.lm_head is not None:
        optimizer_head = torch.optim.Adam(
            [{"params": [base_model.lm_head.weight], "lr": args.head_lr, "base_lr": args.head_lr}],
            betas=(args.beta1, args.beta2),
            eps=args.adam_eps,
            fused=True,
        )
        optimizers.insert(1, optimizer_head)

    n_params = sum(p.numel() for p in base_model.parameters())
    log0(f"model_params:{n_params}")
    log0(f"world_size:{world_size} grad_accum_steps:{grad_accum_steps}")
    log0("sdp_backends:cudnn=False flash=True mem_efficient=False math=False")
    log0(f"attention_mode:gqa num_heads:{args.num_heads} num_kv_heads:{args.num_kv_heads}")
    log0(
        f"metric_head_projected_ep_sigreg:metric_gamma={base_model.metric_gamma:.4f} "
        f"attract_weight={base_model.manifold_attract_weight} "
        f"sigreg_weight={args.manifold_sigreg_weight} "
        f"sigreg_projections={args.manifold_sigreg_projections} "
        f"sigreg_num_points={args.manifold_sigreg_num_points} sigreg_t_max={args.manifold_sigreg_t_max} "
        f"projector_dim={args.projector_dim}"
    )
    log0(
        f"tie_embeddings:{args.tie_embeddings} embed_lr:{token_lr} "
        f"head_lr:{args.head_lr if base_model.lm_head is not None else 0.0} "
        f"matrix_lr:{args.matrix_lr} scalar_lr:{args.scalar_lr}"
    )
    log0(
        f"train_batch_tokens:{args.train_batch_tokens} train_seq_len:{args.train_seq_len} "
        f"iterations:{args.iterations} warmup_steps:{args.warmup_steps} "
        f"max_wallclock_seconds:{args.max_wallclock_seconds:.3f}"
    )
    log0(f"seed:{args.seed}")

    train_loader = base.DistributedTokenLoader(args.train_files, rank, world_size, device)

    def zero_grad_all() -> None:
        for opt in optimizers:
            opt.zero_grad(set_to_none=True)

    def global_grad_norm() -> float:
        total = torch.zeros((), device=device, dtype=torch.float32)
        for param in base_model.parameters():
            if param.grad is None:
                continue
            total += param.grad.detach().float().square().sum()
        return float(torch.sqrt(total).item())

    max_wallclock_ms = 1000.0 * args.max_wallclock_seconds if args.max_wallclock_seconds > 0 else None

    def lr_mul(step: int, elapsed_ms: float) -> float:
        if args.warmdown_iters <= 0:
            return 1.0
        if max_wallclock_ms is None:
            warmdown_start = max(args.iterations - args.warmdown_iters, 0)
            if warmdown_start <= step < args.iterations:
                return max((args.iterations - step) / max(args.warmdown_iters, 1), 0.0)
            return 1.0
        step_ms = elapsed_ms / max(step, 1)
        warmdown_ms = args.warmdown_iters * step_ms
        remaining_ms = max(max_wallclock_ms - elapsed_ms, 0.0)
        return remaining_ms / max(warmdown_ms, 1e-9) if remaining_ms <= warmdown_ms else 1.0

    if args.warmup_steps > 0:
        initial_model_state = {name: tensor.detach().cpu().clone() for name, tensor in base_model.state_dict().items()}
        initial_optimizer_states = [copy.deepcopy(opt.state_dict()) for opt in optimizers]
        model.train()
        for warmup_step in range(args.warmup_steps):
            zero_grad_all()
            for micro_step in range(grad_accum_steps):
                if distributed:
                    model.require_backward_grad_sync = micro_step == grad_accum_steps - 1
                x, y = train_loader.next_batch(args.train_batch_tokens, args.train_seq_len, grad_accum_steps)
                with torch.autocast(device_type="cuda", dtype=torch.bfloat16, enabled=True):
                    warmup_loss = model(x, y)
                (warmup_loss * grad_scale).backward()
            for opt in optimizers:
                opt.step()
            zero_grad_all()
            if args.warmup_steps <= 20 or (warmup_step + 1) % 10 == 0 or warmup_step + 1 == args.warmup_steps:
                log0(f"warmup_step:{warmup_step + 1}/{args.warmup_steps}")
        base_model.load_state_dict(initial_model_state, strict=True)
        for opt, state in zip(optimizers, initial_optimizer_states, strict=True):
            opt.load_state_dict(state)
        zero_grad_all()
        if distributed:
            model.require_backward_grad_sync = True
        train_loader = base.DistributedTokenLoader(args.train_files, rank, world_size, device)

    training_time_ms = 0.0
    stop_after_step: int | None = None
    torch.cuda.synchronize()
    t0 = time.perf_counter()

    step = 0
    diag_x: Tensor | None = None
    diag_y: Tensor | None = None
    while True:
        last_step = step == args.iterations or (stop_after_step is not None and step >= stop_after_step)

        should_validate = last_step or (args.val_loss_every > 0 and step % args.val_loss_every == 0)
        if should_validate:
            torch.cuda.synchronize()
            training_time_ms += 1000.0 * (time.perf_counter() - t0)
            val_loss, val_bpb = base.eval_val(
                args,
                model,
                rank,
                world_size,
                device,
                grad_accum_steps,
                val_tokens,
                base_bytes_lut,
                has_leading_space_lut,
                is_boundary_token_lut,
            )
            log0(
                f"step:{step}/{args.iterations} val_loss:{val_loss:.4f} val_bpb:{val_bpb:.4f} "
                f"train_time:{training_time_ms:.0f}ms step_avg:{training_time_ms / max(step, 1):.2f}ms"
            )
            torch.cuda.synchronize()
            t0 = time.perf_counter()

        if last_step:
            if stop_after_step is not None and step < args.iterations:
                log0(
                    f"stopping_early: wallclock_cap train_time:{training_time_ms:.0f}ms "
                    f"step:{step}/{args.iterations}"
                )
            break

        elapsed_ms = training_time_ms + 1000.0 * (time.perf_counter() - t0)
        scale = lr_mul(step, elapsed_ms)
        zero_grad_all()
        train_loss = torch.zeros((), device=device)
        for micro_step in range(grad_accum_steps):
            if distributed:
                model.require_backward_grad_sync = micro_step == grad_accum_steps - 1
            x, y = train_loader.next_batch(args.train_batch_tokens, args.train_seq_len, grad_accum_steps)
            diag_x, diag_y = x, y
            with torch.autocast(device_type="cuda", dtype=torch.bfloat16, enabled=True):
                loss = model(x, y)
            train_loss += loss.detach()
            (loss * grad_scale).backward()
        train_loss /= grad_accum_steps

        frac = min(step / args.muon_momentum_warmup_steps, 1.0) if args.muon_momentum_warmup_steps > 0 else 1.0
        muon_momentum = (1 - frac) * args.muon_momentum_warmup_start + frac * args.muon_momentum
        for group in optimizer_muon.param_groups:
            group["momentum"] = muon_momentum

        for opt in optimizers:
            for group in opt.param_groups:
                group["lr"] = group["base_lr"] * scale

        grad_norm = global_grad_norm()
        if args.grad_clip_norm > 0:
            torch.nn.utils.clip_grad_norm_(base_model.parameters(), args.grad_clip_norm)
        for opt in optimizers:
            opt.step()
        zero_grad_all()

        step += 1
        torch.cuda.synchronize()
        training_time_ms += 1000.0 * (time.perf_counter() - t0)
        t0 = time.perf_counter()
        if step % 10 == 0 or last_step:
            log0(
                f"step:{step}/{args.iterations} train_loss:{train_loss.item():.4f} "
                f"grad_norm:{grad_norm:.4f} train_time:{training_time_ms:.0f}ms "
                f"step_avg:{training_time_ms / step:.2f}ms"
            )
        if (step % args.val_loss_every == 0 or last_step) and diag_x is not None and diag_y is not None:
            diag = base_model.manifold_diagnostics(diag_x, diag_y)
            log0(
                "manifold_diag:"
                f"step:{step}/{args.iterations} "
                f"gold_sq_dist_mean:{diag['gold_sq_dist_mean']:.4f} gold_sq_dist_std:{diag['gold_sq_dist_std']:.4f} "
                f"gold_dist_mean:{diag['gold_dist_mean']:.4f} gold_dist_std:{diag['gold_dist_std']:.4f} "
                f"gold_cos_mean:{diag['gold_cos_mean']:.4f} gold_cos_std:{diag['gold_cos_std']:.4f} "
                f"raw_pred_norm_mean:{diag['raw_pred_norm_mean']:.4f} raw_pred_norm_std:{diag['raw_pred_norm_std']:.4f} "
                f"raw_center_norm_mean:{diag['raw_center_norm_mean']:.4f} raw_center_norm_std:{diag['raw_center_norm_std']:.4f} "
                f"norm_pred_norm_mean:{diag['norm_pred_norm_mean']:.4f} norm_pred_norm_std:{diag['norm_pred_norm_std']:.4f} "
                f"norm_center_norm_mean:{diag['norm_center_norm_mean']:.4f} norm_center_norm_std:{diag['norm_center_norm_std']:.4f} "
                f"pred_dim_std_mean:{diag['pred_dim_std_mean']:.4f} center_dim_std_mean:{diag['center_dim_std_mean']:.4f}"
            )
        if max_wallclock_ms is not None and training_time_ms >= max_wallclock_ms and stop_after_step is None:
            stop_after_step = step

    if distributed:
        dist.barrier()

    if master_process:
        base_model.eval()
        state = base_model.state_dict()
        header = base.make_model_header(args)
        buf = io.BytesIO()
        torch.save(state, buf)
        raw_bytes = buf.getvalue()
        raw_size = len(raw_bytes)
        int8_bytes = base.quantize_state_dict_to_int8_bytes(state, header)
        int8_size = len(int8_bytes)
        log0(f"artifact_sizes:raw_bytes:{raw_size} int8_bytes:{int8_size}")

        raw_output = Path("ablation_results") / f"{args.run_id}.pt"
        int8_output = Path("ablation_results") / f"{args.run_id}_int8.bin"
        raw_output.parent.mkdir(parents=True, exist_ok=True)
        raw_output.write_bytes(raw_bytes)
        int8_output.write_bytes(int8_bytes)
        log0(f"saved_raw:{raw_output}")
        log0(f"saved_int8:{int8_output}")

        reloaded = copy.deepcopy(base_model).float().to(device)
        loaded_state = torch.load(io.BytesIO(raw_bytes), map_location=device, weights_only=True)
        reloaded.load_state_dict(loaded_state)
        reloaded.eval()
        reloaded_bpb = base.sentencepiece_bpb_from_model(
            reloaded,
            val_loader=val_loader,
            max_steps=args.val_bpb_max_steps,
            device=device,
            base_bytes_lut=base_bytes_lut,
            has_leading_space_lut=has_leading_space_lut,
            is_boundary_token_lut=is_boundary_token_lut,
        )
        log0(f"reloaded_raw_val_bpb:{reloaded_bpb:.4f}")

        reloaded_int8 = base.load_quantized_model_from_int8_bytes(
            base_model.__class__,
            int8_bytes,
            device=device,
            model_kwargs=dict(
                vocab_size=args.vocab_size,
                num_layers=args.num_layers,
                model_dim=args.model_dim,
                num_heads=args.num_heads,
                num_kv_heads=args.num_kv_heads,
                mlp_mult=args.mlp_mult,
                tie_embeddings=args.tie_embeddings,
                tied_embed_init_std=args.tied_embed_init_std,
                logit_softcap=args.logit_softcap,
                rope_base=args.rope_base,
                qk_gain_init=args.qk_gain_init,
            ),
        )
        reloaded_int8.eval()
        int8_bpb = base.sentencepiece_bpb_from_model(
            reloaded_int8,
            val_loader=val_loader,
            max_steps=args.val_bpb_max_steps,
            device=device,
            base_bytes_lut=base_bytes_lut,
            has_leading_space_lut=has_leading_space_lut,
            is_boundary_token_lut=is_boundary_token_lut,
        )
        log0(f"reloaded_int8_val_bpb:{int8_bpb:.4f}")

    if distributed:
        dist.destroy_process_group()


if __name__ == "__main__":
    main()

====================================================================================================
Running Python 3.14.4 (main, Apr 11 2026, 09:29:24) [GCC 15.2.1 20260209]
Running PyTorch 2.11.0
Thu Apr 16 01:02:26 2026       
+-----------------------------------------------------------------------------------------+
| NVIDIA-SMI 595.58.03              Driver Version: 595.58.03      CUDA Version: 13.2     |
+-----------------------------------------+------------------------+----------------------+
| GPU  Name                 Persistence-M | Bus-Id          Disp.A | Volatile Uncorr. ECC |
| Fan  Temp   Perf          Pwr:Usage/Cap |           Memory-Usage | GPU-Util  Compute M. |
|                                         |                        |               MIG M. |
|=========================================+========================+======================|
|   0  NVIDIA GeForce RTX 5090        Off |   00000000:01:00.0  On |                  N/A |
|  0%   36C    P8             35W /  575W |   10855MiB /  32607MiB |      2%      Default |
|                                         |                        |                  N/A |
+-----------------------------------------+------------------------+----------------------+

+-----------------------------------------------------------------------------------------+
| Processes:                                                                              |
|  GPU   GI   CI              PID   Type   Process name                        GPU Memory |
|        ID   ID                                                               Usage      |
|=========================================================================================|
|    0   N/A  N/A            4186      G   /usr/bin/niri                          2231MiB |
|    0   N/A  N/A            4469      G   Xwayland                                  9MiB |
|    0   N/A  N/A            5806      G   /app/zen/zen                            529MiB |
|    0   N/A  N/A            6656      G   /usr/lib/vesktop/vesktop                160MiB |
|    0   N/A  N/A            8849      G   kitty                                   116MiB |
|    0   N/A  N/A           36162      G   kitty                                    34MiB |
|    0   N/A  N/A           36567      G   kitty                                    44MiB |
|    0   N/A  N/A           56268      G   kitty                                    34MiB |
|    0   N/A  N/A           76841      G   kitty                                    34MiB |
|    0   N/A  N/A          180126      G   kitty                                    34MiB |
|    0   N/A  N/A          207887      G   kitty                                    34MiB |
|    0   N/A  N/A          342624      G   kitty                                    34MiB |
|    0   N/A  N/A          449627      G   kitty                                    22MiB |
|    0   N/A  N/A          483937      G   kitty                                    28MiB |
|    0   N/A  N/A          496351      G   kitty                                    44MiB |
|    0   N/A  N/A          643185      G   kitty                                    34MiB |
|    0   N/A  N/A          656412      G   kitty                                   120MiB |
|    0   N/A  N/A          672689      G   kitty                                    34MiB |
|    0   N/A  N/A         1004904      G   kitty                                    56MiB |
|    0   N/A  N/A         1009393      G   kitty                                    34MiB |
|    0   N/A  N/A         1093605      G   kitty                                    34MiB |
|    0   N/A  N/A         1109281      G   kitty                                    56MiB |
|    0   N/A  N/A         1173677      G   kitty                                    34MiB |
|    0   N/A  N/A         1274054    C+G   missioncenter                            91MiB |
|    0   N/A  N/A         1401566      G   kitty                                    56MiB |
|    0   N/A  N/A         1420494      G   kitty                                    46MiB |
|    0   N/A  N/A         1573467    C+G   ...al/zed.app/libexec/zed-editor       3682MiB |
|    0   N/A  N/A         1617864      G   kitty                                    34MiB |
|    0   N/A  N/A         1650453      G   kitty                                    22MiB |
|    0   N/A  N/A         1804920      G   kitty                                    34MiB |
|    0   N/A  N/A         1807510      G   kitty                                    34MiB |
|    0   N/A  N/A         1813493      G   kitty                                    34MiB |
|    0   N/A  N/A         1896724      G   kitty                                    34MiB |
|    0   N/A  N/A         1909703      C   /usr/bin/python3                        498MiB |
|    0   N/A  N/A         1918192      G   kitty                                    34MiB |
|    0   N/A  N/A         1925909      G   kitty                                    34MiB |
|    0   N/A  N/A         1955100      G   kitty                                    34MiB |
|    0   N/A  N/A         2073692      G   kitty                                    34MiB |
|    0   N/A  N/A         2075018      G   kitty                                    34MiB |
|    0   N/A  N/A         3133014      G   kitty                                    34MiB |
|    0   N/A  N/A         3134258      G   kitty                                    22MiB |
|    0   N/A  N/A         3139856      G   kitty                                    34MiB |
|    0   N/A  N/A         3159468      G   kitty                                    22MiB |
|    0   N/A  N/A         3536380      G   kitty                                    34MiB |
|    0   N/A  N/A         3612828      G   kitty                                    28MiB |
|    0   N/A  N/A         3694379      G   kitty                                    34MiB |
|    0   N/A  N/A         3716995      G   kitty                                    34MiB |
|    0   N/A  N/A         3717149      G   kitty                                    34MiB |
|    0   N/A  N/A         3924067      G   kitty                                    34MiB |
|    0   N/A  N/A         4049387      G   kitty                                    34MiB |
|    0   N/A  N/A         4051003      G   kitty                                    34MiB |
|    0   N/A  N/A         4124728      G   kitty                                    56MiB |
|    0   N/A  N/A         4166104      G   kitty                                    34MiB |
+-----------------------------------------------------------------------------------------+

====================================================================================================
val_bpb:enabled tokenizer_kind=sentencepiece tokenizer_path=./data/tokenizers/fineweb_1024_bpe.model
train_loader:dataset:fineweb10B_sp1024 train_shards:80
val_loader:shards pattern=./data/datasets/fineweb10B_sp1024/fineweb_val_*.bin tokens:62021632
model_params:17322056
world_size:1 grad_accum_steps:8
sdp_backends:cudnn=False flash=True mem_efficient=False math=False
attention_mode:gqa num_heads:8 num_kv_heads:4
metric_head_projected_ep_sigreg:metric_gamma=4.0000 attract_weight=1.0 sigreg_weight=1.0 sigreg_projections=128 sigreg_num_points=17 sigreg_t_max=4.0 projector_dim=512
tie_embeddings:True embed_lr:0.05 head_lr:0.0 matrix_lr:0.04 scalar_lr:0.04
train_batch_tokens:524288 train_seq_len:1024 iterations:100 warmup_steps:20 max_wallclock_seconds:0.000
seed:1337
warmup_step:1/20
warmup_step:2/20
warmup_step:3/20
warmup_step:4/20
warmup_step:5/20
warmup_step:6/20
warmup_step:7/20
warmup_step:8/20
warmup_step:9/20
warmup_step:10/20
warmup_step:11/20
warmup_step:12/20
warmup_step:13/20
warmup_step:14/20
warmup_step:15/20
warmup_step:16/20
warmup_step:17/20
warmup_step:18/20
warmup_step:19/20
warmup_step:20/20
step:0/100 val_loss:6.9927 val_bpb:4.1415 train_time:0ms step_avg:0.01ms
step:10/100 train_loss:0.7448 grad_norm:0.5414 train_time:6698ms step_avg:669.80ms
step:20/100 train_loss:0.4240 grad_norm:0.2542 train_time:13050ms step_avg:652.48ms
manifold_diag:step:20/100 gold_sq_dist_mean:0.2023 gold_sq_dist_std:0.1540 gold_dist_mean:0.4230 gold_dist_std:0.1527 gold_cos_mean:0.8989 gold_cos_std:0.0770 raw_pred_norm_mean:19.3536 raw_pred_norm_std:0.3116 raw_center_norm_mean:6.2209 raw_center_norm_std:2.5331 norm_pred_norm_mean:22.6274 norm_pred_norm_std:0.0000 norm_center_norm_mean:22.6199 norm_center_norm_std:0.0188 pred_dim_std_mean:0.0112 center_dim_std_mean:0.0322
step:20/100 val_loss:6.1247 val_bpb:3.6274 train_time:13117ms step_avg:655.83ms
step:30/100 train_loss:0.3132 grad_norm:0.1653 train_time:19554ms step_avg:651.82ms
step:40/100 train_loss:0.2629 grad_norm:0.1577 train_time:26053ms step_avg:651.33ms
manifold_diag:step:40/100 gold_sq_dist_mean:0.0530 gold_sq_dist_std:0.0659 gold_dist_mean:0.2023 gold_dist_std:0.1098 gold_cos_mean:0.9735 gold_cos_std:0.0329 raw_pred_norm_mean:24.9885 raw_pred_norm_std:0.3307 raw_center_norm_mean:7.8706 raw_center_norm_std:3.1722 norm_pred_norm_mean:22.6274 norm_pred_norm_std:0.0000 norm_center_norm_mean:22.6200 norm_center_norm_std:0.0186 pred_dim_std_mean:0.0051 center_dim_std_mean:0.0265
step:40/100 val_loss:6.4443 val_bpb:3.8167 train_time:26092ms step_avg:652.31ms
step:50/100 train_loss:0.2353 grad_norm:0.0883 train_time:32543ms step_avg:650.87ms
step:60/100 train_loss:0.2210 grad_norm:0.0623 train_time:38998ms step_avg:649.97ms
manifold_diag:step:60/100 gold_sq_dist_mean:0.0151 gold_sq_dist_std:0.0277 gold_dist_mean:0.1007 gold_dist_std:0.0702 gold_cos_mean:0.9925 gold_cos_std:0.0138 raw_pred_norm_mean:29.2808 raw_pred_norm_std:0.4711 raw_center_norm_mean:8.3114 raw_center_norm_std:3.3367 norm_pred_norm_mean:22.6274 norm_pred_norm_std:0.0000 norm_center_norm_mean:22.6200 norm_center_norm_std:0.0186 pred_dim_std_mean:0.0035 center_dim_std_mean:0.0239
step:60/100 val_loss:6.6108 val_bpb:3.9153 train_time:39039ms step_avg:650.65ms
step:70/100 train_loss:0.2141 grad_norm:0.0545 train_time:45635ms step_avg:651.93ms
step:80/100 train_loss:0.2095 grad_norm:0.0467 train_time:52525ms step_avg:656.56ms
manifold_diag:step:80/100 gold_sq_dist_mean:0.0042 gold_sq_dist_std:0.0106 gold_dist_mean:0.0526 gold_dist_std:0.0379 gold_cos_mean:0.9979 gold_cos_std:0.0053 raw_pred_norm_mean:32.5177 raw_pred_norm_std:0.3996 raw_center_norm_mean:8.4487 raw_center_norm_std:3.3857 norm_pred_norm_mean:22.6274 norm_pred_norm_std:0.0000 norm_center_norm_mean:22.6201 norm_center_norm_std:0.0185 pred_dim_std_mean:0.0019 center_dim_std_mean:0.0228
step:80/100 val_loss:6.6969 val_bpb:3.9663 train_time:52569ms step_avg:657.11ms
step:90/100 train_loss:0.2073 grad_norm:0.0361 train_time:58902ms step_avg:654.47ms
step:100/100 train_loss:0.2062 grad_norm:0.0288 train_time:65233ms step_avg:652.33ms
manifold_diag:step:100/100 gold_sq_dist_mean:0.0011 gold_sq_dist_std:0.0029 gold_dist_mean:0.0301 gold_dist_std:0.0149 gold_cos_mean:0.9994 gold_cos_std:0.0015 raw_pred_norm_mean:35.0888 raw_pred_norm_std:0.4308 raw_center_norm_mean:8.5265 raw_center_norm_std:3.3985 norm_pred_norm_mean:22.6274 norm_pred_norm_std:0.0000 norm_center_norm_mean:22.6201 norm_center_norm_std:0.0185 pred_dim_std_mean:0.0013 center_dim_std_mean:0.0224
step:100/100 val_loss:6.7229 val_bpb:3.9817 train_time:65273ms step_avg:652.73ms
