"""
Predictive-state CE ablation built from the upstream baseline without modifying train_gpt.py.

Training objective:
- standard next-token CE on the trunk hidden states
- auxiliary CE on a training-only predictor that rolls hidden states forward one step

The predictor is discarded at eval/export time. Validation and artifact scoring stay on the
baseline LM path so BPB remains directly comparable to other ablations.
"""

from __future__ import annotations

import copy
import io
import os
import random
import subprocess
import sys
import time
import zlib
from pathlib import Path

import numpy as np
import sentencepiece as spm
import torch
import torch.distributed as dist
import torch.nn.functional as F
from torch import Tensor, nn
from torch.nn.parallel import DistributedDataParallel as DDP

sys.path.insert(0, str(Path(__file__).resolve().parent.parent))
import train_gpt as base  # noqa: E402


class Hyperparameters(base.Hyperparameters):
    pred_state_ce_weight = float(os.environ.get("PRED_STATE_CE_WEIGHT", "1.0"))
    direct_ce_weight = float(os.environ.get("DIRECT_CE_WEIGHT", "1.0"))
    pred_state_expansion = int(os.environ.get("PRED_STATE_EXPANSION", "2"))


class PredictiveStateHead(nn.Module):
    def __init__(self, dim: int, expansion: int):
        super().__init__()
        hidden = max(dim, dim * expansion)
        self.fc = base.CastedLinear(dim, hidden, bias=False)
        self.proj = base.CastedLinear(hidden, dim, bias=False)
        self.proj._zero_init = True

    def forward(self, hidden: Tensor) -> Tensor:
        return hidden + self.proj(torch.relu(self.fc(hidden)))


class PredictiveStateGPT(base.GPT):
    training_only_prefixes = ("predictor.",)

    def __init__(self, args: Hyperparameters):
        super().__init__(
            vocab_size=args.vocab_size,
            num_layers=args.num_layers,
            model_dim=args.model_dim,
            num_heads=args.num_heads,
            num_kv_heads=args.num_kv_heads,
            mlp_mult=args.mlp_mult,
            tie_embeddings=args.tie_embeddings,
            tied_embed_init_std=args.tied_embed_init_std,
            logit_softcap=args.logit_softcap,
            rope_base=args.rope_base,
            qk_gain_init=args.qk_gain_init,
        )
        self.direct_ce_weight = args.direct_ce_weight
        self.pred_state_ce_weight = args.pred_state_ce_weight
        self.predictor = PredictiveStateHead(args.model_dim, args.pred_state_expansion)
        nn.init.zeros_(self.predictor.proj.weight)

    def encode_hidden(self, input_ids: Tensor) -> Tensor:
        x = self.tok_emb(input_ids)
        x = F.rms_norm(x, (x.size(-1),))
        x0 = x
        skips: list[Tensor] = []
        for i in range(self.num_encoder_layers):
            x = self.blocks[i](x, x0)
            skips.append(x)
        for i in range(self.num_decoder_layers):
            if skips:
                x = x + self.skip_weights[i].to(dtype=x.dtype)[None, None, :] * skips.pop()
            x = self.blocks[self.num_encoder_layers + i](x, x0)
        return self.final_norm(x)

    def logits_from_hidden(self, hidden: Tensor) -> Tensor:
        flat = hidden.reshape(-1, hidden.size(-1))
        if self.tie_embeddings:
            logits_proj = F.linear(flat, self.tok_emb.weight)
        else:
            if self.lm_head is None:
                raise RuntimeError("lm_head is required when tie_embeddings=False")
            logits_proj = self.lm_head(flat)
        return self.logit_softcap * torch.tanh(logits_proj / self.logit_softcap)

    def ce_from_hidden(self, hidden: Tensor, target_ids: Tensor) -> Tensor:
        logits = self.logits_from_hidden(hidden)
        return F.cross_entropy(logits.float(), target_ids.reshape(-1), reduction="mean")

    def predictive_ce_loss(self, hidden: Tensor, target_ids: Tensor) -> Tensor:
        if hidden.size(1) < 2:
            return hidden.new_zeros(())
        pred_hidden = self.predictor(hidden[:, :-1])
        future_targets = target_ids[:, 1:]
        logits = self.logits_from_hidden(pred_hidden)
        return F.cross_entropy(logits.float(), future_targets.reshape(-1), reduction="mean")

    def forward(self, input_ids: Tensor, target_ids: Tensor) -> Tensor:
        hidden = self.encode_hidden(input_ids)
        if self.training:
            loss = hidden.new_zeros(())
            if self.direct_ce_weight > 0.0:
                loss = loss + self.direct_ce_weight * self.ce_from_hidden(hidden, target_ids)
            if self.pred_state_ce_weight > 0.0:
                loss = loss + self.pred_state_ce_weight * self.predictive_ce_loss(hidden, target_ids)
            return loss
        return self.ce_from_hidden(hidden, target_ids)

    def artifact_state_dict(self) -> dict[str, Tensor]:
        return {
            name: tensor
            for name, tensor in self.state_dict().items()
            if not any(name.startswith(prefix) for prefix in self.training_only_prefixes)
        }


def main() -> None:
    code = Path(__file__).read_text(encoding="utf-8")
    args = Hyperparameters()
    base.zeropower_via_newtonschulz5 = torch.compile(base.zeropower_via_newtonschulz5)

    distributed = "RANK" in os.environ and "WORLD_SIZE" in os.environ
    rank = int(os.environ.get("RANK", "0"))
    world_size = int(os.environ.get("WORLD_SIZE", "1"))
    local_rank = int(os.environ.get("LOCAL_RANK", "0"))
    if world_size <= 0:
        raise ValueError(f"WORLD_SIZE must be positive, got {world_size}")
    if 8 % world_size != 0:
        raise ValueError(f"WORLD_SIZE={world_size} must divide 8 so grad_accum_steps stays integral")
    grad_accum_steps = 8 // world_size
    grad_scale = 1.0 / grad_accum_steps
    if not torch.cuda.is_available():
        raise RuntimeError("CUDA is required")
    device = torch.device("cuda", local_rank)
    torch.cuda.set_device(device)
    if distributed:
        dist.init_process_group(backend="nccl", device_id=device)
        dist.barrier()
    master_process = rank == 0

    torch.backends.cuda.matmul.allow_tf32 = True
    torch.backends.cudnn.allow_tf32 = True
    from torch.backends.cuda import enable_cudnn_sdp, enable_flash_sdp, enable_math_sdp, enable_mem_efficient_sdp

    enable_cudnn_sdp(False)
    enable_flash_sdp(True)
    enable_mem_efficient_sdp(False)
    enable_math_sdp(False)

    logfile = None
    if master_process:
        os.makedirs("logs", exist_ok=True)
        logfile = f"logs/{args.run_id}.txt"
        print(logfile)

    def log0(msg: str, console: bool = True) -> None:
        if not master_process:
            return
        if console:
            print(msg)
        if logfile is not None:
            with open(logfile, "a", encoding="utf-8") as f:
                print(msg, file=f)

    log0(code, console=False)
    log0("=" * 100, console=False)
    log0(f"Running Python {sys.version}", console=False)
    log0(f"Running PyTorch {torch.__version__}", console=False)
    log0(
        subprocess.run(["nvidia-smi"], stdout=subprocess.PIPE, stderr=subprocess.PIPE, text=True, check=False).stdout,
        console=False,
    )
    log0("=" * 100, console=False)

    random.seed(args.seed)
    np.random.seed(args.seed)
    torch.manual_seed(args.seed)
    torch.cuda.manual_seed_all(args.seed)

    if not args.tokenizer_path.endswith(".model"):
        raise ValueError(f"Script only setup for SentencePiece .model file: {args.tokenizer_path}")
    sp = spm.SentencePieceProcessor(model_file=args.tokenizer_path)
    if int(sp.vocab_size()) != args.vocab_size:
        raise ValueError(
            f"VOCAB_SIZE={args.vocab_size} does not match tokenizer vocab_size={int(sp.vocab_size())}"
        )
    dataset_dir = Path(args.data_path).resolve()
    actual_train_files = len(list(dataset_dir.glob("fineweb_train_*.bin")))
    val_tokens = base.load_validation_tokens(args.val_files, args.train_seq_len)
    base_bytes_lut, has_leading_space_lut, is_boundary_token_lut = base.build_sentencepiece_luts(
        sp, args.vocab_size, device
    )
    log0(f"val_bpb:enabled tokenizer_kind=sentencepiece tokenizer_path={args.tokenizer_path}")
    log0(f"train_loader:dataset:{dataset_dir.name} train_shards:{actual_train_files}")
    log0(f"val_loader:shards pattern={args.val_files} tokens:{val_tokens.numel() - 1}")

    base_model = PredictiveStateGPT(args).to(device).bfloat16()
    for module in base_model.modules():
        if isinstance(module, base.CastedLinear):
            module.float()
    base.restore_low_dim_params_to_fp32(base_model)
    compiled_model = torch.compile(base_model, dynamic=False, fullgraph=True)
    model: nn.Module = DDP(compiled_model, device_ids=[local_rank], broadcast_buffers=False) if distributed else compiled_model

    named_params = list(base_model.named_parameters())
    matrix_params = [
        p
        for name, p in named_params
        if name not in {"tok_emb.weight", "lm_head.weight"}
        and p.ndim == 2
        and not any(pattern in name for pattern in base.CONTROL_TENSOR_NAME_PATTERNS)
    ]
    scalar_params = [
        p
        for name, p in named_params
        if name not in {"tok_emb.weight", "lm_head.weight"}
        and (p.ndim < 2 or any(pattern in name for pattern in base.CONTROL_TENSOR_NAME_PATTERNS))
    ]

    token_lr = args.tied_embed_lr if args.tie_embeddings else args.embed_lr
    optimizer_tok = torch.optim.Adam(
        [{"params": [base_model.tok_emb.weight], "lr": token_lr, "base_lr": token_lr}],
        betas=(args.beta1, args.beta2),
        eps=args.adam_eps,
        fused=True,
    )
    optimizer_muon = base.Muon(
        matrix_params,
        lr=args.matrix_lr,
        momentum=args.muon_momentum,
        backend_steps=args.muon_backend_steps,
    )
    for group in optimizer_muon.param_groups:
        group["base_lr"] = args.matrix_lr
    optimizer_scalar = torch.optim.Adam(
        [{"params": scalar_params, "lr": args.scalar_lr, "base_lr": args.scalar_lr}],
        betas=(args.beta1, args.beta2),
        eps=args.adam_eps,
        fused=True,
    )
    optimizers: list[torch.optim.Optimizer] = [optimizer_tok, optimizer_muon, optimizer_scalar]
    if base_model.lm_head is not None:
        optimizer_head = torch.optim.Adam(
            [{"params": [base_model.lm_head.weight], "lr": args.head_lr, "base_lr": args.head_lr}],
            betas=(args.beta1, args.beta2),
            eps=args.adam_eps,
            fused=True,
        )
        optimizers.insert(1, optimizer_head)

    train_params = sum(p.numel() for p in base_model.parameters())
    artifact_params = sum(t.numel() for t in base_model.artifact_state_dict().values())
    log0(f"model_params_train:{train_params}")
    log0(f"model_params_artifact:{artifact_params}")
    log0(f"world_size:{world_size} grad_accum_steps:{grad_accum_steps}")
    log0("sdp_backends:cudnn=False flash=True mem_efficient=False math=False")
    log0(f"attention_mode:gqa num_heads:{args.num_heads} num_kv_heads:{args.num_kv_heads}")
    log0(
        f"predictive_state:direct_ce_weight={args.direct_ce_weight} "
        f"pred_state_ce_weight={args.pred_state_ce_weight} pred_state_expansion={args.pred_state_expansion}"
    )
    log0(
        f"tie_embeddings:{args.tie_embeddings} embed_lr:{token_lr} "
        f"head_lr:{args.head_lr if base_model.lm_head is not None else 0.0} "
        f"matrix_lr:{args.matrix_lr} scalar_lr:{args.scalar_lr}"
    )
    log0(
        f"train_batch_tokens:{args.train_batch_tokens} train_seq_len:{args.train_seq_len} "
        f"iterations:{args.iterations} warmup_steps:{args.warmup_steps} "
        f"max_wallclock_seconds:{args.max_wallclock_seconds:.3f}"
    )
    log0(f"seed:{args.seed}")

    train_loader = base.DistributedTokenLoader(args.train_files, rank, world_size, device)

    def zero_grad_all() -> None:
        for opt in optimizers:
            opt.zero_grad(set_to_none=True)

    max_wallclock_ms = 1000.0 * args.max_wallclock_seconds if args.max_wallclock_seconds > 0 else None

    def lr_mul(step: int, elapsed_ms: float) -> float:
        if args.warmdown_iters <= 0:
            return 1.0
        if max_wallclock_ms is None:
            warmdown_start = max(args.iterations - args.warmdown_iters, 0)
            if warmdown_start <= step < args.iterations:
                return max((args.iterations - step) / max(args.warmdown_iters, 1), 0.0)
            return 1.0
        step_ms = elapsed_ms / max(step, 1)
        warmdown_ms = args.warmdown_iters * step_ms
        remaining_ms = max(max_wallclock_ms - elapsed_ms, 0.0)
        return remaining_ms / max(warmdown_ms, 1e-9) if remaining_ms <= warmdown_ms else 1.0

    if args.warmup_steps > 0:
        initial_model_state = {name: tensor.detach().cpu().clone() for name, tensor in base_model.state_dict().items()}
        initial_optimizer_states = [copy.deepcopy(opt.state_dict()) for opt in optimizers]
        model.train()
        for warmup_step in range(args.warmup_steps):
            zero_grad_all()
            for micro_step in range(grad_accum_steps):
                if distributed:
                    model.require_backward_grad_sync = micro_step == grad_accum_steps - 1
                x, y = train_loader.next_batch(args.train_batch_tokens, args.train_seq_len, grad_accum_steps)
                with torch.autocast(device_type="cuda", dtype=torch.bfloat16, enabled=True):
                    warmup_loss = model(x, y)
                (warmup_loss * grad_scale).backward()
            for opt in optimizers:
                opt.step()
            zero_grad_all()
            if args.warmup_steps <= 20 or (warmup_step + 1) % 10 == 0 or warmup_step + 1 == args.warmup_steps:
                log0(f"warmup_step:{warmup_step + 1}/{args.warmup_steps}")
        base_model.load_state_dict(initial_model_state, strict=True)
        for opt, state in zip(optimizers, initial_optimizer_states, strict=True):
            opt.load_state_dict(state)
        zero_grad_all()
        if distributed:
            model.require_backward_grad_sync = True
        train_loader = base.DistributedTokenLoader(args.train_files, rank, world_size, device)

    training_time_ms = 0.0
    stop_after_step: int | None = None
    torch.cuda.synchronize()
    t0 = time.perf_counter()

    step = 0
    while True:
        last_step = step == args.iterations or (stop_after_step is not None and step >= stop_after_step)
        should_validate = last_step or (args.val_loss_every > 0 and step % args.val_loss_every == 0)
        if should_validate:
            torch.cuda.synchronize()
            training_time_ms += 1000.0 * (time.perf_counter() - t0)
            val_loss, val_bpb = base.eval_val(
                args,
                model,
                rank,
                world_size,
                device,
                grad_accum_steps,
                val_tokens,
                base_bytes_lut,
                has_leading_space_lut,
                is_boundary_token_lut,
            )
            log0(
                f"step:{step}/{args.iterations} val_loss:{val_loss:.4f} val_bpb:{val_bpb:.4f} "
                f"train_time:{training_time_ms:.0f}ms step_avg:{training_time_ms / max(step, 1):.2f}ms"
            )
            torch.cuda.synchronize()
            t0 = time.perf_counter()

        if last_step:
            if stop_after_step is not None and step < args.iterations:
                log0(
                    f"stopping_early: wallclock_cap train_time:{training_time_ms:.0f}ms "
                    f"step:{step}/{args.iterations}"
                )
            break

        elapsed_ms = training_time_ms + 1000.0 * (time.perf_counter() - t0)
        scale = lr_mul(step, elapsed_ms)
        zero_grad_all()
        train_loss = torch.zeros((), device=device)
        for micro_step in range(grad_accum_steps):
            if distributed:
                model.require_backward_grad_sync = micro_step == grad_accum_steps - 1
            x, y = train_loader.next_batch(args.train_batch_tokens, args.train_seq_len, grad_accum_steps)
            with torch.autocast(device_type="cuda", dtype=torch.bfloat16, enabled=True):
                loss = model(x, y)
            train_loss += loss.detach()
            (loss * grad_scale).backward()
        train_loss /= grad_accum_steps

        frac = min(step / args.muon_momentum_warmup_steps, 1.0) if args.muon_momentum_warmup_steps > 0 else 1.0
        muon_momentum = (1 - frac) * args.muon_momentum_warmup_start + frac * args.muon_momentum
        for group in optimizer_muon.param_groups:
            group["momentum"] = muon_momentum
        for opt in optimizers:
            for group in opt.param_groups:
                group["lr"] = group["base_lr"] * scale

        if args.grad_clip_norm > 0:
            torch.nn.utils.clip_grad_norm_(base_model.parameters(), args.grad_clip_norm)
        for opt in optimizers:
            opt.step()
        zero_grad_all()

        step += 1
        approx_training_time_ms = training_time_ms + 1000.0 * (time.perf_counter() - t0)
        should_log_train = (
            args.train_log_every > 0
            and (step <= 10 or step % args.train_log_every == 0 or stop_after_step is not None)
        )
        if should_log_train:
            log0(
                f"step:{step}/{args.iterations} train_loss:{train_loss.item():.4f} "
                f"train_time:{approx_training_time_ms:.0f}ms step_avg:{approx_training_time_ms / step:.2f}ms"
            )

        reached_cap = max_wallclock_ms is not None and approx_training_time_ms >= max_wallclock_ms
        if distributed and max_wallclock_ms is not None:
            reached_cap_tensor = torch.tensor(int(reached_cap), device=device)
            dist.all_reduce(reached_cap_tensor, op=dist.ReduceOp.MAX)
            reached_cap = bool(reached_cap_tensor.item())
        if stop_after_step is None and reached_cap:
            stop_after_step = step

    log0(
        f"peak memory allocated: {torch.cuda.max_memory_allocated() // 1024 // 1024} MiB "
        f"reserved: {torch.cuda.max_memory_reserved() // 1024 // 1024} MiB"
    )

    artifact_state = base_model.artifact_state_dict()
    if master_process:
        torch.save(artifact_state, "final_model.pt")
        model_bytes = os.path.getsize("final_model.pt")
        code_bytes = len(code.encode("utf-8"))
        log0(f"Serialized artifact model: {model_bytes} bytes")
        log0(f"Code size: {code_bytes} bytes")
        log0(f"Total submission size: {model_bytes + code_bytes} bytes")

    quant_obj, quant_stats = base.quantize_state_dict_int8(artifact_state)
    quant_buf = io.BytesIO()
    torch.save(quant_obj, quant_buf)
    quant_raw = quant_buf.getvalue()
    quant_blob = zlib.compress(quant_raw, level=9)
    quant_raw_bytes = len(quant_raw)
    if master_process:
        with open("final_model.int8.ptz", "wb") as f:
            f.write(quant_blob)
        quant_file_bytes = os.path.getsize("final_model.int8.ptz")
        code_bytes = len(code.encode("utf-8"))
        ratio = quant_stats["baseline_tensor_bytes"] / max(quant_stats["int8_payload_bytes"], 1)
        log0(
            f"Serialized artifact int8+zlib: {quant_file_bytes} bytes "
            f"(payload:{quant_stats['int8_payload_bytes']} raw_torch:{quant_raw_bytes} payload_ratio:{ratio:.2f}x)"
        )
        log0(f"Total submission size int8+zlib: {quant_file_bytes + code_bytes} bytes")

    if distributed:
        dist.barrier()
    with open("final_model.int8.ptz", "rb") as f:
        quant_blob_disk = f.read()
    quant_state = torch.load(io.BytesIO(zlib.decompress(quant_blob_disk)), map_location="cpu")
    roundtrip_state = base.dequantize_state_dict_int8(quant_state)
    missing, unexpected = base_model.load_state_dict(roundtrip_state, strict=False)
    if unexpected:
        raise RuntimeError(f"Unexpected keys when loading roundtrip artifact: {unexpected}")
    allowed_missing = {name for name, _ in base_model.named_parameters() if name.startswith("predictor.")}
    if set(missing) - allowed_missing:
        raise RuntimeError(f"Unexpected missing keys when loading roundtrip artifact: {missing}")
    torch.cuda.synchronize()
    t_qeval = time.perf_counter()
    q_val_loss, q_val_bpb = base.eval_val(
        args,
        model,
        rank,
        world_size,
        device,
        grad_accum_steps,
        val_tokens,
        base_bytes_lut,
        has_leading_space_lut,
        is_boundary_token_lut,
    )
    torch.cuda.synchronize()
    log0(
        f"final_int8_zlib_roundtrip val_loss:{q_val_loss:.4f} val_bpb:{q_val_bpb:.4f} "
        f"eval_time:{1000.0 * (time.perf_counter() - t_qeval):.0f}ms"
    )
    log0(f"final_int8_zlib_roundtrip_exact val_loss:{q_val_loss:.8f} val_bpb:{q_val_bpb:.8f}")

    if distributed:
        dist.destroy_process_group()


if __name__ == "__main__":
    main()

====================================================================================================
Running Python 3.14.3 (main, Feb 18 2026, 14:34:51) [GCC 15.2.1 20260209]
Running PyTorch 2.11.0
Sun Apr 12 19:33:38 2026       
+-----------------------------------------------------------------------------------------+
| NVIDIA-SMI 595.58.03              Driver Version: 595.58.03      CUDA Version: 13.2     |
+-----------------------------------------+------------------------+----------------------+
| GPU  Name                 Persistence-M | Bus-Id          Disp.A | Volatile Uncorr. ECC |
| Fan  Temp   Perf          Pwr:Usage/Cap |           Memory-Usage | GPU-Util  Compute M. |
|                                         |                        |               MIG M. |
|=========================================+========================+======================|
|   0  NVIDIA GeForce RTX 5090        Off |   00000000:01:00.0  On |                  N/A |
| 30%   49C    P1            255W /  575W |    8335MiB /  32607MiB |     62%      Default |
|                                         |                        |                  N/A |
+-----------------------------------------+------------------------+----------------------+

+-----------------------------------------------------------------------------------------+
| Processes:                                                                              |
|  GPU   GI   CI              PID   Type   Process name                        GPU Memory |
|        ID   ID                                                               Usage      |
|=========================================================================================|
|    0   N/A  N/A            4186      G   /usr/bin/niri                          1212MiB |
|    0   N/A  N/A            4469      G   Xwayland                                  9MiB |
|    0   N/A  N/A            5806      G   /app/zen/zen                            383MiB |
|    0   N/A  N/A            6656      G   /usr/lib/vesktop/vesktop                169MiB |
|    0   N/A  N/A            8849      G   kitty                                   116MiB |
|    0   N/A  N/A           36162      G   kitty                                    34MiB |
|    0   N/A  N/A           36567      G   kitty                                    44MiB |
|    0   N/A  N/A           56268      G   kitty                                    34MiB |
|    0   N/A  N/A           76841      G   kitty                                    34MiB |
|    0   N/A  N/A          104442      G   kitty                                    34MiB |
|    0   N/A  N/A          180126      G   kitty                                    34MiB |
|    0   N/A  N/A          342624      G   kitty                                    34MiB |
|    0   N/A  N/A          347425      G   kitty                                    34MiB |
|    0   N/A  N/A          449627      G   kitty                                    22MiB |
|    0   N/A  N/A          483937      G   kitty                                    28MiB |
|    0   N/A  N/A          496351      G   kitty                                    44MiB |
|    0   N/A  N/A          533379      G   kitty                                    34MiB |
|    0   N/A  N/A          643185      G   kitty                                    34MiB |
|    0   N/A  N/A         1004904      G   kitty                                    34MiB |
|    0   N/A  N/A         1009393      G   kitty                                    34MiB |
|    0   N/A  N/A         1093605      G   kitty                                    34MiB |
|    0   N/A  N/A         1109281      G   kitty                                    34MiB |
|    0   N/A  N/A         1173677      G   kitty                                    34MiB |
|    0   N/A  N/A         1248060      G   kitty                                    34MiB |
|    0   N/A  N/A         1259572      G   kitty                                    56MiB |
|    0   N/A  N/A         1274054    C+G   missioncenter                            91MiB |
|    0   N/A  N/A         1319942      G   kitty                                    34MiB |
|    0   N/A  N/A         1333316      C   .venv/bin/python                       4302MiB |
|    0   N/A  N/A         1338981      C   /usr/bin/python3                        498MiB |
+-----------------------------------------------------------------------------------------+

====================================================================================================
val_bpb:enabled tokenizer_kind=sentencepiece tokenizer_path=./data/tokenizers/fineweb_1024_bpe.model
train_loader:dataset:fineweb10B_sp1024 train_shards:80
val_loader:shards pattern=./data/datasets/fineweb10B_sp1024/fineweb_val_*.bin tokens:62021632
model_params_train:18108488
model_params_artifact:17059912
world_size:1 grad_accum_steps:8
sdp_backends:cudnn=False flash=True mem_efficient=False math=False
attention_mode:gqa num_heads:8 num_kv_heads:4
predictive_state:direct_ce_weight=1.0 pred_state_ce_weight=1.0 pred_state_expansion=2
tie_embeddings:True embed_lr:0.05 head_lr:0.0 matrix_lr:0.04 scalar_lr:0.04
train_batch_tokens:524288 train_seq_len:1024 iterations:500 warmup_steps:20 max_wallclock_seconds:0.000
seed:1337
warmup_step:1/20
warmup_step:2/20
warmup_step:3/20
warmup_step:4/20
warmup_step:5/20
warmup_step:6/20
warmup_step:7/20
warmup_step:8/20
warmup_step:9/20
warmup_step:10/20
warmup_step:11/20
warmup_step:12/20
warmup_step:13/20
warmup_step:14/20
warmup_step:15/20
warmup_step:16/20
warmup_step:17/20
warmup_step:18/20
warmup_step:19/20
warmup_step:20/20
step:0/500 val_loss:6.9357 val_bpb:4.1077 train_time:0ms step_avg:0.01ms
step:1/500 train_loss:13.8751 train_time:689ms step_avg:688.97ms
step:2/500 train_loss:28.9284 train_time:1387ms step_avg:693.42ms
step:3/500 train_loss:15.3597 train_time:2087ms step_avg:695.83ms
step:4/500 train_loss:15.2348 train_time:2781ms step_avg:695.28ms
step:5/500 train_loss:14.4454 train_time:3480ms step_avg:695.97ms
step:6/500 train_loss:13.9331 train_time:4179ms step_avg:696.55ms
step:7/500 train_loss:13.0052 train_time:4876ms step_avg:696.59ms
step:8/500 train_loss:12.6623 train_time:5571ms step_avg:696.37ms
step:9/500 train_loss:12.4581 train_time:6270ms step_avg:696.67ms
step:10/500 train_loss:12.2303 train_time:6967ms step_avg:696.67ms
step:20/500 train_loss:11.6421 train_time:13937ms step_avg:696.86ms
step:30/500 train_loss:10.7901 train_time:20903ms step_avg:696.76ms
step:40/500 train_loss:10.1460 train_time:27878ms step_avg:696.94ms
step:50/500 train_loss:9.7423 train_time:34861ms step_avg:697.22ms
step:60/500 train_loss:9.3606 train_time:43120ms step_avg:718.67ms
step:70/500 train_loss:9.0002 train_time:51928ms step_avg:741.83ms
step:80/500 train_loss:8.7868 train_time:60706ms step_avg:758.83ms
step:90/500 train_loss:8.6030 train_time:69426ms step_avg:771.40ms
step:100/500 train_loss:8.4267 train_time:76397ms step_avg:763.97ms
step:100/500 val_loss:3.4923 val_bpb:2.0683 train_time:76397ms step_avg:763.97ms
step:110/500 train_loss:8.3252 train_time:83374ms step_avg:757.94ms
step:120/500 train_loss:8.3057 train_time:90353ms step_avg:752.94ms
step:130/500 train_loss:8.1645 train_time:97332ms step_avg:748.71ms
step:140/500 train_loss:7.9790 train_time:104313ms step_avg:745.09ms
step:150/500 train_loss:8.0026 train_time:112387ms step_avg:749.24ms
step:160/500 train_loss:7.7906 train_time:121206ms step_avg:757.54ms
step:170/500 train_loss:7.8345 train_time:129993ms step_avg:764.66ms
step:180/500 train_loss:7.6288 train_time:138772ms step_avg:770.96ms
step:190/500 train_loss:7.5884 train_time:145883ms step_avg:767.81ms
step:200/500 train_loss:7.4515 train_time:152863ms step_avg:764.31ms
step:200/500 val_loss:2.9422 val_bpb:1.7425 train_time:152863ms step_avg:764.32ms
step:210/500 train_loss:7.4279 train_time:159839ms step_avg:761.14ms
step:220/500 train_loss:7.5330 train_time:166816ms step_avg:758.25ms
step:230/500 train_loss:7.3824 train_time:173798ms step_avg:755.64ms
step:240/500 train_loss:7.3190 train_time:181701ms step_avg:757.09ms
step:250/500 train_loss:7.2212 train_time:190505ms step_avg:762.02ms
step:260/500 train_loss:7.1036 train_time:199288ms step_avg:766.49ms
step:270/500 train_loss:7.0200 train_time:208067ms step_avg:770.62ms
step:280/500 train_loss:7.0444 train_time:215329ms step_avg:769.03ms
step:290/500 train_loss:7.0553 train_time:222301ms step_avg:766.55ms
step:300/500 train_loss:6.9143 train_time:229285ms step_avg:764.28ms
step:300/500 val_loss:2.7252 val_bpb:1.6140 train_time:229285ms step_avg:764.28ms
step:310/500 train_loss:6.9907 train_time:236254ms step_avg:762.11ms
step:320/500 train_loss:6.8958 train_time:243228ms step_avg:760.09ms
step:330/500 train_loss:6.9409 train_time:250904ms step_avg:760.31ms
step:340/500 train_loss:6.8739 train_time:259714ms step_avg:763.87ms
step:350/500 train_loss:6.8937 train_time:268499ms step_avg:767.14ms
step:360/500 train_loss:6.8824 train_time:277265ms step_avg:770.18ms
step:370/500 train_loss:6.6266 train_time:284774ms step_avg:769.66ms
step:380/500 train_loss:6.6947 train_time:291754ms step_avg:767.77ms
step:390/500 train_loss:6.8936 train_time:298733ms step_avg:765.98ms
step:400/500 train_loss:6.4639 train_time:305704ms step_avg:764.26ms
step:400/500 val_loss:2.6220 val_bpb:1.5529 train_time:305705ms step_avg:764.26ms
step:410/500 train_loss:6.7834 train_time:312675ms step_avg:762.62ms
step:420/500 train_loss:6.6213 train_time:320135ms step_avg:762.23ms
step:430/500 train_loss:6.6367 train_time:328951ms step_avg:765.00ms
step:440/500 train_loss:6.7900 train_time:337740ms step_avg:767.59ms
step:450/500 train_loss:6.6416 train_time:346515ms step_avg:770.03ms
step:460/500 train_loss:6.6785 train_time:354230ms step_avg:770.06ms
step:470/500 train_loss:6.7421 train_time:361204ms step_avg:768.52ms
step:480/500 train_loss:6.6341 train_time:368167ms step_avg:767.01ms
step:490/500 train_loss:6.6990 train_time:375136ms step_avg:765.58ms
step:500/500 train_loss:6.6655 train_time:382107ms step_avg:764.21ms
step:500/500 val_loss:2.5526 val_bpb:1.5118 train_time:382108ms step_avg:764.22ms
peak memory allocated: 11030 MiB reserved: 11182 MiB
Serialized artifact model: 67220567 bytes
Code size: 20819 bytes
Total submission size: 67241386 bytes
Serialized artifact int8+zlib: 13445866 bytes (payload:17178912 raw_torch:17224025 payload_ratio:3.91x)
Total submission size int8+zlib: 13466685 bytes
final_int8_zlib_roundtrip val_loss:2.5539 val_bpb:1.5125 eval_time:28543ms
final_int8_zlib_roundtrip_exact val_loss:2.55386706 val_bpb:1.51254393
