"""
Muon-baseline ablation with a raw tied-token geometric objective.

Decoder:
- hidden states decode directly against the tied token embedding table
- no learned warp or separate output manifold
- eval uses the same dense metric decoder for BPB

Training objective:
- attract predicted hidden states to the correct raw token embedding
- regularize the predicted hidden geometry with an Epps-Pulley style SIGReg
- no CE by default
"""

from __future__ import annotations

import copy
import io
import math
import os
import random
import subprocess
import sys
import time
import zlib
from pathlib import Path

import numpy as np
import sentencepiece as spm
import torch
import torch.distributed as dist
import torch.nn.functional as F
from torch import Tensor, nn
from torch.nn.parallel import DistributedDataParallel as DDP

sys.path.insert(0, str(Path(__file__).resolve().parent))
import train_normuon as base  # noqa: E402


class Hyperparameters(base.Hyperparameters):
    metric_gamma = float(os.environ.get("TFSD_METRIC_GAMMA", "0.0"))
    manifold_attract_weight = float(os.environ.get("MANIFOLD_ATTRACT_WEIGHT", "1.0"))
    manifold_sigreg_weight = float(os.environ.get("MANIFOLD_SIGREG_WEIGHT", "0.1"))
    manifold_sigreg_projections = int(os.environ.get("MANIFOLD_SIGREG_PROJECTIONS", "128"))
    manifold_sigreg_num_points = int(os.environ.get("MANIFOLD_SIGREG_NUM_POINTS", "17"))
    manifold_sigreg_t_max = float(os.environ.get("MANIFOLD_SIGREG_T_MAX", "4.0"))


class RawEPSIGRegMetricGPT(base.GPT):
    def __init__(self, args: Hyperparameters):
        super().__init__(
            vocab_size=args.vocab_size,
            num_layers=args.num_layers,
            model_dim=args.model_dim,
            num_heads=args.num_heads,
            num_kv_heads=args.num_kv_heads,
            mlp_mult=args.mlp_mult,
            tie_embeddings=args.tie_embeddings,
            tied_embed_init_std=args.tied_embed_init_std,
            logit_softcap=args.logit_softcap,
            rope_base=args.rope_base,
            qk_gain_init=args.qk_gain_init,
        )
        self.metric_input_scale = 1.0 / math.sqrt(args.model_dim)
        self.metric_gamma = args.metric_gamma if args.metric_gamma > 0.0 else math.sqrt(args.model_dim / 8.0)
        self.manifold_attract_weight = args.manifold_attract_weight
        self.manifold_sigreg_weight = args.manifold_sigreg_weight
        dirs = torch.randn(args.manifold_sigreg_projections, args.model_dim, dtype=torch.float32)
        dirs = F.normalize(dirs, dim=-1)
        self.register_buffer("sigreg_dirs", dirs, persistent=False)
        t = torch.linspace(0.0, args.manifold_sigreg_t_max, args.manifold_sigreg_num_points, dtype=torch.float32)
        self.register_buffer("sigreg_t", t, persistent=False)

    def encode_hidden(self, input_ids: Tensor) -> Tensor:
        x = self.tok_emb(input_ids)
        x = F.rms_norm(x, (x.size(-1),))
        x0 = x
        skips: list[Tensor] = []
        for i in range(self.num_encoder_layers):
            x = self.blocks[i](x, x0)
            skips.append(x)
        for i in range(self.num_decoder_layers):
            if skips:
                x = x + self.skip_weights[i].to(dtype=x.dtype)[None, None, :] * skips.pop()
            x = self.blocks[self.num_encoder_layers + i](x, x0)
        return self.final_norm(x)

    def token_centers(self) -> Tensor:
        if self.tie_embeddings:
            return self.tok_emb.weight
        if self.lm_head is None:
            raise RuntimeError("lm_head is required when tie_embeddings=False")
        return self.lm_head.weight

    def normalized_geometry(self, hidden: Tensor) -> tuple[Tensor, Tensor]:
        flat_hidden = hidden.reshape(-1, hidden.size(-1)).float()
        centers = self.token_centers().float()
        return F.normalize(flat_hidden, dim=-1), F.normalize(centers, dim=-1)

    def metric_logits(self, hidden: Tensor) -> Tensor:
        flat_hidden, centers = self.normalized_geometry(hidden)
        hidden_sq = flat_hidden.square().sum(dim=-1, keepdim=True)
        center_sq = centers.square().sum(dim=-1).unsqueeze(0)
        dist_sq = (hidden_sq + center_sq) - 2.0 * (flat_hidden @ centers.T)
        return -self.metric_gamma * dist_sq

    def metric_ce_loss(self, hidden: Tensor, target_ids: Tensor) -> Tensor:
        logits = self.metric_logits(hidden)
        return F.cross_entropy(logits, target_ids.reshape(-1), reduction="mean")

    def sigreg_loss(self, points: Tensor) -> Tensor:
        flat = points.reshape(-1, points.size(-1)).float()
        dirs = self.sigreg_dirs.to(device=flat.device, dtype=flat.dtype)
        t = self.sigreg_t.to(device=flat.device, dtype=flat.dtype)
        proj = flat @ dirs.T  # [N, M]
        angles = proj.unsqueeze(-1) * t.view(1, 1, -1)  # [N, M, T]
        real = torch.cos(angles).mean(dim=0)
        imag = torch.sin(angles).mean(dim=0)
        gaussian_cf = torch.exp(-0.5 * t.square()).view(1, -1)
        err = (real - gaussian_cf).square() + imag.square()
        weighted_err = err * gaussian_cf
        return torch.trapz(weighted_err, t, dim=-1).mean() * flat.size(0)

    def manifold_attract_loss(self, hidden: Tensor, target_ids: Tensor) -> Tensor:
        flat_hidden, centers = self.normalized_geometry(hidden)
        target = target_ids.reshape(-1)
        target_centers = centers.index_select(0, target)
        delta = flat_hidden - target_centers
        return delta.pow(2).mean(dim=-1).mean()

    @torch.no_grad()
    def manifold_diagnostics(self, input_ids: Tensor, target_ids: Tensor) -> dict[str, float]:
        raw_hidden = self.encode_hidden(input_ids).reshape(-1, self.token_centers().size(-1)).float()
        raw_centers = self.token_centers().float()
        hidden = F.normalize(raw_hidden, dim=-1)
        centers = F.normalize(raw_centers, dim=-1)
        target = target_ids.reshape(-1)
        target_centers = centers.index_select(0, target)
        delta = hidden - target_centers
        gold_dist = delta.pow(2).mean(dim=-1)
        pred_norm = raw_hidden.norm(dim=-1)
        center_norm = raw_centers.norm(dim=-1)
        pred_dim_std_mean = hidden.std(dim=0, correction=0).mean()
        center_dim_std_mean = centers.std(dim=0, correction=0).mean()
        return {
            "gold_dist_mean": float(gold_dist.mean().item()),
            "gold_dist_std": float(gold_dist.std(correction=0).item()),
            "raw_pred_norm_mean": float(pred_norm.mean().item()),
            "raw_pred_norm_std": float(pred_norm.std(correction=0).item()),
            "raw_center_norm_mean": float(center_norm.mean().item()),
            "raw_center_norm_std": float(center_norm.std(correction=0).item()),
            "pred_dim_std_mean": float(pred_dim_std_mean.item()),
            "center_dim_std_mean": float(center_dim_std_mean.item()),
        }

    def forward(self, input_ids: Tensor, target_ids: Tensor) -> Tensor:
        hidden = self.encode_hidden(input_ids)
        if not self.training:
            return self.metric_ce_loss(hidden, target_ids)
        loss = self.manifold_attract_weight * self.manifold_attract_loss(hidden, target_ids)
        if self.manifold_sigreg_weight > 0.0:
            loss = loss + self.manifold_sigreg_weight * self.sigreg_loss(hidden)
        return loss


def main() -> None:
    code = Path(__file__).read_text(encoding="utf-8")
    args = Hyperparameters()
    base.zeropower_via_newtonschulz5 = torch.compile(base.zeropower_via_newtonschulz5)

    distributed = "RANK" in os.environ and "WORLD_SIZE" in os.environ
    rank = int(os.environ.get("RANK", "0"))
    world_size = int(os.environ.get("WORLD_SIZE", "1"))
    local_rank = int(os.environ.get("LOCAL_RANK", "0"))
    if world_size <= 0:
        raise ValueError(f"WORLD_SIZE must be positive, got {world_size}")
    if 8 % world_size != 0:
        raise ValueError(f"WORLD_SIZE={world_size} must divide 8 so grad_accum_steps stays integral")
    grad_accum_steps = 8 // world_size
    grad_scale = 1.0 / grad_accum_steps
    if not torch.cuda.is_available():
        raise RuntimeError("CUDA is required")
    device = torch.device("cuda", local_rank)
    torch.cuda.set_device(device)
    if distributed:
        dist.init_process_group(backend="nccl", device_id=device)
        dist.barrier()
    master_process = rank == 0

    torch.backends.cuda.matmul.allow_tf32 = True
    torch.backends.cudnn.allow_tf32 = True
    from torch.backends.cuda import enable_cudnn_sdp, enable_flash_sdp, enable_math_sdp, enable_mem_efficient_sdp

    enable_cudnn_sdp(False)
    enable_flash_sdp(True)
    enable_mem_efficient_sdp(False)
    enable_math_sdp(False)

    logfile = None
    if master_process:
        os.makedirs("logs", exist_ok=True)
        logfile = f"logs/{args.run_id}.txt"
        print(logfile)

    def log0(msg: str, console: bool = True) -> None:
        if not master_process:
            return
        if console:
            print(msg)
        if logfile is not None:
            with open(logfile, "a", encoding="utf-8") as f:
                print(msg, file=f)

    log0(code, console=False)
    log0("=" * 100, console=False)
    log0(f"Running Python {sys.version}", console=False)
    log0(f"Running PyTorch {torch.__version__}", console=False)
    log0(
        subprocess.run(["nvidia-smi"], stdout=subprocess.PIPE, stderr=subprocess.PIPE, text=True, check=False).stdout,
        console=False,
    )
    log0("=" * 100, console=False)

    random.seed(args.seed)
    np.random.seed(args.seed)
    torch.manual_seed(args.seed)
    torch.cuda.manual_seed_all(args.seed)

    if not args.tokenizer_path.endswith(".model"):
        raise ValueError(f"Script only setup for SentencePiece .model file: {args.tokenizer_path}")
    sp = spm.SentencePieceProcessor(model_file=args.tokenizer_path)
    if int(sp.vocab_size()) != args.vocab_size:
        raise ValueError(
            f"VOCAB_SIZE={args.vocab_size} does not match tokenizer vocab_size={int(sp.vocab_size())}"
        )
    dataset_dir = Path(args.data_path).resolve()
    actual_train_files = len(list(dataset_dir.glob("fineweb_train_*.bin")))
    val_tokens = base.load_validation_tokens(args.val_files, args.train_seq_len)
    base_bytes_lut, has_leading_space_lut, is_boundary_token_lut = base.build_sentencepiece_luts(
        sp, args.vocab_size, device
    )
    log0(f"val_bpb:enabled tokenizer_kind=sentencepiece tokenizer_path={args.tokenizer_path}")
    log0(f"train_loader:dataset:{dataset_dir.name} train_shards:{actual_train_files}")
    log0(f"val_loader:shards pattern={args.val_files} tokens:{val_tokens.numel() - 1}")

    base_model = RawEPSIGRegMetricGPT(args).to(device).bfloat16()
    for module in base_model.modules():
        if isinstance(module, base.CastedLinear):
            module.float()
    base.restore_low_dim_params_to_fp32(base_model)
    compiled_model = torch.compile(base_model, dynamic=False, fullgraph=True)
    model: nn.Module = DDP(compiled_model, device_ids=[local_rank], broadcast_buffers=False) if distributed else compiled_model

    named_params = list(base_model.named_parameters())
    matrix_params = [
        p
        for name, p in named_params
        if name not in {"tok_emb.weight", "lm_head.weight"}
        and p.ndim == 2
        and not any(pattern in name for pattern in base.CONTROL_TENSOR_NAME_PATTERNS)
    ]
    scalar_params = [
        p
        for name, p in named_params
        if name not in {"tok_emb.weight", "lm_head.weight"}
        and (p.ndim < 2 or any(pattern in name for pattern in base.CONTROL_TENSOR_NAME_PATTERNS))
    ]

    token_lr = args.tied_embed_lr if args.tie_embeddings else args.embed_lr
    optimizer_tok = torch.optim.Adam(
        [{"params": [base_model.tok_emb.weight], "lr": token_lr, "base_lr": token_lr}],
        betas=(args.beta1, args.beta2),
        eps=args.adam_eps,
        fused=True,
    )
    optimizer_muon = base.Muon(
        matrix_params,
        lr=args.matrix_lr,
        momentum=args.muon_momentum,
        backend_steps=args.muon_backend_steps,
        beta2=args.normuon_beta2,
    )
    for group in optimizer_muon.param_groups:
        group["base_lr"] = args.matrix_lr
    optimizer_scalar = torch.optim.Adam(
        [{"params": scalar_params, "lr": args.scalar_lr, "base_lr": args.scalar_lr}],
        betas=(args.beta1, args.beta2),
        eps=args.adam_eps,
        fused=True,
    )
    optimizers: list[torch.optim.Optimizer] = [optimizer_tok, optimizer_muon, optimizer_scalar]
    if base_model.lm_head is not None:
        optimizer_head = torch.optim.Adam(
            [{"params": [base_model.lm_head.weight], "lr": args.head_lr, "base_lr": args.head_lr}],
            betas=(args.beta1, args.beta2),
            eps=args.adam_eps,
            fused=True,
        )
        optimizers.insert(1, optimizer_head)

    n_params = sum(p.numel() for p in base_model.parameters())
    log0(f"model_params:{n_params}")
    log0(f"world_size:{world_size} grad_accum_steps:{grad_accum_steps}")
    log0("sdp_backends:cudnn=False flash=True mem_efficient=False math=False")
    log0(f"attention_mode:gqa num_heads:{args.num_heads} num_kv_heads:{args.num_kv_heads}")
    log0(
        f"metric_head_raw_ep_sigreg:metric_gamma={base_model.metric_gamma:.4f} "
        f"attract_weight={base_model.manifold_attract_weight} "
        f"sigreg_weight={args.manifold_sigreg_weight} "
        f"sigreg_projections={args.manifold_sigreg_projections} "
        f"sigreg_num_points={args.manifold_sigreg_num_points} sigreg_t_max={args.manifold_sigreg_t_max}"
    )
    log0(
        f"tie_embeddings:{args.tie_embeddings} embed_lr:{token_lr} "
        f"head_lr:{args.head_lr if base_model.lm_head is not None else 0.0} "
        f"matrix_lr:{args.matrix_lr} scalar_lr:{args.scalar_lr}"
    )
    log0(
        f"train_batch_tokens:{args.train_batch_tokens} train_seq_len:{args.train_seq_len} "
        f"iterations:{args.iterations} warmup_steps:{args.warmup_steps} "
        f"max_wallclock_seconds:{args.max_wallclock_seconds:.3f}"
    )
    log0(f"seed:{args.seed}")

    train_loader = base.DistributedTokenLoader(args.train_files, rank, world_size, device)

    def zero_grad_all() -> None:
        for opt in optimizers:
            opt.zero_grad(set_to_none=True)

    def global_grad_norm() -> float:
        total = torch.zeros((), device=device, dtype=torch.float32)
        for param in base_model.parameters():
            if param.grad is None:
                continue
            total += param.grad.detach().float().square().sum()
        return float(torch.sqrt(total).item())

    max_wallclock_ms = 1000.0 * args.max_wallclock_seconds if args.max_wallclock_seconds > 0 else None

    def lr_mul(step: int, elapsed_ms: float) -> float:
        if args.warmdown_iters <= 0:
            return 1.0
        if max_wallclock_ms is None:
            warmdown_start = max(args.iterations - args.warmdown_iters, 0)
            if warmdown_start <= step < args.iterations:
                return max((args.iterations - step) / max(args.warmdown_iters, 1), 0.0)
            return 1.0
        step_ms = elapsed_ms / max(step, 1)
        warmdown_ms = args.warmdown_iters * step_ms
        remaining_ms = max(max_wallclock_ms - elapsed_ms, 0.0)
        return remaining_ms / max(warmdown_ms, 1e-9) if remaining_ms <= warmdown_ms else 1.0

    if args.warmup_steps > 0:
        initial_model_state = {name: tensor.detach().cpu().clone() for name, tensor in base_model.state_dict().items()}
        initial_optimizer_states = [copy.deepcopy(opt.state_dict()) for opt in optimizers]
        model.train()
        for warmup_step in range(args.warmup_steps):
            zero_grad_all()
            for micro_step in range(grad_accum_steps):
                if distributed:
                    model.require_backward_grad_sync = micro_step == grad_accum_steps - 1
                x, y = train_loader.next_batch(args.train_batch_tokens, args.train_seq_len, grad_accum_steps)
                with torch.autocast(device_type="cuda", dtype=torch.bfloat16, enabled=True):
                    warmup_loss = model(x, y)
                (warmup_loss * grad_scale).backward()
            for opt in optimizers:
                opt.step()
            zero_grad_all()
            if args.warmup_steps <= 20 or (warmup_step + 1) % 10 == 0 or warmup_step + 1 == args.warmup_steps:
                log0(f"warmup_step:{warmup_step + 1}/{args.warmup_steps}")
        base_model.load_state_dict(initial_model_state, strict=True)
        for opt, state in zip(optimizers, initial_optimizer_states, strict=True):
            opt.load_state_dict(state)
        zero_grad_all()
        if distributed:
            model.require_backward_grad_sync = True
        train_loader = base.DistributedTokenLoader(args.train_files, rank, world_size, device)

    training_time_ms = 0.0
    stop_after_step: int | None = None
    torch.cuda.synchronize()
    t0 = time.perf_counter()

    step = 0
    diag_x: Tensor | None = None
    diag_y: Tensor | None = None
    while True:
        last_step = step == args.iterations or (stop_after_step is not None and step >= stop_after_step)

        should_validate = last_step or (args.val_loss_every > 0 and step % args.val_loss_every == 0)
        if should_validate:
            torch.cuda.synchronize()
            training_time_ms += 1000.0 * (time.perf_counter() - t0)
            val_loss, val_bpb = base.eval_val(
                args,
                model,
                rank,
                world_size,
                device,
                grad_accum_steps,
                val_tokens,
                base_bytes_lut,
                has_leading_space_lut,
                is_boundary_token_lut,
            )
            log0(
                f"step:{step}/{args.iterations} val_loss:{val_loss:.4f} val_bpb:{val_bpb:.4f} "
                f"train_time:{training_time_ms:.0f}ms step_avg:{training_time_ms / max(step, 1):.2f}ms"
            )
            torch.cuda.synchronize()
            t0 = time.perf_counter()

        if last_step:
            if stop_after_step is not None and step < args.iterations:
                log0(
                    f"stopping_early: wallclock_cap train_time:{training_time_ms:.0f}ms "
                    f"step:{step}/{args.iterations}"
                )
            break

        elapsed_ms = training_time_ms + 1000.0 * (time.perf_counter() - t0)
        scale = lr_mul(step, elapsed_ms)
        zero_grad_all()
        train_loss = torch.zeros((), device=device)
        for micro_step in range(grad_accum_steps):
            if distributed:
                model.require_backward_grad_sync = micro_step == grad_accum_steps - 1
            x, y = train_loader.next_batch(args.train_batch_tokens, args.train_seq_len, grad_accum_steps)
            diag_x, diag_y = x, y
            with torch.autocast(device_type="cuda", dtype=torch.bfloat16, enabled=True):
                loss = model(x, y)
            train_loss += loss.detach()
            (loss * grad_scale).backward()
        train_loss /= grad_accum_steps

        frac = min(step / args.muon_momentum_warmup_steps, 1.0) if args.muon_momentum_warmup_steps > 0 else 1.0
        muon_momentum = (1 - frac) * args.muon_momentum_warmup_start + frac * args.muon_momentum
        for group in optimizer_muon.param_groups:
            group["momentum"] = muon_momentum

        for opt in optimizers:
            for group in opt.param_groups:
                group["lr"] = group["base_lr"] * scale

        grad_norm = global_grad_norm()
        if args.grad_clip_norm > 0:
            torch.nn.utils.clip_grad_norm_(base_model.parameters(), args.grad_clip_norm)
        for opt in optimizers:
            opt.step()
        zero_grad_all()

        step += 1
        torch.cuda.synchronize()
        training_time_ms += 1000.0 * (time.perf_counter() - t0)
        t0 = time.perf_counter()
        if step % 10 == 0 or last_step:
            log0(
                f"step:{step}/{args.iterations} train_loss:{train_loss.item():.4f} "
                f"grad_norm:{grad_norm:.4f} train_time:{training_time_ms:.0f}ms "
                f"step_avg:{training_time_ms / step:.2f}ms"
            )
        if (step % args.val_loss_every == 0 or last_step) and diag_x is not None and diag_y is not None:
            diag = base_model.manifold_diagnostics(diag_x, diag_y)
            log0(
                "manifold_diag:"
                f"step:{step}/{args.iterations} "
                f"gold_dist_mean:{diag['gold_dist_mean']:.4f} gold_dist_std:{diag['gold_dist_std']:.4f} "
                f"raw_pred_norm_mean:{diag['raw_pred_norm_mean']:.4f} raw_pred_norm_std:{diag['raw_pred_norm_std']:.4f} "
                f"raw_center_norm_mean:{diag['raw_center_norm_mean']:.4f} raw_center_norm_std:{diag['raw_center_norm_std']:.4f} "
                f"pred_dim_std_mean:{diag['pred_dim_std_mean']:.4f} center_dim_std_mean:{diag['center_dim_std_mean']:.4f}"
            )
        if max_wallclock_ms is not None and training_time_ms >= max_wallclock_ms and stop_after_step is None:
            stop_after_step = step

    if distributed:
        dist.barrier()

    if master_process:
        base_model.eval()
        state = base_model.state_dict()
        header = base.make_model_header(args)
        buf = io.BytesIO()
        torch.save(state, buf)
        raw_bytes = buf.getvalue()
        raw_size = len(raw_bytes)
        int8_bytes = base.quantize_state_dict_to_int8_bytes(state, header)
        int8_size = len(int8_bytes)
        log0(f"artifact_sizes:raw_bytes:{raw_size} int8_bytes:{int8_size}")

        raw_output = Path("ablation_results") / f"{args.run_id}.pt"
        int8_output = Path("ablation_results") / f"{args.run_id}_int8.bin"
        raw_output.parent.mkdir(parents=True, exist_ok=True)
        raw_output.write_bytes(raw_bytes)
        int8_output.write_bytes(int8_bytes)
        log0(f"saved_raw:{raw_output}")
        log0(f"saved_int8:{int8_output}")

        reloaded = copy.deepcopy(base_model).float().to(device)
        loaded_state = torch.load(io.BytesIO(raw_bytes), map_location=device, weights_only=True)
        reloaded.load_state_dict(loaded_state)
        reloaded.eval()
        reloaded_bpb = base.sentencepiece_bpb_from_model(
            reloaded,
            val_loader=val_loader,
            max_steps=args.val_bpb_max_steps,
            device=device,
            base_bytes_lut=base_bytes_lut,
            has_leading_space_lut=has_leading_space_lut,
            is_boundary_token_lut=is_boundary_token_lut,
        )
        log0(f"reloaded_raw_val_bpb:{reloaded_bpb:.4f}")

        reloaded_int8 = base.load_quantized_model_from_int8_bytes(
            base_model.__class__,
            int8_bytes,
            device=device,
            model_kwargs=dict(
                vocab_size=args.vocab_size,
                num_layers=args.num_layers,
                model_dim=args.model_dim,
                num_heads=args.num_heads,
                num_kv_heads=args.num_kv_heads,
                mlp_mult=args.mlp_mult,
                tie_embeddings=args.tie_embeddings,
                tied_embed_init_std=args.tied_embed_init_std,
                logit_softcap=args.logit_softcap,
                rope_base=args.rope_base,
                qk_gain_init=args.qk_gain_init,
            ),
        )
        reloaded_int8.eval()
        int8_bpb = base.sentencepiece_bpb_from_model(
            reloaded_int8,
            val_loader=val_loader,
            max_steps=args.val_bpb_max_steps,
            device=device,
            base_bytes_lut=base_bytes_lut,
            has_leading_space_lut=has_leading_space_lut,
            is_boundary_token_lut=is_boundary_token_lut,
        )
        log0(f"reloaded_int8_val_bpb:{int8_bpb:.4f}")

    if distributed:
        dist.destroy_process_group()


if __name__ == "__main__":
    main()

====================================================================================================
Running Python 3.14.4 (main, Apr 11 2026, 09:29:24) [GCC 15.2.1 20260209]
Running PyTorch 2.11.0
Wed Apr 15 19:06:13 2026       
+-----------------------------------------------------------------------------------------+
| NVIDIA-SMI 595.58.03              Driver Version: 595.58.03      CUDA Version: 13.2     |
+-----------------------------------------+------------------------+----------------------+
| GPU  Name                 Persistence-M | Bus-Id          Disp.A | Volatile Uncorr. ECC |
| Fan  Temp   Perf          Pwr:Usage/Cap |           Memory-Usage | GPU-Util  Compute M. |
|                                         |                        |               MIG M. |
|=========================================+========================+======================|
|   0  NVIDIA GeForce RTX 5090        Off |   00000000:01:00.0  On |                  N/A |
| 31%   45C    P8             45W /  575W |   11851MiB /  32607MiB |     13%      Default |
|                                         |                        |                  N/A |
+-----------------------------------------+------------------------+----------------------+

+-----------------------------------------------------------------------------------------+
| Processes:                                                                              |
|  GPU   GI   CI              PID   Type   Process name                        GPU Memory |
|        ID   ID                                                               Usage      |
|=========================================================================================|
|    0   N/A  N/A            4186      G   /usr/bin/niri                          2067MiB |
|    0   N/A  N/A            4469      G   Xwayland                                  9MiB |
|    0   N/A  N/A            5806      G   /app/zen/zen                            778MiB |
|    0   N/A  N/A            6656      G   /usr/lib/vesktop/vesktop                237MiB |
|    0   N/A  N/A            8849      G   kitty                                   116MiB |
|    0   N/A  N/A           36162      G   kitty                                    34MiB |
|    0   N/A  N/A           36567      G   kitty                                    44MiB |
|    0   N/A  N/A           56268      G   kitty                                    34MiB |
|    0   N/A  N/A           76841      G   kitty                                    34MiB |
|    0   N/A  N/A          180126      G   kitty                                    34MiB |
|    0   N/A  N/A          207887      G   kitty                                    34MiB |
|    0   N/A  N/A          342624      G   kitty                                    34MiB |
|    0   N/A  N/A          449627      G   kitty                                    22MiB |
|    0   N/A  N/A          483937      G   kitty                                    28MiB |
|    0   N/A  N/A          496351      G   kitty                                    44MiB |
|    0   N/A  N/A          572560      G   kitty                                    34MiB |
|    0   N/A  N/A          580509      G   kitty                                    34MiB |
|    0   N/A  N/A          584659      G   kitty                                    34MiB |
|    0   N/A  N/A          643185      G   kitty                                    34MiB |
|    0   N/A  N/A          656412      G   kitty                                    34MiB |
|    0   N/A  N/A          672689      G   kitty                                    34MiB |
|    0   N/A  N/A          677637      G   kitty                                    34MiB |
|    0   N/A  N/A         1004904      G   kitty                                    56MiB |
|    0   N/A  N/A         1009393      G   kitty                                    34MiB |
|    0   N/A  N/A         1093605      G   kitty                                    34MiB |
|    0   N/A  N/A         1109281      G   kitty                                    56MiB |
|    0   N/A  N/A         1173677      G   kitty                                    34MiB |
|    0   N/A  N/A         1274054    C+G   missioncenter                            91MiB |
|    0   N/A  N/A         1346137      G   ...odules/electron/dist/electron         90MiB |
|    0   N/A  N/A         1346558      G   ...rack-uuid=3190708988185955192          6MiB |
|    0   N/A  N/A         1346559      G   ...rack-uuid=3190708988185955192          6MiB |
|    0   N/A  N/A         1401566      G   kitty                                    56MiB |
|    0   N/A  N/A         1420494      G   kitty                                    46MiB |
|    0   N/A  N/A         1489400      C   /usr/bin/python3                        498MiB |
|    0   N/A  N/A         1573467    C+G   ...al/zed.app/libexec/zed-editor       4163MiB |
|    0   N/A  N/A         1617864      G   kitty                                    34MiB |
|    0   N/A  N/A         1650453      G   kitty                                    22MiB |
|    0   N/A  N/A         1791614      G   kitty                                    34MiB |
|    0   N/A  N/A         1804920      G   kitty                                    34MiB |
|    0   N/A  N/A         1807510      G   kitty                                    34MiB |
|    0   N/A  N/A         1813493      G   kitty                                    34MiB |
|    0   N/A  N/A         1918192      G   kitty                                    34MiB |
|    0   N/A  N/A         1925909      G   kitty                                    34MiB |
|    0   N/A  N/A         1955100      G   kitty                                    56MiB |
|    0   N/A  N/A         2073692      G   kitty                                    34MiB |
|    0   N/A  N/A         2075018      G   kitty                                    34MiB |
|    0   N/A  N/A         3133014      G   kitty                                    34MiB |
|    0   N/A  N/A         3134258      G   kitty                                    22MiB |
|    0   N/A  N/A         3139856      G   kitty                                    34MiB |
|    0   N/A  N/A         3159468      G   kitty                                    22MiB |
|    0   N/A  N/A         3536380      G   kitty                                    34MiB |
|    0   N/A  N/A         3612828      G   kitty                                    28MiB |
|    0   N/A  N/A         3694379      G   kitty                                    34MiB |
|    0   N/A  N/A         3716995      G   kitty                                    34MiB |
|    0   N/A  N/A         3717149      G   kitty                                    34MiB |
|    0   N/A  N/A         3924067      G   kitty                                    34MiB |
|    0   N/A  N/A         4049387      G   kitty                                    34MiB |
|    0   N/A  N/A         4051003      G   kitty                                    34MiB |
|    0   N/A  N/A         4124728      G   kitty                                    34MiB |
|    0   N/A  N/A         4166104      G   kitty                                    34MiB |
+-----------------------------------------------------------------------------------------+

====================================================================================================
val_bpb:enabled tokenizer_kind=sentencepiece tokenizer_path=./data/tokenizers/fineweb_1024_bpe.model
train_loader:dataset:fineweb10B_sp1024 train_shards:80
val_loader:shards pattern=./data/datasets/fineweb10B_sp1024/fineweb_val_*.bin tokens:62021632
model_params:17059912
world_size:1 grad_accum_steps:8
sdp_backends:cudnn=False flash=True mem_efficient=False math=False
attention_mode:gqa num_heads:8 num_kv_heads:4
metric_head_raw_ep_sigreg:metric_gamma=4.0000 attract_weight=1.0 sigreg_weight=1.0 sigreg_projections=128 sigreg_num_points=17 sigreg_t_max=4.0
tie_embeddings:True embed_lr:0.05 head_lr:0.0 matrix_lr:0.04 scalar_lr:0.04
train_batch_tokens:524288 train_seq_len:1024 iterations:2000 warmup_steps:20 max_wallclock_seconds:0.000
seed:1337
warmup_step:1/20
warmup_step:2/20
warmup_step:3/20
warmup_step:4/20
warmup_step:5/20
warmup_step:6/20
warmup_step:7/20
warmup_step:8/20
warmup_step:9/20
warmup_step:10/20
warmup_step:11/20
warmup_step:12/20
warmup_step:13/20
warmup_step:14/20
warmup_step:15/20
warmup_step:16/20
warmup_step:17/20
warmup_step:18/20
warmup_step:19/20
warmup_step:20/20
step:0/2000 val_loss:8.2677 val_bpb:4.8966 train_time:0ms step_avg:0.01ms
step:10/2000 train_loss:309.8460 grad_norm:1281.5737 train_time:6246ms step_avg:624.63ms
step:20/2000 train_loss:102.8186 grad_norm:1217.7643 train_time:12505ms step_avg:625.25ms
manifold_diag:step:20/2000 gold_dist_mean:0.0038 gold_dist_std:0.0003 raw_pred_norm_mean:22.6274 raw_pred_norm_std:0.0093 raw_center_norm_mean:5.4394 raw_center_norm_std:2.1834 pred_dim_std_mean:0.0202 center_dim_std_mean:0.0420
step:20/2000 val_loss:7.0257 val_bpb:4.1610 train_time:12566ms step_avg:628.32ms
step:30/2000 train_loss:45.0041 grad_norm:629.5727 train_time:18793ms step_avg:626.45ms
step:40/2000 train_loss:40.9680 grad_norm:524.0618 train_time:25029ms step_avg:625.73ms
manifold_diag:step:40/2000 gold_dist_mean:0.0039 gold_dist_std:0.0003 raw_pred_norm_mean:22.6273 raw_pred_norm_std:0.0101 raw_center_norm_mean:6.3822 raw_center_norm_std:2.5216 pred_dim_std_mean:0.0185 center_dim_std_mean:0.0420
step:40/2000 val_loss:7.0323 val_bpb:4.1649 train_time:25068ms step_avg:626.70ms
step:50/2000 train_loss:35.7949 grad_norm:303.2720 train_time:31302ms step_avg:626.04ms
step:60/2000 train_loss:22.5419 grad_norm:206.4062 train_time:37555ms step_avg:625.91ms
manifold_diag:step:60/2000 gold_dist_mean:0.0039 gold_dist_std:0.0003 raw_pred_norm_mean:22.6274 raw_pred_norm_std:0.0112 raw_center_norm_mean:6.4726 raw_center_norm_std:2.5458 pred_dim_std_mean:0.0174 center_dim_std_mean:0.0420
step:60/2000 val_loss:7.0432 val_bpb:4.1714 train_time:37593ms step_avg:626.55ms
step:70/2000 train_loss:20.9882 grad_norm:155.8899 train_time:43824ms step_avg:626.06ms
step:80/2000 train_loss:13.4670 grad_norm:89.1692 train_time:50103ms step_avg:626.28ms
manifold_diag:step:80/2000 gold_dist_mean:0.0039 gold_dist_std:0.0003 raw_pred_norm_mean:22.6273 raw_pred_norm_std:0.0113 raw_center_norm_mean:6.4924 raw_center_norm_std:2.5506 pred_dim_std_mean:0.0169 center_dim_std_mean:0.0420
step:80/2000 val_loss:7.0506 val_bpb:4.1758 train_time:50141ms step_avg:626.77ms
step:90/2000 train_loss:11.8019 grad_norm:70.8538 train_time:56402ms step_avg:626.69ms
step:100/2000 train_loss:9.8248 grad_norm:66.0804 train_time:62649ms step_avg:626.49ms
manifold_diag:step:100/2000 gold_dist_mean:0.0039 gold_dist_std:0.0003 raw_pred_norm_mean:22.6274 raw_pred_norm_std:0.0115 raw_center_norm_mean:6.5124 raw_center_norm_std:2.5423 pred_dim_std_mean:0.0165 center_dim_std_mean:0.0420
step:100/2000 val_loss:7.0546 val_bpb:4.1781 train_time:62687ms step_avg:626.87ms
step:110/2000 train_loss:5.7802 grad_norm:43.5845 train_time:68957ms step_avg:626.88ms
step:120/2000 train_loss:5.4978 grad_norm:48.8199 train_time:75189ms step_avg:626.57ms
manifold_diag:step:120/2000 gold_dist_mean:0.0039 gold_dist_std:0.0003 raw_pred_norm_mean:22.6273 raw_pred_norm_std:0.0118 raw_center_norm_mean:6.5235 raw_center_norm_std:2.5433 pred_dim_std_mean:0.0161 center_dim_std_mean:0.0420
step:120/2000 val_loss:7.0588 val_bpb:4.1806 train_time:75227ms step_avg:626.89ms
step:130/2000 train_loss:4.8477 grad_norm:50.1628 train_time:81496ms step_avg:626.89ms
step:140/2000 train_loss:4.8245 grad_norm:38.6711 train_time:87731ms step_avg:626.65ms
manifold_diag:step:140/2000 gold_dist_mean:0.0039 gold_dist_std:0.0003 raw_pred_norm_mean:22.6273 raw_pred_norm_std:0.0120 raw_center_norm_mean:6.5351 raw_center_norm_std:2.5471 pred_dim_std_mean:0.0156 center_dim_std_mean:0.0420
step:140/2000 val_loss:7.0621 val_bpb:4.1825 train_time:87769ms step_avg:626.92ms
step:150/2000 train_loss:3.5554 grad_norm:29.1995 train_time:94008ms step_avg:626.72ms
step:160/2000 train_loss:3.7214 grad_norm:27.8038 train_time:100234ms step_avg:626.46ms
manifold_diag:step:160/2000 gold_dist_mean:0.0039 gold_dist_std:0.0003 raw_pred_norm_mean:22.6274 raw_pred_norm_std:0.0119 raw_center_norm_mean:6.5578 raw_center_norm_std:2.5558 pred_dim_std_mean:0.0155 center_dim_std_mean:0.0420
step:160/2000 val_loss:7.0652 val_bpb:4.1844 train_time:100272ms step_avg:626.70ms
step:170/2000 train_loss:4.4597 grad_norm:32.0065 train_time:106507ms step_avg:626.51ms
step:180/2000 train_loss:5.0766 grad_norm:33.1142 train_time:112742ms step_avg:626.35ms
manifold_diag:step:180/2000 gold_dist_mean:0.0039 gold_dist_std:0.0003 raw_pred_norm_mean:22.6274 raw_pred_norm_std:0.0119 raw_center_norm_mean:6.5801 raw_center_norm_std:2.5653 pred_dim_std_mean:0.0154 center_dim_std_mean:0.0420
step:180/2000 val_loss:7.0694 val_bpb:4.1869 train_time:112781ms step_avg:626.56ms
step:190/2000 train_loss:4.8126 grad_norm:28.6205 train_time:119012ms step_avg:626.38ms
step:200/2000 train_loss:4.5060 grad_norm:25.7172 train_time:126005ms step_avg:630.02ms
manifold_diag:step:200/2000 gold_dist_mean:0.0039 gold_dist_std:0.0003 raw_pred_norm_mean:22.6274 raw_pred_norm_std:0.0119 raw_center_norm_mean:6.6072 raw_center_norm_std:2.5766 pred_dim_std_mean:0.0151 center_dim_std_mean:0.0420
step:200/2000 val_loss:7.0746 val_bpb:4.1900 train_time:126043ms step_avg:630.22ms
step:210/2000 train_loss:2.9621 grad_norm:18.3262 train_time:132267ms step_avg:629.84ms
step:220/2000 train_loss:5.6774 grad_norm:27.2187 train_time:138508ms step_avg:629.58ms
manifold_diag:step:220/2000 gold_dist_mean:0.0039 gold_dist_std:0.0003 raw_pred_norm_mean:22.6274 raw_pred_norm_std:0.0119 raw_center_norm_mean:6.6555 raw_center_norm_std:2.6061 pred_dim_std_mean:0.0149 center_dim_std_mean:0.0419
step:220/2000 val_loss:7.0804 val_bpb:4.1934 train_time:138547ms step_avg:629.76ms
step:230/2000 train_loss:3.2594 grad_norm:22.3522 train_time:144774ms step_avg:629.45ms
step:240/2000 train_loss:2.4964 grad_norm:21.2064 train_time:151006ms step_avg:629.19ms
manifold_diag:step:240/2000 gold_dist_mean:0.0039 gold_dist_std:0.0003 raw_pred_norm_mean:22.6274 raw_pred_norm_std:0.0119 raw_center_norm_mean:6.7047 raw_center_norm_std:2.6334 pred_dim_std_mean:0.0146 center_dim_std_mean:0.0419
step:240/2000 val_loss:7.0866 val_bpb:4.1971 train_time:151044ms step_avg:629.35ms
step:250/2000 train_loss:2.6716 grad_norm:21.2663 train_time:157267ms step_avg:629.07ms
step:260/2000 train_loss:2.7450 grad_norm:16.4670 train_time:163499ms step_avg:628.84ms
manifold_diag:step:260/2000 gold_dist_mean:0.0039 gold_dist_std:0.0003 raw_pred_norm_mean:22.6274 raw_pred_norm_std:0.0117 raw_center_norm_mean:6.7520 raw_center_norm_std:2.6643 pred_dim_std_mean:0.0144 center_dim_std_mean:0.0418
step:260/2000 val_loss:7.0918 val_bpb:4.2002 train_time:163538ms step_avg:628.99ms
step:270/2000 train_loss:2.7141 grad_norm:20.4256 train_time:169767ms step_avg:628.77ms
step:280/2000 train_loss:3.7507 grad_norm:20.8225 train_time:176014ms step_avg:628.62ms
manifold_diag:step:280/2000 gold_dist_mean:0.0039 gold_dist_std:0.0003 raw_pred_norm_mean:22.6274 raw_pred_norm_std:0.0116 raw_center_norm_mean:6.7874 raw_center_norm_std:2.6991 pred_dim_std_mean:0.0141 center_dim_std_mean:0.0418
step:280/2000 val_loss:7.0974 val_bpb:4.2035 train_time:176053ms step_avg:628.76ms
step:290/2000 train_loss:3.2773 grad_norm:18.0177 train_time:182282ms step_avg:628.56ms
step:300/2000 train_loss:2.6983 grad_norm:12.4101 train_time:188549ms step_avg:628.50ms
manifold_diag:step:300/2000 gold_dist_mean:0.0039 gold_dist_std:0.0003 raw_pred_norm_mean:22.6273 raw_pred_norm_std:0.0117 raw_center_norm_mean:6.8129 raw_center_norm_std:2.7456 pred_dim_std_mean:0.0138 center_dim_std_mean:0.0417
step:300/2000 val_loss:7.1055 val_bpb:4.2083 train_time:188587ms step_avg:628.62ms
step:310/2000 train_loss:2.4240 grad_norm:20.2330 train_time:194810ms step_avg:628.42ms
step:320/2000 train_loss:5.3267 grad_norm:20.8921 train_time:201073ms step_avg:628.35ms
manifold_diag:step:320/2000 gold_dist_mean:0.0039 gold_dist_std:0.0003 raw_pred_norm_mean:22.6273 raw_pred_norm_std:0.0115 raw_center_norm_mean:6.8025 raw_center_norm_std:2.7871 pred_dim_std_mean:0.0137 center_dim_std_mean:0.0415
step:320/2000 val_loss:7.1147 val_bpb:4.2137 train_time:201112ms step_avg:628.47ms
step:330/2000 train_loss:2.3642 grad_norm:9.4207 train_time:207379ms step_avg:628.42ms
step:340/2000 train_loss:2.6533 grad_norm:20.2134 train_time:213617ms step_avg:628.28ms
manifold_diag:step:340/2000 gold_dist_mean:0.0039 gold_dist_std:0.0003 raw_pred_norm_mean:22.6274 raw_pred_norm_std:0.0115 raw_center_norm_mean:6.8176 raw_center_norm_std:2.8483 pred_dim_std_mean:0.0136 center_dim_std_mean:0.0414
step:340/2000 val_loss:7.1231 val_bpb:4.2187 train_time:213656ms step_avg:628.40ms
step:350/2000 train_loss:2.7930 grad_norm:20.1362 train_time:219915ms step_avg:628.33ms
step:360/2000 train_loss:2.1836 grad_norm:21.1758 train_time:226150ms step_avg:628.19ms
manifold_diag:step:360/2000 gold_dist_mean:0.0039 gold_dist_std:0.0003 raw_pred_norm_mean:22.6274 raw_pred_norm_std:0.0116 raw_center_norm_mean:6.8118 raw_center_norm_std:2.8975 pred_dim_std_mean:0.0135 center_dim_std_mean:0.0412
step:360/2000 val_loss:7.1328 val_bpb:4.2244 train_time:226189ms step_avg:628.30ms
step:370/2000 train_loss:2.4894 grad_norm:14.8680 train_time:232446ms step_avg:628.23ms
step:380/2000 train_loss:14.0085 grad_norm:19.7041 train_time:238674ms step_avg:628.09ms
manifold_diag:step:380/2000 gold_dist_mean:0.0039 gold_dist_std:0.0003 raw_pred_norm_mean:22.6274 raw_pred_norm_std:0.0115 raw_center_norm_mean:6.8099 raw_center_norm_std:2.9401 pred_dim_std_mean:0.0134 center_dim_std_mean:0.0411
step:380/2000 val_loss:7.1428 val_bpb:4.2304 train_time:238713ms step_avg:628.19ms
step:390/2000 train_loss:2.2201 grad_norm:11.0944 train_time:245155ms step_avg:628.60ms
step:400/2000 train_loss:2.2063 grad_norm:13.7094 train_time:251382ms step_avg:628.46ms
manifold_diag:step:400/2000 gold_dist_mean:0.0039 gold_dist_std:0.0003 raw_pred_norm_mean:22.6274 raw_pred_norm_std:0.0115 raw_center_norm_mean:6.8571 raw_center_norm_std:3.0504 pred_dim_std_mean:0.0133 center_dim_std_mean:0.0409
step:400/2000 val_loss:7.1533 val_bpb:4.2366 train_time:251421ms step_avg:628.55ms
step:410/2000 train_loss:3.3089 grad_norm:17.9247 train_time:257652ms step_avg:628.42ms
step:420/2000 train_loss:2.2974 grad_norm:13.4463 train_time:263872ms step_avg:628.27ms
manifold_diag:step:420/2000 gold_dist_mean:0.0039 gold_dist_std:0.0003 raw_pred_norm_mean:22.6274 raw_pred_norm_std:0.0115 raw_center_norm_mean:6.8776 raw_center_norm_std:3.1926 pred_dim_std_mean:0.0133 center_dim_std_mean:0.0407
step:420/2000 val_loss:7.1695 val_bpb:4.2462 train_time:263912ms step_avg:628.36ms
step:430/2000 train_loss:2.1641 grad_norm:13.7731 train_time:270136ms step_avg:628.22ms
step:440/2000 train_loss:2.1115 grad_norm:9.2248 train_time:276361ms step_avg:628.09ms
manifold_diag:step:440/2000 gold_dist_mean:0.0039 gold_dist_std:0.0004 raw_pred_norm_mean:22.6273 raw_pred_norm_std:0.0117 raw_center_norm_mean:6.8824 raw_center_norm_std:3.3458 pred_dim_std_mean:0.0133 center_dim_std_mean:0.0404
step:440/2000 val_loss:7.1891 val_bpb:4.2578 train_time:276406ms step_avg:628.20ms
step:450/2000 train_loss:2.2782 grad_norm:9.4402 train_time:282634ms step_avg:628.08ms
step:460/2000 train_loss:3.1139 grad_norm:11.5178 train_time:288859ms step_avg:627.95ms
manifold_diag:step:460/2000 gold_dist_mean:0.0039 gold_dist_std:0.0004 raw_pred_norm_mean:22.6273 raw_pred_norm_std:0.0119 raw_center_norm_mean:7.0288 raw_center_norm_std:3.5202 pred_dim_std_mean:0.0134 center_dim_std_mean:0.0404
step:460/2000 val_loss:7.1970 val_bpb:4.2625 train_time:288897ms step_avg:628.04ms
step:470/2000 train_loss:2.5065 grad_norm:9.8069 train_time:295123ms step_avg:627.92ms
step:480/2000 train_loss:1.7978 grad_norm:10.9348 train_time:301348ms step_avg:627.81ms
manifold_diag:step:480/2000 gold_dist_mean:0.0039 gold_dist_std:0.0004 raw_pred_norm_mean:22.6275 raw_pred_norm_std:0.0122 raw_center_norm_mean:7.2193 raw_center_norm_std:3.7751 pred_dim_std_mean:0.0133 center_dim_std_mean:0.0405
step:480/2000 val_loss:7.2053 val_bpb:4.2674 train_time:301393ms step_avg:627.90ms
step:490/2000 train_loss:3.0552 grad_norm:11.0945 train_time:307620ms step_avg:627.80ms
step:500/2000 train_loss:1.5815 grad_norm:8.3941 train_time:313845ms step_avg:627.69ms
manifold_diag:step:500/2000 gold_dist_mean:0.0039 gold_dist_std:0.0004 raw_pred_norm_mean:22.6274 raw_pred_norm_std:0.0121 raw_center_norm_mean:7.3778 raw_center_norm_std:4.0181 pred_dim_std_mean:0.0132 center_dim_std_mean:0.0405
step:500/2000 val_loss:7.2166 val_bpb:4.2741 train_time:313883ms step_avg:627.77ms
step:510/2000 train_loss:1.7406 grad_norm:13.0719 train_time:320108ms step_avg:627.66ms
step:520/2000 train_loss:1.7850 grad_norm:8.0495 train_time:326344ms step_avg:627.59ms
manifold_diag:step:520/2000 gold_dist_mean:0.0039 gold_dist_std:0.0004 raw_pred_norm_mean:22.6275 raw_pred_norm_std:0.0121 raw_center_norm_mean:7.5219 raw_center_norm_std:4.2430 pred_dim_std_mean:0.0132 center_dim_std_mean:0.0406
step:520/2000 val_loss:7.2286 val_bpb:4.2812 train_time:326392ms step_avg:627.68ms
step:530/2000 train_loss:6.5843 grad_norm:9.5475 train_time:332617ms step_avg:627.58ms
step:540/2000 train_loss:1.8103 grad_norm:10.1024 train_time:338869ms step_avg:627.54ms
manifold_diag:step:540/2000 gold_dist_mean:0.0039 gold_dist_std:0.0004 raw_pred_norm_mean:22.6274 raw_pred_norm_std:0.0123 raw_center_norm_mean:7.6911 raw_center_norm_std:4.4253 pred_dim_std_mean:0.0132 center_dim_std_mean:0.0406
step:540/2000 val_loss:7.2348 val_bpb:4.2848 train_time:338908ms step_avg:627.61ms
step:550/2000 train_loss:2.5088 grad_norm:8.8385 train_time:345133ms step_avg:627.51ms
step:560/2000 train_loss:1.4072 grad_norm:8.7969 train_time:351378ms step_avg:627.46ms
manifold_diag:step:560/2000 gold_dist_mean:0.0039 gold_dist_std:0.0004 raw_pred_norm_mean:22.6274 raw_pred_norm_std:0.0123 raw_center_norm_mean:7.8548 raw_center_norm_std:4.6305 pred_dim_std_mean:0.0132 center_dim_std_mean:0.0407
step:560/2000 val_loss:7.2411 val_bpb:4.2886 train_time:351423ms step_avg:627.54ms
step:570/2000 train_loss:1.6857 grad_norm:9.1985 train_time:357661ms step_avg:627.48ms
step:580/2000 train_loss:1.4842 grad_norm:5.9850 train_time:364108ms step_avg:627.77ms
manifold_diag:step:580/2000 gold_dist_mean:0.0039 gold_dist_std:0.0004 raw_pred_norm_mean:22.6274 raw_pred_norm_std:0.0124 raw_center_norm_mean:8.0621 raw_center_norm_std:4.8023 pred_dim_std_mean:0.0134 center_dim_std_mean:0.0409
step:580/2000 val_loss:7.2415 val_bpb:4.2888 train_time:364147ms step_avg:627.84ms
step:590/2000 train_loss:1.5786 grad_norm:11.5300 train_time:370417ms step_avg:627.82ms
step:600/2000 train_loss:1.5769 grad_norm:9.0869 train_time:376652ms step_avg:627.75ms
manifold_diag:step:600/2000 gold_dist_mean:0.0039 gold_dist_std:0.0004 raw_pred_norm_mean:22.6273 raw_pred_norm_std:0.0126 raw_center_norm_mean:8.3802 raw_center_norm_std:5.0725 pred_dim_std_mean:0.0136 center_dim_std_mean:0.0411
step:600/2000 val_loss:7.2356 val_bpb:4.2853 train_time:376690ms step_avg:627.82ms
step:610/2000 train_loss:1.3371 grad_norm:8.3170 train_time:382936ms step_avg:627.76ms
step:620/2000 train_loss:1.2381 grad_norm:7.9312 train_time:389160ms step_avg:627.68ms
manifold_diag:step:620/2000 gold_dist_mean:0.0039 gold_dist_std:0.0004 raw_pred_norm_mean:22.6273 raw_pred_norm_std:0.0127 raw_center_norm_mean:8.6912 raw_center_norm_std:5.3015 pred_dim_std_mean:0.0137 center_dim_std_mean:0.0412
step:620/2000 val_loss:7.2269 val_bpb:4.2802 train_time:389198ms step_avg:627.74ms
step:630/2000 train_loss:1.5240 grad_norm:10.0983 train_time:395436ms step_avg:627.68ms
step:640/2000 train_loss:2.7291 grad_norm:6.7292 train_time:401665ms step_avg:627.60ms
manifold_diag:step:640/2000 gold_dist_mean:0.0039 gold_dist_std:0.0004 raw_pred_norm_mean:22.6273 raw_pred_norm_std:0.0127 raw_center_norm_mean:8.8900 raw_center_norm_std:5.3704 pred_dim_std_mean:0.0138 center_dim_std_mean:0.0414
step:640/2000 val_loss:7.2150 val_bpb:4.2731 train_time:401704ms step_avg:627.66ms
step:650/2000 train_loss:1.0801 grad_norm:6.6003 train_time:407927ms step_avg:627.58ms
step:660/2000 train_loss:1.0390 grad_norm:8.8402 train_time:414152ms step_avg:627.50ms
manifold_diag:step:660/2000 gold_dist_mean:0.0039 gold_dist_std:0.0004 raw_pred_norm_mean:22.6274 raw_pred_norm_std:0.0128 raw_center_norm_mean:8.9819 raw_center_norm_std:5.3562 pred_dim_std_mean:0.0139 center_dim_std_mean:0.0414
step:660/2000 val_loss:7.2053 val_bpb:4.2674 train_time:414191ms step_avg:627.56ms
step:670/2000 train_loss:1.0552 grad_norm:8.2266 train_time:420416ms step_avg:627.49ms
step:680/2000 train_loss:0.9716 grad_norm:7.6124 train_time:426653ms step_avg:627.43ms
manifold_diag:step:680/2000 gold_dist_mean:0.0039 gold_dist_std:0.0004 raw_pred_norm_mean:22.6273 raw_pred_norm_std:0.0128 raw_center_norm_mean:9.0678 raw_center_norm_std:5.3586 pred_dim_std_mean:0.0139 center_dim_std_mean:0.0415
step:680/2000 val_loss:7.1972 val_bpb:4.2626 train_time:426692ms step_avg:627.49ms
step:690/2000 train_loss:0.9499 grad_norm:6.6109 train_time:432917ms step_avg:627.42ms
step:700/2000 train_loss:0.7297 grad_norm:5.5286 train_time:439142ms step_avg:627.35ms
manifold_diag:step:700/2000 gold_dist_mean:0.0039 gold_dist_std:0.0004 raw_pred_norm_mean:22.6274 raw_pred_norm_std:0.0128 raw_center_norm_mean:9.2691 raw_center_norm_std:5.4107 pred_dim_std_mean:0.0141 center_dim_std_mean:0.0416
step:700/2000 val_loss:7.1823 val_bpb:4.2538 train_time:439180ms step_avg:627.40ms
step:710/2000 train_loss:0.8049 grad_norm:6.1103 train_time:445410ms step_avg:627.34ms
step:720/2000 train_loss:0.9447 grad_norm:7.8630 train_time:451649ms step_avg:627.29ms
manifold_diag:step:720/2000 gold_dist_mean:0.0039 gold_dist_std:0.0004 raw_pred_norm_mean:22.6274 raw_pred_norm_std:0.0128 raw_center_norm_mean:9.3809 raw_center_norm_std:5.4062 pred_dim_std_mean:0.0141 center_dim_std_mean:0.0416
step:720/2000 val_loss:7.1731 val_bpb:4.2483 train_time:451688ms step_avg:627.34ms
step:730/2000 train_loss:0.8644 grad_norm:7.1917 train_time:457913ms step_avg:627.28ms
step:740/2000 train_loss:0.8578 grad_norm:6.2311 train_time:464139ms step_avg:627.21ms
manifold_diag:step:740/2000 gold_dist_mean:0.0039 gold_dist_std:0.0004 raw_pred_norm_mean:22.6274 raw_pred_norm_std:0.0127 raw_center_norm_mean:9.5390 raw_center_norm_std:5.4265 pred_dim_std_mean:0.0142 center_dim_std_mean:0.0417
step:740/2000 val_loss:7.1629 val_bpb:4.2423 train_time:464177ms step_avg:627.27ms
step:750/2000 train_loss:0.7531 grad_norm:7.0165 train_time:470400ms step_avg:627.20ms
step:760/2000 train_loss:0.6797 grad_norm:4.7548 train_time:476657ms step_avg:627.18ms
manifold_diag:step:760/2000 gold_dist_mean:0.0039 gold_dist_std:0.0004 raw_pred_norm_mean:22.6273 raw_pred_norm_std:0.0126 raw_center_norm_mean:9.7894 raw_center_norm_std:5.4692 pred_dim_std_mean:0.0144 center_dim_std_mean:0.0418
step:760/2000 val_loss:7.1505 val_bpb:4.2349 train_time:476695ms step_avg:627.23ms
step:770/2000 train_loss:0.8235 grad_norm:6.2495 train_time:482966ms step_avg:627.23ms
step:780/2000 train_loss:0.8040 grad_norm:6.3109 train_time:489239ms step_avg:627.23ms
manifold_diag:step:780/2000 gold_dist_mean:0.0039 gold_dist_std:0.0003 raw_pred_norm_mean:22.6274 raw_pred_norm_std:0.0126 raw_center_norm_mean:9.9998 raw_center_norm_std:5.5441 pred_dim_std_mean:0.0146 center_dim_std_mean:0.0418
step:780/2000 val_loss:7.1427 val_bpb:4.2303 train_time:489278ms step_avg:627.28ms
step:790/2000 train_loss:0.6768 grad_norm:6.0074 train_time:495515ms step_avg:627.23ms
step:800/2000 train_loss:0.6907 grad_norm:5.1647 train_time:501759ms step_avg:627.20ms
manifold_diag:step:800/2000 gold_dist_mean:0.0039 gold_dist_std:0.0003 raw_pred_norm_mean:22.6273 raw_pred_norm_std:0.0126 raw_center_norm_mean:10.2328 raw_center_norm_std:5.6285 pred_dim_std_mean:0.0146 center_dim_std_mean:0.0419
step:800/2000 val_loss:7.1353 val_bpb:4.2260 train_time:501798ms step_avg:627.25ms
step:810/2000 train_loss:0.6062 grad_norm:5.1833 train_time:508060ms step_avg:627.23ms
step:820/2000 train_loss:0.6765 grad_norm:5.3773 train_time:514307ms step_avg:627.20ms
manifold_diag:step:820/2000 gold_dist_mean:0.0039 gold_dist_std:0.0003 raw_pred_norm_mean:22.6274 raw_pred_norm_std:0.0125 raw_center_norm_mean:10.5372 raw_center_norm_std:5.7913 pred_dim_std_mean:0.0145 center_dim_std_mean:0.0420
step:820/2000 val_loss:7.1269 val_bpb:4.2210 train_time:514346ms step_avg:627.25ms
step:830/2000 train_loss:0.6286 grad_norm:4.7553 train_time:520618ms step_avg:627.25ms
step:840/2000 train_loss:0.6034 grad_norm:4.6683 train_time:526846ms step_avg:627.20ms
manifold_diag:step:840/2000 gold_dist_mean:0.0039 gold_dist_std:0.0003 raw_pred_norm_mean:22.6274 raw_pred_norm_std:0.0125 raw_center_norm_mean:10.8659 raw_center_norm_std:5.9252 pred_dim_std_mean:0.0147 center_dim_std_mean:0.0421
step:840/2000 val_loss:7.1181 val_bpb:4.2157 train_time:526884ms step_avg:627.24ms
step:850/2000 train_loss:0.6227 grad_norm:4.5943 train_time:533141ms step_avg:627.22ms
step:860/2000 train_loss:0.6128 grad_norm:4.6752 train_time:539368ms step_avg:627.17ms
manifold_diag:step:860/2000 gold_dist_mean:0.0039 gold_dist_std:0.0003 raw_pred_norm_mean:22.6273 raw_pred_norm_std:0.0125 raw_center_norm_mean:11.1388 raw_center_norm_std:6.0529 pred_dim_std_mean:0.0148 center_dim_std_mean:0.0422
step:860/2000 val_loss:7.1124 val_bpb:4.2124 train_time:539406ms step_avg:627.22ms
step:870/2000 train_loss:0.5951 grad_norm:4.8162 train_time:545641ms step_avg:627.17ms
step:880/2000 train_loss:0.5421 grad_norm:4.3397 train_time:551865ms step_avg:627.12ms
manifold_diag:step:880/2000 gold_dist_mean:0.0039 gold_dist_std:0.0003 raw_pred_norm_mean:22.6274 raw_pred_norm_std:0.0125 raw_center_norm_mean:11.3852 raw_center_norm_std:6.1048 pred_dim_std_mean:0.0146 center_dim_std_mean:0.0422
step:880/2000 val_loss:7.1078 val_bpb:4.2097 train_time:551903ms step_avg:627.16ms
step:890/2000 train_loss:0.5173 grad_norm:3.1893 train_time:558127ms step_avg:627.11ms
step:900/2000 train_loss:0.6295 grad_norm:4.3716 train_time:564354ms step_avg:627.06ms
manifold_diag:step:900/2000 gold_dist_mean:0.0039 gold_dist_std:0.0003 raw_pred_norm_mean:22.6273 raw_pred_norm_std:0.0125 raw_center_norm_mean:11.6706 raw_center_norm_std:6.2257 pred_dim_std_mean:0.0146 center_dim_std_mean:0.0423
step:900/2000 val_loss:7.1034 val_bpb:4.2071 train_time:564392ms step_avg:627.10ms
step:910/2000 train_loss:0.5960 grad_norm:5.0111 train_time:570631ms step_avg:627.07ms
step:920/2000 train_loss:0.6048 grad_norm:4.4807 train_time:576854ms step_avg:627.01ms
manifold_diag:step:920/2000 gold_dist_mean:0.0039 gold_dist_std:0.0003 raw_pred_norm_mean:22.6273 raw_pred_norm_std:0.0125 raw_center_norm_mean:11.9359 raw_center_norm_std:6.3104 pred_dim_std_mean:0.0146 center_dim_std_mean:0.0423
step:920/2000 val_loss:7.0996 val_bpb:4.2048 train_time:576892ms step_avg:627.06ms
step:930/2000 train_loss:0.6837 grad_norm:5.9030 train_time:583117ms step_avg:627.01ms
step:940/2000 train_loss:0.5746 grad_norm:3.7918 train_time:589346ms step_avg:626.96ms
manifold_diag:step:940/2000 gold_dist_mean:0.0039 gold_dist_std:0.0003 raw_pred_norm_mean:22.6273 raw_pred_norm_std:0.0125 raw_center_norm_mean:12.2010 raw_center_norm_std:6.4028 pred_dim_std_mean:0.0146 center_dim_std_mean:0.0424
step:940/2000 val_loss:7.0971 val_bpb:4.2033 train_time:589385ms step_avg:627.00ms
step:950/2000 train_loss:0.5524 grad_norm:4.0382 train_time:595613ms step_avg:626.96ms
step:960/2000 train_loss:0.6391 grad_norm:4.9587 train_time:601881ms step_avg:626.96ms
manifold_diag:step:960/2000 gold_dist_mean:0.0039 gold_dist_std:0.0003 raw_pred_norm_mean:22.6274 raw_pred_norm_std:0.0125 raw_center_norm_mean:12.5120 raw_center_norm_std:6.5263 pred_dim_std_mean:0.0148 center_dim_std_mean:0.0424
step:960/2000 val_loss:7.0927 val_bpb:4.2007 train_time:601920ms step_avg:627.00ms
step:970/2000 train_loss:0.5665 grad_norm:4.0544 train_time:608146ms step_avg:626.95ms
step:980/2000 train_loss:0.5756 grad_norm:3.8119 train_time:614374ms step_avg:626.91ms
manifold_diag:step:980/2000 gold_dist_mean:0.0039 gold_dist_std:0.0003 raw_pred_norm_mean:22.6274 raw_pred_norm_std:0.0124 raw_center_norm_mean:12.8064 raw_center_norm_std:6.6327 pred_dim_std_mean:0.0150 center_dim_std_mean:0.0425
step:980/2000 val_loss:7.0899 val_bpb:4.1991 train_time:614413ms step_avg:626.95ms
step:990/2000 train_loss:0.5582 grad_norm:4.2656 train_time:620643ms step_avg:626.91ms
step:1000/2000 train_loss:0.5393 grad_norm:4.1158 train_time:626874ms step_avg:626.87ms
manifold_diag:step:1000/2000 gold_dist_mean:0.0039 gold_dist_std:0.0003 raw_pred_norm_mean:22.6274 raw_pred_norm_std:0.0124 raw_center_norm_mean:13.1585 raw_center_norm_std:6.7501 pred_dim_std_mean:0.0150 center_dim_std_mean:0.0426
step:1000/2000 val_loss:7.0856 val_bpb:4.1965 train_time:626913ms step_avg:626.91ms
step:1010/2000 train_loss:0.5195 grad_norm:4.0025 train_time:633142ms step_avg:626.87ms
step:1020/2000 train_loss:0.5824 grad_norm:3.9913 train_time:639383ms step_avg:626.85ms
manifold_diag:step:1020/2000 gold_dist_mean:0.0039 gold_dist_std:0.0003 raw_pred_norm_mean:22.6274 raw_pred_norm_std:0.0125 raw_center_norm_mean:13.4400 raw_center_norm_std:6.8351 pred_dim_std_mean:0.0148 center_dim_std_mean:0.0426
step:1020/2000 val_loss:7.0831 val_bpb:4.1950 train_time:639421ms step_avg:626.88ms
step:1030/2000 train_loss:0.5519 grad_norm:3.9163 train_time:645656ms step_avg:626.85ms
step:1040/2000 train_loss:0.5548 grad_norm:4.1692 train_time:651900ms step_avg:626.83ms
manifold_diag:step:1040/2000 gold_dist_mean:0.0039 gold_dist_std:0.0003 raw_pred_norm_mean:22.6273 raw_pred_norm_std:0.0125 raw_center_norm_mean:13.7968 raw_center_norm_std:6.9644 pred_dim_std_mean:0.0149 center_dim_std_mean:0.0427
step:1040/2000 val_loss:7.0780 val_bpb:4.1920 train_time:651938ms step_avg:626.86ms
step:1050/2000 train_loss:0.5530 grad_norm:3.7698 train_time:658201ms step_avg:626.86ms
step:1060/2000 train_loss:0.5313 grad_norm:4.1224 train_time:664458ms step_avg:626.85ms
manifold_diag:step:1060/2000 gold_dist_mean:0.0039 gold_dist_std:0.0003 raw_pred_norm_mean:22.6274 raw_pred_norm_std:0.0125 raw_center_norm_mean:14.1886 raw_center_norm_std:7.0931 pred_dim_std_mean:0.0149 center_dim_std_mean:0.0428
step:1060/2000 val_loss:7.0737 val_bpb:4.1894 train_time:664497ms step_avg:626.88ms
step:1070/2000 train_loss:0.5288 grad_norm:3.3894 train_time:670772ms step_avg:626.89ms
step:1080/2000 train_loss:0.4983 grad_norm:3.1062 train_time:677002ms step_avg:626.85ms
manifold_diag:step:1080/2000 gold_dist_mean:0.0039 gold_dist_std:0.0003 raw_pred_norm_mean:22.6274 raw_pred_norm_std:0.0125 raw_center_norm_mean:14.5948 raw_center_norm_std:7.2438 pred_dim_std_mean:0.0149 center_dim_std_mean:0.0429
step:1080/2000 val_loss:7.0702 val_bpb:4.1874 train_time:677040ms step_avg:626.89ms
step:1090/2000 train_loss:0.5158 grad_norm:3.1515 train_time:683285ms step_avg:626.87ms
step:1100/2000 train_loss:0.5578 grad_norm:3.7898 train_time:689515ms step_avg:626.83ms
manifold_diag:step:1100/2000 gold_dist_mean:0.0039 gold_dist_std:0.0003 raw_pred_norm_mean:22.6274 raw_pred_norm_std:0.0126 raw_center_norm_mean:14.9784 raw_center_norm_std:7.3504 pred_dim_std_mean:0.0150 center_dim_std_mean:0.0430
step:1100/2000 val_loss:7.0663 val_bpb:4.1851 train_time:689560ms step_avg:626.87ms
step:1110/2000 train_loss:0.5256 grad_norm:3.7977 train_time:695792ms step_avg:626.84ms
step:1120/2000 train_loss:0.5261 grad_norm:2.8765 train_time:702017ms step_avg:626.80ms
manifold_diag:step:1120/2000 gold_dist_mean:0.0039 gold_dist_std:0.0003 raw_pred_norm_mean:22.6274 raw_pred_norm_std:0.0125 raw_center_norm_mean:15.3457 raw_center_norm_std:7.4914 pred_dim_std_mean:0.0151 center_dim_std_mean:0.0430
step:1120/2000 val_loss:7.0636 val_bpb:4.1835 train_time:702056ms step_avg:626.84ms
step:1130/2000 train_loss:0.5306 grad_norm:2.9823 train_time:708280ms step_avg:626.80ms
step:1140/2000 train_loss:0.4770 grad_norm:3.0368 train_time:714507ms step_avg:626.76ms
manifold_diag:step:1140/2000 gold_dist_mean:0.0039 gold_dist_std:0.0003 raw_pred_norm_mean:22.6273 raw_pred_norm_std:0.0125 raw_center_norm_mean:15.7025 raw_center_norm_std:7.6409 pred_dim_std_mean:0.0151 center_dim_std_mean:0.0431
step:1140/2000 val_loss:7.0611 val_bpb:4.1820 train_time:714552ms step_avg:626.80ms
step:1150/2000 train_loss:0.5835 grad_norm:4.1278 train_time:720872ms step_avg:626.85ms
step:1160/2000 train_loss:0.4698 grad_norm:3.4750 train_time:727097ms step_avg:626.81ms
manifold_diag:step:1160/2000 gold_dist_mean:0.0039 gold_dist_std:0.0003 raw_pred_norm_mean:22.6274 raw_pred_norm_std:0.0124 raw_center_norm_mean:16.0773 raw_center_norm_std:7.7935 pred_dim_std_mean:0.0150 center_dim_std_mean:0.0432
step:1160/2000 val_loss:7.0588 val_bpb:4.1806 train_time:727136ms step_avg:626.84ms
step:1170/2000 train_loss:0.5150 grad_norm:3.2475 train_time:733368ms step_avg:626.81ms
step:1180/2000 train_loss:0.4779 grad_norm:3.1754 train_time:739599ms step_avg:626.78ms
manifold_diag:step:1180/2000 gold_dist_mean:0.0039 gold_dist_std:0.0003 raw_pred_norm_mean:22.6273 raw_pred_norm_std:0.0126 raw_center_norm_mean:16.4153 raw_center_norm_std:7.9138 pred_dim_std_mean:0.0150 center_dim_std_mean:0.0432
step:1180/2000 val_loss:7.0566 val_bpb:4.1793 train_time:739637ms step_avg:626.81ms
step:1190/2000 train_loss:0.5071 grad_norm:3.1539 train_time:745865ms step_avg:626.78ms
step:1200/2000 train_loss:0.4706 grad_norm:2.9693 train_time:752096ms step_avg:626.75ms
manifold_diag:step:1200/2000 gold_dist_mean:0.0039 gold_dist_std:0.0002 raw_pred_norm_mean:22.6274 raw_pred_norm_std:0.0125 raw_center_norm_mean:16.7576 raw_center_norm_std:8.0399 pred_dim_std_mean:0.0151 center_dim_std_mean:0.0432
step:1200/2000 val_loss:7.0543 val_bpb:4.1780 train_time:752134ms step_avg:626.78ms
step:1210/2000 train_loss:0.4890 grad_norm:2.9567 train_time:758362ms step_avg:626.75ms
step:1220/2000 train_loss:0.4682 grad_norm:2.9945 train_time:764595ms step_avg:626.72ms
manifold_diag:step:1220/2000 gold_dist_mean:0.0039 gold_dist_std:0.0002 raw_pred_norm_mean:22.6274 raw_pred_norm_std:0.0125 raw_center_norm_mean:17.0908 raw_center_norm_std:8.1764 pred_dim_std_mean:0.0151 center_dim_std_mean:0.0433
step:1220/2000 val_loss:7.0527 val_bpb:4.1770 train_time:764633ms step_avg:626.75ms
step:1230/2000 train_loss:0.4618 grad_norm:2.8684 train_time:770868ms step_avg:626.72ms
step:1240/2000 train_loss:0.4733 grad_norm:2.9554 train_time:777109ms step_avg:626.70ms
manifold_diag:step:1240/2000 gold_dist_mean:0.0039 gold_dist_std:0.0002 raw_pred_norm_mean:22.6272 raw_pred_norm_std:0.0125 raw_center_norm_mean:17.4065 raw_center_norm_std:8.3150 pred_dim_std_mean:0.0151 center_dim_std_mean:0.0433
step:1240/2000 val_loss:7.0505 val_bpb:4.1757 train_time:777147ms step_avg:626.73ms
step:1250/2000 train_loss:0.4844 grad_norm:3.5625 train_time:783371ms step_avg:626.70ms
step:1260/2000 train_loss:0.5237 grad_norm:3.1039 train_time:789624ms step_avg:626.69ms
manifold_diag:step:1260/2000 gold_dist_mean:0.0039 gold_dist_std:0.0002 raw_pred_norm_mean:22.6274 raw_pred_norm_std:0.0125 raw_center_norm_mean:17.7492 raw_center_norm_std:8.4621 pred_dim_std_mean:0.0151 center_dim_std_mean:0.0433
step:1260/2000 val_loss:7.0491 val_bpb:4.1749 train_time:789663ms step_avg:626.72ms
step:1270/2000 train_loss:0.4523 grad_norm:2.7742 train_time:795886ms step_avg:626.68ms
step:1280/2000 train_loss:0.4428 grad_norm:3.2237 train_time:802136ms step_avg:626.67ms
manifold_diag:step:1280/2000 gold_dist_mean:0.0039 gold_dist_std:0.0002 raw_pred_norm_mean:22.6274 raw_pred_norm_std:0.0125 raw_center_norm_mean:18.0597 raw_center_norm_std:8.5925 pred_dim_std_mean:0.0151 center_dim_std_mean:0.0434
step:1280/2000 val_loss:7.0493 val_bpb:4.1750 train_time:802175ms step_avg:626.70ms
step:1290/2000 train_loss:0.4438 grad_norm:2.8809 train_time:808423ms step_avg:626.68ms
step:1300/2000 train_loss:0.4761 grad_norm:3.2943 train_time:814658ms step_avg:626.66ms
manifold_diag:step:1300/2000 gold_dist_mean:0.0039 gold_dist_std:0.0002 raw_pred_norm_mean:22.6274 raw_pred_norm_std:0.0124 raw_center_norm_mean:18.3964 raw_center_norm_std:8.7101 pred_dim_std_mean:0.0151 center_dim_std_mean:0.0434
step:1300/2000 val_loss:7.0476 val_bpb:4.1740 train_time:814696ms step_avg:626.69ms
step:1310/2000 train_loss:0.5117 grad_norm:2.9095 train_time:820952ms step_avg:626.68ms
step:1320/2000 train_loss:0.4477 grad_norm:2.7035 train_time:827175ms step_avg:626.65ms
manifold_diag:step:1320/2000 gold_dist_mean:0.0039 gold_dist_std:0.0002 raw_pred_norm_mean:22.6274 raw_pred_norm_std:0.0126 raw_center_norm_mean:18.7350 raw_center_norm_std:8.8525 pred_dim_std_mean:0.0151 center_dim_std_mean:0.0434
step:1320/2000 val_loss:7.0466 val_bpb:4.1734 train_time:827214ms step_avg:626.68ms
step:1330/2000 train_loss:0.4810 grad_norm:3.0106 train_time:833451ms step_avg:626.66ms
step:1340/2000 train_loss:0.4362 grad_norm:2.7220 train_time:839772ms step_avg:626.70ms
manifold_diag:step:1340/2000 gold_dist_mean:0.0039 gold_dist_std:0.0002 raw_pred_norm_mean:22.6273 raw_pred_norm_std:0.0125 raw_center_norm_mean:19.0992 raw_center_norm_std:8.9659 pred_dim_std_mean:0.0151 center_dim_std_mean:0.0435
step:1340/2000 val_loss:7.0446 val_bpb:4.1722 train_time:839810ms step_avg:626.72ms
step:1350/2000 train_loss:0.4706 grad_norm:2.5173 train_time:846042ms step_avg:626.70ms
step:1360/2000 train_loss:0.4708 grad_norm:2.6826 train_time:852268ms step_avg:626.67ms
manifold_diag:step:1360/2000 gold_dist_mean:0.0039 gold_dist_std:0.0002 raw_pred_norm_mean:22.6274 raw_pred_norm_std:0.0125 raw_center_norm_mean:19.4076 raw_center_norm_std:9.0770 pred_dim_std_mean:0.0152 center_dim_std_mean:0.0435
step:1360/2000 val_loss:7.0445 val_bpb:4.1721 train_time:852307ms step_avg:626.70ms
step:1370/2000 train_loss:0.4543 grad_norm:2.9664 train_time:858537ms step_avg:626.67ms
step:1380/2000 train_loss:0.4507 grad_norm:2.6469 train_time:864766ms step_avg:626.64ms
manifold_diag:step:1380/2000 gold_dist_mean:0.0039 gold_dist_std:0.0002 raw_pred_norm_mean:22.6274 raw_pred_norm_std:0.0125 raw_center_norm_mean:19.7183 raw_center_norm_std:9.1855 pred_dim_std_mean:0.0152 center_dim_std_mean:0.0435
step:1380/2000 val_loss:7.0433 val_bpb:4.1715 train_time:864805ms step_avg:626.67ms
step:1390/2000 train_loss:0.4312 grad_norm:2.5981 train_time:871032ms step_avg:626.64ms
step:1400/2000 train_loss:0.4678 grad_norm:3.1023 train_time:877260ms step_avg:626.61ms
manifold_diag:step:1400/2000 gold_dist_mean:0.0039 gold_dist_std:0.0002 raw_pred_norm_mean:22.6274 raw_pred_norm_std:0.0126 raw_center_norm_mean:20.0088 raw_center_norm_std:9.2743 pred_dim_std_mean:0.0151 center_dim_std_mean:0.0435
step:1400/2000 val_loss:7.0420 val_bpb:4.1707 train_time:877298ms step_avg:626.64ms
step:1410/2000 train_loss:0.5002 grad_norm:3.0004 train_time:883529ms step_avg:626.62ms
step:1420/2000 train_loss:0.4470 grad_norm:2.9068 train_time:889759ms step_avg:626.59ms
manifold_diag:step:1420/2000 gold_dist_mean:0.0039 gold_dist_std:0.0002 raw_pred_norm_mean:22.6274 raw_pred_norm_std:0.0125 raw_center_norm_mean:20.3488 raw_center_norm_std:9.3972 pred_dim_std_mean:0.0152 center_dim_std_mean:0.0435
step:1420/2000 val_loss:7.0406 val_bpb:4.1699 train_time:889797ms step_avg:626.62ms
step:1430/2000 train_loss:0.4824 grad_norm:3.4802 train_time:896030ms step_avg:626.59ms
step:1440/2000 train_loss:0.4593 grad_norm:2.6758 train_time:902261ms step_avg:626.57ms
manifold_diag:step:1440/2000 gold_dist_mean:0.0039 gold_dist_std:0.0002 raw_pred_norm_mean:22.6274 raw_pred_norm_std:0.0125 raw_center_norm_mean:20.6628 raw_center_norm_std:9.5451 pred_dim_std_mean:0.0151 center_dim_std_mean:0.0435
step:1440/2000 val_loss:7.0406 val_bpb:4.1698 train_time:902299ms step_avg:626.60ms
step:1450/2000 train_loss:0.4697 grad_norm:2.8359 train_time:908525ms step_avg:626.57ms
step:1460/2000 train_loss:0.4323 grad_norm:2.7310 train_time:914758ms step_avg:626.55ms
manifold_diag:step:1460/2000 gold_dist_mean:0.0039 gold_dist_std:0.0002 raw_pred_norm_mean:22.6274 raw_pred_norm_std:0.0124 raw_center_norm_mean:20.9780 raw_center_norm_std:9.6679 pred_dim_std_mean:0.0151 center_dim_std_mean:0.0436
step:1460/2000 val_loss:7.0396 val_bpb:4.1692 train_time:914797ms step_avg:626.57ms
step:1470/2000 train_loss:0.4442 grad_norm:2.6214 train_time:921023ms step_avg:626.55ms
step:1480/2000 train_loss:0.4557 grad_norm:2.8541 train_time:927254ms step_avg:626.52ms
manifold_diag:step:1480/2000 gold_dist_mean:0.0039 gold_dist_std:0.0002 raw_pred_norm_mean:22.6274 raw_pred_norm_std:0.0125 raw_center_norm_mean:21.2756 raw_center_norm_std:9.7975 pred_dim_std_mean:0.0152 center_dim_std_mean:0.0436
step:1480/2000 val_loss:7.0389 val_bpb:4.1689 train_time:927293ms step_avg:626.55ms
step:1490/2000 train_loss:0.4374 grad_norm:2.4432 train_time:933522ms step_avg:626.52ms
step:1500/2000 train_loss:0.4397 grad_norm:2.9559 train_time:939804ms step_avg:626.54ms
manifold_diag:step:1500/2000 gold_dist_mean:0.0039 gold_dist_std:0.0002 raw_pred_norm_mean:22.6273 raw_pred_norm_std:0.0124 raw_center_norm_mean:21.5445 raw_center_norm_std:9.9281 pred_dim_std_mean:0.0152 center_dim_std_mean:0.0436
step:1500/2000 val_loss:7.0381 val_bpb:4.1684 train_time:939843ms step_avg:626.56ms
step:1510/2000 train_loss:0.4402 grad_norm:2.4186 train_time:946079ms step_avg:626.54ms
step:1520/2000 train_loss:0.4122 grad_norm:2.7590 train_time:952355ms step_avg:626.55ms
manifold_diag:step:1520/2000 gold_dist_mean:0.0039 gold_dist_std:0.0002 raw_pred_norm_mean:22.6274 raw_pred_norm_std:0.0125 raw_center_norm_mean:21.8240 raw_center_norm_std:10.0409 pred_dim_std_mean:0.0151 center_dim_std_mean:0.0436
step:1520/2000 val_loss:7.0367 val_bpb:4.1675 train_time:952394ms step_avg:626.57ms
step:1530/2000 train_loss:0.4245 grad_norm:2.3131 train_time:958658ms step_avg:626.57ms
step:1540/2000 train_loss:0.4204 grad_norm:2.4173 train_time:964895ms step_avg:626.56ms
manifold_diag:step:1540/2000 gold_dist_mean:0.0039 gold_dist_std:0.0002 raw_pred_norm_mean:22.6273 raw_pred_norm_std:0.0125 raw_center_norm_mean:22.1176 raw_center_norm_std:10.1581 pred_dim_std_mean:0.0152 center_dim_std_mean:0.0436
step:1540/2000 val_loss:7.0359 val_bpb:4.1671 train_time:964934ms step_avg:626.58ms
step:1550/2000 train_loss:0.4958 grad_norm:2.4542 train_time:971180ms step_avg:626.57ms
step:1560/2000 train_loss:0.3951 grad_norm:2.0207 train_time:977409ms step_avg:626.54ms
manifold_diag:step:1560/2000 gold_dist_mean:0.0039 gold_dist_std:0.0002 raw_pred_norm_mean:22.6273 raw_pred_norm_std:0.0125 raw_center_norm_mean:22.3826 raw_center_norm_std:10.2650 pred_dim_std_mean:0.0152 center_dim_std_mean:0.0436
step:1560/2000 val_loss:7.0360 val_bpb:4.1671 train_time:977448ms step_avg:626.57ms
step:1570/2000 train_loss:0.4193 grad_norm:2.7082 train_time:983703ms step_avg:626.56ms
step:1580/2000 train_loss:0.4223 grad_norm:2.1211 train_time:989927ms step_avg:626.54ms
manifold_diag:step:1580/2000 gold_dist_mean:0.0039 gold_dist_std:0.0002 raw_pred_norm_mean:22.6274 raw_pred_norm_std:0.0125 raw_center_norm_mean:22.6325 raw_center_norm_std:10.3775 pred_dim_std_mean:0.0151 center_dim_std_mean:0.0436
step:1580/2000 val_loss:7.0358 val_bpb:4.1670 train_time:989965ms step_avg:626.56ms
step:1590/2000 train_loss:0.4147 grad_norm:3.0756 train_time:996199ms step_avg:626.54ms
step:1600/2000 train_loss:0.3941 grad_norm:2.0191 train_time:1002427ms step_avg:626.52ms
manifold_diag:step:1600/2000 gold_dist_mean:0.0039 gold_dist_std:0.0002 raw_pred_norm_mean:22.6275 raw_pred_norm_std:0.0125 raw_center_norm_mean:22.9060 raw_center_norm_std:10.4875 pred_dim_std_mean:0.0152 center_dim_std_mean:0.0436
step:1600/2000 val_loss:7.0355 val_bpb:4.1668 train_time:1002465ms step_avg:626.54ms
step:1610/2000 train_loss:0.4622 grad_norm:2.3427 train_time:1008702ms step_avg:626.52ms
step:1620/2000 train_loss:0.3630 grad_norm:1.8002 train_time:1014933ms step_avg:626.50ms
manifold_diag:step:1620/2000 gold_dist_mean:0.0039 gold_dist_std:0.0002 raw_pred_norm_mean:22.6274 raw_pred_norm_std:0.0125 raw_center_norm_mean:23.1732 raw_center_norm_std:10.5908 pred_dim_std_mean:0.0151 center_dim_std_mean:0.0436
step:1620/2000 val_loss:7.0348 val_bpb:4.1664 train_time:1014971ms step_avg:626.53ms
step:1630/2000 train_loss:0.4486 grad_norm:2.6908 train_time:1021198ms step_avg:626.50ms
step:1640/2000 train_loss:0.4338 grad_norm:2.4472 train_time:1027423ms step_avg:626.48ms
manifold_diag:step:1640/2000 gold_dist_mean:0.0039 gold_dist_std:0.0002 raw_pred_norm_mean:22.6273 raw_pred_norm_std:0.0124 raw_center_norm_mean:23.3997 raw_center_norm_std:10.7120 pred_dim_std_mean:0.0151 center_dim_std_mean:0.0436
step:1640/2000 val_loss:7.0342 val_bpb:4.1661 train_time:1027462ms step_avg:626.50ms
step:1650/2000 train_loss:0.4522 grad_norm:2.3945 train_time:1033702ms step_avg:626.49ms
step:1660/2000 train_loss:0.4176 grad_norm:2.2168 train_time:1039926ms step_avg:626.46ms
manifold_diag:step:1660/2000 gold_dist_mean:0.0039 gold_dist_std:0.0002 raw_pred_norm_mean:22.6274 raw_pred_norm_std:0.0124 raw_center_norm_mean:23.6081 raw_center_norm_std:10.8002 pred_dim_std_mean:0.0149 center_dim_std_mean:0.0436
step:1660/2000 val_loss:7.0342 val_bpb:4.1660 train_time:1039964ms step_avg:626.48ms
step:1670/2000 train_loss:0.4059 grad_norm:2.7322 train_time:1046194ms step_avg:626.46ms
step:1680/2000 train_loss:0.3941 grad_norm:2.2979 train_time:1052420ms step_avg:626.44ms
manifold_diag:step:1680/2000 gold_dist_mean:0.0039 gold_dist_std:0.0002 raw_pred_norm_mean:22.6273 raw_pred_norm_std:0.0124 raw_center_norm_mean:23.8146 raw_center_norm_std:10.8859 pred_dim_std_mean:0.0149 center_dim_std_mean:0.0436
step:1680/2000 val_loss:7.0356 val_bpb:4.1669 train_time:1052458ms step_avg:626.46ms
step:1690/2000 train_loss:0.3765 grad_norm:2.0588 train_time:1058690ms step_avg:626.44ms
step:1700/2000 train_loss:0.4240 grad_norm:2.5807 train_time:1064915ms step_avg:626.42ms
manifold_diag:step:1700/2000 gold_dist_mean:0.0039 gold_dist_std:0.0002 raw_pred_norm_mean:22.6273 raw_pred_norm_std:0.0124 raw_center_norm_mean:24.0745 raw_center_norm_std:10.9862 pred_dim_std_mean:0.0152 center_dim_std_mean:0.0436
step:1700/2000 val_loss:7.0349 val_bpb:4.1665 train_time:1064953ms step_avg:626.44ms
step:1710/2000 train_loss:0.4096 grad_norm:2.4746 train_time:1071176ms step_avg:626.42ms
step:1720/2000 train_loss:0.5307 grad_norm:3.2120 train_time:1077461ms step_avg:626.43ms
manifold_diag:step:1720/2000 gold_dist_mean:0.0039 gold_dist_std:0.0002 raw_pred_norm_mean:22.6274 raw_pred_norm_std:0.0124 raw_center_norm_mean:24.3611 raw_center_norm_std:11.1429 pred_dim_std_mean:0.0151 center_dim_std_mean:0.0436
step:1720/2000 val_loss:7.0338 val_bpb:4.1658 train_time:1077502ms step_avg:626.45ms
step:1730/2000 train_loss:0.3850 grad_norm:2.0519 train_time:1083735ms step_avg:626.44ms
step:1740/2000 train_loss:0.4108 grad_norm:2.3633 train_time:1090005ms step_avg:626.44ms
manifold_diag:step:1740/2000 gold_dist_mean:0.0039 gold_dist_std:0.0002 raw_pred_norm_mean:22.6273 raw_pred_norm_std:0.0124 raw_center_norm_mean:24.6208 raw_center_norm_std:11.2803 pred_dim_std_mean:0.0151 center_dim_std_mean:0.0436
step:1740/2000 val_loss:7.0335 val_bpb:4.1656 train_time:1090044ms step_avg:626.46ms
step:1750/2000 train_loss:0.3976 grad_norm:2.3138 train_time:1096272ms step_avg:626.44ms
step:1760/2000 train_loss:0.3896 grad_norm:2.1405 train_time:1102547ms step_avg:626.45ms
manifold_diag:step:1760/2000 gold_dist_mean:0.0039 gold_dist_std:0.0002 raw_pred_norm_mean:22.6274 raw_pred_norm_std:0.0124 raw_center_norm_mean:24.8819 raw_center_norm_std:11.4027 pred_dim_std_mean:0.0151 center_dim_std_mean:0.0436
step:1760/2000 val_loss:7.0328 val_bpb:4.1652 train_time:1102586ms step_avg:626.47ms
step:1770/2000 train_loss:0.3736 grad_norm:2.1659 train_time:1108831ms step_avg:626.46ms
step:1780/2000 train_loss:0.3953 grad_norm:1.9394 train_time:1115066ms step_avg:626.44ms
manifold_diag:step:1780/2000 gold_dist_mean:0.0039 gold_dist_std:0.0002 raw_pred_norm_mean:22.6274 raw_pred_norm_std:0.0123 raw_center_norm_mean:25.0976 raw_center_norm_std:11.5151 pred_dim_std_mean:0.0152 center_dim_std_mean:0.0436
step:1780/2000 val_loss:7.0329 val_bpb:4.1653 train_time:1115104ms step_avg:626.46ms
step:1790/2000 train_loss:0.3894 grad_norm:2.0411 train_time:1121347ms step_avg:626.45ms
step:1800/2000 train_loss:0.4140 grad_norm:2.2711 train_time:1127590ms step_avg:626.44ms
manifold_diag:step:1800/2000 gold_dist_mean:0.0039 gold_dist_std:0.0002 raw_pred_norm_mean:22.6274 raw_pred_norm_std:0.0123 raw_center_norm_mean:25.3020 raw_center_norm_std:11.5981 pred_dim_std_mean:0.0151 center_dim_std_mean:0.0436
step:1800/2000 val_loss:7.0336 val_bpb:4.1657 train_time:1127628ms step_avg:626.46ms
step:1810/2000 train_loss:0.4136 grad_norm:2.3271 train_time:1133898ms step_avg:626.46ms
step:1820/2000 train_loss:0.4045 grad_norm:2.2770 train_time:1140123ms step_avg:626.44ms
manifold_diag:step:1820/2000 gold_dist_mean:0.0039 gold_dist_std:0.0002 raw_pred_norm_mean:22.6273 raw_pred_norm_std:0.0123 raw_center_norm_mean:25.5364 raw_center_norm_std:11.7254 pred_dim_std_mean:0.0150 center_dim_std_mean:0.0436
step:1820/2000 val_loss:7.0335 val_bpb:4.1656 train_time:1140162ms step_avg:626.46ms
step:1830/2000 train_loss:0.5346 grad_norm:2.4141 train_time:1146391ms step_avg:626.44ms
step:1840/2000 train_loss:0.3988 grad_norm:2.1532 train_time:1152624ms step_avg:626.43ms
manifold_diag:step:1840/2000 gold_dist_mean:0.0039 gold_dist_std:0.0002 raw_pred_norm_mean:22.6273 raw_pred_norm_std:0.0124 raw_center_norm_mean:25.7833 raw_center_norm_std:11.8241 pred_dim_std_mean:0.0149 center_dim_std_mean:0.0436
step:1840/2000 val_loss:7.0323 val_bpb:4.1649 train_time:1152663ms step_avg:626.45ms
step:1850/2000 train_loss:0.4390 grad_norm:2.1661 train_time:1158890ms step_avg:626.43ms
step:1860/2000 train_loss:0.3821 grad_norm:2.0340 train_time:1165119ms step_avg:626.41ms
manifold_diag:step:1860/2000 gold_dist_mean:0.0039 gold_dist_std:0.0002 raw_pred_norm_mean:22.6273 raw_pred_norm_std:0.0124 raw_center_norm_mean:26.0595 raw_center_norm_std:11.9291 pred_dim_std_mean:0.0150 center_dim_std_mean:0.0436
step:1860/2000 val_loss:7.0305 val_bpb:4.1639 train_time:1165158ms step_avg:626.43ms
step:1870/2000 train_loss:0.3682 grad_norm:2.2521 train_time:1171397ms step_avg:626.42ms
step:1880/2000 train_loss:0.3725 grad_norm:2.3041 train_time:1177631ms step_avg:626.40ms
manifold_diag:step:1880/2000 gold_dist_mean:0.0039 gold_dist_std:0.0002 raw_pred_norm_mean:22.6274 raw_pred_norm_std:0.0123 raw_center_norm_mean:26.2971 raw_center_norm_std:12.0139 pred_dim_std_mean:0.0151 center_dim_std_mean:0.0436
step:1880/2000 val_loss:7.0303 val_bpb:4.1637 train_time:1177669ms step_avg:626.42ms
step:1890/2000 train_loss:0.3877 grad_norm:2.2442 train_time:1183891ms step_avg:626.40ms
step:1900/2000 train_loss:0.3897 grad_norm:2.2052 train_time:1190115ms step_avg:626.38ms
manifold_diag:step:1900/2000 gold_dist_mean:0.0039 gold_dist_std:0.0002 raw_pred_norm_mean:22.6274 raw_pred_norm_std:0.0123 raw_center_norm_mean:26.5484 raw_center_norm_std:12.0980 pred_dim_std_mean:0.0151 center_dim_std_mean:0.0436
step:1900/2000 val_loss:7.0304 val_bpb:4.1638 train_time:1190153ms step_avg:626.40ms
step:1910/2000 train_loss:0.4172 grad_norm:2.0684 train_time:1196377ms step_avg:626.38ms
step:1920/2000 train_loss:0.3969 grad_norm:2.3496 train_time:1202615ms step_avg:626.36ms
manifold_diag:step:1920/2000 gold_dist_mean:0.0039 gold_dist_std:0.0002 raw_pred_norm_mean:22.6274 raw_pred_norm_std:0.0124 raw_center_norm_mean:26.7085 raw_center_norm_std:12.1484 pred_dim_std_mean:0.0154 center_dim_std_mean:0.0436
step:1920/2000 val_loss:7.0300 val_bpb:4.1636 train_time:1202655ms step_avg:626.38ms
step:1930/2000 train_loss:0.4068 grad_norm:2.3958 train_time:1208876ms step_avg:626.36ms
step:1940/2000 train_loss:0.4159 grad_norm:2.0711 train_time:1215100ms step_avg:626.34ms
manifold_diag:step:1940/2000 gold_dist_mean:0.0039 gold_dist_std:0.0002 raw_pred_norm_mean:22.6274 raw_pred_norm_std:0.0124 raw_center_norm_mean:26.8698 raw_center_norm_std:12.2053 pred_dim_std_mean:0.0152 center_dim_std_mean:0.0435
step:1940/2000 val_loss:7.0310 val_bpb:4.1642 train_time:1215139ms step_avg:626.36ms
step:1950/2000 train_loss:0.3682 grad_norm:2.0596 train_time:1221362ms step_avg:626.34ms
step:1960/2000 train_loss:0.4044 grad_norm:2.1209 train_time:1227616ms step_avg:626.33ms
manifold_diag:step:1960/2000 gold_dist_mean:0.0039 gold_dist_std:0.0002 raw_pred_norm_mean:22.6274 raw_pred_norm_std:0.0124 raw_center_norm_mean:27.0498 raw_center_norm_std:12.2781 pred_dim_std_mean:0.0150 center_dim_std_mean:0.0436
step:1960/2000 val_loss:7.0317 val_bpb:4.1646 train_time:1227655ms step_avg:626.35ms
step:1970/2000 train_loss:0.5775 grad_norm:2.8514 train_time:1233879ms step_avg:626.33ms
step:1980/2000 train_loss:0.4121 grad_norm:2.2550 train_time:1240139ms step_avg:626.33ms
manifold_diag:step:1980/2000 gold_dist_mean:0.0039 gold_dist_std:0.0002 raw_pred_norm_mean:22.6273 raw_pred_norm_std:0.0124 raw_center_norm_mean:27.2478 raw_center_norm_std:12.3580 pred_dim_std_mean:0.0152 center_dim_std_mean:0.0435
step:1980/2000 val_loss:7.0317 val_bpb:4.1646 train_time:1240178ms step_avg:626.35ms
step:1990/2000 train_loss:0.3901 grad_norm:2.2745 train_time:1246401ms step_avg:626.33ms
step:2000/2000 train_loss:0.4202 grad_norm:2.1832 train_time:1252667ms step_avg:626.33ms
manifold_diag:step:2000/2000 gold_dist_mean:0.0039 gold_dist_std:0.0002 raw_pred_norm_mean:22.6274 raw_pred_norm_std:0.0124 raw_center_norm_mean:27.4860 raw_center_norm_std:12.4288 pred_dim_std_mean:0.0152 center_dim_std_mean:0.0436
step:2000/2000 val_loss:7.0311 val_bpb:4.1642 train_time:1252706ms step_avg:626.35ms
