"""
World-model-first chunked language model trained only by downstream token CE.

Architecture:
- encoder maps the full token prefix to token hidden states
- hidden states are pooled into slow chunk states z_k
- a predictor maps previous chunk state z_{k-1} to a predicted current chunk state zhat_k
- a weak lexicalizer reads local token history inside chunk k plus zhat_k to predict chunk-k targets

This keeps the world model on the critical path while avoiding auxiliary losses and detached critic heads.
"""

from __future__ import annotations

import copy
import io
import os
import random
import subprocess
import sys
import time
import zlib
from pathlib import Path

import numpy as np
import sentencepiece as spm
import torch
import torch.distributed as dist
import torch.nn.functional as F
from torch import Tensor, nn
from torch.nn.parallel import DistributedDataParallel as DDP

sys.path.insert(0, str(Path(__file__).resolve().parent.parent))
import train_gpt as base  # noqa: E402


class Hyperparameters(base.Hyperparameters):
    chunk_size = int(os.environ.get("CHUNK_SIZE", "16"))
    wm_latent_dim = int(os.environ.get("WM_LATENT_DIM", str(max(128, int(os.environ.get("MODEL_DIM", "512")) // 2))))
    wm_pred_expansion = int(os.environ.get("WM_PRED_EXPANSION", "2"))
    wm_pred_dropout = float(os.environ.get("WM_PRED_DROPOUT", "0.1"))
    decoder_layers = int(os.environ.get("DECODER_LAYERS", "1"))
    decoder_heads = int(os.environ.get("DECODER_HEADS", "8"))
    decoder_kv_heads = int(os.environ.get("DECODER_KV_HEADS", "4"))
    decoder_mlp_mult = int(os.environ.get("DECODER_MLP_MULT", "2"))
    lex_embed_lr = float(os.environ.get("LEX_EMBED_LR", str(base.Hyperparameters.head_lr)))


class LatentProjector(nn.Module):
    def __init__(self, in_dim: int, out_dim: int):
        super().__init__()
        self.linear = base.CastedLinear(in_dim, out_dim, bias=False)

    def forward(self, x: Tensor) -> Tensor:
        flat = self.linear(x.reshape(-1, x.size(-1)))
        return flat.reshape(x.size(0), x.size(1), -1)


class LatentPredictor(nn.Module):
    def __init__(self, dim: int, expansion: int, dropout: float):
        super().__init__()
        hidden = max(dim, dim * expansion)
        self.fc = base.CastedLinear(dim, hidden, bias=False)
        self.dropout = nn.Dropout(dropout)
        self.proj = base.CastedLinear(hidden, dim, bias=False)
        self.proj._zero_init = True

    def forward(self, latent: Tensor) -> Tensor:
        return latent + self.proj(self.dropout(torch.relu(self.fc(latent))))


class ChunkLexicalDecoder(nn.Module):
    def __init__(
        self,
        vocab_size: int,
        model_dim: int,
        latent_dim: int,
        num_layers: int,
        num_heads: int,
        num_kv_heads: int,
        mlp_mult: int,
        rope_base: float,
        qk_gain_init: float,
        logit_softcap: float,
    ):
        super().__init__()
        self.logit_softcap = logit_softcap
        self.tok_emb = nn.Embedding(vocab_size, model_dim)
        self.latent_proj = base.CastedLinear(latent_dim, model_dim, bias=False)
        self.blocks = nn.ModuleList(
            [
                base.Block(
                    model_dim,
                    num_heads,
                    num_kv_heads,
                    mlp_mult,
                    rope_base,
                    qk_gain_init,
                )
                for _ in range(num_layers)
            ]
        )
        self.final_norm = base.RMSNorm()
        self.lm_head = base.CastedLinear(model_dim, vocab_size, bias=False)

    def forward(self, input_ids: Tensor, cond_latent: Tensor) -> Tensor:
        bsz, num_chunks, chunk_size = input_ids.shape
        x = self.tok_emb(input_ids.reshape(bsz * num_chunks, chunk_size))
        cond = self.latent_proj(cond_latent.reshape(bsz * num_chunks, cond_latent.size(-1))).unsqueeze(1)
        x = x + cond
        x0 = x
        for block in self.blocks:
            x = block(x, x0)
        x = self.final_norm(x)
        logits_proj = self.lm_head(x.reshape(-1, x.size(-1)))
        logits = self.logit_softcap * torch.tanh(logits_proj / self.logit_softcap)
        return logits.reshape(bsz, num_chunks, chunk_size, -1)


class WMChunkCEGPT(base.GPT):
    training_only_prefixes: tuple[str, ...] = ()

    def __init__(self, args: Hyperparameters):
        super().__init__(
            vocab_size=args.vocab_size,
            num_layers=args.num_layers,
            model_dim=args.model_dim,
            num_heads=args.num_heads,
            num_kv_heads=args.num_kv_heads,
            mlp_mult=args.mlp_mult,
            tie_embeddings=True,
            tied_embed_init_std=args.tied_embed_init_std,
            logit_softcap=args.logit_softcap,
            rope_base=args.rope_base,
            qk_gain_init=args.qk_gain_init,
        )
        if args.train_seq_len % args.chunk_size != 0:
            raise ValueError(f"TRAIN_SEQ_LEN={args.train_seq_len} must be divisible by CHUNK_SIZE={args.chunk_size}")
        if args.decoder_heads > args.model_dim or args.model_dim % args.decoder_heads != 0:
            raise ValueError("decoder_heads must divide model_dim")
        self.chunk_size = args.chunk_size
        self.encoder_projector = LatentProjector(args.model_dim, args.wm_latent_dim)
        self.predictor = LatentPredictor(args.wm_latent_dim, args.wm_pred_expansion, args.wm_pred_dropout)
        self.predictor_projector = LatentProjector(args.wm_latent_dim, args.wm_latent_dim)
        self.lexical_decoder = ChunkLexicalDecoder(
            vocab_size=args.vocab_size,
            model_dim=args.model_dim,
            latent_dim=args.wm_latent_dim,
            num_layers=args.decoder_layers,
            num_heads=args.decoder_heads,
            num_kv_heads=args.decoder_kv_heads,
            mlp_mult=args.decoder_mlp_mult,
            rope_base=args.rope_base,
            qk_gain_init=args.qk_gain_init,
            logit_softcap=args.logit_softcap,
        )
        self.init_latent = nn.Parameter(torch.zeros(args.wm_latent_dim, dtype=torch.float32))
        nn.init.zeros_(self.predictor.proj.weight)

    def encode_hidden(self, input_ids: Tensor) -> Tensor:
        x = self.tok_emb(input_ids)
        x = F.rms_norm(x, (x.size(-1),))
        x0 = x
        skips: list[Tensor] = []
        for i in range(self.num_encoder_layers):
            x = self.blocks[i](x, x0)
            skips.append(x)
        for i in range(self.num_decoder_layers):
            if skips:
                x = x + self.skip_weights[i].to(dtype=x.dtype)[None, None, :] * skips.pop()
            x = self.blocks[self.num_encoder_layers + i](x, x0)
        return self.final_norm(x)

    def pool_chunks(self, hidden: Tensor) -> Tensor:
        bsz, seqlen, dim = hidden.shape
        num_chunks = seqlen // self.chunk_size
        hidden = hidden.reshape(bsz, num_chunks, self.chunk_size, dim)
        return hidden.mean(dim=2)

    def encode_latent(self, hidden: Tensor) -> Tensor:
        return self.encoder_projector(self.pool_chunks(hidden))

    def predict_chunk_latents(self, latent: Tensor) -> Tensor:
        init = self.init_latent.to(dtype=latent.dtype)[None, None, :].expand(latent.size(0), 1, -1)
        prev = torch.cat((init, latent[:, :-1, :]), dim=1)
        return self.predictor_projector(self.predictor(prev))

    def chunk_ce_loss(self, input_ids: Tensor, target_ids: Tensor, cond_latent: Tensor) -> Tensor:
        bsz, seqlen = input_ids.shape
        num_chunks = seqlen // self.chunk_size
        input_chunks = input_ids.reshape(bsz, num_chunks, self.chunk_size)
        target_chunks = target_ids.reshape(bsz, num_chunks, self.chunk_size)
        logits = self.lexical_decoder(input_chunks, cond_latent)
        return F.cross_entropy(logits.reshape(-1, logits.size(-1)).float(), target_chunks.reshape(-1), reduction="mean")

    def forward(self, input_ids: Tensor, target_ids: Tensor) -> Tensor:
        hidden = self.encode_hidden(input_ids)
        latent = self.encode_latent(hidden)
        pred_latent = self.predict_chunk_latents(latent)
        return self.chunk_ce_loss(input_ids, target_ids, pred_latent)

    def artifact_state_dict(self) -> dict[str, Tensor]:
        return {name: tensor for name, tensor in self.state_dict().items()}


def main() -> None:
    code = Path(__file__).read_text(encoding="utf-8")
    args = Hyperparameters()
    base.zeropower_via_newtonschulz5 = torch.compile(base.zeropower_via_newtonschulz5)

    distributed = "RANK" in os.environ and "WORLD_SIZE" in os.environ
    rank = int(os.environ.get("RANK", "0"))
    world_size = int(os.environ.get("WORLD_SIZE", "1"))
    local_rank = int(os.environ.get("LOCAL_RANK", "0"))
    if world_size <= 0:
        raise ValueError(f"WORLD_SIZE must be positive, got {world_size}")
    if 8 % world_size != 0:
        raise ValueError(f"WORLD_SIZE={world_size} must divide 8 so grad_accum_steps stays integral")
    grad_accum_steps = 8 // world_size
    grad_scale = 1.0 / grad_accum_steps
    if not torch.cuda.is_available():
        raise RuntimeError("CUDA is required")
    device = torch.device("cuda", local_rank)
    torch.cuda.set_device(device)
    if distributed:
        dist.init_process_group(backend="nccl", device_id=device)
        dist.barrier()
    master_process = rank == 0

    torch.backends.cuda.matmul.allow_tf32 = True
    torch.backends.cudnn.allow_tf32 = True
    torch.set_float32_matmul_precision("high")
    from torch.backends.cuda import enable_cudnn_sdp, enable_flash_sdp, enable_math_sdp, enable_mem_efficient_sdp

    enable_cudnn_sdp(False)
    enable_flash_sdp(True)
    enable_mem_efficient_sdp(False)
    enable_math_sdp(False)

    logfile = None
    if master_process:
        os.makedirs("logs", exist_ok=True)
        logfile = f"logs/{args.run_id}.txt"
        print(logfile)

    def log0(msg: str, console: bool = True) -> None:
        if not master_process:
            return
        if console:
            print(msg)
        if logfile is not None:
            with open(logfile, "a", encoding="utf-8") as f:
                print(msg, file=f)

    log0(code, console=False)
    log0("=" * 100, console=False)
    log0(f"Running Python {sys.version}", console=False)
    log0(f"Running PyTorch {torch.__version__}", console=False)
    log0(
        subprocess.run(["nvidia-smi"], stdout=subprocess.PIPE, stderr=subprocess.PIPE, text=True, check=False).stdout,
        console=False,
    )
    log0("=" * 100, console=False)

    random.seed(args.seed)
    np.random.seed(args.seed)
    torch.manual_seed(args.seed)
    torch.cuda.manual_seed_all(args.seed)

    if not args.tokenizer_path.endswith(".model"):
        raise ValueError(f"Script only setup for SentencePiece .model file: {args.tokenizer_path}")
    sp = spm.SentencePieceProcessor(model_file=args.tokenizer_path)
    if int(sp.vocab_size()) != args.vocab_size:
        raise ValueError(
            f"VOCAB_SIZE={args.vocab_size} does not match tokenizer vocab_size={int(sp.vocab_size())}"
        )
    dataset_dir = Path(args.data_path).resolve()
    actual_train_files = len(list(dataset_dir.glob("fineweb_train_*.bin")))
    val_tokens = base.load_validation_tokens(args.val_files, args.train_seq_len)
    base_bytes_lut, has_leading_space_lut, is_boundary_token_lut = base.build_sentencepiece_luts(
        sp, args.vocab_size, device
    )
    log0(f"val_bpb:enabled tokenizer_kind=sentencepiece tokenizer_path={args.tokenizer_path}")
    log0(f"train_loader:dataset:{dataset_dir.name} train_shards:{actual_train_files}")
    log0(f"val_loader:shards pattern={args.val_files} tokens:{val_tokens.numel() - 1}")

    base_model = WMChunkCEGPT(args).to(device).bfloat16()
    for module in base_model.modules():
        if isinstance(module, base.CastedLinear):
            module.float()
    base.restore_low_dim_params_to_fp32(base_model)
    compiled_model = torch.compile(base_model, dynamic=False, fullgraph=True)
    model: nn.Module = DDP(compiled_model, device_ids=[local_rank], broadcast_buffers=False) if distributed else compiled_model

    named_params = list(base_model.named_parameters())
    matrix_params = [
        p
        for name, p in named_params
        if name not in {"tok_emb.weight", "lexical_decoder.tok_emb.weight"}
        and p.ndim == 2
        and not any(pattern in name for pattern in base.CONTROL_TENSOR_NAME_PATTERNS)
    ]
    scalar_params = [
        p
        for name, p in named_params
        if name not in {"tok_emb.weight", "lexical_decoder.tok_emb.weight"}
        and (p.ndim < 2 or any(pattern in name for pattern in base.CONTROL_TENSOR_NAME_PATTERNS))
    ]

    optimizer_enc_tok = torch.optim.Adam(
        [{"params": [base_model.tok_emb.weight], "lr": args.tied_embed_lr, "base_lr": args.tied_embed_lr}],
        betas=(args.beta1, args.beta2),
        eps=args.adam_eps,
        fused=True,
    )
    optimizer_lex_tok = torch.optim.Adam(
        [{"params": [base_model.lexical_decoder.tok_emb.weight], "lr": args.lex_embed_lr, "base_lr": args.lex_embed_lr}],
        betas=(args.beta1, args.beta2),
        eps=args.adam_eps,
        fused=True,
    )
    optimizer_muon = base.Muon(
        matrix_params,
        lr=args.matrix_lr,
        momentum=args.muon_momentum,
        backend_steps=args.muon_backend_steps,
    )
    for group in optimizer_muon.param_groups:
        group["base_lr"] = args.matrix_lr
    optimizer_scalar = torch.optim.Adam(
        [{"params": scalar_params, "lr": args.scalar_lr, "base_lr": args.scalar_lr}],
        betas=(args.beta1, args.beta2),
        eps=args.adam_eps,
        fused=True,
    )
    optimizers: list[torch.optim.Optimizer] = [optimizer_enc_tok, optimizer_lex_tok, optimizer_muon, optimizer_scalar]

    train_params = sum(p.numel() for p in base_model.parameters())
    artifact_params = sum(t.numel() for t in base_model.artifact_state_dict().values())
    log0(f"model_params_train:{train_params}")
    log0(f"model_params_artifact:{artifact_params}")
    log0(f"world_size:{world_size} grad_accum_steps:{grad_accum_steps}")
    log0("sdp_backends:cudnn=False flash=True mem_efficient=False math=False")
    log0(f"attention_mode:gqa num_heads:{args.num_heads} num_kv_heads:{args.num_kv_heads}")
    log0(
        f"wm_chunk_ce:chunk_size={args.chunk_size} latent_dim={args.wm_latent_dim} "
        f"pred_expansion={args.wm_pred_expansion} pred_dropout={args.wm_pred_dropout} "
        f"decoder_layers={args.decoder_layers} decoder_heads={args.decoder_heads} "
        f"decoder_kv_heads={args.decoder_kv_heads} decoder_mlp_mult={args.decoder_mlp_mult}"
    )
    log0(
        f"enc_embed_lr:{args.tied_embed_lr} lex_embed_lr:{args.lex_embed_lr} "
        f"matrix_lr:{args.matrix_lr} scalar_lr:{args.scalar_lr}"
    )
    log0(
        f"train_batch_tokens:{args.train_batch_tokens} train_seq_len:{args.train_seq_len} "
        f"iterations:{args.iterations} warmup_steps:{args.warmup_steps} "
        f"max_wallclock_seconds:{args.max_wallclock_seconds:.3f}"
    )
    log0(f"seed:{args.seed}")

    train_loader = base.DistributedTokenLoader(args.train_files, rank, world_size, device)

    def zero_grad_all() -> None:
        for opt in optimizers:
            opt.zero_grad(set_to_none=True)

    max_wallclock_ms = 1000.0 * args.max_wallclock_seconds if args.max_wallclock_seconds > 0 else None

    def lr_mul(step: int, elapsed_ms: float) -> float:
        if args.warmdown_iters <= 0:
            return 1.0
        if max_wallclock_ms is None:
            warmdown_start = max(args.iterations - args.warmdown_iters, 0)
            if warmdown_start <= step < args.iterations:
                return max((args.iterations - step) / max(args.warmdown_iters, 1), 0.0)
            return 1.0
        step_ms = elapsed_ms / max(step, 1)
        warmdown_ms = args.warmdown_iters * step_ms
        remaining_ms = max(max_wallclock_ms - elapsed_ms, 0.0)
        return remaining_ms / max(warmdown_ms, 1e-9) if remaining_ms <= warmdown_ms else 1.0

    if args.warmup_steps > 0:
        initial_model_state = {name: tensor.detach().cpu().clone() for name, tensor in base_model.state_dict().items()}
        initial_optimizer_states = [copy.deepcopy(opt.state_dict()) for opt in optimizers]
        model.train()
        for warmup_step in range(args.warmup_steps):
            zero_grad_all()
            for micro_step in range(grad_accum_steps):
                if distributed:
                    model.require_backward_grad_sync = micro_step == grad_accum_steps - 1
                x, y = train_loader.next_batch(args.train_batch_tokens, args.train_seq_len, grad_accum_steps)
                with torch.autocast(device_type="cuda", dtype=torch.bfloat16, enabled=True):
                    warmup_loss = model(x, y)
                (warmup_loss * grad_scale).backward()
            for opt in optimizers:
                opt.step()
            zero_grad_all()
            if args.warmup_steps <= 20 or (warmup_step + 1) % 10 == 0 or warmup_step + 1 == args.warmup_steps:
                log0(f"warmup_step:{warmup_step + 1}/{args.warmup_steps}")
        base_model.load_state_dict(initial_model_state, strict=True)
        for opt, state in zip(optimizers, initial_optimizer_states, strict=True):
            opt.load_state_dict(state)
        zero_grad_all()
        if distributed:
            model.require_backward_grad_sync = True
        train_loader = base.DistributedTokenLoader(args.train_files, rank, world_size, device)

    training_time_ms = 0.0
    stop_after_step: int | None = None
    torch.cuda.synchronize()
    t0 = time.perf_counter()

    step = 0
    while True:
        last_step = step == args.iterations or (stop_after_step is not None and step >= stop_after_step)
        should_validate = last_step or (args.val_loss_every > 0 and step % args.val_loss_every == 0)
        if should_validate:
            torch.cuda.synchronize()
            training_time_ms += 1000.0 * (time.perf_counter() - t0)
            val_loss, val_bpb = base.eval_val(
                args,
                model,
                rank,
                world_size,
                device,
                grad_accum_steps,
                val_tokens,
                base_bytes_lut,
                has_leading_space_lut,
                is_boundary_token_lut,
            )
            log0(
                f"step:{step}/{args.iterations} val_loss:{val_loss:.4f} val_bpb:{val_bpb:.4f} "
                f"train_time:{training_time_ms:.0f}ms step_avg:{training_time_ms / max(step, 1):.2f}ms"
            )
            torch.cuda.synchronize()
            t0 = time.perf_counter()

        if last_step:
            if stop_after_step is not None and step < args.iterations:
                log0(
                    f"stopping_early: wallclock_cap train_time:{training_time_ms:.0f}ms "
                    f"step:{step}/{args.iterations}"
                )
            break

        elapsed_ms = training_time_ms + 1000.0 * (time.perf_counter() - t0)
        scale = lr_mul(step, elapsed_ms)
        zero_grad_all()
        train_loss = torch.zeros((), device=device)
        for micro_step in range(grad_accum_steps):
            if distributed:
                model.require_backward_grad_sync = micro_step == grad_accum_steps - 1
            x, y = train_loader.next_batch(args.train_batch_tokens, args.train_seq_len, grad_accum_steps)
            with torch.autocast(device_type="cuda", dtype=torch.bfloat16, enabled=True):
                loss = model(x, y)
            train_loss += loss.detach()
            (loss * grad_scale).backward()
        train_loss /= grad_accum_steps

        frac = min(step / args.muon_momentum_warmup_steps, 1.0) if args.muon_momentum_warmup_steps > 0 else 1.0
        muon_momentum = (1 - frac) * args.muon_momentum_warmup_start + frac * args.muon_momentum
        for group in optimizer_muon.param_groups:
            group["momentum"] = muon_momentum
        for opt in optimizers:
            for group in opt.param_groups:
                group["lr"] = group["base_lr"] * scale

        if args.grad_clip_norm > 0:
            torch.nn.utils.clip_grad_norm_(base_model.parameters(), args.grad_clip_norm)
        for opt in optimizers:
            opt.step()
        zero_grad_all()

        step += 1
        approx_training_time_ms = training_time_ms + 1000.0 * (time.perf_counter() - t0)
        should_log_train = (
            args.train_log_every > 0
            and (step <= 10 or step % args.train_log_every == 0 or stop_after_step is not None)
        )
        if should_log_train:
            log0(
                f"step:{step}/{args.iterations} train_loss:{train_loss.item():.4f} "
                f"train_time:{approx_training_time_ms:.0f}ms step_avg:{approx_training_time_ms / step:.2f}ms"
            )

        reached_cap = max_wallclock_ms is not None and approx_training_time_ms >= max_wallclock_ms
        if distributed and max_wallclock_ms is not None:
            reached_cap_tensor = torch.tensor(int(reached_cap), device=device)
            dist.all_reduce(reached_cap_tensor, op=dist.ReduceOp.MAX)
            reached_cap = bool(reached_cap_tensor.item())
        if stop_after_step is None and reached_cap:
            stop_after_step = step

    log0(
        f"peak memory allocated: {torch.cuda.max_memory_allocated() // 1024 // 1024} MiB "
        f"reserved: {torch.cuda.max_memory_reserved() // 1024 // 1024} MiB"
    )

    artifact_state = base_model.artifact_state_dict()
    if master_process:
        torch.save(artifact_state, "final_model.pt")
        model_bytes = os.path.getsize("final_model.pt")
        code_bytes = len(code.encode("utf-8"))
        log0(f"Serialized artifact model: {model_bytes} bytes")
        log0(f"Code size: {code_bytes} bytes")
        log0(f"Total submission size: {model_bytes + code_bytes} bytes")

    quant_obj, quant_stats = base.quantize_state_dict_int8(artifact_state)
    quant_buf = io.BytesIO()
    torch.save(quant_obj, quant_buf)
    quant_raw = quant_buf.getvalue()
    quant_blob = zlib.compress(quant_raw, level=9)
    quant_raw_bytes = len(quant_raw)
    if master_process:
        with open("final_model.int8.ptz", "wb") as f:
            f.write(quant_blob)
        quant_file_bytes = os.path.getsize("final_model.int8.ptz")
        code_bytes = len(code.encode("utf-8"))
        ratio = quant_stats["baseline_tensor_bytes"] / max(quant_stats["int8_payload_bytes"], 1)
        log0(
            f"Serialized artifact int8+zlib: {quant_file_bytes} bytes "
            f"(payload:{quant_stats['int8_payload_bytes']} raw_torch:{quant_raw_bytes} payload_ratio:{ratio:.2f}x)"
        )
        log0(f"Total submission size int8+zlib: {quant_file_bytes + code_bytes} bytes")

    if distributed:
        dist.barrier()
    with open("final_model.int8.ptz", "rb") as f:
        quant_blob_disk = f.read()
    quant_state = torch.load(io.BytesIO(zlib.decompress(quant_blob_disk)), map_location="cpu")
    roundtrip_state = base.dequantize_state_dict_int8(quant_state)
    missing, unexpected = base_model.load_state_dict(roundtrip_state, strict=False)
    if unexpected:
        raise RuntimeError(f"Unexpected keys when loading roundtrip artifact: {unexpected}")
    if any(not any(name.startswith(prefix) for prefix in base_model.training_only_prefixes) for name in missing):
        raise RuntimeError(f"Unexpected missing keys when loading roundtrip artifact: {missing}")
    torch.cuda.synchronize()
    t_qeval = time.perf_counter()
    q_val_loss, q_val_bpb = base.eval_val(
        args,
        model,
        rank,
        world_size,
        device,
        grad_accum_steps,
        val_tokens,
        base_bytes_lut,
        has_leading_space_lut,
        is_boundary_token_lut,
    )
    torch.cuda.synchronize()
    log0(
        f"final_int8_zlib_roundtrip val_loss:{q_val_loss:.4f} val_bpb:{q_val_bpb:.4f} "
        f"eval_time:{1000.0 * (time.perf_counter() - t_qeval):.0f}ms"
    )
    log0(f"final_int8_zlib_roundtrip_exact val_loss:{q_val_loss:.8f} val_bpb:{q_val_bpb:.8f}")

    if distributed:
        dist.destroy_process_group()


if __name__ == "__main__":
    main()

====================================================================================================
Running Python 3.14.4 (main, Apr 11 2026, 09:29:24) [GCC 15.2.1 20260209]
Running PyTorch 2.11.0
Wed Apr 15 00:04:44 2026       
+-----------------------------------------------------------------------------------------+
| NVIDIA-SMI 595.58.03              Driver Version: 595.58.03      CUDA Version: 13.2     |
+-----------------------------------------+------------------------+----------------------+
| GPU  Name                 Persistence-M | Bus-Id          Disp.A | Volatile Uncorr. ECC |
| Fan  Temp   Perf          Pwr:Usage/Cap |           Memory-Usage | GPU-Util  Compute M. |
|                                         |                        |               MIG M. |
|=========================================+========================+======================|
|   0  NVIDIA GeForce RTX 5090        Off |   00000000:01:00.0  On |                  N/A |
|  0%   37C    P8             37W /  575W |   11122MiB /  32607MiB |      6%      Default |
|                                         |                        |                  N/A |
+-----------------------------------------+------------------------+----------------------+

+-----------------------------------------------------------------------------------------+
| Processes:                                                                              |
|  GPU   GI   CI              PID   Type   Process name                        GPU Memory |
|        ID   ID                                                               Usage      |
|=========================================================================================|
|    0   N/A  N/A            4186      G   /usr/bin/niri                          1941MiB |
|    0   N/A  N/A            4469      G   Xwayland                                  9MiB |
|    0   N/A  N/A            5806      G   /app/zen/zen                            324MiB |
|    0   N/A  N/A            6656      G   /usr/lib/vesktop/vesktop                181MiB |
|    0   N/A  N/A            8849      G   kitty                                   116MiB |
|    0   N/A  N/A           36162      G   kitty                                    34MiB |
|    0   N/A  N/A           36567      G   kitty                                    44MiB |
|    0   N/A  N/A           56268      G   kitty                                    34MiB |
|    0   N/A  N/A           76841      G   kitty                                    56MiB |
|    0   N/A  N/A          180126      G   kitty                                    34MiB |
|    0   N/A  N/A          207887      G   kitty                                    34MiB |
|    0   N/A  N/A          342624      G   kitty                                    34MiB |
|    0   N/A  N/A          408395      G   kitty                                    34MiB |
|    0   N/A  N/A          409464      G   kitty                                    34MiB |
|    0   N/A  N/A          449627      G   kitty                                    22MiB |
|    0   N/A  N/A          483937      G   kitty                                    28MiB |
|    0   N/A  N/A          496351      G   kitty                                    44MiB |
|    0   N/A  N/A          533379      G   kitty                                    34MiB |
|    0   N/A  N/A          572560      G   kitty                                    34MiB |
|    0   N/A  N/A          580509      G   kitty                                    34MiB |
|    0   N/A  N/A          584659      G   kitty                                    34MiB |
|    0   N/A  N/A          643185      G   kitty                                    34MiB |
|    0   N/A  N/A          656412      G   kitty                                    56MiB |
|    0   N/A  N/A          672689      G   kitty                                    34MiB |
|    0   N/A  N/A          677637      G   kitty                                    34MiB |
|    0   N/A  N/A          697848      G   kitty                                    34MiB |
|    0   N/A  N/A          702321      C   /usr/bin/python3                        498MiB |
|    0   N/A  N/A         1004904      G   kitty                                    56MiB |
|    0   N/A  N/A         1009393      G   kitty                                    34MiB |
|    0   N/A  N/A         1093605      G   kitty                                    34MiB |
|    0   N/A  N/A         1109281      G   kitty                                    34MiB |
|    0   N/A  N/A         1173677      G   kitty                                    56MiB |
|    0   N/A  N/A         1274054    C+G   missioncenter                            91MiB |
|    0   N/A  N/A         1401566      G   kitty                                    56MiB |
|    0   N/A  N/A         1573467    C+G   ...al/zed.app/libexec/zed-editor       4099MiB |
|    0   N/A  N/A         1617864      G   kitty                                    34MiB |
|    0   N/A  N/A         1650453      G   kitty                                    22MiB |
|    0   N/A  N/A         1791614      G   kitty                                    34MiB |
|    0   N/A  N/A         1804920      G   kitty                                    34MiB |
|    0   N/A  N/A         1807510      G   kitty                                    34MiB |
|    0   N/A  N/A         1813493      G   kitty                                    34MiB |
|    0   N/A  N/A         1918192      G   kitty                                    34MiB |
|    0   N/A  N/A         1925909      G   kitty                                    34MiB |
|    0   N/A  N/A         1955100      G   kitty                                    34MiB |
|    0   N/A  N/A         2073692      G   kitty                                    34MiB |
|    0   N/A  N/A         2075018      G   kitty                                    34MiB |
|    0   N/A  N/A         3133014      G   kitty                                    34MiB |
|    0   N/A  N/A         3134258      G   kitty                                    22MiB |
|    0   N/A  N/A         3139856      G   kitty                                    34MiB |
|    0   N/A  N/A         3159468      G   kitty                                    22MiB |
|    0   N/A  N/A         3536380      G   kitty                                    34MiB |
|    0   N/A  N/A         3612828      G   kitty                                    28MiB |
|    0   N/A  N/A         3694379      G   kitty                                    34MiB |
|    0   N/A  N/A         3716995      G   kitty                                    34MiB |
|    0   N/A  N/A         3717149      G   kitty                                    34MiB |
|    0   N/A  N/A         3924067      G   kitty                                    34MiB |
|    0   N/A  N/A         4001380      G   kitty                                    34MiB |
|    0   N/A  N/A         4001999      G   kitty                                    34MiB |
|    0   N/A  N/A         4049387      G   kitty                                    34MiB |
|    0   N/A  N/A         4051003      G   kitty                                    34MiB |
|    0   N/A  N/A         4124728      G   kitty                                    34MiB |
|    0   N/A  N/A         4166104      G   kitty                                    34MiB |
+-----------------------------------------------------------------------------------------+

====================================================================================================
val_bpb:enabled tokenizer_kind=sentencepiece tokenizer_path=./data/tokenizers/fineweb_1024_bpe.model
train_loader:dataset:fineweb10B_sp1024 train_shards:80
val_loader:shards pattern=./data/datasets/fineweb10B_sp1024/fineweb_val_*.bin tokens:62021632
model_params_train:20535632
model_params_artifact:20535632
world_size:1 grad_accum_steps:8
sdp_backends:cudnn=False flash=True mem_efficient=False math=False
attention_mode:gqa num_heads:8 num_kv_heads:4
wm_chunk_ce:chunk_size=16 latent_dim=256 pred_expansion=2 pred_dropout=0.1 decoder_layers=1 decoder_heads=8 decoder_kv_heads=4 decoder_mlp_mult=2
enc_embed_lr:0.05 lex_embed_lr:0.008 matrix_lr:0.04 scalar_lr:0.04
train_batch_tokens:524288 train_seq_len:1024 iterations:100 warmup_steps:20 max_wallclock_seconds:0.000
seed:1337
warmup_step:1/20
warmup_step:2/20
warmup_step:3/20
warmup_step:4/20
warmup_step:5/20
warmup_step:6/20
warmup_step:7/20
warmup_step:8/20
warmup_step:9/20
warmup_step:10/20
warmup_step:11/20
warmup_step:12/20
warmup_step:13/20
warmup_step:14/20
warmup_step:15/20
warmup_step:16/20
warmup_step:17/20
warmup_step:18/20
warmup_step:19/20
warmup_step:20/20
step:0/100 val_loss:7.0961 val_bpb:4.2027 train_time:0ms step_avg:0.01ms
step:1/100 train_loss:7.0974 train_time:685ms step_avg:685.37ms
step:2/100 train_loss:6.7748 train_time:1400ms step_avg:700.08ms
step:3/100 train_loss:6.4901 train_time:2084ms step_avg:694.67ms
step:4/100 train_loss:6.2387 train_time:2764ms step_avg:691.10ms
step:5/100 train_loss:5.9740 train_time:3444ms step_avg:688.84ms
step:6/100 train_loss:5.7876 train_time:4127ms step_avg:687.85ms
step:7/100 train_loss:5.5556 train_time:4809ms step_avg:686.95ms
step:8/100 train_loss:5.3995 train_time:5491ms step_avg:686.35ms
step:9/100 train_loss:5.2480 train_time:6172ms step_avg:685.80ms
step:10/100 train_loss:5.1605 train_time:6855ms step_avg:685.54ms
step:20/100 train_loss:4.4091 train_time:13672ms step_avg:683.61ms
step:30/100 train_loss:4.0635 train_time:20496ms step_avg:683.21ms
step:40/100 train_loss:3.8734 train_time:27319ms step_avg:682.98ms
step:50/100 train_loss:3.7964 train_time:34144ms step_avg:682.89ms
step:50/100 val_loss:3.7586 val_bpb:2.2260 train_time:34146ms step_avg:682.92ms
step:60/100 train_loss:3.7398 train_time:40977ms step_avg:682.95ms
step:70/100 train_loss:3.6582 train_time:47809ms step_avg:682.99ms
step:80/100 train_loss:3.5998 train_time:54625ms step_avg:682.81ms
step:90/100 train_loss:3.5581 train_time:61453ms step_avg:682.81ms
step:100/100 train_loss:3.5591 train_time:68284ms step_avg:682.84ms
step:100/100 val_loss:3.5628 val_bpb:2.1101 train_time:68285ms step_avg:682.85ms
peak memory allocated: 12804 MiB reserved: 13854 MiB
Serialized artifact model: 80074261 bytes
Code size: 24183 bytes
Total submission size: 80098444 bytes
Serialized artifact int8+zlib: 10569467 bytes (payload:20739904 raw_torch:20781933 payload_ratio:3.86x)
Total submission size int8+zlib: 10593650 bytes
final_int8_zlib_roundtrip val_loss:3.5703 val_bpb:2.1145 eval_time:23063ms
final_int8_zlib_roundtrip_exact val_loss:3.57027036 val_bpb:2.11451521
