"""
Muon-baseline ablation with a deployed TFSD metric decoder.

Decoder:
- token scores are negative squared distances to learned token centers
- the same token table is used at inference, so the geometric regime is deployed rather than auxiliary

Training objective:
- primary TFSD loss on the metric logits
- optional small metric-CE anchor for stabilization
"""

from __future__ import annotations

import copy
import io
import math
import os
import random
import subprocess
import sys
import time
import zlib
from pathlib import Path

import numpy as np
import sentencepiece as spm
import torch
import torch.distributed as dist
import torch.nn.functional as F
from torch import Tensor, nn
from torch.nn.parallel import DistributedDataParallel as DDP

sys.path.insert(0, str(Path(__file__).resolve().parent))
import train_normuon as base  # noqa: E402


class Hyperparameters(base.Hyperparameters):
    tfsd_weight = float(os.environ.get("TFSD_WEIGHT", "1.0"))
    metric_ce_weight = float(os.environ.get("METRIC_CE_WEIGHT", "0.0"))
    tfsd_teacher_temp = float(os.environ.get("TFSD_TEACHER_TEMP", "1.0"))
    tfsd_student_temp = float(os.environ.get("TFSD_STUDENT_TEMP", "1.0"))
    metric_gamma = float(os.environ.get("TFSD_METRIC_GAMMA", "0.0"))


class TFSDMetricHeadGPT(base.GPT):
    def __init__(self, args: Hyperparameters):
        super().__init__(
            vocab_size=args.vocab_size,
            num_layers=args.num_layers,
            model_dim=args.model_dim,
            num_heads=args.num_heads,
            num_kv_heads=args.num_kv_heads,
            mlp_mult=args.mlp_mult,
            tie_embeddings=args.tie_embeddings,
            tied_embed_init_std=args.tied_embed_init_std,
            logit_softcap=args.logit_softcap,
            rope_base=args.rope_base,
            qk_gain_init=args.qk_gain_init,
        )
        self.tfsd_weight = args.tfsd_weight
        self.metric_ce_weight = args.metric_ce_weight
        self.tfsd_teacher_temp = args.tfsd_teacher_temp
        self.tfsd_student_temp = args.tfsd_student_temp
        self.metric_input_scale = 1.0 / math.sqrt(args.model_dim)
        self.metric_gamma = args.metric_gamma if args.metric_gamma > 0.0 else math.sqrt(args.model_dim / 8.0)

    def encode_hidden(self, input_ids: Tensor) -> Tensor:
        x = self.tok_emb(input_ids)
        x = F.rms_norm(x, (x.size(-1),))
        x0 = x
        skips: list[Tensor] = []
        for i in range(self.num_encoder_layers):
            x = self.blocks[i](x, x0)
            skips.append(x)
        for i in range(self.num_decoder_layers):
            if skips:
                x = x + self.skip_weights[i].to(dtype=x.dtype)[None, None, :] * skips.pop()
            x = self.blocks[self.num_encoder_layers + i](x, x0)
        return self.final_norm(x)

    def token_centers(self) -> Tensor:
        if self.tie_embeddings:
            return self.tok_emb.weight
        if self.lm_head is None:
            raise RuntimeError("lm_head is required when tie_embeddings=False")
        return self.lm_head.weight

    def metric_logits(self, hidden: Tensor) -> Tensor:
        flat_hidden = hidden.reshape(-1, hidden.size(-1)).float() * self.metric_input_scale
        centers = self.token_centers().float() * self.metric_input_scale
        hidden_sq = flat_hidden.square().sum(dim=-1, keepdim=True)
        center_sq = centers.square().sum(dim=-1).unsqueeze(0)
        dist_sq = (hidden_sq + center_sq) - 2.0 * (flat_hidden @ centers.T)
        return -self.metric_gamma * dist_sq

    def metric_ce_loss(self, hidden: Tensor, target_ids: Tensor) -> Tensor:
        logits = self.metric_logits(hidden)
        return F.cross_entropy(logits, target_ids.reshape(-1), reduction="mean")

    def tfsd_loss(self, hidden: Tensor, target_ids: Tensor) -> Tensor:
        target_flat = target_ids.reshape(-1)
        student_logits = self.metric_logits(hidden)
        with torch.no_grad():
            teacher_logits = student_logits.detach().clone()
            teacher_logits[torch.arange(target_flat.numel(), device=target_flat.device), target_flat] = 0.0
            teacher_probs = F.softmax(teacher_logits / self.tfsd_teacher_temp, dim=-1)
        student_log_probs = F.log_softmax(student_logits / self.tfsd_student_temp, dim=-1)
        return F.kl_div(student_log_probs, teacher_probs, reduction="batchmean")

    def forward(self, input_ids: Tensor, target_ids: Tensor) -> Tensor:
        hidden = self.encode_hidden(input_ids)
        if not self.training:
            return self.metric_ce_loss(hidden, target_ids)
        loss = hidden.new_zeros((), dtype=torch.float32)
        if self.tfsd_weight > 0.0:
            loss = loss + self.tfsd_weight * self.tfsd_loss(hidden, target_ids)
        if self.metric_ce_weight > 0.0:
            loss = loss + self.metric_ce_weight * self.metric_ce_loss(hidden, target_ids)
        return loss


def main() -> None:
    code = Path(__file__).read_text(encoding="utf-8")
    args = Hyperparameters()
    base.zeropower_via_newtonschulz5 = torch.compile(base.zeropower_via_newtonschulz5)

    distributed = "RANK" in os.environ and "WORLD_SIZE" in os.environ
    rank = int(os.environ.get("RANK", "0"))
    world_size = int(os.environ.get("WORLD_SIZE", "1"))
    local_rank = int(os.environ.get("LOCAL_RANK", "0"))
    if world_size <= 0:
        raise ValueError(f"WORLD_SIZE must be positive, got {world_size}")
    if 8 % world_size != 0:
        raise ValueError(f"WORLD_SIZE={world_size} must divide 8 so grad_accum_steps stays integral")
    grad_accum_steps = 8 // world_size
    grad_scale = 1.0 / grad_accum_steps
    if not torch.cuda.is_available():
        raise RuntimeError("CUDA is required")
    device = torch.device("cuda", local_rank)
    torch.cuda.set_device(device)
    if distributed:
        dist.init_process_group(backend="nccl", device_id=device)
        dist.barrier()
    master_process = rank == 0

    torch.backends.cuda.matmul.allow_tf32 = True
    torch.backends.cudnn.allow_tf32 = True
    from torch.backends.cuda import enable_cudnn_sdp, enable_flash_sdp, enable_math_sdp, enable_mem_efficient_sdp

    enable_cudnn_sdp(False)
    enable_flash_sdp(True)
    enable_mem_efficient_sdp(False)
    enable_math_sdp(False)

    logfile = None
    if master_process:
        os.makedirs("logs", exist_ok=True)
        logfile = f"logs/{args.run_id}.txt"
        print(logfile)

    def log0(msg: str, console: bool = True) -> None:
        if not master_process:
            return
        if console:
            print(msg)
        if logfile is not None:
            with open(logfile, "a", encoding="utf-8") as f:
                print(msg, file=f)

    log0(code, console=False)
    log0("=" * 100, console=False)
    log0(f"Running Python {sys.version}", console=False)
    log0(f"Running PyTorch {torch.__version__}", console=False)
    log0(
        subprocess.run(["nvidia-smi"], stdout=subprocess.PIPE, stderr=subprocess.PIPE, text=True, check=False).stdout,
        console=False,
    )
    log0("=" * 100, console=False)

    random.seed(args.seed)
    np.random.seed(args.seed)
    torch.manual_seed(args.seed)
    torch.cuda.manual_seed_all(args.seed)

    if not args.tokenizer_path.endswith(".model"):
        raise ValueError(f"Script only setup for SentencePiece .model file: {args.tokenizer_path}")
    sp = spm.SentencePieceProcessor(model_file=args.tokenizer_path)
    if int(sp.vocab_size()) != args.vocab_size:
        raise ValueError(
            f"VOCAB_SIZE={args.vocab_size} does not match tokenizer vocab_size={int(sp.vocab_size())}"
        )
    dataset_dir = Path(args.data_path).resolve()
    actual_train_files = len(list(dataset_dir.glob("fineweb_train_*.bin")))
    val_tokens = base.load_validation_tokens(args.val_files, args.train_seq_len)
    base_bytes_lut, has_leading_space_lut, is_boundary_token_lut = base.build_sentencepiece_luts(
        sp, args.vocab_size, device
    )
    log0(f"val_bpb:enabled tokenizer_kind=sentencepiece tokenizer_path={args.tokenizer_path}")
    log0(f"train_loader:dataset:{dataset_dir.name} train_shards:{actual_train_files}")
    log0(f"val_loader:shards pattern={args.val_files} tokens:{val_tokens.numel() - 1}")

    base_model = TFSDMetricHeadGPT(args).to(device).bfloat16()
    for module in base_model.modules():
        if isinstance(module, base.CastedLinear):
            module.float()
    base.restore_low_dim_params_to_fp32(base_model)
    compiled_model = torch.compile(base_model, dynamic=False, fullgraph=True)
    model: nn.Module = DDP(compiled_model, device_ids=[local_rank], broadcast_buffers=False) if distributed else compiled_model

    block_named_params = list(base_model.blocks.named_parameters())
    matrix_params = [
        p
        for name, p in block_named_params
        if p.ndim == 2 and not any(pattern in name for pattern in base.CONTROL_TENSOR_NAME_PATTERNS)
    ]
    scalar_params = [
        p
        for name, p in block_named_params
        if p.ndim < 2 or any(pattern in name for pattern in base.CONTROL_TENSOR_NAME_PATTERNS)
    ]
    if base_model.skip_weights.numel() > 0:
        scalar_params.append(base_model.skip_weights)

    token_lr = args.tied_embed_lr if args.tie_embeddings else args.embed_lr
    optimizer_tok = torch.optim.Adam(
        [{"params": [base_model.tok_emb.weight], "lr": token_lr, "base_lr": token_lr}],
        betas=(args.beta1, args.beta2),
        eps=args.adam_eps,
        fused=True,
    )
    optimizer_muon = base.Muon(
        matrix_params,
        lr=args.matrix_lr,
        momentum=args.muon_momentum,
        backend_steps=args.muon_backend_steps,
        beta2=args.normuon_beta2,
    )
    for group in optimizer_muon.param_groups:
        group["base_lr"] = args.matrix_lr
    optimizer_scalar = torch.optim.Adam(
        [{"params": scalar_params, "lr": args.scalar_lr, "base_lr": args.scalar_lr}],
        betas=(args.beta1, args.beta2),
        eps=args.adam_eps,
        fused=True,
    )
    optimizers: list[torch.optim.Optimizer] = [optimizer_tok, optimizer_muon, optimizer_scalar]
    if base_model.lm_head is not None:
        optimizer_head = torch.optim.Adam(
            [{"params": [base_model.lm_head.weight], "lr": args.head_lr, "base_lr": args.head_lr}],
            betas=(args.beta1, args.beta2),
            eps=args.adam_eps,
            fused=True,
        )
        optimizers.insert(1, optimizer_head)

    n_params = sum(p.numel() for p in base_model.parameters())
    log0(f"model_params:{n_params}")
    log0(f"world_size:{world_size} grad_accum_steps:{grad_accum_steps}")
    log0("sdp_backends:cudnn=False flash=True mem_efficient=False math=False")
    log0(f"attention_mode:gqa num_heads:{args.num_heads} num_kv_heads:{args.num_kv_heads}")
    log0(
        f"metric_head:tfsd_weight={args.tfsd_weight} metric_ce_weight={args.metric_ce_weight} "
        f"teacher_temp={args.tfsd_teacher_temp} student_temp={args.tfsd_student_temp} "
        f"metric_gamma={base_model.metric_gamma:.4f}"
    )
    log0(
        f"tie_embeddings:{args.tie_embeddings} embed_lr:{token_lr} "
        f"head_lr:{args.head_lr if base_model.lm_head is not None else 0.0} "
        f"matrix_lr:{args.matrix_lr} scalar_lr:{args.scalar_lr}"
    )
    log0(
        f"train_batch_tokens:{args.train_batch_tokens} train_seq_len:{args.train_seq_len} "
        f"iterations:{args.iterations} warmup_steps:{args.warmup_steps} "
        f"max_wallclock_seconds:{args.max_wallclock_seconds:.3f}"
    )
    log0(f"seed:{args.seed}")

    train_loader = base.DistributedTokenLoader(args.train_files, rank, world_size, device)

    def zero_grad_all() -> None:
        for opt in optimizers:
            opt.zero_grad(set_to_none=True)

    def global_grad_norm() -> float:
        total = torch.zeros((), device=device, dtype=torch.float32)
        for param in base_model.parameters():
            if param.grad is None:
                continue
            total += param.grad.detach().float().square().sum()
        return float(torch.sqrt(total).item())

    max_wallclock_ms = 1000.0 * args.max_wallclock_seconds if args.max_wallclock_seconds > 0 else None

    def lr_mul(step: int, elapsed_ms: float) -> float:
        if args.warmdown_iters <= 0:
            return 1.0
        if max_wallclock_ms is None:
            warmdown_start = max(args.iterations - args.warmdown_iters, 0)
            return max((args.iterations - step) / max(args.warmdown_iters, 1), 0.0) if warmdown_start <= step < args.iterations else 1.0
        step_ms = elapsed_ms / max(step, 1)
        warmdown_ms = args.warmdown_iters * step_ms
        remaining_ms = max(max_wallclock_ms - elapsed_ms, 0.0)
        return remaining_ms / max(warmdown_ms, 1e-9) if remaining_ms <= warmdown_ms else 1.0

    if args.warmup_steps > 0:
        initial_model_state = {name: tensor.detach().cpu().clone() for name, tensor in base_model.state_dict().items()}
        initial_optimizer_states = [copy.deepcopy(opt.state_dict()) for opt in optimizers]
        model.train()
        for warmup_step in range(args.warmup_steps):
            zero_grad_all()
            for micro_step in range(grad_accum_steps):
                if distributed:
                    model.require_backward_grad_sync = micro_step == grad_accum_steps - 1
                x, y = train_loader.next_batch(args.train_batch_tokens, args.train_seq_len, grad_accum_steps)
                with torch.autocast(device_type="cuda", dtype=torch.bfloat16, enabled=True):
                    warmup_loss = model(x, y)
                (warmup_loss * grad_scale).backward()
            for opt in optimizers:
                opt.step()
            zero_grad_all()
            if args.warmup_steps <= 20 or (warmup_step + 1) % 10 == 0 or warmup_step + 1 == args.warmup_steps:
                log0(f"warmup_step:{warmup_step + 1}/{args.warmup_steps}")
        base_model.load_state_dict(initial_model_state, strict=True)
        for opt, state in zip(optimizers, initial_optimizer_states, strict=True):
            opt.load_state_dict(state)
        zero_grad_all()
        if distributed:
            model.require_backward_grad_sync = True
        train_loader = base.DistributedTokenLoader(args.train_files, rank, world_size, device)

    training_time_ms = 0.0
    stop_after_step: int | None = None
    torch.cuda.synchronize()
    t0 = time.perf_counter()

    step = 0
    while True:
        last_step = step == args.iterations or (stop_after_step is not None and step >= stop_after_step)

        should_validate = last_step or (args.val_loss_every > 0 and step % args.val_loss_every == 0)
        if should_validate:
            torch.cuda.synchronize()
            training_time_ms += 1000.0 * (time.perf_counter() - t0)
            val_loss, val_bpb = base.eval_val(
                args,
                model,
                rank,
                world_size,
                device,
                grad_accum_steps,
                val_tokens,
                base_bytes_lut,
                has_leading_space_lut,
                is_boundary_token_lut,
            )
            log0(
                f"step:{step}/{args.iterations} val_loss:{val_loss:.4f} val_bpb:{val_bpb:.4f} "
                f"train_time:{training_time_ms:.0f}ms step_avg:{training_time_ms / max(step, 1):.2f}ms"
            )
            torch.cuda.synchronize()
            t0 = time.perf_counter()

        if last_step:
            if stop_after_step is not None and step < args.iterations:
                log0(
                    f"stopping_early: wallclock_cap train_time:{training_time_ms:.0f}ms "
                    f"step:{step}/{args.iterations}"
                )
            break

        elapsed_ms = training_time_ms + 1000.0 * (time.perf_counter() - t0)
        scale = lr_mul(step, elapsed_ms)
        zero_grad_all()
        train_loss = torch.zeros((), device=device)
        for micro_step in range(grad_accum_steps):
            if distributed:
                model.require_backward_grad_sync = micro_step == grad_accum_steps - 1
            x, y = train_loader.next_batch(args.train_batch_tokens, args.train_seq_len, grad_accum_steps)
            with torch.autocast(device_type="cuda", dtype=torch.bfloat16, enabled=True):
                loss = model(x, y)
            train_loss += loss.detach()
            (loss * grad_scale).backward()
        train_loss /= grad_accum_steps

        frac = min(step / args.muon_momentum_warmup_steps, 1.0) if args.muon_momentum_warmup_steps > 0 else 1.0
        muon_momentum = (1 - frac) * args.muon_momentum_warmup_start + frac * args.muon_momentum
        for group in optimizer_muon.param_groups:
            group["momentum"] = muon_momentum

        for opt in optimizers:
            for group in opt.param_groups:
                group["lr"] = group["base_lr"] * scale

        grad_norm = global_grad_norm()
        if args.grad_clip_norm > 0:
            torch.nn.utils.clip_grad_norm_(base_model.parameters(), args.grad_clip_norm)
        for opt in optimizers:
            opt.step()
        zero_grad_all()

        step += 1
        approx_training_time_ms = training_time_ms + 1000.0 * (time.perf_counter() - t0)
        should_log_train = (
            args.train_log_every > 0
            and (step <= 10 or step % args.train_log_every == 0 or stop_after_step is not None)
        )
        if should_log_train:
            log0(
                f"step:{step}/{args.iterations} train_loss:{train_loss.item():.4f} "
                f"grad_norm:{grad_norm:.4f} "
                f"train_time:{approx_training_time_ms:.0f}ms step_avg:{approx_training_time_ms / step:.2f}ms"
            )

        reached_cap = max_wallclock_ms is not None and approx_training_time_ms >= max_wallclock_ms
        if distributed and max_wallclock_ms is not None:
            reached_cap_tensor = torch.tensor(int(reached_cap), device=device)
            dist.all_reduce(reached_cap_tensor, op=dist.ReduceOp.MAX)
            reached_cap = bool(reached_cap_tensor.item())
        if stop_after_step is None and reached_cap:
            stop_after_step = step

    log0(
        f"peak memory allocated: {torch.cuda.max_memory_allocated() // 1024 // 1024} MiB "
        f"reserved: {torch.cuda.max_memory_reserved() // 1024 // 1024} MiB"
    )

    if master_process:
        torch.save(base_model.state_dict(), "final_model.pt")
        model_bytes = os.path.getsize("final_model.pt")
        code_bytes = len(code.encode("utf-8"))
        log0(f"Serialized model: {model_bytes} bytes")
        log0(f"Code size: {code_bytes} bytes")
        log0(f"Total submission size: {model_bytes + code_bytes} bytes")

    quant_obj, quant_stats = base.quantize_state_dict_int8(base_model.state_dict())
    quant_buf = io.BytesIO()
    torch.save(quant_obj, quant_buf)
    quant_raw = quant_buf.getvalue()
    quant_blob = zlib.compress(quant_raw, level=9)
    quant_raw_bytes = len(quant_raw)
    if master_process:
        with open("final_model.int8.ptz", "wb") as f:
            f.write(quant_blob)
        quant_file_bytes = os.path.getsize("final_model.int8.ptz")
        code_bytes = len(code.encode("utf-8"))
        ratio = quant_stats["baseline_tensor_bytes"] / max(quant_stats["int8_payload_bytes"], 1)
        log0(
            f"Serialized model int8+zlib: {quant_file_bytes} bytes "
            f"(payload:{quant_stats['int8_payload_bytes']} raw_torch:{quant_raw_bytes} payload_ratio:{ratio:.2f}x)"
        )
        log0(f"Total submission size int8+zlib: {quant_file_bytes + code_bytes} bytes")

    if distributed:
        dist.barrier()
    with open("final_model.int8.ptz", "rb") as f:
        quant_blob_disk = f.read()
    quant_state = torch.load(io.BytesIO(zlib.decompress(quant_blob_disk)), map_location="cpu")
    base_model.load_state_dict(base.dequantize_state_dict_int8(quant_state), strict=True)
    torch.cuda.synchronize()
    t_qeval = time.perf_counter()
    q_val_loss, q_val_bpb = base.eval_val(
        args,
        model,
        rank,
        world_size,
        device,
        grad_accum_steps,
        val_tokens,
        base_bytes_lut,
        has_leading_space_lut,
        is_boundary_token_lut,
    )
    torch.cuda.synchronize()
    log0(
        f"final_int8_zlib_roundtrip val_loss:{q_val_loss:.4f} val_bpb:{q_val_bpb:.4f} "
        f"eval_time:{1000.0 * (time.perf_counter() - t_qeval):.0f}ms"
    )
    log0(f"final_int8_zlib_roundtrip_exact val_loss:{q_val_loss:.8f} val_bpb:{q_val_bpb:.8f}")

    if distributed:
        dist.destroy_process_group()


if __name__ == "__main__":
    main()

====================================================================================================
Running Python 3.14.3 (main, Feb 18 2026, 14:34:51) [GCC 15.2.1 20260209]
Running PyTorch 2.11.0
Sun Apr 12 23:37:11 2026       
+-----------------------------------------------------------------------------------------+
| NVIDIA-SMI 595.58.03              Driver Version: 595.58.03      CUDA Version: 13.2     |
+-----------------------------------------+------------------------+----------------------+
| GPU  Name                 Persistence-M | Bus-Id          Disp.A | Volatile Uncorr. ECC |
| Fan  Temp   Perf          Pwr:Usage/Cap |           Memory-Usage | GPU-Util  Compute M. |
|                                         |                        |               MIG M. |
|=========================================+========================+======================|
|   0  NVIDIA GeForce RTX 5090        Off |   00000000:01:00.0  On |                  N/A |
|  0%   41C    P8             36W /  575W |    4712MiB /  32607MiB |      0%      Default |
|                                         |                        |                  N/A |
+-----------------------------------------+------------------------+----------------------+

+-----------------------------------------------------------------------------------------+
| Processes:                                                                              |
|  GPU   GI   CI              PID   Type   Process name                        GPU Memory |
|        ID   ID                                                               Usage      |
|=========================================================================================|
|    0   N/A  N/A            4186      G   /usr/bin/niri                          1141MiB |
|    0   N/A  N/A            4469      G   Xwayland                                  9MiB |
|    0   N/A  N/A            5806      G   /app/zen/zen                            514MiB |
|    0   N/A  N/A            6656      G   /usr/lib/vesktop/vesktop                151MiB |
|    0   N/A  N/A            8849      G   kitty                                   116MiB |
|    0   N/A  N/A           36162      G   kitty                                    34MiB |
|    0   N/A  N/A           36567      G   kitty                                    44MiB |
|    0   N/A  N/A           56268      G   kitty                                    34MiB |
|    0   N/A  N/A           76841      G   kitty                                    34MiB |
|    0   N/A  N/A          104442      G   kitty                                    34MiB |
|    0   N/A  N/A          180126      G   kitty                                    34MiB |
|    0   N/A  N/A          342624      G   kitty                                    34MiB |
|    0   N/A  N/A          347425      G   kitty                                    34MiB |
|    0   N/A  N/A          449627      G   kitty                                    22MiB |
|    0   N/A  N/A          483937      G   kitty                                    28MiB |
|    0   N/A  N/A          496351      G   kitty                                    44MiB |
|    0   N/A  N/A          533379      G   kitty                                    34MiB |
|    0   N/A  N/A          643185      G   kitty                                    34MiB |
|    0   N/A  N/A         1004904      G   kitty                                    34MiB |
|    0   N/A  N/A         1009393      G   kitty                                    34MiB |
|    0   N/A  N/A         1093605      G   kitty                                    56MiB |
|    0   N/A  N/A         1109281      G   kitty                                    34MiB |
|    0   N/A  N/A         1173677      G   kitty                                    56MiB |
|    0   N/A  N/A         1274054    C+G   missioncenter                            91MiB |
|    0   N/A  N/A         1319942      G   kitty                                    34MiB |
|    0   N/A  N/A         1401566      G   kitty                                    56MiB |
|    0   N/A  N/A         1415756      G   kitty                                    34MiB |
|    0   N/A  N/A         1501574      G   kitty                                    46MiB |
|    0   N/A  N/A         1504082      G   ...odules/electron/dist/electron        177MiB |
|    0   N/A  N/A         1504446      G   ...rack-uuid=3190708988185955192         14MiB |
|    0   N/A  N/A         1504447      G   ...rack-uuid=3190708988185955192          6MiB |
|    0   N/A  N/A         1518103      G   kitty                                    34MiB |
|    0   N/A  N/A         1563774      G   kitty                                    46MiB |
|    0   N/A  N/A         1572548      C   /usr/bin/python3                        498MiB |
+-----------------------------------------------------------------------------------------+

====================================================================================================
val_bpb:enabled tokenizer_kind=sentencepiece tokenizer_path=./data/tokenizers/fineweb_1024_bpe.model
train_loader:dataset:fineweb10B_sp1024 train_shards:80
val_loader:shards pattern=./data/datasets/fineweb10B_sp1024/fineweb_val_*.bin tokens:62021632
model_params:17059912
world_size:1 grad_accum_steps:8
sdp_backends:cudnn=False flash=True mem_efficient=False math=False
attention_mode:gqa num_heads:8 num_kv_heads:4
metric_head:tfsd_weight=1.0 metric_ce_weight=0.0 teacher_temp=1.0 student_temp=1.0 metric_gamma=16.0000
tie_embeddings:True embed_lr:0.05 head_lr:0.0 matrix_lr:0.04 scalar_lr:0.04
train_batch_tokens:524288 train_seq_len:1024 iterations:500 warmup_steps:20 max_wallclock_seconds:0.000
seed:1337
warmup_step:1/20
warmup_step:2/20
warmup_step:3/20
warmup_step:4/20
warmup_step:5/20
warmup_step:6/20
warmup_step:7/20
warmup_step:8/20
warmup_step:9/20
warmup_step:10/20
warmup_step:11/20
warmup_step:12/20
warmup_step:13/20
warmup_step:14/20
warmup_step:15/20
warmup_step:16/20
warmup_step:17/20
warmup_step:18/20
warmup_step:19/20
warmup_step:20/20
step:0/500 val_loss:6.9308 val_bpb:4.1048 train_time:0ms step_avg:0.01ms
step:1/500 train_loss:6.9289 grad_norm:0.0238 train_time:604ms step_avg:604.36ms
step:2/500 train_loss:6.7012 grad_norm:0.2387 train_time:1201ms step_avg:600.69ms
step:3/500 train_loss:6.2088 grad_norm:0.2255 train_time:1809ms step_avg:603.16ms
step:4/500 train_loss:5.8961 grad_norm:0.1866 train_time:2419ms step_avg:604.69ms
step:5/500 train_loss:5.6880 grad_norm:0.1537 train_time:3016ms step_avg:603.18ms
step:6/500 train_loss:5.5462 grad_norm:0.1982 train_time:3619ms step_avg:603.17ms
step:7/500 train_loss:5.3992 grad_norm:0.3240 train_time:4217ms step_avg:602.39ms
step:8/500 train_loss:5.2845 grad_norm:0.4349 train_time:4822ms step_avg:602.74ms
step:9/500 train_loss:5.1517 grad_norm:0.4792 train_time:5433ms step_avg:603.62ms
step:10/500 train_loss:5.0710 grad_norm:0.9330 train_time:6035ms step_avg:603.54ms
step:20/500 train_loss:4.4604 grad_norm:0.5891 train_time:12126ms step_avg:606.29ms
step:30/500 train_loss:4.2427 grad_norm:0.4003 train_time:18269ms step_avg:608.98ms
step:40/500 train_loss:3.9199 grad_norm:0.3828 train_time:24538ms step_avg:613.45ms
step:50/500 train_loss:3.6944 grad_norm:0.4043 train_time:30897ms step_avg:617.94ms
step:60/500 train_loss:3.5375 grad_norm:0.4474 train_time:37344ms step_avg:622.40ms
step:70/500 train_loss:3.3728 grad_norm:0.3733 train_time:43547ms step_avg:622.10ms
step:80/500 train_loss:3.2446 grad_norm:0.3791 train_time:49761ms step_avg:622.02ms
step:90/500 train_loss:3.1123 grad_norm:0.3466 train_time:55896ms step_avg:621.06ms
step:100/500 train_loss:3.0574 grad_norm:0.3156 train_time:62263ms step_avg:622.63ms
step:100/500 val_loss:3.0616 val_bpb:1.8133 train_time:62263ms step_avg:622.63ms
step:110/500 train_loss:2.9641 grad_norm:0.2540 train_time:68522ms step_avg:622.93ms
step:120/500 train_loss:2.9871 grad_norm:0.2582 train_time:74857ms step_avg:623.81ms
step:130/500 train_loss:2.9425 grad_norm:0.2620 train_time:80941ms step_avg:622.63ms
step:140/500 train_loss:2.8294 grad_norm:0.2614 train_time:87071ms step_avg:621.94ms
step:150/500 train_loss:2.8678 grad_norm:0.2327 train_time:93171ms step_avg:621.14ms
step:160/500 train_loss:2.7800 grad_norm:0.2082 train_time:99331ms step_avg:620.82ms
step:170/500 train_loss:2.8287 grad_norm:0.1824 train_time:105419ms step_avg:620.11ms
step:180/500 train_loss:2.7424 grad_norm:0.1817 train_time:111638ms step_avg:620.21ms
step:190/500 train_loss:2.7417 grad_norm:0.1900 train_time:117752ms step_avg:619.75ms
step:200/500 train_loss:2.6693 grad_norm:0.2035 train_time:123806ms step_avg:619.03ms
step:200/500 val_loss:2.7166 val_bpb:1.6089 train_time:123806ms step_avg:619.03ms
step:210/500 train_loss:2.6916 grad_norm:0.1712 train_time:130309ms step_avg:620.52ms
step:220/500 train_loss:2.7715 grad_norm:0.1959 train_time:136592ms step_avg:620.87ms
step:230/500 train_loss:2.7047 grad_norm:0.1476 train_time:142831ms step_avg:621.00ms
step:240/500 train_loss:2.6772 grad_norm:0.1684 train_time:149082ms step_avg:621.17ms
step:250/500 train_loss:2.6493 grad_norm:0.1549 train_time:155370ms step_avg:621.48ms
step:260/500 train_loss:2.5951 grad_norm:0.1456 train_time:161684ms step_avg:621.86ms
step:270/500 train_loss:2.5656 grad_norm:0.1719 train_time:168201ms step_avg:622.97ms
step:280/500 train_loss:2.5910 grad_norm:0.1564 train_time:174408ms step_avg:622.89ms
step:290/500 train_loss:2.5967 grad_norm:0.1425 train_time:180877ms step_avg:623.71ms
step:300/500 train_loss:2.5463 grad_norm:0.1348 train_time:187378ms step_avg:624.59ms
step:300/500 val_loss:2.5803 val_bpb:1.5282 train_time:187378ms step_avg:624.59ms
step:310/500 train_loss:2.5629 grad_norm:0.1424 train_time:193551ms step_avg:624.36ms
step:320/500 train_loss:2.5477 grad_norm:0.1338 train_time:199641ms step_avg:623.88ms
step:330/500 train_loss:2.5721 grad_norm:0.1358 train_time:205784ms step_avg:623.59ms
step:340/500 train_loss:2.5326 grad_norm:0.1271 train_time:211932ms step_avg:623.33ms
step:350/500 train_loss:2.5518 grad_norm:0.1229 train_time:218255ms step_avg:623.59ms
step:360/500 train_loss:2.5501 grad_norm:0.1059 train_time:224567ms step_avg:623.80ms
step:370/500 train_loss:2.4236 grad_norm:0.1160 train_time:230880ms step_avg:624.00ms
step:380/500 train_loss:2.5111 grad_norm:0.1297 train_time:237381ms step_avg:624.69ms
step:390/500 train_loss:2.5554 grad_norm:0.1056 train_time:243756ms step_avg:625.02ms
step:400/500 train_loss:2.3473 grad_norm:0.1251 train_time:249994ms step_avg:624.98ms
step:400/500 val_loss:2.5106 val_bpb:1.4869 train_time:249994ms step_avg:624.98ms
step:410/500 train_loss:2.5073 grad_norm:0.0951 train_time:256560ms step_avg:625.76ms
step:420/500 train_loss:2.4258 grad_norm:0.0860 train_time:263036ms step_avg:626.28ms
step:430/500 train_loss:2.4348 grad_norm:0.1005 train_time:269308ms step_avg:626.30ms
step:440/500 train_loss:2.5196 grad_norm:0.0910 train_time:275377ms step_avg:625.86ms
step:450/500 train_loss:2.4668 grad_norm:0.0868 train_time:281469ms step_avg:625.49ms
step:460/500 train_loss:2.4824 grad_norm:0.0991 train_time:287575ms step_avg:625.16ms
step:470/500 train_loss:2.4892 grad_norm:0.0797 train_time:293606ms step_avg:624.69ms
step:480/500 train_loss:2.4472 grad_norm:0.0832 train_time:299672ms step_avg:624.32ms
step:490/500 train_loss:2.5188 grad_norm:0.0856 train_time:305778ms step_avg:624.04ms
step:500/500 train_loss:2.4639 grad_norm:0.0789 train_time:311972ms step_avg:623.94ms
step:500/500 val_loss:2.4619 val_bpb:1.4580 train_time:311972ms step_avg:623.94ms
peak memory allocated: 11334 MiB reserved: 11532 MiB
Serialized model: 67224983 bytes
Code size: 20586 bytes
Total submission size: 67245569 bytes
Serialized model int8+zlib: 13375624 bytes (payload:17178912 raw_torch:17224025 payload_ratio:3.91x)
Total submission size int8+zlib: 13396210 bytes
final_int8_zlib_roundtrip val_loss:2.4629 val_bpb:1.4587 eval_time:20146ms
final_int8_zlib_roundtrip_exact val_loss:2.46291655 val_bpb:1.45867791
