"""
LeJEPA r56: idiomatic LeJEPA — SIGReg on HIDDEN, no detach, no codebook reg.

Earlier runs with SIGReg on the V=1024 codebook rows (r48/r49 @ 0.05; r52
@ 10) used SIGReg in the wrong space. LeJEPA applies SIGReg to the
representation — batch-sampled hidden states — because the characteristic-
function estimator needs many samples to be well-conditioned. With
B*T ≈ 8K positions per step, hidden is the natural SIGReg regime. V=1024
rows is too few for reliable CF matching and per-row gradient is O(1/V).

r48/r49 collapsed because `sigreg_pred` (hidden SIGReg) was at weight
0.01 — effectively off — while the nominal SIGReg weight sat on the
codebook (wrong space). We never actually ran idiomatic LeJEPA.

r56 recipe (minimal):
  hidden  = encode_hidden(x)                                  # [B, T, D]
  z       = F.normalize(hidden, dim=-1)                       # unit sphere
  t       = F.normalize(tok_emb(target_ids), dim=-1)          # NO detach
  attract = (1 − (z * t).sum(-1)).mean()
  loss    = attract + λ · SIGReg(hidden)                      # λ = 0.05

No detach → codebook learns from attract.
No codebook SIGReg → only hidden is regularized (idiomatic LeJEPA).
λ = 0.05 sits squarely inside the LeJEPA paper's 0.02–0.1 range. What
matters is that attract (order 1) and λ·sigreg stay at the same
magnitude; 0.05 puts them on the same order without being aggressive.

LeJEPA theory for our case:
  SIGReg forces hidden's marginal distribution toward N(0, I). A Gaussian
  marginal with reasonable variance cannot be low-rank (would violate
  covariance structure), so hidden representations at different positions
  stay directionally diverse. Attract pulls tok_emb[y_i] toward hidden[i].
  Because hidden[i] are diverse across positions (varying target tokens),
  different codebook rows get pulled in different directions → no
  codebook collapse by inheritance.

No predictor head (LeJEPA doesn't use one — that's SimSiam).

Hyperparameters (env):
  LEJEPA_SIGREG_WEIGHT_HIDDEN  — λ, default 0.05 (sweep: 0.02, 0.05, 0.1)
  LEJEPA_SIGREG_PROJECTIONS    — 64
  LEJEPA_SIGREG_NUM_POINTS     — 17
  LEJEPA_SIGREG_T_MAX          — 4.0
  TIED_EMBED_INIT_STD          — 1.0
  LEJEPA_EVAL_TEMP             — 15.0

Eval: deploy `eval_temp * z @ codebook.T` as logits and measure CE / Bpb.
"""

from __future__ import annotations

import copy
import io
import math
import os
import random
import subprocess
import sys
import time
import zlib
from pathlib import Path

import numpy as np
import sentencepiece as spm
import torch
import torch.distributed as dist
import torch.nn.functional as F
from torch import Tensor, nn
from torch.nn.parallel import DistributedDataParallel as DDP

sys.path.insert(0, str(Path(__file__).resolve().parent))
import train_normuon as base  # noqa: E402


class Hyperparameters(base.Hyperparameters):
    sigreg_hidden_weight = float(os.environ.get("LEJEPA_SIGREG_WEIGHT_HIDDEN", "0.05"))
    sigreg_projections = int(os.environ.get("LEJEPA_SIGREG_PROJECTIONS", "64"))
    sigreg_num_points = int(os.environ.get("LEJEPA_SIGREG_NUM_POINTS", "17"))
    sigreg_t_max = float(os.environ.get("LEJEPA_SIGREG_T_MAX", "4.0"))
    tied_embed_init_std = float(os.environ.get("TIED_EMBED_INIT_STD", "1.0"))
    eval_temp = float(os.environ.get("LEJEPA_EVAL_TEMP", "15.0"))


class LeJEPAMetricGramGPT(base.GPT):
    def __init__(self, args: Hyperparameters):
        super().__init__(
            vocab_size=args.vocab_size,
            num_layers=args.num_layers,
            model_dim=args.model_dim,
            num_heads=args.num_heads,
            num_kv_heads=args.num_kv_heads,
            mlp_mult=args.mlp_mult,
            tie_embeddings=args.tie_embeddings,
            tied_embed_init_std=args.tied_embed_init_std,
            logit_softcap=args.logit_softcap,
            rope_base=args.rope_base,
            qk_gain_init=args.qk_gain_init,
        )
        self.sigreg_hidden_weight = float(args.sigreg_hidden_weight)
        self.eval_temp = float(args.eval_temp)

        sigreg_dim = args.model_dim
        dirs = torch.randn(args.sigreg_projections, sigreg_dim, dtype=torch.float32)
        dirs = F.normalize(dirs, dim=-1)
        self.register_buffer("sigreg_dirs", dirs, persistent=False)
        t = torch.linspace(0.0, args.sigreg_t_max, args.sigreg_num_points, dtype=torch.float32)
        self.register_buffer("sigreg_t", t, persistent=False)
        self.register_buffer("last_loss", torch.zeros((), dtype=torch.float32), persistent=False)
        self.register_buffer("last_attract", torch.zeros((), dtype=torch.float32), persistent=False)
        self.register_buffer("last_pos_cos", torch.zeros((), dtype=torch.float32), persistent=False)
        self.register_buffer("last_sigreg_h", torch.zeros((), dtype=torch.float32), persistent=False)

    def sigreg_loss(self, points: Tensor) -> Tensor:
        flat = points.reshape(-1, points.size(-1)).float()
        dirs = self.sigreg_dirs.to(device=flat.device, dtype=flat.dtype)
        t = self.sigreg_t.to(device=flat.device, dtype=flat.dtype)
        proj = flat @ dirs.T
        angles = proj.unsqueeze(-1) * t.view(1, 1, -1)
        real = torch.cos(angles).mean(dim=0)
        imag = torch.sin(angles).mean(dim=0)
        gaussian_cf = torch.exp(-0.5 * t.square()).view(1, -1)
        err = (real - gaussian_cf).square() + imag.square()
        weighted_err = err * gaussian_cf
        return torch.trapz(weighted_err, t, dim=-1).mean()

    @torch.no_grad()
    def resample_sigreg_dirs(self, step: int) -> None:
        device = self.sigreg_dirs.device
        dtype = self.sigreg_dirs.dtype
        g = torch.Generator(device=device)
        g.manual_seed(int(step))
        dirs = torch.randn(self.sigreg_dirs.shape, generator=g, device=device, dtype=torch.float32)
        dirs = dirs / dirs.norm(dim=-1, keepdim=True).clamp_min(1e-8)
        self.sigreg_dirs.copy_(dirs.to(dtype))

    @torch.no_grad()
    def manifold_diagnostics(self) -> dict[str, float]:
        tok = self.tok_emb.weight.float()
        tok_unit = F.normalize(tok, dim=-1)
        cos_mat = tok_unit @ tok_unit.T
        n = cos_mat.size(0)
        cos_mean_off = (cos_mat.sum() - cos_mat.diag().sum()) / max(cos_mat.numel() - n, 1)

        tok_centered = tok - tok.mean(dim=0, keepdim=True)
        cov = (tok_centered.T @ tok_centered) / max(tok.size(0) - 1, 1)
        eig = torch.linalg.eigvalsh(cov).clamp_min(0.0)
        eig_norm = eig / eig.sum().clamp_min(1e-12)
        eff_rank = torch.exp(-(eig_norm * eig_norm.clamp_min(1e-12).log()).sum())

        return {
            "sigreg_tok": float(self.sigreg_loss(tok).item()),
            "tok_row_norm_mean": float(tok.norm(dim=-1).mean().item()),
            "tok_row_norm_std": float(tok.norm(dim=-1).std(correction=0).item()),
            "tok_dim_std_mean": float(tok.std(dim=0, correction=0).mean().item()),
            "tok_eff_rank": float(eff_rank.item()),
            "tok_cos_off_mean": float(cos_mean_off.item()),
            "dirs_sum": float(self.sigreg_dirs.to(torch.float32).sum().item()),
        }

    def encode_hidden(self, input_ids: Tensor) -> Tensor:
        x = self.tok_emb(input_ids)
        x = F.rms_norm(x, (x.size(-1),))
        x0 = x
        skips: list[Tensor] = []
        for i in range(self.num_encoder_layers):
            x = self.blocks[i](x, x0)
            skips.append(x)
        for i in range(self.num_decoder_layers):
            if skips:
                x = x + self.skip_weights[i].to(dtype=x.dtype)[None, None, :] * skips.pop()
            x = self.blocks[self.num_encoder_layers + i](x, x0)
        return self.final_norm(x)

    def eval_ce_loss(self, hidden: Tensor, target_ids: Tensor) -> Tensor:
        flat = hidden.reshape(-1, hidden.size(-1))
        z = F.normalize(flat.float(), dim=-1)
        codebook = F.normalize(self.tok_emb.weight.float(), dim=-1)
        logits = (z @ codebook.T) * self.eval_temp
        return F.cross_entropy(logits, target_ids.reshape(-1), reduction="mean")

    def forward(self, input_ids: Tensor, target_ids: Tensor) -> Tensor:
        hidden = self.encode_hidden(input_ids)
        if not self.training:
            return self.eval_ce_loss(hidden, target_ids)

        flat_h = hidden.reshape(-1, hidden.size(-1))
        tgt_flat = target_ids.reshape(-1)
        tgt_emb = self.tok_emb(tgt_flat)

        # Positive-only cosine attraction. NO detach on target: the codebook
        # is pulled toward hidden by attract, and diversity is maintained
        # across batch positions because hidden is SIGReg'd toward N(0,I).
        z = F.normalize(flat_h.float(), dim=-1)
        t = F.normalize(tgt_emb.float(), dim=-1)
        pos_cos = (z * t).sum(dim=-1)
        attract = (1.0 - pos_cos).mean()

        sigreg_h = self.sigreg_loss(flat_h)
        loss = attract + self.sigreg_hidden_weight * sigreg_h

        self.last_loss.copy_(loss.detach())
        self.last_attract.copy_(attract.detach())
        self.last_pos_cos.copy_(pos_cos.mean().detach())
        self.last_sigreg_h.copy_(sigreg_h.detach())

        return loss


def main() -> None:
    code = Path(__file__).read_text(encoding="utf-8")
    args = Hyperparameters()
    base.zeropower_via_newtonschulz5 = torch.compile(base.zeropower_via_newtonschulz5)

    distributed = "RANK" in os.environ and "WORLD_SIZE" in os.environ
    rank = int(os.environ.get("RANK", "0"))
    world_size = int(os.environ.get("WORLD_SIZE", "1"))
    local_rank = int(os.environ.get("LOCAL_RANK", "0"))
    if world_size <= 0:
        raise ValueError(f"WORLD_SIZE must be positive, got {world_size}")
    if 8 % world_size != 0:
        raise ValueError(f"WORLD_SIZE={world_size} must divide 8 so grad_accum_steps stays integral")
    grad_accum_steps = 8 // world_size
    grad_scale = 1.0 / grad_accum_steps
    if not torch.cuda.is_available():
        raise RuntimeError("CUDA is required")
    device = torch.device("cuda", local_rank)
    torch.cuda.set_device(device)
    if distributed:
        dist.init_process_group(backend="nccl", device_id=device)
        dist.barrier()
    master_process = rank == 0

    torch.backends.cuda.matmul.allow_tf32 = True
    torch.backends.cudnn.allow_tf32 = True
    from torch.backends.cuda import enable_cudnn_sdp, enable_flash_sdp, enable_math_sdp, enable_mem_efficient_sdp

    enable_cudnn_sdp(False)
    enable_flash_sdp(True)
    enable_mem_efficient_sdp(False)
    enable_math_sdp(False)

    logfile = None
    if master_process:
        os.makedirs("logs", exist_ok=True)
        logfile = f"logs/{args.run_id}.txt"
        print(logfile)

    def log0(msg: str, console: bool = True) -> None:
        if not master_process:
            return
        if console:
            print(msg)
        if logfile is not None:
            with open(logfile, "a", encoding="utf-8") as f:
                print(msg, file=f)

    log0(code, console=False)
    log0("=" * 100, console=False)
    log0(f"Running Python {sys.version}", console=False)
    log0(f"Running PyTorch {torch.__version__}", console=False)
    log0(
        subprocess.run(["nvidia-smi"], stdout=subprocess.PIPE, stderr=subprocess.PIPE, text=True, check=False).stdout,
        console=False,
    )
    log0("=" * 100, console=False)

    random.seed(args.seed)
    np.random.seed(args.seed)
    torch.manual_seed(args.seed)
    torch.cuda.manual_seed_all(args.seed)

    if not args.tokenizer_path.endswith(".model"):
        raise ValueError(f"Script only setup for SentencePiece .model file: {args.tokenizer_path}")
    sp = spm.SentencePieceProcessor(model_file=args.tokenizer_path)
    if int(sp.vocab_size()) != args.vocab_size:
        raise ValueError(
            f"VOCAB_SIZE={args.vocab_size} does not match tokenizer vocab_size={int(sp.vocab_size())}"
        )
    dataset_dir = Path(args.data_path).resolve()
    actual_train_files = len(list(dataset_dir.glob("fineweb_train_*.bin")))
    val_tokens = base.load_validation_tokens(args.val_files, args.train_seq_len)
    base_bytes_lut, has_leading_space_lut, is_boundary_token_lut = base.build_sentencepiece_luts(
        sp, args.vocab_size, device
    )
    log0(f"val_bpb:enabled tokenizer_kind=sentencepiece tokenizer_path={args.tokenizer_path}")
    log0(f"train_loader:dataset:{dataset_dir.name} train_shards:{actual_train_files}")
    log0(f"val_loader:shards pattern={args.val_files} tokens:{val_tokens.numel() - 1}")

    base_model = LeJEPAMetricGramGPT(args).to(device).bfloat16()
    for module in base_model.modules():
        if isinstance(module, base.CastedLinear):
            module.float()
    base.restore_low_dim_params_to_fp32(base_model)
    compiled_model = torch.compile(base_model, dynamic=False, fullgraph=True)
    model: nn.Module = DDP(compiled_model, device_ids=[local_rank], broadcast_buffers=False) if distributed else compiled_model

    named_params = list(base_model.named_parameters())
    matrix_params = [
        p
        for name, p in named_params
        if name not in {"tok_emb.weight", "lm_head.weight"}
        and p.ndim == 2
        and not any(pattern in name for pattern in base.CONTROL_TENSOR_NAME_PATTERNS)
    ]
    scalar_params = [
        p
        for name, p in named_params
        if name not in {"tok_emb.weight", "lm_head.weight"}
        and (p.ndim < 2 or any(pattern in name for pattern in base.CONTROL_TENSOR_NAME_PATTERNS))
    ]

    token_lr = args.tied_embed_lr if args.tie_embeddings else args.embed_lr
    optimizer_tok = torch.optim.Adam(
        [{"params": [base_model.tok_emb.weight], "lr": token_lr, "base_lr": token_lr}],
        betas=(args.beta1, args.beta2),
        eps=args.adam_eps,
        fused=True,
    )
    optimizer_muon = base.Muon(
        matrix_params,
        lr=args.matrix_lr,
        momentum=args.muon_momentum,
        backend_steps=args.muon_backend_steps,
        beta2=args.normuon_beta2,
    )
    for group in optimizer_muon.param_groups:
        group["base_lr"] = args.matrix_lr
    optimizer_scalar = torch.optim.Adam(
        [{"params": scalar_params, "lr": args.scalar_lr, "base_lr": args.scalar_lr}],
        betas=(args.beta1, args.beta2),
        eps=args.adam_eps,
        fused=True,
    )
    optimizers: list[torch.optim.Optimizer] = [optimizer_tok, optimizer_muon, optimizer_scalar]
    if base_model.lm_head is not None:
        optimizer_head = torch.optim.Adam(
            [{"params": [base_model.lm_head.weight], "lr": args.head_lr, "base_lr": args.head_lr}],
            betas=(args.beta1, args.beta2),
            eps=args.adam_eps,
            fused=True,
        )
        optimizers.insert(1, optimizer_head)

    n_params = sum(p.numel() for p in base_model.parameters())
    log0(f"model_params:{n_params}")
    log0(f"world_size:{world_size} grad_accum_steps:{grad_accum_steps}")
    log0("sdp_backends:cudnn=False flash=True mem_efficient=False math=False")
    log0(f"attention_mode:gqa num_heads:{args.num_heads} num_kv_heads:{args.num_kv_heads}")
    log0(
        f"metric_projected_lejepa_r56:"
        f"sigreg_hidden_weight={base_model.sigreg_hidden_weight} "
        f"sigreg_projections={args.sigreg_projections} "
        f"sigreg_num_points={args.sigreg_num_points} sigreg_t_max={args.sigreg_t_max} "
        f"eval_temp={args.eval_temp} "
        f"head=lejepa_idiomatic_attract_plus_hidden_sigreg_nodetach"
    )
    log0(
        f"tie_embeddings:{args.tie_embeddings} embed_lr:{token_lr} "
        f"head_lr:{args.head_lr if base_model.lm_head is not None else 0.0} "
        f"matrix_lr:{args.matrix_lr} scalar_lr:{args.scalar_lr}"
    )
    log0(
        f"train_batch_tokens:{args.train_batch_tokens} train_seq_len:{args.train_seq_len} "
        f"iterations:{args.iterations} warmup_steps:{args.warmup_steps} "
        f"max_wallclock_seconds:{args.max_wallclock_seconds:.3f}"
    )
    log0(f"seed:{args.seed}")

    train_loader = base.DistributedTokenLoader(args.train_files, rank, world_size, device)

    def zero_grad_all() -> None:
        for opt in optimizers:
            opt.zero_grad(set_to_none=True)

    def global_grad_norm() -> float:
        total = torch.zeros((), device=device, dtype=torch.float32)
        for param in base_model.parameters():
            if param.grad is None:
                continue
            total += param.grad.detach().float().square().sum()
        return float(torch.sqrt(total).item())

    max_wallclock_ms = 1000.0 * args.max_wallclock_seconds if args.max_wallclock_seconds > 0 else None

    def lr_mul(step: int, elapsed_ms: float) -> float:
        if args.warmdown_iters <= 0:
            return 1.0
        if max_wallclock_ms is None:
            warmdown_start = max(args.iterations - args.warmdown_iters, 0)
            if warmdown_start <= step < args.iterations:
                return max((args.iterations - step) / max(args.warmdown_iters, 1), 0.0)
            return 1.0
        step_ms = elapsed_ms / max(step, 1)
        warmdown_ms = args.warmdown_iters * step_ms
        remaining_ms = max(max_wallclock_ms - elapsed_ms, 0.0)
        return remaining_ms / max(warmdown_ms, 1e-9) if remaining_ms <= warmdown_ms else 1.0

    if args.warmup_steps > 0:
        initial_model_state = {name: tensor.detach().cpu().clone() for name, tensor in base_model.state_dict().items()}
        initial_optimizer_states = [copy.deepcopy(opt.state_dict()) for opt in optimizers]
        model.train()
        for warmup_step in range(args.warmup_steps):
            base_model.resample_sigreg_dirs(warmup_step)
            zero_grad_all()
            for micro_step in range(grad_accum_steps):
                if distributed:
                    model.require_backward_grad_sync = micro_step == grad_accum_steps - 1
                x, y = train_loader.next_batch(args.train_batch_tokens, args.train_seq_len, grad_accum_steps)
                with torch.autocast(device_type="cuda", dtype=torch.bfloat16, enabled=True):
                    warmup_loss = model(x, y)
                (warmup_loss * grad_scale).backward()
            for opt in optimizers:
                opt.step()
            zero_grad_all()
            if args.warmup_steps <= 20 or (warmup_step + 1) % 10 == 0 or warmup_step + 1 == args.warmup_steps:
                log0(f"warmup_step:{warmup_step + 1}/{args.warmup_steps}")
        base_model.load_state_dict(initial_model_state, strict=True)
        for opt, state in zip(optimizers, initial_optimizer_states, strict=True):
            opt.load_state_dict(state)
        zero_grad_all()
        if distributed:
            model.require_backward_grad_sync = True
        train_loader = base.DistributedTokenLoader(args.train_files, rank, world_size, device)

    training_time_ms = 0.0
    stop_after_step: int | None = None
    torch.cuda.synchronize()
    t0 = time.perf_counter()

    step = 0
    while True:
        last_step = step == args.iterations or (stop_after_step is not None and step >= stop_after_step)

        should_validate = last_step or (args.val_loss_every > 0 and step % args.val_loss_every == 0)
        if should_validate:
            torch.cuda.synchronize()
            training_time_ms += 1000.0 * (time.perf_counter() - t0)
            val_loss, val_bpb = base.eval_val(
                args,
                model,
                rank,
                world_size,
                device,
                grad_accum_steps,
                val_tokens,
                base_bytes_lut,
                has_leading_space_lut,
                is_boundary_token_lut,
            )
            log0(
                f"step:{step}/{args.iterations} val_loss:{val_loss:.4f} val_bpb:{val_bpb:.4f} "
                f"train_time:{training_time_ms:.0f}ms step_avg:{training_time_ms / max(step, 1):.2f}ms"
            )
            torch.cuda.synchronize()
            t0 = time.perf_counter()

        if last_step:
            if stop_after_step is not None and step < args.iterations:
                log0(
                    f"stopping_early: wallclock_cap train_time:{training_time_ms:.0f}ms "
                    f"step:{step}/{args.iterations}"
                )
            break

        elapsed_ms = training_time_ms + 1000.0 * (time.perf_counter() - t0)
        scale = lr_mul(step, elapsed_ms)

        base_model.resample_sigreg_dirs(step)

        zero_grad_all()
        train_loss = torch.zeros((), device=device)
        for micro_step in range(grad_accum_steps):
            if distributed:
                model.require_backward_grad_sync = micro_step == grad_accum_steps - 1
            x, y = train_loader.next_batch(args.train_batch_tokens, args.train_seq_len, grad_accum_steps)
            with torch.autocast(device_type="cuda", dtype=torch.bfloat16, enabled=True):
                loss = model(x, y)
            train_loss += loss.detach()
            (loss * grad_scale).backward()
        train_loss /= grad_accum_steps

        frac = min(step / args.muon_momentum_warmup_steps, 1.0) if args.muon_momentum_warmup_steps > 0 else 1.0
        muon_momentum = (1 - frac) * args.muon_momentum_warmup_start + frac * args.muon_momentum
        for group in optimizer_muon.param_groups:
            group["momentum"] = muon_momentum

        for opt in optimizers:
            for group in opt.param_groups:
                group["lr"] = group["base_lr"] * scale

        grad_norm = global_grad_norm()
        if args.grad_clip_norm > 0:
            torch.nn.utils.clip_grad_norm_(base_model.parameters(), args.grad_clip_norm)
        for opt in optimizers:
            opt.step()
        zero_grad_all()

        step += 1
        torch.cuda.synchronize()
        training_time_ms += 1000.0 * (time.perf_counter() - t0)
        t0 = time.perf_counter()
        if step % 10 == 0 or last_step:
            log0(
                f"step:{step}/{args.iterations} train_loss:{train_loss.item():.4f} "
                f"loss:{base_model.last_loss.item():.4f} "
                f"attract:{base_model.last_attract.item():.4f} "
                f"pos_cos:{base_model.last_pos_cos.item():.4f} "
                f"sigreg_h:{base_model.last_sigreg_h.item():.4f} "
                f"grad_norm:{grad_norm:.4f} train_time:{training_time_ms:.0f}ms "
                f"step_avg:{training_time_ms / step:.2f}ms"
            )
        if step % args.val_loss_every == 0 or last_step:
            diag = base_model.manifold_diagnostics()
            log0(
                "manifold_diag:"
                f"step:{step}/{args.iterations} "
                f"sigreg_tok:{diag['sigreg_tok']:.4f} "
                f"tok_row_norm_mean:{diag['tok_row_norm_mean']:.4f} "
                f"tok_row_norm_std:{diag['tok_row_norm_std']:.4f} "
                f"tok_dim_std_mean:{diag['tok_dim_std_mean']:.4f} "
                f"tok_eff_rank:{diag['tok_eff_rank']:.4f} "
                f"tok_cos_off_mean:{diag['tok_cos_off_mean']:.4f} "
                f"dirs_sum:{diag['dirs_sum']:.4f}"
            )
        if max_wallclock_ms is not None and training_time_ms >= max_wallclock_ms and stop_after_step is None:
            stop_after_step = step

    log0(
        f"peak memory allocated: {torch.cuda.max_memory_allocated() // 1024 // 1024} MiB "
        f"reserved: {torch.cuda.max_memory_reserved() // 1024 // 1024} MiB"
    )

    if master_process:
        torch.save(base_model.state_dict(), "final_model.pt")
        model_bytes = os.path.getsize("final_model.pt")
        code_bytes = len(code.encode("utf-8"))
        log0(f"Serialized model: {model_bytes} bytes")
        log0(f"Code size: {code_bytes} bytes")
        log0(f"Total submission size: {model_bytes + code_bytes} bytes")

    quant_obj, quant_stats = base.quantize_state_dict_int8(base_model.state_dict())
    quant_buf = io.BytesIO()
    torch.save(quant_obj, quant_buf)
    quant_raw = quant_buf.getvalue()
    quant_blob = zlib.compress(quant_raw, level=9)
    quant_raw_bytes = len(quant_raw)
    if master_process:
        with open("final_model.int8.ptz", "wb") as f:
            f.write(quant_blob)
        quant_file_bytes = os.path.getsize("final_model.int8.ptz")
        code_bytes = len(code.encode("utf-8"))
        ratio = quant_stats["baseline_tensor_bytes"] / max(quant_stats["int8_payload_bytes"], 1)
        log0(
            f"Serialized model int8+zlib: {quant_file_bytes} bytes "
            f"(payload:{quant_stats['int8_payload_bytes']} raw_torch:{quant_raw_bytes} payload_ratio:{ratio:.2f}x)"
        )
        log0(f"Total submission size int8+zlib: {quant_file_bytes + code_bytes} bytes")

    if distributed:
        dist.barrier()
    with open("final_model.int8.ptz", "rb") as f:
        quant_blob_disk = f.read()
    quant_state = torch.load(io.BytesIO(zlib.decompress(quant_blob_disk)), map_location="cpu")
    base_model.load_state_dict(base.dequantize_state_dict_int8(quant_state), strict=True)
    torch.cuda.synchronize()
    t_qeval = time.perf_counter()
    q_val_loss, q_val_bpb = base.eval_val(
        args,
        model,
        rank,
        world_size,
        device,
        grad_accum_steps,
        val_tokens,
        base_bytes_lut,
        has_leading_space_lut,
        is_boundary_token_lut,
    )
    torch.cuda.synchronize()
    log0(
        f"final_int8_zlib_roundtrip val_loss:{q_val_loss:.4f} val_bpb:{q_val_bpb:.4f} "
        f"eval_time:{1000.0 * (time.perf_counter() - t_qeval):.0f}ms"
    )
    log0(f"final_int8_zlib_roundtrip_exact val_loss:{q_val_loss:.8f} val_bpb:{q_val_bpb:.8f}")

    if distributed:
        dist.destroy_process_group()


if __name__ == "__main__":
    main()

====================================================================================================
Running Python 3.14.4 (main, Apr 11 2026, 09:29:24) [GCC 15.2.1 20260209]
Running PyTorch 2.11.0
Wed Apr 22 15:18:46 2026       
+-----------------------------------------------------------------------------------------+
| NVIDIA-SMI 595.58.03              Driver Version: 595.58.03      CUDA Version: 13.2     |
+-----------------------------------------+------------------------+----------------------+
| GPU  Name                 Persistence-M | Bus-Id          Disp.A | Volatile Uncorr. ECC |
| Fan  Temp   Perf          Pwr:Usage/Cap |           Memory-Usage | GPU-Util  Compute M. |
|                                         |                        |               MIG M. |
|=========================================+========================+======================|
|   0  NVIDIA GeForce RTX 5090        Off |   00000000:01:00.0  On |                  N/A |
| 30%   43C    P8             31W /  575W |   10757MiB /  32607MiB |      1%      Default |
|                                         |                        |                  N/A |
+-----------------------------------------+------------------------+----------------------+

+-----------------------------------------------------------------------------------------+
| Processes:                                                                              |
|  GPU   GI   CI              PID   Type   Process name                        GPU Memory |
|        ID   ID                                                               Usage      |
|=========================================================================================|
|    0   N/A  N/A            5235      G   /usr/bin/niri                          1429MiB |
|    0   N/A  N/A            5425    C+G   /usr/bin/walker                         140MiB |
|    0   N/A  N/A            5585      G   Xwayland                                  8MiB |
|    0   N/A  N/A            7060      G   /app/zen/zen                            540MiB |
|    0   N/A  N/A            7573      G   /usr/lib/vesktop/vesktop                161MiB |
|    0   N/A  N/A            8896    C+G   missioncenter                            91MiB |
|    0   N/A  N/A            9395    C+G   ...al/zed.app/libexec/zed-editor       4398MiB |
|    0   N/A  N/A           23764      G   kitty                                    34MiB |
|    0   N/A  N/A           37137      G   kitty                                    36MiB |
|    0   N/A  N/A           65013      G   kitty                                    34MiB |
|    0   N/A  N/A           69845      G   kitty                                    34MiB |
|    0   N/A  N/A           75100      G   kitty                                    34MiB |
|    0   N/A  N/A          121390      G   kitty                                    34MiB |
|    0   N/A  N/A          141523      G   kitty                                    34MiB |
|    0   N/A  N/A          145599      G   kitty                                    46MiB |
|    0   N/A  N/A          254170      G   kitty                                    34MiB |
|    0   N/A  N/A          256157      G   kitty                                    34MiB |
|    0   N/A  N/A          273387      G   kitty                                    34MiB |
|    0   N/A  N/A          279071      G   kitty                                    34MiB |
|    0   N/A  N/A          279663      G   kitty                                    34MiB |
|    0   N/A  N/A          359542      G   kitty                                    34MiB |
|    0   N/A  N/A          459029      G   kitty                                    34MiB |
|    0   N/A  N/A          498852      G   kitty                                    34MiB |
|    0   N/A  N/A          516761      G   kitty                                    34MiB |
|    0   N/A  N/A          528703      G   kitty                                    34MiB |
|    0   N/A  N/A          567362      G   kitty                                    34MiB |
|    0   N/A  N/A          577633      G   kitty                                    34MiB |
|    0   N/A  N/A         1783024      G   kitty                                    34MiB |
|    0   N/A  N/A         2034979      G   kitty                                    56MiB |
|    0   N/A  N/A         2049270      G   kitty                                    34MiB |
|    0   N/A  N/A         2049742      G   kitty                                    34MiB |
|    0   N/A  N/A         2086520      G   kitty                                    34MiB |
|    0   N/A  N/A         2112333      G   kitty                                    56MiB |
|    0   N/A  N/A         2113832      G   kitty                                    34MiB |
|    0   N/A  N/A         2128605      G   kitty                                    56MiB |
|    0   N/A  N/A         2153095      G   kitty                                    34MiB |
|    0   N/A  N/A         2158019      G   kitty                                    34MiB |
|    0   N/A  N/A         2230629      G   kitty                                    34MiB |
|    0   N/A  N/A         2248238      G   kitty                                    34MiB |
|    0   N/A  N/A         2252798      G   kitty                                    56MiB |
|    0   N/A  N/A         2426949      G   kitty                                    34MiB |
|    0   N/A  N/A         2526082      G   kitty                                    34MiB |
|    0   N/A  N/A         3075697      G   kitty                                    35MiB |
|    0   N/A  N/A         3128571      G   kitty                                    34MiB |
|    0   N/A  N/A         3140014      G   kitty                                    34MiB |
|    0   N/A  N/A         3391962      G   kitty                                    34MiB |
|    0   N/A  N/A         3553281      G   kitty                                    56MiB |
|    0   N/A  N/A         3575545      G   kitty                                    34MiB |
|    0   N/A  N/A         3582140      G   ...odules/electron/dist/electron        101MiB |
|    0   N/A  N/A         3582487      G   ...rack-uuid=3190708988185955192         14MiB |
|    0   N/A  N/A         3582488      G   ...rack-uuid=3190708988185955192          6MiB |
|    0   N/A  N/A         3600163      C   /usr/bin/python3                        498MiB |
+-----------------------------------------------------------------------------------------+

====================================================================================================
val_bpb:enabled tokenizer_kind=sentencepiece tokenizer_path=./data/tokenizers/fineweb_1024_bpe.model
train_loader:dataset:fineweb10B_sp1024 train_shards:80
val_loader:shards pattern=./data/datasets/fineweb10B_sp1024/fineweb_val_*.bin tokens:62021632
model_params:17059912
world_size:1 grad_accum_steps:8
sdp_backends:cudnn=False flash=True mem_efficient=False math=False
attention_mode:gqa num_heads:8 num_kv_heads:4
metric_projected_lejepa_r56:sigreg_hidden_weight=0.05 sigreg_projections=64 sigreg_num_points=17 sigreg_t_max=4.0 eval_temp=15.0 head=lejepa_idiomatic_attract_plus_hidden_sigreg_nodetach
tie_embeddings:True embed_lr:0.05 head_lr:0.0 matrix_lr:0.04 scalar_lr:0.04
train_batch_tokens:524288 train_seq_len:1024 iterations:2000 warmup_steps:20 max_wallclock_seconds:0.000
seed:1337
warmup_step:1/20
warmup_step:2/20
warmup_step:3/20
warmup_step:4/20
warmup_step:5/20
warmup_step:6/20
warmup_step:7/20
warmup_step:8/20
warmup_step:9/20
warmup_step:10/20
warmup_step:11/20
warmup_step:12/20
warmup_step:13/20
warmup_step:14/20
warmup_step:15/20
warmup_step:16/20
warmup_step:17/20
warmup_step:18/20
warmup_step:19/20
warmup_step:20/20
step:0/2000 val_loss:14.9182 val_bpb:8.8354 train_time:0ms step_avg:0.01ms
step:10/2000 train_loss:0.6679 loss:0.6719 attract:0.6562 pos_cos:0.3418 sigreg_h:0.2578 grad_norm:0.1790 train_time:6151ms step_avg:615.07ms
step:20/2000 train_loss:0.3904 loss:0.3867 attract:0.3672 pos_cos:0.6328 sigreg_h:0.3633 grad_norm:0.0843 train_time:12312ms step_avg:615.58ms
manifold_diag:step:20/2000 sigreg_tok:0.0595 tok_row_norm_mean:25.2447 tok_row_norm_std:1.5892 tok_dim_std_mean:0.9967 tok_eff_rank:317.7457 tok_cos_off_mean:0.1926 dirs_sum:4.3415
step:20/2000 val_loss:5.3486 val_bpb:3.1677 train_time:12370ms step_avg:618.52ms
step:30/2000 train_loss:0.2164 loss:0.2158 attract:0.1934 pos_cos:0.8047 sigreg_h:0.4531 grad_norm:0.0825 train_time:18553ms step_avg:618.43ms
step:40/2000 train_loss:0.1217 loss:0.1211 attract:0.0962 pos_cos:0.9023 sigreg_h:0.4961 grad_norm:0.0612 train_time:25020ms step_avg:625.50ms
manifold_diag:step:40/2000 sigreg_tok:0.2381 tok_row_norm_mean:29.4085 tok_row_norm_std:3.5784 tok_dim_std_mean:0.8856 tok_eff_rank:123.3035 tok_cos_off_mean:0.4902 dirs_sum:1.4651
step:40/2000 val_loss:5.9545 val_bpb:3.5266 train_time:25032ms step_avg:625.80ms
step:50/2000 train_loss:0.0715 loss:0.0723 attract:0.0481 pos_cos:0.9531 sigreg_h:0.4805 grad_norm:0.0439 train_time:31313ms step_avg:626.26ms
step:60/2000 train_loss:0.0490 loss:0.0493 attract:0.0231 pos_cos:0.9766 sigreg_h:0.5234 grad_norm:0.0361 train_time:37631ms step_avg:627.19ms
manifold_diag:step:60/2000 sigreg_tok:0.3837 tok_row_norm_mean:31.1892 tok_row_norm_std:4.3193 tok_dim_std_mean:0.7701 tok_eff_rank:39.8328 tok_cos_off_mean:0.6265 dirs_sum:3.6376
step:60/2000 val_loss:6.3792 val_bpb:3.7781 train_time:37643ms step_avg:627.39ms
step:70/2000 train_loss:0.0395 loss:0.0383 attract:0.0120 pos_cos:0.9883 sigreg_h:0.5234 grad_norm:0.0315 train_time:43970ms step_avg:628.15ms
step:80/2000 train_loss:0.0285 loss:0.0286 attract:0.0066 pos_cos:0.9922 sigreg_h:0.4395 grad_norm:0.0247 train_time:50220ms step_avg:627.76ms
manifold_diag:step:80/2000 sigreg_tok:0.3892 tok_row_norm_mean:31.6617 tok_row_norm_std:4.4264 tok_dim_std_mean:0.7113 tok_eff_rank:20.2372 tok_cos_off_mean:0.6770 dirs_sum:-8.2501
step:80/2000 val_loss:6.5931 val_bpb:3.9048 train_time:50234ms step_avg:627.92ms
step:90/2000 train_loss:0.0271 loss:0.0277 attract:0.0049 pos_cos:0.9961 sigreg_h:0.4551 grad_norm:0.0250 train_time:56489ms step_avg:627.65ms
step:100/2000 train_loss:0.0343 loss:0.0344 attract:0.0033 pos_cos:0.9961 sigreg_h:0.6211 grad_norm:0.0257 train_time:62860ms step_avg:628.60ms
manifold_diag:step:100/2000 sigreg_tok:0.5663 tok_row_norm_mean:31.8654 tok_row_norm_std:4.4590 tok_dim_std_mean:0.6892 tok_eff_rank:15.1171 tok_cos_off_mean:0.6952 dirs_sum:-2.7515
step:100/2000 val_loss:6.6576 val_bpb:3.9430 train_time:62875ms step_avg:628.75ms
step:110/2000 train_loss:0.0308 loss:0.0306 attract:0.0023 pos_cos:0.9961 sigreg_h:0.5664 grad_norm:0.0208 train_time:69120ms step_avg:628.36ms
step:120/2000 train_loss:0.0284 loss:0.0284 attract:0.0020 pos_cos:0.9961 sigreg_h:0.5273 grad_norm:0.0202 train_time:75486ms step_avg:629.05ms
manifold_diag:step:120/2000 sigreg_tok:0.5144 tok_row_norm_mean:32.0176 tok_row_norm_std:4.5062 tok_dim_std_mean:0.6815 tok_eff_rank:13.4869 tok_cos_off_mean:0.7026 dirs_sum:5.4575
step:120/2000 val_loss:6.6755 val_bpb:3.9536 train_time:75500ms step_avg:629.17ms
step:130/2000 train_loss:0.0238 loss:0.0236 attract:0.0024 pos_cos:0.9961 sigreg_h:0.4238 grad_norm:0.0211 train_time:81651ms step_avg:628.09ms
step:140/2000 train_loss:0.0312 loss:0.0312 attract:0.0023 pos_cos:0.9961 sigreg_h:0.5781 grad_norm:0.0200 train_time:87880ms step_avg:627.71ms
manifold_diag:step:140/2000 sigreg_tok:0.5685 tok_row_norm_mean:32.2656 tok_row_norm_std:4.6115 tok_dim_std_mean:0.6765 tok_eff_rank:12.6239 tok_cos_off_mean:0.7081 dirs_sum:10.3282
step:140/2000 val_loss:6.6749 val_bpb:3.9532 train_time:87896ms step_avg:627.83ms
step:150/2000 train_loss:0.0277 loss:0.0277 attract:0.0021 pos_cos:0.9961 sigreg_h:0.5117 grad_norm:0.0184 train_time:94149ms step_avg:627.66ms
step:160/2000 train_loss:0.0293 loss:0.0293 attract:0.0020 pos_cos:0.9961 sigreg_h:0.5430 grad_norm:0.0187 train_time:100371ms step_avg:627.32ms
manifold_diag:step:160/2000 sigreg_tok:0.5393 tok_row_norm_mean:32.4067 tok_row_norm_std:4.6611 tok_dim_std_mean:0.6727 tok_eff_rank:11.9080 tok_cos_off_mean:0.7119 dirs_sum:-15.4711
step:160/2000 val_loss:6.6816 val_bpb:3.9572 train_time:100386ms step_avg:627.42ms
step:170/2000 train_loss:0.0281 loss:0.0281 attract:0.0020 pos_cos:0.9961 sigreg_h:0.5195 grad_norm:0.0171 train_time:106637ms step_avg:627.28ms
step:180/2000 train_loss:0.0290 loss:0.0291 attract:0.0018 pos_cos:1.0000 sigreg_h:0.5469 grad_norm:0.0160 train_time:112893ms step_avg:627.18ms
manifold_diag:step:180/2000 sigreg_tok:0.5284 tok_row_norm_mean:32.5217 tok_row_norm_std:4.7015 tok_dim_std_mean:0.6717 tok_eff_rank:11.4891 tok_cos_off_mean:0.7137 dirs_sum:-0.5967
step:180/2000 val_loss:6.6799 val_bpb:3.9562 train_time:112909ms step_avg:627.27ms
step:190/2000 train_loss:0.0267 loss:0.0266 attract:0.0017 pos_cos:1.0000 sigreg_h:0.5000 grad_norm:0.0161 train_time:119168ms step_avg:627.20ms
step:200/2000 train_loss:0.0292 loss:0.0293 attract:0.0018 pos_cos:1.0000 sigreg_h:0.5469 grad_norm:0.0155 train_time:125414ms step_avg:627.07ms
manifold_diag:step:200/2000 sigreg_tok:0.5461 tok_row_norm_mean:32.7368 tok_row_norm_std:4.7985 tok_dim_std_mean:0.6741 tok_eff_rank:11.0553 tok_cos_off_mean:0.7140 dirs_sum:-4.5593
step:200/2000 val_loss:6.6788 val_bpb:3.9555 train_time:125429ms step_avg:627.14ms
step:210/2000 train_loss:0.0279 loss:0.0280 attract:0.0017 pos_cos:1.0000 sigreg_h:0.5234 grad_norm:0.0154 train_time:131825ms step_avg:627.74ms
step:220/2000 train_loss:0.0263 loss:0.0264 attract:0.0016 pos_cos:1.0000 sigreg_h:0.4941 grad_norm:0.0149 train_time:138276ms step_avg:628.53ms
manifold_diag:step:220/2000 sigreg_tok:0.4976 tok_row_norm_mean:32.9816 tok_row_norm_std:4.8994 tok_dim_std_mean:0.6776 tok_eff_rank:10.6951 tok_cos_off_mean:0.7137 dirs_sum:-0.8422
step:220/2000 val_loss:6.6765 val_bpb:3.9542 train_time:138292ms step_avg:628.60ms
step:230/2000 train_loss:0.0271 loss:0.0271 attract:0.0015 pos_cos:1.0000 sigreg_h:0.5117 grad_norm:0.0159 train_time:144705ms step_avg:629.15ms
step:240/2000 train_loss:0.0245 loss:0.0247 attract:0.0019 pos_cos:1.0000 sigreg_h:0.4551 grad_norm:0.0144 train_time:151066ms step_avg:629.44ms
manifold_diag:step:240/2000 sigreg_tok:0.4515 tok_row_norm_mean:33.2773 tok_row_norm_std:5.0367 tok_dim_std_mean:0.6823 tok_eff_rank:10.3029 tok_cos_off_mean:0.7132 dirs_sum:-1.5644
step:240/2000 val_loss:6.6753 val_bpb:3.9535 train_time:151082ms step_avg:629.51ms
step:250/2000 train_loss:0.0261 loss:0.0261 attract:0.0016 pos_cos:1.0000 sigreg_h:0.4883 grad_norm:0.0156 train_time:157391ms step_avg:629.56ms
