====================================================================================================
Hyperparameters:
  adam_eps: 1e-08
  adam_wd: 0.02
  beta1: 0.9
  beta2: 0.95
  compressor: brotli
  data_dir: ./data/
  datasets_dir: ./data/datasets/fineweb10B_sp8192
  distributed: False
  ema_decay: 0.9965
  embed_bits: 8
  embed_clip_sigmas: 20.0
  embed_lr: 0.6
  embed_wd: 0.085
  embedding_dim: 512
  enable_looping_at: 0.35
  etlb_clip: 3.0
  etlb_enabled: False
  etlb_lr: 0.05
  etlb_steps: 5
  eval_seq_len: 2048
  eval_stride: 64
  gptq_calibration_batches: 64
  gptq_reserve_seconds: 12.0
  grad_accum_steps: 8
  grad_clip_norm: 0.3
  head_lr: 0.008
  is_main_process: True
  iterations: 2000
  ln_scale: True
  local_rank: 0
  logfile: logs/metric_ce_2k.txt
  logit_softcap: 30.0
  loop_end: 5
  loop_start: 3
  matrix_bits: 6
  matrix_clip_sigmas: 12.85
  matrix_lr: 0.022
  max_wallclock_seconds: 0.0
  min_lr: 0.0
  mlp_mult: 4.0
  model_dim: 512
  model_path: final_model.pt
  muon_backend_steps: 5
  muon_beta2: 0.95
  muon_momentum: 0.99
  muon_momentum_warmup_start: 0.92
  muon_momentum_warmup_steps: 1500
  muon_row_normalize: True
  muon_wd: 0.095
  num_heads: 8
  num_kv_heads: 4
  num_layers: 11
  num_loops: 2
  parallel_residual_start: 7
  qk_gain_init: 5.0
  quantized_model_path: final_model.int6.ptz
  rank: 0
  rope_base: 10000.0
  rope_dims: 16
  rope_train_seq_len: 2048
  run_id: metric_ce_2k
  scalar_lr: 0.02
  seed: 1337
  skip_gates_enabled: True
  sliding_window_enabled: False
  tie_embeddings: True
  tied_embed_init_std: 0.005
  tied_embed_lr: 0.03
  tokenizer_path: ./data/tokenizers/fineweb_8192_bpe.model
  train_batch_tokens: 786432
  train_files: ./data/datasets/fineweb10B_sp8192/fineweb_train_*.bin
  train_log_every: 10
  train_seq_len: 2048
  ttt_chunk_tokens: 32768
  ttt_enabled: False
  ttt_epochs: 3
  ttt_lr: 0.005
  ttt_momentum: 0.9
  val_batch_tokens: 524288
  val_files: ./data/datasets/fineweb10B_sp8192/fineweb_val_*.bin
  val_loss_every: 400
  vocab_size: 8192
  warmdown_frac: 0.72
  warmup_steps: 20
  world_size: 1
  xsa_last_n: 11
====================================================================================================
Running Python 3.14.3 (main, Feb 18 2026, 14:34:51) [GCC 15.2.1 20260209]
Running PyTorch 2.11.0
Sun Apr 12 18:19:55 2026       
+-----------------------------------------------------------------------------------------+
| NVIDIA-SMI 595.58.03              Driver Version: 595.58.03      CUDA Version: 13.2     |
+-----------------------------------------+------------------------+----------------------+
| GPU  Name                 Persistence-M | Bus-Id          Disp.A | Volatile Uncorr. ECC |
| Fan  Temp   Perf          Pwr:Usage/Cap |           Memory-Usage | GPU-Util  Compute M. |
|                                         |                        |               MIG M. |
|=========================================+========================+======================|
|   0  NVIDIA GeForce RTX 5090        Off |   00000000:01:00.0  On |                  N/A |
| 30%   58C    P1            522W /  575W |   16728MiB /  32607MiB |    100%      Default |
|                                         |                        |                  N/A |
+-----------------------------------------+------------------------+----------------------+

+-----------------------------------------------------------------------------------------+
| Processes:                                                                              |
|  GPU   GI   CI              PID   Type   Process name                        GPU Memory |
|        ID   ID                                                               Usage      |
|=========================================================================================|
|    0   N/A  N/A            4186      G   /usr/bin/niri                          1069MiB |
|    0   N/A  N/A            4469      G   Xwayland                                  9MiB |
|    0   N/A  N/A            5806      G   /app/zen/zen                            444MiB |
|    0   N/A  N/A            6656      G   /usr/lib/vesktop/vesktop                179MiB |
|    0   N/A  N/A            8849      G   kitty                                   116MiB |
|    0   N/A  N/A           36162      G   kitty                                    34MiB |
|    0   N/A  N/A           36567      G   kitty                                    44MiB |
|    0   N/A  N/A           56268      G   kitty                                    34MiB |
|    0   N/A  N/A           76841      G   kitty                                    56MiB |
|    0   N/A  N/A          104442      G   kitty                                    34MiB |
|    0   N/A  N/A          180126      G   kitty                                    34MiB |
|    0   N/A  N/A          342624      G   kitty                                    34MiB |
|    0   N/A  N/A          347425      G   kitty                                    34MiB |
|    0   N/A  N/A          449627      G   kitty                                    22MiB |
|    0   N/A  N/A          483937      G   kitty                                    28MiB |
|    0   N/A  N/A          496351      G   kitty                                    44MiB |
|    0   N/A  N/A          533379      G   kitty                                    34MiB |
|    0   N/A  N/A          643185      G   kitty                                    34MiB |
|    0   N/A  N/A         1004904      G   kitty                                    34MiB |
|    0   N/A  N/A         1009393      G   kitty                                    34MiB |
|    0   N/A  N/A         1093605      G   kitty                                    34MiB |
|    0   N/A  N/A         1109281      G   kitty                                    34MiB |
|    0   N/A  N/A         1173677      G   kitty                                    56MiB |
|    0   N/A  N/A         1248060      G   kitty                                    34MiB |
|    0   N/A  N/A         1259572      G   kitty                                    34MiB |
|    0   N/A  N/A         1274054    C+G   missioncenter                            91MiB |
|    0   N/A  N/A         1274298      C   /usr/bin/python3                      12800MiB |
|    0   N/A  N/A         1274715      C   /usr/bin/python3                        498MiB |
+-----------------------------------------------------------------------------------------+

====================================================================================================
train_shards: 20
val_tokens: 40540160
model_params:35944536
