"""
Muon-baseline ablation with a deployed rational-quadratic metric decoder.

Decoder:
- token scores come from a dense rational-quadratic distance kernel
- probabilities stay fully normalized and fully dense
- the same tied token table is used at inference

Training objective:
- direct metric NLL by default
- optional TFSD over the same dense kernelized probabilities
"""

from __future__ import annotations

import copy
import io
import math
import os
import random
import subprocess
import sys
import time
import zlib
from pathlib import Path

import numpy as np
import sentencepiece as spm
import torch
import torch.distributed as dist
import torch.nn.functional as F
from torch import Tensor, nn
from torch.nn.parallel import DistributedDataParallel as DDP

sys.path.insert(0, str(Path(__file__).resolve().parent))
import train_normuon as base  # noqa: E402


class Hyperparameters(base.Hyperparameters):
    tfsd_weight = float(os.environ.get("TFSD_WEIGHT", "0.0"))
    metric_ce_weight = float(os.environ.get("METRIC_CE_WEIGHT", "1.0"))
    tfsd_teacher_temp = float(os.environ.get("TFSD_TEACHER_TEMP", "1.0"))
    tfsd_student_temp = float(os.environ.get("TFSD_STUDENT_TEMP", "1.0"))
    metric_gamma = float(os.environ.get("TFSD_METRIC_GAMMA", "16.0"))
    rq_alpha = float(os.environ.get("TFSD_RQ_ALPHA", "4.0"))
    prob_floor = float(os.environ.get("TFSD_PROB_FLOOR", "1e-30"))


class RationalQuadraticMetricHeadGPT(base.GPT):
    def __init__(self, args: Hyperparameters):
        super().__init__(
            vocab_size=args.vocab_size,
            num_layers=args.num_layers,
            model_dim=args.model_dim,
            num_heads=args.num_heads,
            num_kv_heads=args.num_kv_heads,
            mlp_mult=args.mlp_mult,
            tie_embeddings=args.tie_embeddings,
            tied_embed_init_std=args.tied_embed_init_std,
            logit_softcap=args.logit_softcap,
            rope_base=args.rope_base,
            qk_gain_init=args.qk_gain_init,
        )
        self.tfsd_weight = args.tfsd_weight
        self.metric_ce_weight = args.metric_ce_weight
        self.tfsd_teacher_temp = args.tfsd_teacher_temp
        self.tfsd_student_temp = args.tfsd_student_temp
        self.metric_gamma = args.metric_gamma
        self.rq_alpha = args.rq_alpha
        self.prob_floor = args.prob_floor
        self.metric_input_scale = 1.0 / math.sqrt(args.model_dim)
        if self.metric_gamma <= 0.0:
            raise ValueError(f"TFSD_METRIC_GAMMA must be positive, got {self.metric_gamma}")
        if self.rq_alpha <= 0.0:
            raise ValueError(f"TFSD_RQ_ALPHA must be positive, got {self.rq_alpha}")

    def encode_hidden(self, input_ids: Tensor) -> Tensor:
        x = self.tok_emb(input_ids)
        x = F.rms_norm(x, (x.size(-1),))
        x0 = x
        skips: list[Tensor] = []
        for i in range(self.num_encoder_layers):
            x = self.blocks[i](x, x0)
            skips.append(x)
        for i in range(self.num_decoder_layers):
            if skips:
                x = x + self.skip_weights[i].to(dtype=x.dtype)[None, None, :] * skips.pop()
            x = self.blocks[self.num_encoder_layers + i](x, x0)
        return self.final_norm(x)

    def token_centers(self) -> Tensor:
        if self.tie_embeddings:
            return self.tok_emb.weight
        if self.lm_head is None:
            raise RuntimeError("lm_head is required when tie_embeddings=False")
        return self.lm_head.weight

    def distances(self, hidden: Tensor) -> Tensor:
        flat_hidden = hidden.reshape(-1, hidden.size(-1)).float() * self.metric_input_scale
        centers = self.token_centers().float() * self.metric_input_scale
        hidden_sq = flat_hidden.square().sum(dim=-1, keepdim=True)
        center_sq = centers.square().sum(dim=-1).unsqueeze(0)
        return (hidden_sq + center_sq) - 2.0 * (flat_hidden @ centers.T)

    def log_kernel(self, dist: Tensor, temperature: float = 1.0) -> Tensor:
        safe_temp = max(temperature, 1e-6)
        scaled = (self.metric_gamma / safe_temp) * dist.clamp_min(0.0)
        return -self.rq_alpha * torch.log1p(scaled / self.rq_alpha)

    def log_probs_from_dist(self, dist: Tensor, temperature: float = 1.0) -> Tensor:
        log_k = self.log_kernel(dist, temperature=temperature)
        return log_k - torch.logsumexp(log_k, dim=-1, keepdim=True)

    def metric_nll_loss(self, hidden: Tensor, target_ids: Tensor) -> Tensor:
        log_probs = self.log_probs_from_dist(self.distances(hidden))
        target = target_ids.reshape(-1)
        return -log_probs[torch.arange(target.numel(), device=target.device), target].mean()

    def tfsd_loss(self, hidden: Tensor, target_ids: Tensor) -> Tensor:
        target_flat = target_ids.reshape(-1)
        dist = self.distances(hidden)
        student_log_probs = self.log_probs_from_dist(dist, temperature=self.tfsd_student_temp)
        with torch.no_grad():
            teacher_dist = dist.detach().clone()
            teacher_dist[torch.arange(target_flat.numel(), device=target_flat.device), target_flat] = 0.0
            teacher_log_probs = self.log_probs_from_dist(teacher_dist, temperature=self.tfsd_teacher_temp)
            teacher_probs = teacher_log_probs.exp()
        return F.kl_div(student_log_probs, teacher_probs, reduction="batchmean")

    def forward(self, input_ids: Tensor, target_ids: Tensor) -> Tensor:
        hidden = self.encode_hidden(input_ids)
        if not self.training:
            return self.metric_nll_loss(hidden, target_ids)
        loss = hidden.new_zeros((), dtype=torch.float32)
        if self.tfsd_weight > 0.0:
            loss = loss + self.tfsd_weight * self.tfsd_loss(hidden, target_ids)
        if self.metric_ce_weight > 0.0:
            loss = loss + self.metric_ce_weight * self.metric_nll_loss(hidden, target_ids)
        return loss


def main() -> None:
    code = Path(__file__).read_text(encoding="utf-8")
    args = Hyperparameters()
    base.zeropower_via_newtonschulz5 = torch.compile(base.zeropower_via_newtonschulz5)

    distributed = "RANK" in os.environ and "WORLD_SIZE" in os.environ
    rank = int(os.environ.get("RANK", "0"))
    world_size = int(os.environ.get("WORLD_SIZE", "1"))
    local_rank = int(os.environ.get("LOCAL_RANK", "0"))
    if world_size <= 0:
        raise ValueError(f"WORLD_SIZE must be positive, got {world_size}")
    if 8 % world_size != 0:
        raise ValueError(f"WORLD_SIZE={world_size} must divide 8 so grad_accum_steps stays integral")
    grad_accum_steps = 8 // world_size
    grad_scale = 1.0 / grad_accum_steps
    if not torch.cuda.is_available():
        raise RuntimeError("CUDA is required")
    device = torch.device("cuda", local_rank)
    torch.cuda.set_device(device)
    if distributed:
        dist.init_process_group(backend="nccl", device_id=device)
        dist.barrier()
    master_process = rank == 0

    torch.backends.cuda.matmul.allow_tf32 = True
    torch.backends.cudnn.allow_tf32 = True
    from torch.backends.cuda import enable_cudnn_sdp, enable_flash_sdp, enable_math_sdp, enable_mem_efficient_sdp

    enable_cudnn_sdp(False)
    enable_flash_sdp(True)
    enable_mem_efficient_sdp(False)
    enable_math_sdp(False)

    logfile = None
    if master_process:
        os.makedirs("logs", exist_ok=True)
        logfile = f"logs/{args.run_id}.txt"
        print(logfile)

    def log0(msg: str, console: bool = True) -> None:
        if not master_process:
            return
        if console:
            print(msg)
        if logfile is not None:
            with open(logfile, "a", encoding="utf-8") as f:
                print(msg, file=f)

    log0(code, console=False)
    log0("=" * 100, console=False)
    log0(f"Running Python {sys.version}", console=False)
    log0(f"Running PyTorch {torch.__version__}", console=False)
    log0(
        subprocess.run(["nvidia-smi"], stdout=subprocess.PIPE, stderr=subprocess.PIPE, text=True, check=False).stdout,
        console=False,
    )
    log0("=" * 100, console=False)

    random.seed(args.seed)
    np.random.seed(args.seed)
    torch.manual_seed(args.seed)
    torch.cuda.manual_seed_all(args.seed)

    if not args.tokenizer_path.endswith(".model"):
        raise ValueError(f"Script only setup for SentencePiece .model file: {args.tokenizer_path}")
    sp = spm.SentencePieceProcessor(model_file=args.tokenizer_path)
    if int(sp.vocab_size()) != args.vocab_size:
        raise ValueError(
            f"VOCAB_SIZE={args.vocab_size} does not match tokenizer vocab_size={int(sp.vocab_size())}"
        )
    dataset_dir = Path(args.data_path).resolve()
    actual_train_files = len(list(dataset_dir.glob("fineweb_train_*.bin")))
    val_tokens = base.load_validation_tokens(args.val_files, args.train_seq_len)
    base_bytes_lut, has_leading_space_lut, is_boundary_token_lut = base.build_sentencepiece_luts(
        sp, args.vocab_size, device
    )
    log0(f"val_bpb:enabled tokenizer_kind=sentencepiece tokenizer_path={args.tokenizer_path}")
    log0(f"train_loader:dataset:{dataset_dir.name} train_shards:{actual_train_files}")
    log0(f"val_loader:shards pattern={args.val_files} tokens:{val_tokens.numel() - 1}")

    base_model = RationalQuadraticMetricHeadGPT(args).to(device).bfloat16()
    for module in base_model.modules():
        if isinstance(module, base.CastedLinear):
            module.float()
    base.restore_low_dim_params_to_fp32(base_model)
    compiled_model = torch.compile(base_model, dynamic=False, fullgraph=True)
    model: nn.Module = DDP(compiled_model, device_ids=[local_rank], broadcast_buffers=False) if distributed else compiled_model

    block_named_params = list(base_model.blocks.named_parameters())
    matrix_params = [
        p
        for name, p in block_named_params
        if p.ndim == 2 and not any(pattern in name for pattern in base.CONTROL_TENSOR_NAME_PATTERNS)
    ]
    scalar_params = [
        p
        for name, p in block_named_params
        if p.ndim < 2 or any(pattern in name for pattern in base.CONTROL_TENSOR_NAME_PATTERNS)
    ]
    if base_model.skip_weights.numel() > 0:
        scalar_params.append(base_model.skip_weights)

    token_lr = args.tied_embed_lr if args.tie_embeddings else args.embed_lr
    optimizer_tok = torch.optim.Adam(
        [{"params": [base_model.tok_emb.weight], "lr": token_lr, "base_lr": token_lr}],
        betas=(args.beta1, args.beta2),
        eps=args.adam_eps,
        fused=True,
    )
    optimizer_muon = base.Muon(
        matrix_params,
        lr=args.matrix_lr,
        momentum=args.muon_momentum,
        backend_steps=args.muon_backend_steps,
        beta2=args.normuon_beta2,
    )
    for group in optimizer_muon.param_groups:
        group["base_lr"] = args.matrix_lr
    optimizer_scalar = torch.optim.Adam(
        [{"params": scalar_params, "lr": args.scalar_lr, "base_lr": args.scalar_lr}],
        betas=(args.beta1, args.beta2),
        eps=args.adam_eps,
        fused=True,
    )
    optimizers: list[torch.optim.Optimizer] = [optimizer_tok, optimizer_muon, optimizer_scalar]
    if base_model.lm_head is not None:
        optimizer_head = torch.optim.Adam(
            [{"params": [base_model.lm_head.weight], "lr": args.head_lr, "base_lr": args.head_lr}],
            betas=(args.beta1, args.beta2),
            eps=args.adam_eps,
            fused=True,
        )
        optimizers.insert(1, optimizer_head)

    n_params = sum(p.numel() for p in base_model.parameters())
    log0(f"model_params:{n_params}")
    log0(f"world_size:{world_size} grad_accum_steps:{grad_accum_steps}")
    log0("sdp_backends:cudnn=False flash=True mem_efficient=False math=False")
    log0(f"attention_mode:gqa num_heads:{args.num_heads} num_kv_heads:{args.num_kv_heads}")
    log0(
        f"metric_head:tfsd_weight={args.tfsd_weight} metric_ce_weight={args.metric_ce_weight} "
        f"teacher_temp={args.tfsd_teacher_temp} student_temp={args.tfsd_student_temp} "
        f"metric_gamma={base_model.metric_gamma:.4f} rq_alpha={args.rq_alpha:.4f}"
    )
    log0(
        f"tie_embeddings:{args.tie_embeddings} embed_lr:{token_lr} "
        f"head_lr:{args.head_lr if base_model.lm_head is not None else 0.0} "
        f"matrix_lr:{args.matrix_lr} scalar_lr:{args.scalar_lr}"
    )
    log0(
        f"train_batch_tokens:{args.train_batch_tokens} train_seq_len:{args.train_seq_len} "
        f"iterations:{args.iterations} warmup_steps:{args.warmup_steps} "
        f"max_wallclock_seconds:{args.max_wallclock_seconds:.3f}"
    )
    log0(f"seed:{args.seed}")

    train_loader = base.DistributedTokenLoader(args.train_files, rank, world_size, device)

    def zero_grad_all() -> None:
        for opt in optimizers:
            opt.zero_grad(set_to_none=True)

    def global_grad_norm() -> float:
        total = torch.zeros((), device=device, dtype=torch.float32)
        for param in base_model.parameters():
            if param.grad is None:
                continue
            total += param.grad.detach().float().square().sum()
        return float(torch.sqrt(total).item())

    max_wallclock_ms = 1000.0 * args.max_wallclock_seconds if args.max_wallclock_seconds > 0 else None

    def lr_mul(step: int, elapsed_ms: float) -> float:
        if args.warmdown_iters <= 0:
            return 1.0
        if max_wallclock_ms is None:
            warmdown_start = max(args.iterations - args.warmdown_iters, 0)
            return max((args.iterations - step) / max(args.warmdown_iters, 1), 0.0) if warmdown_start <= step < args.iterations else 1.0
        step_ms = elapsed_ms / max(step, 1)
        warmdown_ms = args.warmdown_iters * step_ms
        remaining_ms = max(max_wallclock_ms - elapsed_ms, 0.0)
        return remaining_ms / max(warmdown_ms, 1e-9) if remaining_ms <= warmdown_ms else 1.0

    if args.warmup_steps > 0:
        initial_model_state = {name: tensor.detach().cpu().clone() for name, tensor in base_model.state_dict().items()}
        initial_optimizer_states = [copy.deepcopy(opt.state_dict()) for opt in optimizers]
        model.train()
        for warmup_step in range(args.warmup_steps):
            zero_grad_all()
            for micro_step in range(grad_accum_steps):
                if distributed:
                    model.require_backward_grad_sync = micro_step == grad_accum_steps - 1
                x, y = train_loader.next_batch(args.train_batch_tokens, args.train_seq_len, grad_accum_steps)
                with torch.autocast(device_type="cuda", dtype=torch.bfloat16, enabled=True):
                    warmup_loss = model(x, y)
                (warmup_loss * grad_scale).backward()
            for opt in optimizers:
                opt.step()
            zero_grad_all()
            if args.warmup_steps <= 20 or (warmup_step + 1) % 10 == 0 or warmup_step + 1 == args.warmup_steps:
                log0(f"warmup_step:{warmup_step + 1}/{args.warmup_steps}")
        base_model.load_state_dict(initial_model_state, strict=True)
        for opt, state in zip(optimizers, initial_optimizer_states, strict=True):
            opt.load_state_dict(state)
        zero_grad_all()
        if distributed:
            model.require_backward_grad_sync = True
        train_loader = base.DistributedTokenLoader(args.train_files, rank, world_size, device)

    training_time_ms = 0.0
    stop_after_step: int | None = None
    torch.cuda.synchronize()
    t0 = time.perf_counter()

    step = 0
    while True:
        last_step = step == args.iterations or (stop_after_step is not None and step >= stop_after_step)

        should_validate = last_step or (args.val_loss_every > 0 and step % args.val_loss_every == 0)
        if should_validate:
            torch.cuda.synchronize()
            training_time_ms += 1000.0 * (time.perf_counter() - t0)
            val_loss, val_bpb = base.eval_val(
                args,
                model,
                rank,
                world_size,
                device,
                grad_accum_steps,
                val_tokens,
                base_bytes_lut,
                has_leading_space_lut,
                is_boundary_token_lut,
            )
            log0(
                f"step:{step}/{args.iterations} val_loss:{val_loss:.4f} val_bpb:{val_bpb:.4f} "
                f"train_time:{training_time_ms:.0f}ms step_avg:{training_time_ms / max(step, 1):.2f}ms"
            )
            torch.cuda.synchronize()
            t0 = time.perf_counter()

        if last_step:
            if stop_after_step is not None and step < args.iterations:
                log0(
                    f"stopping_early: wallclock_cap train_time:{training_time_ms:.0f}ms "
                    f"step:{step}/{args.iterations}"
                )
            break

        elapsed_ms = training_time_ms + 1000.0 * (time.perf_counter() - t0)
        scale = lr_mul(step, elapsed_ms)
        zero_grad_all()
        train_loss = torch.zeros((), device=device)
        for micro_step in range(grad_accum_steps):
            if distributed:
                model.require_backward_grad_sync = micro_step == grad_accum_steps - 1
            x, y = train_loader.next_batch(args.train_batch_tokens, args.train_seq_len, grad_accum_steps)
            with torch.autocast(device_type="cuda", dtype=torch.bfloat16, enabled=True):
                loss = model(x, y)
            train_loss += loss.detach()
            (loss * grad_scale).backward()
        train_loss /= grad_accum_steps

        frac = min(step / args.muon_momentum_warmup_steps, 1.0) if args.muon_momentum_warmup_steps > 0 else 1.0
        muon_momentum = (1 - frac) * args.muon_momentum_warmup_start + frac * args.muon_momentum
        for group in optimizer_muon.param_groups:
            group["momentum"] = muon_momentum

        for opt in optimizers:
            for group in opt.param_groups:
                group["lr"] = group["base_lr"] * scale

        grad_norm = global_grad_norm()
        if args.grad_clip_norm > 0:
            torch.nn.utils.clip_grad_norm_(base_model.parameters(), args.grad_clip_norm)
        for opt in optimizers:
            opt.step()
        zero_grad_all()

        step += 1
        approx_training_time_ms = training_time_ms + 1000.0 * (time.perf_counter() - t0)
        should_log_train = (
            args.train_log_every > 0
            and (step <= 10 or step % args.train_log_every == 0 or stop_after_step is not None)
        )
        if should_log_train:
            log0(
                f"step:{step}/{args.iterations} train_loss:{train_loss.item():.4f} "
                f"grad_norm:{grad_norm:.4f} "
                f"train_time:{approx_training_time_ms:.0f}ms step_avg:{approx_training_time_ms / step:.2f}ms"
            )

        reached_cap = max_wallclock_ms is not None and approx_training_time_ms >= max_wallclock_ms
        if distributed and max_wallclock_ms is not None:
            reached_cap_tensor = torch.tensor(int(reached_cap), device=device)
            dist.all_reduce(reached_cap_tensor, op=dist.ReduceOp.MAX)
            reached_cap = bool(reached_cap_tensor.item())
        if stop_after_step is None and reached_cap:
            stop_after_step = step

    log0(
        f"peak memory allocated: {torch.cuda.max_memory_allocated() // 1024 // 1024} MiB "
        f"reserved: {torch.cuda.max_memory_reserved() // 1024 // 1024} MiB"
    )

    if master_process:
        torch.save(base_model.state_dict(), "final_model.pt")
        model_bytes = os.path.getsize("final_model.pt")
        code_bytes = len(code.encode("utf-8"))
        log0(f"Serialized model: {model_bytes} bytes")
        log0(f"Code size: {code_bytes} bytes")
        log0(f"Total submission size: {model_bytes + code_bytes} bytes")

    quant_obj, quant_stats = base.quantize_state_dict_int8(base_model.state_dict())
    quant_buf = io.BytesIO()
    torch.save(quant_obj, quant_buf)
    quant_raw = quant_buf.getvalue()
    quant_blob = zlib.compress(quant_raw, level=9)
    quant_raw_bytes = len(quant_raw)
    if master_process:
        with open("final_model.int8.ptz", "wb") as f:
            f.write(quant_blob)
        quant_file_bytes = os.path.getsize("final_model.int8.ptz")
        code_bytes = len(code.encode("utf-8"))
        ratio = quant_stats["baseline_tensor_bytes"] / max(quant_stats["int8_payload_bytes"], 1)
        log0(
            f"Serialized model int8+zlib: {quant_file_bytes} bytes "
            f"(payload:{quant_stats['int8_payload_bytes']} raw_torch:{quant_raw_bytes} payload_ratio:{ratio:.2f}x)"
        )
        log0(f"Total submission size int8+zlib: {quant_file_bytes + code_bytes} bytes")

    if distributed:
        dist.barrier()
    with open("final_model.int8.ptz", "rb") as f:
        quant_blob_disk = f.read()
    quant_state = torch.load(io.BytesIO(zlib.decompress(quant_blob_disk)), map_location="cpu")
    base_model.load_state_dict(base.dequantize_state_dict_int8(quant_state), strict=True)
    torch.cuda.synchronize()
    t_qeval = time.perf_counter()
    q_val_loss, q_val_bpb = base.eval_val(
        args,
        model,
        rank,
        world_size,
        device,
        grad_accum_steps,
        val_tokens,
        base_bytes_lut,
        has_leading_space_lut,
        is_boundary_token_lut,
    )
    torch.cuda.synchronize()
    log0(
        f"final_int8_zlib_roundtrip val_loss:{q_val_loss:.4f} val_bpb:{q_val_bpb:.4f} "
        f"eval_time:{1000.0 * (time.perf_counter() - t_qeval):.0f}ms"
    )
    log0(f"final_int8_zlib_roundtrip_exact val_loss:{q_val_loss:.8f} val_bpb:{q_val_bpb:.8f}")

    if distributed:
        dist.destroy_process_group()


if __name__ == "__main__":
    main()

====================================================================================================
Running Python 3.14.4 (main, Apr 11 2026, 09:29:24) [GCC 15.2.1 20260209]
Running PyTorch 2.11.0
Wed Apr 15 14:41:31 2026       
+-----------------------------------------------------------------------------------------+
| NVIDIA-SMI 595.58.03              Driver Version: 595.58.03      CUDA Version: 13.2     |
+-----------------------------------------+------------------------+----------------------+
| GPU  Name                 Persistence-M | Bus-Id          Disp.A | Volatile Uncorr. ECC |
| Fan  Temp   Perf          Pwr:Usage/Cap |           Memory-Usage | GPU-Util  Compute M. |
|                                         |                        |               MIG M. |
|=========================================+========================+======================|
|   0  NVIDIA GeForce RTX 5090        Off |   00000000:01:00.0  On |                  N/A |
|  0%   34C    P8             26W /  575W |   11759MiB /  32607MiB |      0%      Default |
|                                         |                        |                  N/A |
+-----------------------------------------+------------------------+----------------------+

+-----------------------------------------------------------------------------------------+
| Processes:                                                                              |
|  GPU   GI   CI              PID   Type   Process name                        GPU Memory |
|        ID   ID                                                               Usage      |
|=========================================================================================|
|    0   N/A  N/A            4186      G   /usr/bin/niri                          2212MiB |
|    0   N/A  N/A            4469      G   Xwayland                                  9MiB |
|    0   N/A  N/A            5806      G   /app/zen/zen                            451MiB |
|    0   N/A  N/A            6656      G   /usr/lib/vesktop/vesktop                173MiB |
|    0   N/A  N/A            8849      G   kitty                                   116MiB |
|    0   N/A  N/A           36162      G   kitty                                    34MiB |
|    0   N/A  N/A           36567      G   kitty                                    44MiB |
|    0   N/A  N/A           56268      G   kitty                                    34MiB |
|    0   N/A  N/A           76841      G   kitty                                    56MiB |
|    0   N/A  N/A          180126      G   kitty                                    34MiB |
|    0   N/A  N/A          207887      G   kitty                                    34MiB |
|    0   N/A  N/A          342624      G   kitty                                    34MiB |
|    0   N/A  N/A          449627      G   kitty                                    22MiB |
|    0   N/A  N/A          483937      G   kitty                                    28MiB |
|    0   N/A  N/A          496351      G   kitty                                    44MiB |
|    0   N/A  N/A          572560      G   kitty                                    34MiB |
|    0   N/A  N/A          580509      G   kitty                                    34MiB |
|    0   N/A  N/A          584659      G   kitty                                    34MiB |
|    0   N/A  N/A          643185      G   kitty                                    34MiB |
|    0   N/A  N/A          656412      G   kitty                                    34MiB |
|    0   N/A  N/A          672689      G   kitty                                    34MiB |
|    0   N/A  N/A          677637      G   kitty                                    34MiB |
|    0   N/A  N/A         1004904      G   kitty                                    56MiB |
|    0   N/A  N/A         1009393      G   kitty                                    34MiB |
|    0   N/A  N/A         1093605      G   kitty                                    34MiB |
|    0   N/A  N/A         1109281      G   kitty                                    34MiB |
|    0   N/A  N/A         1138089      G   kitty                                    34MiB |
|    0   N/A  N/A         1173677      G   kitty                                    34MiB |
|    0   N/A  N/A         1177284      C   /usr/bin/python3                        498MiB |
|    0   N/A  N/A         1274054    C+G   missioncenter                            91MiB |
|    0   N/A  N/A         1401566      G   kitty                                    34MiB |
|    0   N/A  N/A         1573467    C+G   ...al/zed.app/libexec/zed-editor       4580MiB |
|    0   N/A  N/A         1617864      G   kitty                                    34MiB |
|    0   N/A  N/A         1650453      G   kitty                                    22MiB |
|    0   N/A  N/A         1791614      G   kitty                                    34MiB |
|    0   N/A  N/A         1804920      G   kitty                                    34MiB |
|    0   N/A  N/A         1807510      G   kitty                                    34MiB |
|    0   N/A  N/A         1813493      G   kitty                                    34MiB |
|    0   N/A  N/A         1918192      G   kitty                                    34MiB |
|    0   N/A  N/A         1925909      G   kitty                                    34MiB |
|    0   N/A  N/A         1955100      G   kitty                                    34MiB |
|    0   N/A  N/A         2073692      G   kitty                                    34MiB |
|    0   N/A  N/A         2075018      G   kitty                                    34MiB |
|    0   N/A  N/A         3133014      G   kitty                                    34MiB |
|    0   N/A  N/A         3134258      G   kitty                                    22MiB |
|    0   N/A  N/A         3139856      G   kitty                                    34MiB |
|    0   N/A  N/A         3159468      G   kitty                                    22MiB |
|    0   N/A  N/A         3536380      G   kitty                                    34MiB |
|    0   N/A  N/A         3612828      G   kitty                                    28MiB |
|    0   N/A  N/A         3694379      G   kitty                                    34MiB |
|    0   N/A  N/A         3716995      G   kitty                                    34MiB |
|    0   N/A  N/A         3717149      G   kitty                                    34MiB |
|    0   N/A  N/A         3924067      G   kitty                                    34MiB |
|    0   N/A  N/A         4001380      G   kitty                                    34MiB |
|    0   N/A  N/A         4001999      G   kitty                                    34MiB |
|    0   N/A  N/A         4049387      G   kitty                                    34MiB |
|    0   N/A  N/A         4051003      G   kitty                                    34MiB |
|    0   N/A  N/A         4124728      G   kitty                                    34MiB |
|    0   N/A  N/A         4166104      G   kitty                                    34MiB |
+-----------------------------------------------------------------------------------------+

====================================================================================================
val_bpb:enabled tokenizer_kind=sentencepiece tokenizer_path=./data/tokenizers/fineweb_1024_bpe.model
train_loader:dataset:fineweb10B_sp1024 train_shards:80
val_loader:shards pattern=./data/datasets/fineweb10B_sp1024/fineweb_val_*.bin tokens:62021632
model_params:17059912
world_size:1 grad_accum_steps:8
sdp_backends:cudnn=False flash=True mem_efficient=False math=False
attention_mode:gqa num_heads:8 num_kv_heads:4
metric_head:tfsd_weight=0.0 metric_ce_weight=1.0 teacher_temp=1.0 student_temp=1.0 metric_gamma=16.0000 rq_alpha=4.0000
tie_embeddings:True embed_lr:0.05 head_lr:0.0 matrix_lr:0.04 scalar_lr:0.04
train_batch_tokens:524288 train_seq_len:1024 iterations:2000 warmup_steps:20 max_wallclock_seconds:0.000
seed:1337
warmup_step:1/20
warmup_step:2/20
warmup_step:3/20
warmup_step:4/20
warmup_step:5/20
warmup_step:6/20
warmup_step:7/20
warmup_step:8/20
warmup_step:9/20
warmup_step:10/20
warmup_step:11/20
warmup_step:12/20
warmup_step:13/20
warmup_step:14/20
warmup_step:15/20
warmup_step:16/20
warmup_step:17/20
warmup_step:18/20
warmup_step:19/20
warmup_step:20/20
step:0/2000 val_loss:6.9313 val_bpb:4.1051 train_time:0ms step_avg:0.01ms
step:1/2000 train_loss:6.9313 grad_norm:0.0048 train_time:591ms step_avg:590.59ms
step:2/2000 train_loss:6.8800 grad_norm:0.0552 train_time:1179ms step_avg:589.54ms
step:3/2000 train_loss:6.7246 grad_norm:0.0881 train_time:1772ms step_avg:590.81ms
step:4/2000 train_loss:6.5669 grad_norm:0.0981 train_time:2361ms step_avg:590.25ms
step:5/2000 train_loss:6.4144 grad_norm:0.1071 train_time:2947ms step_avg:589.36ms
step:6/2000 train_loss:6.2696 grad_norm:0.1105 train_time:3539ms step_avg:589.79ms
step:7/2000 train_loss:6.1299 grad_norm:0.0682 train_time:4124ms step_avg:589.15ms
step:8/2000 train_loss:6.0333 grad_norm:0.1281 train_time:4718ms step_avg:589.73ms
step:9/2000 train_loss:5.9677 grad_norm:0.4180 train_time:5303ms step_avg:589.21ms
step:10/2000 train_loss:5.8829 grad_norm:0.4137 train_time:5896ms step_avg:589.61ms
step:20/2000 train_loss:5.2589 grad_norm:0.3255 train_time:11798ms step_avg:589.89ms
step:30/2000 train_loss:4.9599 grad_norm:0.3795 train_time:17719ms step_avg:590.64ms
step:40/2000 train_loss:4.7102 grad_norm:0.3569 train_time:23640ms step_avg:590.99ms
step:50/2000 train_loss:4.4705 grad_norm:0.4331 train_time:29560ms step_avg:591.20ms
step:60/2000 train_loss:4.2824 grad_norm:0.5748 train_time:35486ms step_avg:591.43ms
step:70/2000 train_loss:4.0793 grad_norm:0.3552 train_time:41406ms step_avg:591.52ms
step:80/2000 train_loss:3.9368 grad_norm:0.3427 train_time:47318ms step_avg:591.47ms
step:90/2000 train_loss:3.8130 grad_norm:0.2688 train_time:53240ms step_avg:591.55ms
step:100/2000 train_loss:3.7542 grad_norm:0.3441 train_time:59164ms step_avg:591.64ms
step:110/2000 train_loss:3.6700 grad_norm:0.2648 train_time:65090ms step_avg:591.73ms
step:120/2000 train_loss:3.6720 grad_norm:0.2430 train_time:71016ms step_avg:591.80ms
step:130/2000 train_loss:3.5651 grad_norm:0.2764 train_time:76942ms step_avg:591.86ms
step:140/2000 train_loss:3.4416 grad_norm:0.2897 train_time:82871ms step_avg:591.93ms
step:150/2000 train_loss:3.4455 grad_norm:0.2545 train_time:88801ms step_avg:592.00ms
step:160/2000 train_loss:3.3376 grad_norm:0.2227 train_time:94733ms step_avg:592.08ms
step:170/2000 train_loss:3.3910 grad_norm:0.2443 train_time:100658ms step_avg:592.10ms
step:180/2000 train_loss:3.2947 grad_norm:0.2123 train_time:106585ms step_avg:592.14ms
step:190/2000 train_loss:3.2843 grad_norm:0.2260 train_time:112513ms step_avg:592.18ms
step:200/2000 train_loss:3.2049 grad_norm:0.1954 train_time:118477ms step_avg:592.38ms
step:210/2000 train_loss:3.2331 grad_norm:0.2190 train_time:124400ms step_avg:592.38ms
step:220/2000 train_loss:3.2982 grad_norm:0.2000 train_time:130320ms step_avg:592.36ms
step:230/2000 train_loss:3.2325 grad_norm:0.1762 train_time:136246ms step_avg:592.37ms
step:240/2000 train_loss:3.2082 grad_norm:0.1841 train_time:142177ms step_avg:592.41ms
step:250/2000 train_loss:3.1744 grad_norm:0.1545 train_time:148107ms step_avg:592.43ms
step:260/2000 train_loss:3.1178 grad_norm:0.1410 train_time:154033ms step_avg:592.43ms
step:270/2000 train_loss:3.0942 grad_norm:0.1523 train_time:159967ms step_avg:592.47ms
step:280/2000 train_loss:3.1060 grad_norm:0.1310 train_time:165891ms step_avg:592.47ms
step:290/2000 train_loss:3.1293 grad_norm:0.1706 train_time:171815ms step_avg:592.47ms
step:300/2000 train_loss:3.0728 grad_norm:0.1591 train_time:177740ms step_avg:592.47ms
step:310/2000 train_loss:3.0853 grad_norm:0.1169 train_time:183665ms step_avg:592.47ms
step:320/2000 train_loss:3.0567 grad_norm:0.1106 train_time:189594ms step_avg:592.48ms
step:330/2000 train_loss:3.0864 grad_norm:0.1040 train_time:195524ms step_avg:592.50ms
step:340/2000 train_loss:3.0519 grad_norm:0.1270 train_time:201448ms step_avg:592.50ms
step:350/2000 train_loss:3.0659 grad_norm:0.1128 train_time:207366ms step_avg:592.47ms
step:360/2000 train_loss:3.0625 grad_norm:0.1120 train_time:213290ms step_avg:592.47ms
step:370/2000 train_loss:2.9458 grad_norm:0.1037 train_time:219216ms step_avg:592.48ms
step:380/2000 train_loss:3.0056 grad_norm:0.1478 train_time:225145ms step_avg:592.49ms
step:390/2000 train_loss:3.0693 grad_norm:0.1097 train_time:231077ms step_avg:592.51ms
step:400/2000 train_loss:2.8646 grad_norm:0.1325 train_time:237005ms step_avg:592.51ms
step:400/2000 val_loss:3.0285 val_bpb:1.7937 train_time:237005ms step_avg:592.51ms
step:410/2000 train_loss:3.0244 grad_norm:0.0962 train_time:242935ms step_avg:592.53ms
step:420/2000 train_loss:2.9431 grad_norm:0.0866 train_time:248866ms step_avg:592.54ms
step:430/2000 train_loss:2.9553 grad_norm:0.1327 train_time:254791ms step_avg:592.54ms
step:440/2000 train_loss:3.0327 grad_norm:0.0821 train_time:260721ms step_avg:592.55ms
step:450/2000 train_loss:2.9773 grad_norm:0.1165 train_time:266646ms step_avg:592.55ms
step:460/2000 train_loss:2.9923 grad_norm:0.0822 train_time:272568ms step_avg:592.54ms
step:470/2000 train_loss:2.9936 grad_norm:0.0820 train_time:278491ms step_avg:592.53ms
step:480/2000 train_loss:2.9576 grad_norm:0.0931 train_time:284414ms step_avg:592.53ms
step:490/2000 train_loss:3.0148 grad_norm:0.0815 train_time:290336ms step_avg:592.52ms
step:500/2000 train_loss:2.9705 grad_norm:0.0787 train_time:296262ms step_avg:592.52ms
step:510/2000 train_loss:2.8795 grad_norm:0.0816 train_time:302180ms step_avg:592.51ms
step:520/2000 train_loss:2.9704 grad_norm:0.0738 train_time:308160ms step_avg:592.62ms
step:530/2000 train_loss:2.9736 grad_norm:0.0765 train_time:314085ms step_avg:592.61ms
step:540/2000 train_loss:2.7900 grad_norm:0.0817 train_time:320005ms step_avg:592.60ms
step:550/2000 train_loss:2.8559 grad_norm:0.0644 train_time:325931ms step_avg:592.60ms
step:560/2000 train_loss:2.9503 grad_norm:0.0650 train_time:331857ms step_avg:592.60ms
step:570/2000 train_loss:2.9748 grad_norm:0.0738 train_time:337785ms step_avg:592.61ms
step:580/2000 train_loss:2.9880 grad_norm:0.0739 train_time:343771ms step_avg:592.71ms
step:590/2000 train_loss:2.9518 grad_norm:0.0740 train_time:349698ms step_avg:592.71ms
step:600/2000 train_loss:2.9781 grad_norm:0.0667 train_time:355621ms step_avg:592.70ms
step:610/2000 train_loss:2.9689 grad_norm:0.0586 train_time:361552ms step_avg:592.71ms
step:620/2000 train_loss:2.9321 grad_norm:0.0603 train_time:367483ms step_avg:592.71ms
step:630/2000 train_loss:2.9604 grad_norm:0.0603 train_time:373397ms step_avg:592.69ms
step:640/2000 train_loss:2.8436 grad_norm:0.0706 train_time:379321ms step_avg:592.69ms
step:650/2000 train_loss:2.7924 grad_norm:0.0570 train_time:385243ms step_avg:592.68ms
step:660/2000 train_loss:2.9749 grad_norm:0.0554 train_time:391167ms step_avg:592.68ms
step:670/2000 train_loss:2.9214 grad_norm:0.0682 train_time:397094ms step_avg:592.68ms
step:680/2000 train_loss:2.9448 grad_norm:0.0594 train_time:403021ms step_avg:592.68ms
step:690/2000 train_loss:2.9095 grad_norm:0.0561 train_time:408950ms step_avg:592.68ms
step:700/2000 train_loss:2.9337 grad_norm:0.0558 train_time:414873ms step_avg:592.68ms
step:710/2000 train_loss:2.8553 grad_norm:0.0625 train_time:420798ms step_avg:592.67ms
step:720/2000 train_loss:2.8145 grad_norm:0.0609 train_time:426719ms step_avg:592.67ms
step:730/2000 train_loss:2.9110 grad_norm:0.0515 train_time:432644ms step_avg:592.66ms
step:740/2000 train_loss:2.8760 grad_norm:0.0574 train_time:438569ms step_avg:592.66ms
step:750/2000 train_loss:2.8443 grad_norm:0.0537 train_time:444502ms step_avg:592.67ms
step:760/2000 train_loss:2.8116 grad_norm:0.0506 train_time:450425ms step_avg:592.66ms
step:770/2000 train_loss:2.8701 grad_norm:0.0538 train_time:456349ms step_avg:592.66ms
step:780/2000 train_loss:2.8458 grad_norm:0.0471 train_time:462274ms step_avg:592.66ms
step:790/2000 train_loss:2.8788 grad_norm:0.0538 train_time:468205ms step_avg:592.67ms
step:800/2000 train_loss:2.8316 grad_norm:0.0458 train_time:474131ms step_avg:592.66ms
step:800/2000 val_loss:2.8609 val_bpb:1.6944 train_time:474131ms step_avg:592.66ms
step:810/2000 train_loss:2.8909 grad_norm:0.0536 train_time:480052ms step_avg:592.66ms
step:820/2000 train_loss:2.8307 grad_norm:0.0518 train_time:485972ms step_avg:592.65ms
step:830/2000 train_loss:2.8768 grad_norm:0.0541 train_time:491894ms step_avg:592.64ms
step:840/2000 train_loss:2.8512 grad_norm:0.0565 train_time:497822ms step_avg:592.65ms
step:850/2000 train_loss:2.9306 grad_norm:0.0494 train_time:503746ms step_avg:592.64ms
step:860/2000 train_loss:2.8415 grad_norm:0.0507 train_time:509672ms step_avg:592.64ms
step:870/2000 train_loss:2.8805 grad_norm:0.0498 train_time:515596ms step_avg:592.64ms
step:880/2000 train_loss:2.8310 grad_norm:0.0468 train_time:521524ms step_avg:592.64ms
step:890/2000 train_loss:2.8182 grad_norm:0.0540 train_time:527441ms step_avg:592.63ms
step:900/2000 train_loss:2.8562 grad_norm:0.0470 train_time:533364ms step_avg:592.63ms
step:910/2000 train_loss:2.9124 grad_norm:0.0446 train_time:539287ms step_avg:592.62ms
step:920/2000 train_loss:2.8041 grad_norm:0.0476 train_time:545208ms step_avg:592.62ms
step:930/2000 train_loss:2.8157 grad_norm:0.0495 train_time:551135ms step_avg:592.62ms
step:940/2000 train_loss:2.8452 grad_norm:0.0492 train_time:557058ms step_avg:592.62ms
step:950/2000 train_loss:2.8743 grad_norm:0.0443 train_time:562982ms step_avg:592.61ms
step:960/2000 train_loss:2.8205 grad_norm:0.1130 train_time:568910ms step_avg:592.61ms
step:970/2000 train_loss:2.8484 grad_norm:0.0446 train_time:574833ms step_avg:592.61ms
step:980/2000 train_loss:2.8102 grad_norm:0.0420 train_time:580760ms step_avg:592.61ms
step:990/2000 train_loss:2.8338 grad_norm:0.0394 train_time:586683ms step_avg:592.61ms
step:1000/2000 train_loss:2.8446 grad_norm:0.0430 train_time:592609ms step_avg:592.61ms
step:1010/2000 train_loss:2.8422 grad_norm:0.0456 train_time:598534ms step_avg:592.61ms
step:1020/2000 train_loss:2.7561 grad_norm:0.0414 train_time:604450ms step_avg:592.60ms
step:1030/2000 train_loss:2.8356 grad_norm:0.0490 train_time:610372ms step_avg:592.59ms
step:1040/2000 train_loss:2.7591 grad_norm:0.0422 train_time:616297ms step_avg:592.59ms
step:1050/2000 train_loss:2.8776 grad_norm:0.0509 train_time:622216ms step_avg:592.59ms
step:1060/2000 train_loss:2.7951 grad_norm:0.0435 train_time:628141ms step_avg:592.59ms
step:1070/2000 train_loss:2.6943 grad_norm:0.0418 train_time:634062ms step_avg:592.58ms
step:1080/2000 train_loss:2.8537 grad_norm:0.0397 train_time:639989ms step_avg:592.58ms
step:1090/2000 train_loss:2.8356 grad_norm:0.0398 train_time:645913ms step_avg:592.58ms
step:1100/2000 train_loss:2.7753 grad_norm:0.0432 train_time:651835ms step_avg:592.58ms
step:1110/2000 train_loss:2.7199 grad_norm:0.0482 train_time:657761ms step_avg:592.58ms
step:1120/2000 train_loss:2.8567 grad_norm:0.0467 train_time:663683ms step_avg:592.57ms
step:1130/2000 train_loss:2.7934 grad_norm:0.0477 train_time:669608ms step_avg:592.57ms
step:1140/2000 train_loss:2.8287 grad_norm:0.0399 train_time:675531ms step_avg:592.57ms
step:1150/2000 train_loss:2.7830 grad_norm:0.0380 train_time:681441ms step_avg:592.56ms
step:1160/2000 train_loss:2.8434 grad_norm:0.0390 train_time:687370ms step_avg:592.56ms
step:1170/2000 train_loss:2.7686 grad_norm:0.0418 train_time:693293ms step_avg:592.56ms
step:1180/2000 train_loss:2.6365 grad_norm:0.0360 train_time:699215ms step_avg:592.56ms
step:1190/2000 train_loss:2.8554 grad_norm:0.0356 train_time:705149ms step_avg:592.56ms
step:1200/2000 train_loss:2.7801 grad_norm:0.0436 train_time:711073ms step_avg:592.56ms
step:1200/2000 val_loss:2.7891 val_bpb:1.6519 train_time:711074ms step_avg:592.56ms
step:1210/2000 train_loss:2.8077 grad_norm:0.0349 train_time:716996ms step_avg:592.56ms
step:1220/2000 train_loss:2.7816 grad_norm:0.0375 train_time:722919ms step_avg:592.56ms
step:1230/2000 train_loss:2.7978 grad_norm:0.0404 train_time:728846ms step_avg:592.56ms
step:1240/2000 train_loss:2.7428 grad_norm:0.0378 train_time:734769ms step_avg:592.56ms
step:1250/2000 train_loss:2.6988 grad_norm:0.0423 train_time:740688ms step_avg:592.55ms
step:1260/2000 train_loss:2.7903 grad_norm:0.0404 train_time:746610ms step_avg:592.55ms
step:1270/2000 train_loss:2.7578 grad_norm:0.0391 train_time:752533ms step_avg:592.55ms
step:1280/2000 train_loss:2.7097 grad_norm:0.0409 train_time:758450ms step_avg:592.54ms
step:1290/2000 train_loss:2.7762 grad_norm:0.0382 train_time:764374ms step_avg:592.54ms
step:1300/2000 train_loss:2.7989 grad_norm:0.0367 train_time:770299ms step_avg:592.54ms
step:1310/2000 train_loss:2.7504 grad_norm:0.0434 train_time:776223ms step_avg:592.54ms
step:1320/2000 train_loss:2.7681 grad_norm:0.0390 train_time:782151ms step_avg:592.54ms
step:1330/2000 train_loss:2.7798 grad_norm:0.0376 train_time:788090ms step_avg:592.55ms
step:1340/2000 train_loss:2.7301 grad_norm:0.0351 train_time:794046ms step_avg:592.57ms
step:1350/2000 train_loss:2.6666 grad_norm:0.0386 train_time:799970ms step_avg:592.57ms
step:1360/2000 train_loss:2.8120 grad_norm:0.0395 train_time:805897ms step_avg:592.57ms
step:1370/2000 train_loss:2.7395 grad_norm:0.0467 train_time:811821ms step_avg:592.57ms
step:1380/2000 train_loss:2.6702 grad_norm:0.0367 train_time:817746ms step_avg:592.57ms
step:1390/2000 train_loss:2.7728 grad_norm:0.0440 train_time:823666ms step_avg:592.57ms
step:1400/2000 train_loss:2.8156 grad_norm:0.0360 train_time:829587ms step_avg:592.56ms
step:1410/2000 train_loss:2.7335 grad_norm:0.0376 train_time:835505ms step_avg:592.56ms
step:1420/2000 train_loss:2.7566 grad_norm:0.0375 train_time:841424ms step_avg:592.55ms
step:1430/2000 train_loss:2.7398 grad_norm:0.0345 train_time:847348ms step_avg:592.55ms
step:1440/2000 train_loss:2.6931 grad_norm:0.0382 train_time:853269ms step_avg:592.55ms
step:1450/2000 train_loss:2.7415 grad_norm:0.0417 train_time:859194ms step_avg:592.55ms
step:1460/2000 train_loss:2.7671 grad_norm:0.0353 train_time:865118ms step_avg:592.55ms
step:1470/2000 train_loss:2.7683 grad_norm:0.0356 train_time:871041ms step_avg:592.55ms
step:1480/2000 train_loss:2.7822 grad_norm:0.0378 train_time:876966ms step_avg:592.54ms
step:1490/2000 train_loss:2.7875 grad_norm:0.0409 train_time:882886ms step_avg:592.54ms
step:1500/2000 train_loss:2.7802 grad_norm:0.0354 train_time:888809ms step_avg:592.54ms
step:1510/2000 train_loss:2.7452 grad_norm:0.0358 train_time:894735ms step_avg:592.54ms
step:1520/2000 train_loss:2.7304 grad_norm:0.0334 train_time:900663ms step_avg:592.54ms
step:1530/2000 train_loss:2.8010 grad_norm:0.0339 train_time:906597ms step_avg:592.55ms
step:1540/2000 train_loss:2.7601 grad_norm:0.0335 train_time:912517ms step_avg:592.54ms
step:1550/2000 train_loss:3.0466 grad_norm:0.0425 train_time:918434ms step_avg:592.54ms
step:1560/2000 train_loss:2.7606 grad_norm:0.0345 train_time:924357ms step_avg:592.54ms
step:1570/2000 train_loss:2.7971 grad_norm:0.0370 train_time:930285ms step_avg:592.54ms
step:1580/2000 train_loss:2.7238 grad_norm:0.0354 train_time:936209ms step_avg:592.54ms
step:1590/2000 train_loss:2.7665 grad_norm:0.0368 train_time:942135ms step_avg:592.54ms
step:1600/2000 train_loss:2.7029 grad_norm:0.0391 train_time:948056ms step_avg:592.53ms
step:1600/2000 val_loss:2.7543 val_bpb:1.6312 train_time:948056ms step_avg:592.53ms
step:1610/2000 train_loss:2.6946 grad_norm:0.0316 train_time:953976ms step_avg:592.53ms
step:1620/2000 train_loss:2.7595 grad_norm:0.0365 train_time:959899ms step_avg:592.53ms
step:1630/2000 train_loss:2.7879 grad_norm:0.0364 train_time:965822ms step_avg:592.53ms
step:1640/2000 train_loss:2.8498 grad_norm:0.0380 train_time:971741ms step_avg:592.53ms
step:1650/2000 train_loss:2.7374 grad_norm:0.0391 train_time:977663ms step_avg:592.52ms
step:1660/2000 train_loss:2.7378 grad_norm:0.0366 train_time:983588ms step_avg:592.52ms
step:1670/2000 train_loss:2.7455 grad_norm:0.0343 train_time:989503ms step_avg:592.52ms
step:1680/2000 train_loss:2.7347 grad_norm:0.0390 train_time:995421ms step_avg:592.51ms
step:1690/2000 train_loss:2.7682 grad_norm:0.0370 train_time:1001346ms step_avg:592.51ms
step:1700/2000 train_loss:2.7602 grad_norm:0.0400 train_time:1007266ms step_avg:592.51ms
step:1710/2000 train_loss:2.7547 grad_norm:0.0328 train_time:1013183ms step_avg:592.50ms
step:1720/2000 train_loss:2.7919 grad_norm:0.0321 train_time:1019101ms step_avg:592.50ms
step:1730/2000 train_loss:2.7065 grad_norm:0.0362 train_time:1025022ms step_avg:592.50ms
step:1740/2000 train_loss:2.7745 grad_norm:0.0370 train_time:1030943ms step_avg:592.50ms
step:1750/2000 train_loss:2.7258 grad_norm:0.0333 train_time:1036863ms step_avg:592.49ms
step:1760/2000 train_loss:2.7286 grad_norm:0.0347 train_time:1042783ms step_avg:592.49ms
step:1770/2000 train_loss:2.7445 grad_norm:0.0354 train_time:1048700ms step_avg:592.49ms
step:1780/2000 train_loss:2.6704 grad_norm:0.0303 train_time:1054625ms step_avg:592.49ms
step:1790/2000 train_loss:2.7118 grad_norm:0.0334 train_time:1060537ms step_avg:592.48ms
step:1800/2000 train_loss:2.7554 grad_norm:0.0300 train_time:1066456ms step_avg:592.48ms
step:1810/2000 train_loss:2.7374 grad_norm:0.0363 train_time:1072375ms step_avg:592.47ms
step:1820/2000 train_loss:2.6675 grad_norm:0.0354 train_time:1078295ms step_avg:592.47ms
step:1830/2000 train_loss:2.6549 grad_norm:0.0366 train_time:1084216ms step_avg:592.47ms
step:1840/2000 train_loss:2.7094 grad_norm:0.0352 train_time:1090133ms step_avg:592.46ms
step:1850/2000 train_loss:2.7673 grad_norm:0.0398 train_time:1096054ms step_avg:592.46ms
step:1860/2000 train_loss:2.7315 grad_norm:0.0349 train_time:1101976ms step_avg:592.46ms
step:1870/2000 train_loss:2.7373 grad_norm:0.0341 train_time:1107899ms step_avg:592.46ms
step:1880/2000 train_loss:2.7677 grad_norm:0.0338 train_time:1113820ms step_avg:592.46ms
step:1890/2000 train_loss:2.7268 grad_norm:0.0343 train_time:1119735ms step_avg:592.45ms
step:1900/2000 train_loss:2.7064 grad_norm:0.0336 train_time:1125657ms step_avg:592.45ms
step:1910/2000 train_loss:2.8200 grad_norm:0.0351 train_time:1131578ms step_avg:592.45ms
step:1920/2000 train_loss:2.7346 grad_norm:0.0319 train_time:1137500ms step_avg:592.45ms
step:1930/2000 train_loss:2.7121 grad_norm:0.0351 train_time:1143424ms step_avg:592.45ms
step:1940/2000 train_loss:2.7130 grad_norm:0.0342 train_time:1149345ms step_avg:592.45ms
step:1950/2000 train_loss:2.7861 grad_norm:0.0339 train_time:1155275ms step_avg:592.45ms
step:1960/2000 train_loss:2.7190 grad_norm:0.0357 train_time:1161196ms step_avg:592.45ms
step:1970/2000 train_loss:2.7279 grad_norm:0.0509 train_time:1167115ms step_avg:592.44ms
step:1980/2000 train_loss:2.7386 grad_norm:0.0336 train_time:1173039ms step_avg:592.44ms
step:1990/2000 train_loss:2.7089 grad_norm:0.0302 train_time:1178959ms step_avg:592.44ms
step:2000/2000 train_loss:2.7052 grad_norm:0.0314 train_time:1184877ms step_avg:592.44ms
step:2000/2000 val_loss:2.7231 val_bpb:1.6128 train_time:1184877ms step_avg:592.44ms
peak memory allocated: 11206 MiB reserved: 11276 MiB
Serialized model: 67224983 bytes
Code size: 21597 bytes
Total submission size: 67246580 bytes
Serialized model int8+zlib: 15573219 bytes (payload:17178912 raw_torch:17224025 payload_ratio:3.91x)
Total submission size int8+zlib: 15594816 bytes
final_int8_zlib_roundtrip val_loss:2.7235 val_bpb:1.6130 eval_time:19983ms
final_int8_zlib_roundtrip_exact val_loss:2.72353121 val_bpb:1.61302859
