"""
Muon-baseline ablation with TFSD-style learned token geometry.

Training objective:
- standard next-token CE on the baseline tied-output path
- auxiliary geometric distillation loss derived from learned token prototype similarity

The geometric target is teacher-free: the gold token's prototype induces a soft neighborhood
distribution over the vocabulary, and the model's normalized hidden state is trained to match it.
Eval/export remain unchanged from the baseline.
"""

from __future__ import annotations

import copy
import io
import os
import random
import subprocess
import sys
import time
import zlib
from pathlib import Path

import numpy as np
import sentencepiece as spm
import torch
import torch.distributed as dist
import torch.nn.functional as F
from torch import Tensor, nn
from torch.nn.parallel import DistributedDataParallel as DDP

sys.path.insert(0, str(Path(__file__).resolve().parent))
import train_normuon as base  # noqa: E402


class Hyperparameters(base.Hyperparameters):
    tfsd_weight = float(os.environ.get("TFSD_WEIGHT", "0.2"))
    tfsd_teacher_temp = float(os.environ.get("TFSD_TEACHER_TEMP", "0.25"))
    tfsd_student_temp = float(os.environ.get("TFSD_STUDENT_TEMP", "0.25"))


class TFSDGPT(base.GPT):
    def encode_hidden(self, input_ids: Tensor) -> Tensor:
        x = self.tok_emb(input_ids)
        x = F.rms_norm(x, (x.size(-1),))
        x0 = x
        skips: list[Tensor] = []
        for i in range(self.num_encoder_layers):
            x = self.blocks[i](x, x0)
            skips.append(x)
        for i in range(self.num_decoder_layers):
            if skips:
                x = x + self.skip_weights[i].to(dtype=x.dtype)[None, None, :] * skips.pop()
            x = self.blocks[self.num_encoder_layers + i](x, x0)
        return self.final_norm(x)

    def logits_from_hidden(self, hidden: Tensor) -> Tensor:
        flat = hidden.reshape(-1, hidden.size(-1))
        if self.tie_embeddings:
            logits_proj = F.linear(flat, self.tok_emb.weight)
        else:
            if self.lm_head is None:
                raise RuntimeError("lm_head is required when tie_embeddings=False")
            logits_proj = self.lm_head(flat)
        return self.logit_softcap * torch.tanh(logits_proj / self.logit_softcap)

    def ce_loss(self, hidden: Tensor, target_ids: Tensor) -> Tensor:
        logits = self.logits_from_hidden(hidden)
        return F.cross_entropy(logits.float(), target_ids.reshape(-1), reduction="mean")

    def tfsd_loss(
        self,
        hidden: Tensor,
        target_ids: Tensor,
        teacher_temp: float,
        student_temp: float,
    ) -> Tensor:
        flat_hidden = F.normalize(hidden.reshape(-1, hidden.size(-1)).float(), dim=-1)
        target_flat = target_ids.reshape(-1)
        if self.tie_embeddings:
            prototypes = self.tok_emb.weight.float()
        else:
            if self.lm_head is None:
                raise RuntimeError("lm_head is required when tie_embeddings=False")
            prototypes = self.lm_head.weight.float()
        prototypes = F.normalize(prototypes, dim=-1)

        student_logits = (flat_hidden @ prototypes.T) / student_temp
        with torch.no_grad():
            gold_proto = prototypes[target_flat]
            teacher_logits = (gold_proto @ prototypes.T) / teacher_temp
            teacher_probs = F.softmax(teacher_logits, dim=-1)
        student_log_probs = F.log_softmax(student_logits, dim=-1)
        return -(teacher_probs * student_log_probs).sum(dim=-1).mean()

    def forward(
        self,
        input_ids: Tensor,
        target_ids: Tensor,
        *,
        tfsd_weight: float = 0.0,
        teacher_temp: float = 0.25,
        student_temp: float = 0.25,
    ) -> Tensor:
        hidden = self.encode_hidden(input_ids)
        ce = self.ce_loss(hidden, target_ids)
        if not self.training or tfsd_weight <= 0.0:
            return ce
        return ce + tfsd_weight * self.tfsd_loss(hidden, target_ids, teacher_temp, student_temp)


def main() -> None:
    code = Path(__file__).read_text(encoding="utf-8")
    args = Hyperparameters()
    base.zeropower_via_newtonschulz5 = torch.compile(base.zeropower_via_newtonschulz5)

    distributed = "RANK" in os.environ and "WORLD_SIZE" in os.environ
    rank = int(os.environ.get("RANK", "0"))
    world_size = int(os.environ.get("WORLD_SIZE", "1"))
    local_rank = int(os.environ.get("LOCAL_RANK", "0"))
    if world_size <= 0:
        raise ValueError(f"WORLD_SIZE must be positive, got {world_size}")
    if 8 % world_size != 0:
        raise ValueError(f"WORLD_SIZE={world_size} must divide 8 so grad_accum_steps stays integral")
    grad_accum_steps = 8 // world_size
    grad_scale = 1.0 / grad_accum_steps
    if not torch.cuda.is_available():
        raise RuntimeError("CUDA is required")
    device = torch.device("cuda", local_rank)
    torch.cuda.set_device(device)
    if distributed:
        dist.init_process_group(backend="nccl", device_id=device)
        dist.barrier()
    master_process = rank == 0

    torch.backends.cuda.matmul.allow_tf32 = True
    torch.backends.cudnn.allow_tf32 = True
    from torch.backends.cuda import enable_cudnn_sdp, enable_flash_sdp, enable_math_sdp, enable_mem_efficient_sdp

    enable_cudnn_sdp(False)
    enable_flash_sdp(True)
    enable_mem_efficient_sdp(False)
    enable_math_sdp(False)

    logfile = None
    if master_process:
        os.makedirs("logs", exist_ok=True)
        logfile = f"logs/{args.run_id}.txt"
        print(logfile)

    def log0(msg: str, console: bool = True) -> None:
        if not master_process:
            return
        if console:
            print(msg)
        if logfile is not None:
            with open(logfile, "a", encoding="utf-8") as f:
                print(msg, file=f)

    log0(code, console=False)
    log0("=" * 100, console=False)
    log0(f"Running Python {sys.version}", console=False)
    log0(f"Running PyTorch {torch.__version__}", console=False)
    log0(
        subprocess.run(["nvidia-smi"], stdout=subprocess.PIPE, stderr=subprocess.PIPE, text=True, check=False).stdout,
        console=False,
    )
    log0("=" * 100, console=False)

    random.seed(args.seed)
    np.random.seed(args.seed)
    torch.manual_seed(args.seed)
    torch.cuda.manual_seed_all(args.seed)

    if not args.tokenizer_path.endswith(".model"):
        raise ValueError(f"Script only setup for SentencePiece .model file: {args.tokenizer_path}")
    sp = spm.SentencePieceProcessor(model_file=args.tokenizer_path)
    if int(sp.vocab_size()) != args.vocab_size:
        raise ValueError(
            f"VOCAB_SIZE={args.vocab_size} does not match tokenizer vocab_size={int(sp.vocab_size())}"
        )
    dataset_dir = Path(args.data_path).resolve()
    actual_train_files = len(list(dataset_dir.glob("fineweb_train_*.bin")))
    val_tokens = base.load_validation_tokens(args.val_files, args.train_seq_len)
    base_bytes_lut, has_leading_space_lut, is_boundary_token_lut = base.build_sentencepiece_luts(
        sp, args.vocab_size, device
    )
    log0(f"val_bpb:enabled tokenizer_kind=sentencepiece tokenizer_path={args.tokenizer_path}")
    log0(f"train_loader:dataset:{dataset_dir.name} train_shards:{actual_train_files}")
    log0(f"val_loader:shards pattern={args.val_files} tokens:{val_tokens.numel() - 1}")

    base_model = TFSDGPT(
        vocab_size=args.vocab_size,
        num_layers=args.num_layers,
        model_dim=args.model_dim,
        num_heads=args.num_heads,
        num_kv_heads=args.num_kv_heads,
        mlp_mult=args.mlp_mult,
        tie_embeddings=args.tie_embeddings,
        tied_embed_init_std=args.tied_embed_init_std,
        logit_softcap=args.logit_softcap,
        rope_base=args.rope_base,
        qk_gain_init=args.qk_gain_init,
    ).to(device).bfloat16()
    for module in base_model.modules():
        if isinstance(module, base.CastedLinear):
            module.float()
    base.restore_low_dim_params_to_fp32(base_model)
    compiled_model = torch.compile(base_model, dynamic=False, fullgraph=False)
    model: nn.Module = DDP(compiled_model, device_ids=[local_rank], broadcast_buffers=False) if distributed else compiled_model

    block_named_params = list(base_model.blocks.named_parameters())
    matrix_params = [
        p
        for name, p in block_named_params
        if p.ndim == 2 and not any(pattern in name for pattern in base.CONTROL_TENSOR_NAME_PATTERNS)
    ]
    scalar_params = [
        p
        for name, p in block_named_params
        if p.ndim < 2 or any(pattern in name for pattern in base.CONTROL_TENSOR_NAME_PATTERNS)
    ]
    if base_model.skip_weights.numel() > 0:
        scalar_params.append(base_model.skip_weights)
    token_lr = args.tied_embed_lr if args.tie_embeddings else args.embed_lr
    optimizer_tok = torch.optim.Adam(
        [{"params": [base_model.tok_emb.weight], "lr": token_lr, "base_lr": token_lr}],
        betas=(args.beta1, args.beta2),
        eps=args.adam_eps,
        fused=True,
    )
    optimizer_muon = base.Muon(
        matrix_params,
        lr=args.matrix_lr,
        momentum=args.muon_momentum,
        backend_steps=args.muon_backend_steps,
        beta2=args.normuon_beta2,
    )
    for group in optimizer_muon.param_groups:
        group["base_lr"] = args.matrix_lr
    optimizer_scalar = torch.optim.Adam(
        [{"params": scalar_params, "lr": args.scalar_lr, "base_lr": args.scalar_lr}],
        betas=(args.beta1, args.beta2),
        eps=args.adam_eps,
        fused=True,
    )
    optimizers: list[torch.optim.Optimizer] = [optimizer_tok, optimizer_muon, optimizer_scalar]
    if base_model.lm_head is not None:
        optimizer_head = torch.optim.Adam(
            [{"params": [base_model.lm_head.weight], "lr": args.head_lr, "base_lr": args.head_lr}],
            betas=(args.beta1, args.beta2),
            eps=args.adam_eps,
            fused=True,
        )
        optimizers.insert(1, optimizer_head)

    n_params = sum(p.numel() for p in base_model.parameters())
    log0(f"model_params:{n_params}")
    log0(f"world_size:{world_size} grad_accum_steps:{grad_accum_steps}")
    log0("sdp_backends:cudnn=False flash=True mem_efficient=False math=False")
    log0(f"attention_mode:gqa num_heads:{args.num_heads} num_kv_heads:{args.num_kv_heads}")
    log0(
        f"tfsd:weight={args.tfsd_weight} teacher_temp={args.tfsd_teacher_temp} "
        f"student_temp={args.tfsd_student_temp}"
    )
    log0(
        f"tie_embeddings:{args.tie_embeddings} embed_lr:{token_lr} "
        f"head_lr:{args.head_lr if base_model.lm_head is not None else 0.0} "
        f"matrix_lr:{args.matrix_lr} scalar_lr:{args.scalar_lr}"
    )
    log0(
        f"train_batch_tokens:{args.train_batch_tokens} train_seq_len:{args.train_seq_len} "
        f"iterations:{args.iterations} warmup_steps:{args.warmup_steps} "
        f"max_wallclock_seconds:{args.max_wallclock_seconds:.3f}"
    )
    log0(f"seed:{args.seed}")

    train_loader = base.DistributedTokenLoader(args.train_files, rank, world_size, device)

    def zero_grad_all() -> None:
        for opt in optimizers:
            opt.zero_grad(set_to_none=True)

    max_wallclock_ms = 1000.0 * args.max_wallclock_seconds if args.max_wallclock_seconds > 0 else None

    def lr_mul(step: int, elapsed_ms: float) -> float:
        if args.warmdown_iters <= 0:
            return 1.0
        if max_wallclock_ms is None:
            warmdown_start = max(args.iterations - args.warmdown_iters, 0)
            return max((args.iterations - step) / max(args.warmdown_iters, 1), 0.0) if warmdown_start <= step < args.iterations else 1.0
        step_ms = elapsed_ms / max(step, 1)
        warmdown_ms = args.warmdown_iters * step_ms
        remaining_ms = max(max_wallclock_ms - elapsed_ms, 0.0)
        return remaining_ms / max(warmdown_ms, 1e-9) if remaining_ms <= warmdown_ms else 1.0

    if args.warmup_steps > 0:
        initial_model_state = {name: tensor.detach().cpu().clone() for name, tensor in base_model.state_dict().items()}
        initial_optimizer_states = [copy.deepcopy(opt.state_dict()) for opt in optimizers]
        model.train()
        for warmup_step in range(args.warmup_steps):
            zero_grad_all()
            for micro_step in range(grad_accum_steps):
                if distributed:
                    model.require_backward_grad_sync = micro_step == grad_accum_steps - 1
                x, y = train_loader.next_batch(args.train_batch_tokens, args.train_seq_len, grad_accum_steps)
                with torch.autocast(device_type="cuda", dtype=torch.bfloat16, enabled=True):
                    warmup_loss = model(
                        x,
                        y,
                        tfsd_weight=args.tfsd_weight,
                        teacher_temp=args.tfsd_teacher_temp,
                        student_temp=args.tfsd_student_temp,
                    )
                (warmup_loss * grad_scale).backward()
            for opt in optimizers:
                opt.step()
            zero_grad_all()
            if args.warmup_steps <= 20 or (warmup_step + 1) % 10 == 0 or warmup_step + 1 == args.warmup_steps:
                log0(f"warmup_step:{warmup_step + 1}/{args.warmup_steps}")
        base_model.load_state_dict(initial_model_state, strict=True)
        for opt, state in zip(optimizers, initial_optimizer_states, strict=True):
            opt.load_state_dict(state)
        zero_grad_all()
        if distributed:
            model.require_backward_grad_sync = True
        train_loader = base.DistributedTokenLoader(args.train_files, rank, world_size, device)

    training_time_ms = 0.0
    stop_after_step: int | None = None
    torch.cuda.synchronize()
    t0 = time.perf_counter()

    step = 0
    while True:
        last_step = step == args.iterations or (stop_after_step is not None and step >= stop_after_step)

        should_validate = last_step or (args.val_loss_every > 0 and step % args.val_loss_every == 0)
        if should_validate:
            torch.cuda.synchronize()
            training_time_ms += 1000.0 * (time.perf_counter() - t0)
            val_loss, val_bpb = base.eval_val(
                args,
                model,
                rank,
                world_size,
                device,
                grad_accum_steps,
                val_tokens,
                base_bytes_lut,
                has_leading_space_lut,
                is_boundary_token_lut,
            )
            log0(
                f"step:{step}/{args.iterations} val_loss:{val_loss:.4f} val_bpb:{val_bpb:.4f} "
                f"train_time:{training_time_ms:.0f}ms step_avg:{training_time_ms / max(step, 1):.2f}ms"
            )
            torch.cuda.synchronize()
            t0 = time.perf_counter()

        if last_step:
            if stop_after_step is not None and step < args.iterations:
                log0(
                    f"stopping_early: wallclock_cap train_time:{training_time_ms:.0f}ms "
                    f"step:{step}/{args.iterations}"
                )
            break

        elapsed_ms = training_time_ms + 1000.0 * (time.perf_counter() - t0)
        scale = lr_mul(step, elapsed_ms)
        zero_grad_all()
        train_loss = torch.zeros((), device=device)
        for micro_step in range(grad_accum_steps):
            if distributed:
                model.require_backward_grad_sync = micro_step == grad_accum_steps - 1
            x, y = train_loader.next_batch(args.train_batch_tokens, args.train_seq_len, grad_accum_steps)
            with torch.autocast(device_type="cuda", dtype=torch.bfloat16, enabled=True):
                loss = model(
                    x,
                    y,
                    tfsd_weight=args.tfsd_weight,
                    teacher_temp=args.tfsd_teacher_temp,
                    student_temp=args.tfsd_student_temp,
                )
            train_loss += loss.detach()
            (loss * grad_scale).backward()
        train_loss /= grad_accum_steps

        frac = min(step / args.muon_momentum_warmup_steps, 1.0) if args.muon_momentum_warmup_steps > 0 else 1.0
        muon_momentum = (1 - frac) * args.muon_momentum_warmup_start + frac * args.muon_momentum
        for group in optimizer_muon.param_groups:
            group["momentum"] = muon_momentum

        for opt in optimizers:
            for group in opt.param_groups:
                group["lr"] = group["base_lr"] * scale

        if args.grad_clip_norm > 0:
            torch.nn.utils.clip_grad_norm_(base_model.parameters(), args.grad_clip_norm)
        for opt in optimizers:
            opt.step()
        zero_grad_all()

        step += 1
        approx_training_time_ms = training_time_ms + 1000.0 * (time.perf_counter() - t0)
        should_log_train = (
            args.train_log_every > 0
            and (step <= 10 or step % args.train_log_every == 0 or stop_after_step is not None)
        )
        if should_log_train:
            log0(
                f"step:{step}/{args.iterations} train_loss:{train_loss.item():.4f} "
                f"train_time:{approx_training_time_ms:.0f}ms step_avg:{approx_training_time_ms / step:.2f}ms"
            )

        reached_cap = max_wallclock_ms is not None and approx_training_time_ms >= max_wallclock_ms
        if distributed and max_wallclock_ms is not None:
            reached_cap_tensor = torch.tensor(int(reached_cap), device=device)
            dist.all_reduce(reached_cap_tensor, op=dist.ReduceOp.MAX)
            reached_cap = bool(reached_cap_tensor.item())
        if stop_after_step is None and reached_cap:
            stop_after_step = step

    log0(
        f"peak memory allocated: {torch.cuda.max_memory_allocated() // 1024 // 1024} MiB "
        f"reserved: {torch.cuda.max_memory_reserved() // 1024 // 1024} MiB"
    )

    if master_process:
        torch.save(base_model.state_dict(), "final_model.pt")
        model_bytes = os.path.getsize("final_model.pt")
        code_bytes = len(code.encode("utf-8"))
        log0(f"Serialized model: {model_bytes} bytes")
        log0(f"Code size: {code_bytes} bytes")
        log0(f"Total submission size: {model_bytes + code_bytes} bytes")

    quant_obj, quant_stats = base.quantize_state_dict_int8(base_model.state_dict())
    quant_buf = io.BytesIO()
    torch.save(quant_obj, quant_buf)
    quant_raw = quant_buf.getvalue()
    quant_blob = zlib.compress(quant_raw, level=9)
    quant_raw_bytes = len(quant_raw)
    if master_process:
        with open("final_model.int8.ptz", "wb") as f:
            f.write(quant_blob)
        quant_file_bytes = os.path.getsize("final_model.int8.ptz")
        code_bytes = len(code.encode("utf-8"))
        ratio = quant_stats["baseline_tensor_bytes"] / max(quant_stats["int8_payload_bytes"], 1)
        log0(
            f"Serialized model int8+zlib: {quant_file_bytes} bytes "
            f"(payload:{quant_stats['int8_payload_bytes']} raw_torch:{quant_raw_bytes} payload_ratio:{ratio:.2f}x)"
        )
        log0(f"Total submission size int8+zlib: {quant_file_bytes + code_bytes} bytes")

    if distributed:
        dist.barrier()
    with open("final_model.int8.ptz", "rb") as f:
        quant_blob_disk = f.read()
    quant_state = torch.load(io.BytesIO(zlib.decompress(quant_blob_disk)), map_location="cpu")
    base_model.load_state_dict(base.dequantize_state_dict_int8(quant_state), strict=True)
    torch.cuda.synchronize()
    t_qeval = time.perf_counter()
    q_val_loss, q_val_bpb = base.eval_val(
        args,
        model,
        rank,
        world_size,
        device,
        grad_accum_steps,
        val_tokens,
        base_bytes_lut,
        has_leading_space_lut,
        is_boundary_token_lut,
    )
    torch.cuda.synchronize()
    log0(
        f"final_int8_zlib_roundtrip val_loss:{q_val_loss:.4f} val_bpb:{q_val_bpb:.4f} "
        f"eval_time:{1000.0 * (time.perf_counter() - t_qeval):.0f}ms"
    )
    log0(f"final_int8_zlib_roundtrip_exact val_loss:{q_val_loss:.8f} val_bpb:{q_val_bpb:.8f}")

    if distributed:
        dist.destroy_process_group()


if __name__ == "__main__":
    main()

====================================================================================================
Running Python 3.14.3 (main, Feb 18 2026, 14:34:51) [GCC 15.2.1 20260209]
Running PyTorch 2.11.0
Sun Apr 12 20:49:12 2026       
+-----------------------------------------------------------------------------------------+
| NVIDIA-SMI 595.58.03              Driver Version: 595.58.03      CUDA Version: 13.2     |
+-----------------------------------------+------------------------+----------------------+
| GPU  Name                 Persistence-M | Bus-Id          Disp.A | Volatile Uncorr. ECC |
| Fan  Temp   Perf          Pwr:Usage/Cap |           Memory-Usage | GPU-Util  Compute M. |
|                                         |                        |               MIG M. |
|=========================================+========================+======================|
|   0  NVIDIA GeForce RTX 5090        Off |   00000000:01:00.0  On |                  N/A |
|  0%   37C    P8             39W /  575W |    4058MiB /  32607MiB |      3%      Default |
|                                         |                        |                  N/A |
+-----------------------------------------+------------------------+----------------------+

+-----------------------------------------------------------------------------------------+
| Processes:                                                                              |
|  GPU   GI   CI              PID   Type   Process name                        GPU Memory |
|        ID   ID                                                               Usage      |
|=========================================================================================|
|    0   N/A  N/A            4186      G   /usr/bin/niri                          1081MiB |
|    0   N/A  N/A            4469      G   Xwayland                                  9MiB |
|    0   N/A  N/A            5806      G   /app/zen/zen                            566MiB |
|    0   N/A  N/A            6656      G   /usr/lib/vesktop/vesktop                138MiB |
|    0   N/A  N/A            8849      G   kitty                                   116MiB |
|    0   N/A  N/A           36162      G   kitty                                    34MiB |
|    0   N/A  N/A           36567      G   kitty                                    44MiB |
|    0   N/A  N/A           56268      G   kitty                                    34MiB |
|    0   N/A  N/A           76841      G   kitty                                    56MiB |
|    0   N/A  N/A          104442      G   kitty                                    34MiB |
|    0   N/A  N/A          180126      G   kitty                                    34MiB |
|    0   N/A  N/A          342624      G   kitty                                    34MiB |
|    0   N/A  N/A          347425      G   kitty                                    34MiB |
|    0   N/A  N/A          449627      G   kitty                                    22MiB |
|    0   N/A  N/A          483937      G   kitty                                    28MiB |
|    0   N/A  N/A          496351      G   kitty                                    44MiB |
|    0   N/A  N/A          533379      G   kitty                                    34MiB |
|    0   N/A  N/A          643185      G   kitty                                    34MiB |
|    0   N/A  N/A         1004904      G   kitty                                    34MiB |
|    0   N/A  N/A         1009393      G   kitty                                    34MiB |
|    0   N/A  N/A         1093605      G   kitty                                    56MiB |
|    0   N/A  N/A         1109281      G   kitty                                    34MiB |
|    0   N/A  N/A         1173677      G   kitty                                    56MiB |
|    0   N/A  N/A         1274054    C+G   missioncenter                            91MiB |
|    0   N/A  N/A         1319942      G   kitty                                    34MiB |
|    0   N/A  N/A         1401566      G   kitty                                    56MiB |
|    0   N/A  N/A         1406307      C   /usr/bin/python3                        498MiB |
+-----------------------------------------------------------------------------------------+

====================================================================================================
val_bpb:enabled tokenizer_kind=sentencepiece tokenizer_path=./data/tokenizers/fineweb_1024_bpe.model
train_loader:dataset:fineweb10B_sp1024 train_shards:80
val_loader:shards pattern=./data/datasets/fineweb10B_sp1024/fineweb_val_*.bin tokens:62021632
model_params:17059912
world_size:1 grad_accum_steps:8
sdp_backends:cudnn=False flash=True mem_efficient=False math=False
attention_mode:gqa num_heads:8 num_kv_heads:4
tfsd:weight=0.2 teacher_temp=0.25 student_temp=0.25
tie_embeddings:True embed_lr:0.05 head_lr:0.0 matrix_lr:0.04 scalar_lr:0.04
train_batch_tokens:524288 train_seq_len:1024 iterations:200 warmup_steps:20 max_wallclock_seconds:0.000
seed:1337
warmup_step:1/20
warmup_step:2/20
warmup_step:3/20
warmup_step:4/20
warmup_step:5/20
warmup_step:6/20
warmup_step:7/20
warmup_step:8/20
warmup_step:9/20
warmup_step:10/20
warmup_step:11/20
warmup_step:12/20
warmup_step:13/20
warmup_step:14/20
warmup_step:15/20
warmup_step:16/20
warmup_step:17/20
warmup_step:18/20
warmup_step:19/20
warmup_step:20/20
step:0/200 val_loss:6.9357 val_bpb:4.1077 train_time:0ms step_avg:0.01ms
step:1/200 train_loss:8.3342 train_time:623ms step_avg:622.71ms
step:2/200 train_loss:18.1025 train_time:1245ms step_avg:622.32ms
step:3/200 train_loss:10.0635 train_time:1860ms step_avg:620.04ms
step:4/200 train_loss:7.8809 train_time:2485ms step_avg:621.37ms
step:5/200 train_loss:7.9460 train_time:3101ms step_avg:620.15ms
step:6/200 train_loss:7.9834 train_time:3729ms step_avg:621.55ms
step:7/200 train_loss:7.6408 train_time:4356ms step_avg:622.25ms
step:8/200 train_loss:7.4949 train_time:4972ms step_avg:621.55ms
step:9/200 train_loss:7.4021 train_time:5598ms step_avg:622.03ms
step:10/200 train_loss:7.3242 train_time:6223ms step_avg:622.30ms
step:20/200 train_loss:6.6518 train_time:12450ms step_avg:622.50ms
step:30/200 train_loss:5.9233 train_time:18729ms step_avg:624.29ms
step:40/200 train_loss:5.6101 train_time:24996ms step_avg:624.90ms
step:50/200 train_loss:5.3582 train_time:31337ms step_avg:626.74ms
step:50/200 val_loss:3.9636 val_bpb:2.3475 train_time:31337ms step_avg:626.74ms
step:60/200 train_loss:5.1451 train_time:37624ms step_avg:627.07ms
step:70/200 train_loss:4.9534 train_time:43880ms step_avg:626.86ms
step:80/200 train_loss:4.8305 train_time:50142ms step_avg:626.77ms
step:90/200 train_loss:4.6864 train_time:56391ms step_avg:626.57ms
step:100/200 train_loss:4.5888 train_time:62731ms step_avg:627.31ms
step:100/200 val_loss:3.2324 val_bpb:1.9144 train_time:62731ms step_avg:627.31ms
step:110/200 train_loss:4.4720 train_time:68910ms step_avg:626.46ms
step:120/200 train_loss:4.4697 train_time:75098ms step_avg:625.82ms
step:130/200 train_loss:4.4113 train_time:81288ms step_avg:625.29ms
step:140/200 train_loss:4.2904 train_time:87495ms step_avg:624.97ms
step:150/200 train_loss:4.3253 train_time:93745ms step_avg:624.97ms
step:150/200 val_loss:2.9469 val_bpb:1.7453 train_time:93745ms step_avg:624.97ms
step:160/200 train_loss:4.2401 train_time:99882ms step_avg:624.26ms
step:170/200 train_loss:4.2866 train_time:106098ms step_avg:624.11ms
step:180/200 train_loss:4.2009 train_time:112300ms step_avg:623.89ms
step:190/200 train_loss:4.1917 train_time:118457ms step_avg:623.46ms
step:200/200 train_loss:4.1132 train_time:124644ms step_avg:623.22ms
step:200/200 val_loss:2.8052 val_bpb:1.6614 train_time:124644ms step_avg:623.22ms
peak memory allocated: 11018 MiB reserved: 11206 MiB
Serialized model: 67224983 bytes
Code size: 20078 bytes
Total submission size: 67245061 bytes
Serialized model int8+zlib: 12068981 bytes (payload:17178912 raw_torch:17224025 payload_ratio:3.91x)
Total submission size int8+zlib: 12089059 bytes
final_int8_zlib_roundtrip val_loss:2.8079 val_bpb:1.6630 eval_time:20335ms
final_int8_zlib_roundtrip_exact val_loss:2.80789714 val_bpb:1.66299485
