"""
LeJEPA r38: cosine-InfoNCE embed prediction + SIGReg on realized targets.

Thesis: r37 was "predict a token via dot-product softmax over tok_emb rows",
which has the same topology as baseline tied-head CE — row norms carry
frequency info, and SIGReg was a small regularization tax on it. The user's
actual intent is "predict an EMBED, not a discrete token" — i.e. the
prediction head should live in embed space and be compared by an
embed-space metric (cosine similarity), not by unnormalized dot-products
that conflate row-norm frequency info with direction.

r38 therefore replaces the dot-product + softcap tied head with a
cosine-InfoNCE head:

  hidden      = encode_hidden(x)                              # [B, T, D]
  z           = F.normalize(hidden, dim=-1)                   # unit-sphere
  codebook    = F.normalize(tok_emb.weight, dim=-1)           # unit-sphere
  logits      = (z @ codebook.T) * temp                       # cosine sim
  ce          = cross_entropy(logits, targets)                # full-vocab InfoNCE
  target_emb  = tok_emb(target_ids)                           # realized (unnorm)
  sigreg_tgt  = Epps-Pulley on target_emb vs N(0, I)          # anti-collapse
  loss        = (1-λ)·ce + λ·sigreg_tgt                       # λ=0.05

What changes vs r37:
- Both sides of the dot-product are L2-normalized. The logit is a cosine
  similarity scaled by a temperature. Frequency information can no longer
  live in row norms — it has to live in direction (frequent tokens must
  be close in cosine to the trunk's predicted direction for many contexts).
- Temperature replaces softcap. `temp = exp(log_temp)`, log_temp is a
  learnable scalar initialized to log(1/0.07) ≈ 2.659 (CLIP scale), so the
  softmax sharpness at init matches baseline's softcap=15 regime.
- SIGReg is still on the UNNORMALIZED realized target embeddings. The
  logit doesn't see row norms, so SIGReg is free to shape row norms
  independently without fighting CE's frequency pressure.

Why cosine-InfoNCE = "predicting embeds":
- The prediction hidden state z lives on the unit sphere — a bona-fide
  embed-space point, not a logit. Nearest-neighbour in cosine is the
  prediction; softmax-CE is just the training contrast.
- Mathematically this is InfoNCE with tok_emb as the codebook: positive
  = tok_emb(target), negatives = all other rows. Full-vocab contrast.
- Gradient into tok_emb.weight flows through both the codebook lookup
  (positive-side) and the softmax denominator (negative-side), exactly as
  in baseline, so the codebook is fully trained — no detach.

Risks vs baseline:
- Losing row-norm frequency info may make optimization harder; cosine
  softmax is well-studied (CLIP, SimCSE) so this is tolerable.
- Temp needs to be in the right range; init at CLIP scale is empirically
  safe. log_temp is clamped at forward to avoid runaway sharpness.
- Eval CE must use the same cosine head — baseline's dot-product head
  would give wildly miscalibrated bpb on the cosine-trained model.

Hyperparameters (env):
  LEJEPA_LAMBDA          — convex weight on sigreg_tgt, default 0.05.
  LEJEPA_SIGREG_WEIGHT   — if >= 0, use additive: loss = ce + w·sigreg_tgt.
                           Default -1 (disabled; convex mode is used).
  LEJEPA_TEMP_INIT       — initial temperature (inverse softmax scale),
                           default 0.07 (CLIP scale). log_temp = log(1/·).
  LEJEPA_SIGREG_*        — projection count / quadrature (paper defaults).

Diagnostics: sigreg_tgt, sigreg_h (read-only), and temp surfaced each step;
tok_emb row_norm / eff_rank / cos every val_loss_every.

Eval: cosine-InfoNCE CE on hidden (same head as train). Bpb is directly
comparable to baseline in nats — same softmax over vocab, different
similarity structure.
"""

from __future__ import annotations

import copy
import io
import math
import os
import random
import subprocess
import sys
import time
import zlib
from pathlib import Path

import numpy as np
import sentencepiece as spm
import torch
import torch.distributed as dist
import torch.nn.functional as F
from torch import Tensor, nn
from torch.nn.parallel import DistributedDataParallel as DDP

sys.path.insert(0, str(Path(__file__).resolve().parent))
import train_normuon as base  # noqa: E402


class Hyperparameters(base.Hyperparameters):
    # loss = (1-λ)*attract + λ*sigreg_h   (paper's convex-combination style).
    # LEJEPA_LAMBDA defaults to 0.05, matching the paper's vision setup.
    # LEJEPA_SIGREG_WEIGHT is kept as a legacy override: if set, loss uses
    # attract + sigreg_weight*sigreg_h (additive, not convex) — set to 0 to
    # disable sigreg, or to a nonzero value to do a scalar sweep analogous
    # to r22's weight sweep.
    sigreg_weight = float(os.environ.get("LEJEPA_SIGREG_WEIGHT", "-1.0"))
    lejepa_lambda = float(os.environ.get("LEJEPA_LAMBDA", "0.05"))
    sigreg_projections = int(os.environ.get("LEJEPA_SIGREG_PROJECTIONS", "64"))
    sigreg_num_points = int(os.environ.get("LEJEPA_SIGREG_NUM_POINTS", "17"))
    sigreg_t_max = float(os.environ.get("LEJEPA_SIGREG_T_MAX", "4.0"))
    tied_embed_init_std = float(os.environ.get("TIED_EMBED_INIT_STD", "1.0"))
    # Initial cosine softmax temperature (inverse scale). 0.07 matches CLIP
    # and gives logit range [-1/0.07, 1/0.07] ≈ [-14.3, 14.3] at init —
    # close to baseline's softcap=15 regime so the softmax sharpness is
    # comparable. log_temp_max prevents runaway sharpness (reported to
    # happen in some InfoNCE setups if the denominator loses its regularizing
    # effect). Clamping at log(200) ≈ 5.3 lets CLIP-style T ~ 0.005 be
    # reachable if needed.
    temp_init = float(os.environ.get("LEJEPA_TEMP_INIT", "0.07"))
    log_temp_max = float(os.environ.get("LEJEPA_LOG_TEMP_MAX", "5.3"))


class LeJEPAMetricGPT(base.GPT):
    def __init__(self, args: Hyperparameters):
        super().__init__(
            vocab_size=args.vocab_size,
            num_layers=args.num_layers,
            model_dim=args.model_dim,
            num_heads=args.num_heads,
            num_kv_heads=args.num_kv_heads,
            mlp_mult=args.mlp_mult,
            tie_embeddings=args.tie_embeddings,
            tied_embed_init_std=args.tied_embed_init_std,
            logit_softcap=args.logit_softcap,
            rope_base=args.rope_base,
            qk_gain_init=args.qk_gain_init,
        )
        # Two ways to weight the loss:
        #   additive: loss = attract + sigreg_weight * sigreg_h
        #   convex:   loss = (1-λ)*attract + λ*sigreg_h
        # If LEJEPA_SIGREG_WEIGHT >= 0 was set, use additive; otherwise use
        # convex with LEJEPA_LAMBDA.
        self.sigreg_weight = float(args.sigreg_weight)
        self.lejepa_lambda = float(args.lejepa_lambda)
        self.use_additive = self.sigreg_weight >= 0.0

        # Learnable cosine softmax temperature. log_temp = log(1/T); exp()'d
        # per-forward so the parameter gradient is well-scaled and we can
        # clamp at a maximum to prevent runaway sharpness.
        self.log_temp = nn.Parameter(torch.tensor(math.log(1.0 / args.temp_init), dtype=torch.float32))
        self.log_temp_max = float(args.log_temp_max)

        sigreg_dim = args.model_dim
        dirs = torch.randn(args.sigreg_projections, sigreg_dim, dtype=torch.float32)
        dirs = F.normalize(dirs, dim=-1)
        self.register_buffer("sigreg_dirs", dirs, persistent=False)
        t = torch.linspace(0.0, args.sigreg_t_max, args.sigreg_num_points, dtype=torch.float32)
        self.register_buffer("sigreg_t", t, persistent=False)
        # Loss-component scalars written in-place each training forward; read
        # by the training loop after the last micro-step to surface the sigreg
        # breakdown alongside train_loss in the log (ablation.py's regex parser
        # picks these up automatically and forwards them to tensorboard).
        self.register_buffer("last_ce", torch.zeros((), dtype=torch.float32), persistent=False)
        # We back-prop through sigreg_tgt only; sigreg_h is computed each
        # step as a read-only diagnostic to see whether flat_h's distribution
        # moves on its own under CE + target-side SIGReg pressure.
        self.register_buffer("last_sigreg_tgt", torch.zeros((), dtype=torch.float32), persistent=False)
        self.register_buffer("last_sigreg_h", torch.zeros((), dtype=torch.float32), persistent=False)
        self.register_buffer("last_temp", torch.zeros((), dtype=torch.float32), persistent=False)

    def sigreg_loss(self, points: Tensor) -> Tensor:
        flat = points.reshape(-1, points.size(-1)).float()
        dirs = self.sigreg_dirs.to(device=flat.device, dtype=flat.dtype)
        t = self.sigreg_t.to(device=flat.device, dtype=flat.dtype)
        proj = flat @ dirs.T
        angles = proj.unsqueeze(-1) * t.view(1, 1, -1)
        real = torch.cos(angles).mean(dim=0)
        imag = torch.sin(angles).mean(dim=0)
        gaussian_cf = torch.exp(-0.5 * t.square()).view(1, -1)
        err = (real - gaussian_cf).square() + imag.square()
        weighted_err = err * gaussian_cf
        return torch.trapz(weighted_err, t, dim=-1).mean()

    @torch.no_grad()
    def resample_sigreg_dirs(self, step: int) -> None:
        device = self.sigreg_dirs.device
        dtype = self.sigreg_dirs.dtype
        g = torch.Generator(device=device)
        g.manual_seed(int(step))
        dirs = torch.randn(self.sigreg_dirs.shape, generator=g, device=device, dtype=torch.float32)
        dirs = dirs / dirs.norm(dim=-1, keepdim=True).clamp_min(1e-8)
        self.sigreg_dirs.copy_(dirs.to(dtype))

    @torch.no_grad()
    def manifold_diagnostics(self) -> dict[str, float]:
        tok = self.tok_emb.weight.float()
        tok_unit = F.normalize(tok, dim=-1)
        cos_mat = tok_unit @ tok_unit.T
        n = cos_mat.size(0)
        cos_mean_off = (cos_mat.sum() - cos_mat.diag().sum()) / max(cos_mat.numel() - n, 1)

        tok_centered = tok - tok.mean(dim=0, keepdim=True)
        cov = (tok_centered.T @ tok_centered) / max(tok.size(0) - 1, 1)
        eig = torch.linalg.eigvalsh(cov).clamp_min(0.0)
        eig_norm = eig / eig.sum().clamp_min(1e-12)
        eff_rank = torch.exp(-(eig_norm * eig_norm.clamp_min(1e-12).log()).sum())

        return {
            "sigreg_tok": float(self.sigreg_loss(tok).item()),
            "tok_row_norm_mean": float(tok.norm(dim=-1).mean().item()),
            "tok_row_norm_std": float(tok.norm(dim=-1).std(correction=0).item()),
            "tok_dim_std_mean": float(tok.std(dim=0, correction=0).mean().item()),
            "tok_eff_rank": float(eff_rank.item()),
            "tok_cos_off_mean": float(cos_mean_off.item()),
            "dirs_sum": float(self.sigreg_dirs.to(torch.float32).sum().item()),
        }

    def encode_hidden(self, input_ids: Tensor) -> Tensor:
        x = self.tok_emb(input_ids)
        x = F.rms_norm(x, (x.size(-1),))
        x0 = x
        skips: list[Tensor] = []
        for i in range(self.num_encoder_layers):
            x = self.blocks[i](x, x0)
            skips.append(x)
        for i in range(self.num_decoder_layers):
            if skips:
                x = x + self.skip_weights[i].to(dtype=x.dtype)[None, None, :] * skips.pop()
            x = self.blocks[self.num_encoder_layers + i](x, x0)
        # Apply final_norm so flat_h matches the base-model convention
        # (post-norm hidden → tied head). Also makes flat_h the ViT-style
        # "encoder output z" analog for SIGReg.
        return self.final_norm(x)

    def cosine_logits(self, flat_hidden: Tensor) -> Tensor:
        z = F.normalize(flat_hidden.float(), dim=-1)
        codebook = F.normalize(self.tok_emb.weight.float(), dim=-1)
        temp = self.log_temp.float().clamp(max=self.log_temp_max).exp()
        return (z @ codebook.T) * temp

    def eval_ce_loss(self, hidden: Tensor, target_ids: Tensor) -> Tensor:
        flat = hidden.reshape(-1, hidden.size(-1))
        logits = self.cosine_logits(flat)
        return F.cross_entropy(logits, target_ids.reshape(-1), reduction="mean")

    def forward(self, input_ids: Tensor, target_ids: Tensor) -> Tensor:
        hidden = self.encode_hidden(input_ids)
        if not self.training:
            return self.eval_ce_loss(hidden, target_ids)

        # Cosine-InfoNCE: full-vocab contrast between unit-normalized hidden
        # and unit-normalized tok_emb codebook, scaled by a learnable inverse
        # temperature. Both positive lookup and negative denominator receive
        # gradient into tok_emb; the trunk gets gradient into flat_h as
        # usual.
        flat_h = hidden.reshape(-1, hidden.size(-1))
        tgt_flat = target_ids.reshape(-1)
        logits = self.cosine_logits(flat_h)
        ce = F.cross_entropy(logits, tgt_flat, reduction="mean")

        # SIGReg on the REALIZED target embeddings — tok_emb rows sampled
        # by token frequency in this batch. Gradient flows through the
        # lookup into tok_emb, pulling the frequency-weighted marginal
        # toward N(0, I). Cosine logits ignore row norms, so SIGReg can
        # shape row norms freely without a CE/SIGReg conflict.
        target_emb = self.tok_emb(tgt_flat)
        sigreg_tgt = self.sigreg_loss(target_emb)

        # flat_h SIGReg computed as a read-only diagnostic only — NOT in
        # loss. Tells us whether target-side pressure alone keeps flat_h's
        # distribution healthy, or if we later need to add a second SIGReg.
        with torch.no_grad():
            sigreg_h = self.sigreg_loss(flat_h)
            temp_val = self.log_temp.float().clamp(max=self.log_temp_max).exp()

        self.last_ce.copy_(ce.detach())
        self.last_sigreg_tgt.copy_(sigreg_tgt.detach())
        self.last_sigreg_h.copy_(sigreg_h.detach())
        self.last_temp.copy_(temp_val.detach())
        if self.use_additive:
            return ce + self.sigreg_weight * sigreg_tgt
        return (1.0 - self.lejepa_lambda) * ce + self.lejepa_lambda * sigreg_tgt


def main() -> None:
    code = Path(__file__).read_text(encoding="utf-8")
    args = Hyperparameters()
    base.zeropower_via_newtonschulz5 = torch.compile(base.zeropower_via_newtonschulz5)

    distributed = "RANK" in os.environ and "WORLD_SIZE" in os.environ
    rank = int(os.environ.get("RANK", "0"))
    world_size = int(os.environ.get("WORLD_SIZE", "1"))
    local_rank = int(os.environ.get("LOCAL_RANK", "0"))
    if world_size <= 0:
        raise ValueError(f"WORLD_SIZE must be positive, got {world_size}")
    if 8 % world_size != 0:
        raise ValueError(f"WORLD_SIZE={world_size} must divide 8 so grad_accum_steps stays integral")
    grad_accum_steps = 8 // world_size
    grad_scale = 1.0 / grad_accum_steps
    if not torch.cuda.is_available():
        raise RuntimeError("CUDA is required")
    device = torch.device("cuda", local_rank)
    torch.cuda.set_device(device)
    if distributed:
        dist.init_process_group(backend="nccl", device_id=device)
        dist.barrier()
    master_process = rank == 0

    torch.backends.cuda.matmul.allow_tf32 = True
    torch.backends.cudnn.allow_tf32 = True
    from torch.backends.cuda import enable_cudnn_sdp, enable_flash_sdp, enable_math_sdp, enable_mem_efficient_sdp

    enable_cudnn_sdp(False)
    enable_flash_sdp(True)
    enable_mem_efficient_sdp(False)
    enable_math_sdp(False)

    logfile = None
    if master_process:
        os.makedirs("logs", exist_ok=True)
        logfile = f"logs/{args.run_id}.txt"
        print(logfile)

    def log0(msg: str, console: bool = True) -> None:
        if not master_process:
            return
        if console:
            print(msg)
        if logfile is not None:
            with open(logfile, "a", encoding="utf-8") as f:
                print(msg, file=f)

    log0(code, console=False)
    log0("=" * 100, console=False)
    log0(f"Running Python {sys.version}", console=False)
    log0(f"Running PyTorch {torch.__version__}", console=False)
    log0(
        subprocess.run(["nvidia-smi"], stdout=subprocess.PIPE, stderr=subprocess.PIPE, text=True, check=False).stdout,
        console=False,
    )
    log0("=" * 100, console=False)

    random.seed(args.seed)
    np.random.seed(args.seed)
    torch.manual_seed(args.seed)
    torch.cuda.manual_seed_all(args.seed)

    if not args.tokenizer_path.endswith(".model"):
        raise ValueError(f"Script only setup for SentencePiece .model file: {args.tokenizer_path}")
    sp = spm.SentencePieceProcessor(model_file=args.tokenizer_path)
    if int(sp.vocab_size()) != args.vocab_size:
        raise ValueError(
            f"VOCAB_SIZE={args.vocab_size} does not match tokenizer vocab_size={int(sp.vocab_size())}"
        )
    dataset_dir = Path(args.data_path).resolve()
    actual_train_files = len(list(dataset_dir.glob("fineweb_train_*.bin")))
    val_tokens = base.load_validation_tokens(args.val_files, args.train_seq_len)
    base_bytes_lut, has_leading_space_lut, is_boundary_token_lut = base.build_sentencepiece_luts(
        sp, args.vocab_size, device
    )
    log0(f"val_bpb:enabled tokenizer_kind=sentencepiece tokenizer_path={args.tokenizer_path}")
    log0(f"train_loader:dataset:{dataset_dir.name} train_shards:{actual_train_files}")
    log0(f"val_loader:shards pattern={args.val_files} tokens:{val_tokens.numel() - 1}")

    base_model = LeJEPAMetricGPT(args).to(device).bfloat16()
    for module in base_model.modules():
        if isinstance(module, base.CastedLinear):
            module.float()
    base.restore_low_dim_params_to_fp32(base_model)
    compiled_model = torch.compile(base_model, dynamic=False, fullgraph=True)
    model: nn.Module = DDP(compiled_model, device_ids=[local_rank], broadcast_buffers=False) if distributed else compiled_model

    named_params = list(base_model.named_parameters())
    matrix_params = [
        p
        for name, p in named_params
        if name not in {"tok_emb.weight", "lm_head.weight"}
        and p.ndim == 2
        and not any(pattern in name for pattern in base.CONTROL_TENSOR_NAME_PATTERNS)
    ]
    scalar_params = [
        p
        for name, p in named_params
        if name not in {"tok_emb.weight", "lm_head.weight"}
        and (p.ndim < 2 or any(pattern in name for pattern in base.CONTROL_TENSOR_NAME_PATTERNS))
    ]

    token_lr = args.tied_embed_lr if args.tie_embeddings else args.embed_lr
    optimizer_tok = torch.optim.Adam(
        [{"params": [base_model.tok_emb.weight], "lr": token_lr, "base_lr": token_lr}],
        betas=(args.beta1, args.beta2),
        eps=args.adam_eps,
        fused=True,
    )
    optimizer_muon = base.Muon(
        matrix_params,
        lr=args.matrix_lr,
        momentum=args.muon_momentum,
        backend_steps=args.muon_backend_steps,
        beta2=args.normuon_beta2,
    )
    for group in optimizer_muon.param_groups:
        group["base_lr"] = args.matrix_lr
    optimizer_scalar = torch.optim.Adam(
        [{"params": scalar_params, "lr": args.scalar_lr, "base_lr": args.scalar_lr}],
        betas=(args.beta1, args.beta2),
        eps=args.adam_eps,
        fused=True,
    )
    optimizers: list[torch.optim.Optimizer] = [optimizer_tok, optimizer_muon, optimizer_scalar]
    if base_model.lm_head is not None:
        optimizer_head = torch.optim.Adam(
            [{"params": [base_model.lm_head.weight], "lr": args.head_lr, "base_lr": args.head_lr}],
            betas=(args.beta1, args.beta2),
            eps=args.adam_eps,
            fused=True,
        )
        optimizers.insert(1, optimizer_head)

    n_params = sum(p.numel() for p in base_model.parameters())
    log0(f"model_params:{n_params}")
    log0(f"world_size:{world_size} grad_accum_steps:{grad_accum_steps}")
    log0("sdp_backends:cudnn=False flash=True mem_efficient=False math=False")
    log0(f"attention_mode:gqa num_heads:{args.num_heads} num_kv_heads:{args.num_kv_heads}")
    log0(
        f"metric_projected_lejepa_r38:"
        f"use_additive={base_model.use_additive} "
        f"sigreg_weight={base_model.sigreg_weight} "
        f"lejepa_lambda={base_model.lejepa_lambda} "
        f"sigreg_projections={args.sigreg_projections} "
        f"sigreg_num_points={args.sigreg_num_points} sigreg_t_max={args.sigreg_t_max} "
        f"temp_init={args.temp_init} log_temp_max={args.log_temp_max} "
        f"head=cosine_infonce (softcap_disabled)"
    )
    log0(
        f"tie_embeddings:{args.tie_embeddings} embed_lr:{token_lr} "
        f"head_lr:{args.head_lr if base_model.lm_head is not None else 0.0} "
        f"matrix_lr:{args.matrix_lr} scalar_lr:{args.scalar_lr}"
    )
    log0(
        f"train_batch_tokens:{args.train_batch_tokens} train_seq_len:{args.train_seq_len} "
        f"iterations:{args.iterations} warmup_steps:{args.warmup_steps} "
        f"max_wallclock_seconds:{args.max_wallclock_seconds:.3f}"
    )
    log0(f"seed:{args.seed}")

    train_loader = base.DistributedTokenLoader(args.train_files, rank, world_size, device)

    def zero_grad_all() -> None:
        for opt in optimizers:
            opt.zero_grad(set_to_none=True)

    def global_grad_norm() -> float:
        total = torch.zeros((), device=device, dtype=torch.float32)
        for param in base_model.parameters():
            if param.grad is None:
                continue
            total += param.grad.detach().float().square().sum()
        return float(torch.sqrt(total).item())

    max_wallclock_ms = 1000.0 * args.max_wallclock_seconds if args.max_wallclock_seconds > 0 else None

    def lr_mul(step: int, elapsed_ms: float) -> float:
        if args.warmdown_iters <= 0:
            return 1.0
        if max_wallclock_ms is None:
            warmdown_start = max(args.iterations - args.warmdown_iters, 0)
            if warmdown_start <= step < args.iterations:
                return max((args.iterations - step) / max(args.warmdown_iters, 1), 0.0)
            return 1.0
        step_ms = elapsed_ms / max(step, 1)
        warmdown_ms = args.warmdown_iters * step_ms
        remaining_ms = max(max_wallclock_ms - elapsed_ms, 0.0)
        return remaining_ms / max(warmdown_ms, 1e-9) if remaining_ms <= warmdown_ms else 1.0

    if args.warmup_steps > 0:
        initial_model_state = {name: tensor.detach().cpu().clone() for name, tensor in base_model.state_dict().items()}
        initial_optimizer_states = [copy.deepcopy(opt.state_dict()) for opt in optimizers]
        model.train()
        for warmup_step in range(args.warmup_steps):
            base_model.resample_sigreg_dirs(warmup_step)
            zero_grad_all()
            for micro_step in range(grad_accum_steps):
                if distributed:
                    model.require_backward_grad_sync = micro_step == grad_accum_steps - 1
                x, y = train_loader.next_batch(args.train_batch_tokens, args.train_seq_len, grad_accum_steps)
                with torch.autocast(device_type="cuda", dtype=torch.bfloat16, enabled=True):
                    warmup_loss = model(x, y)
                (warmup_loss * grad_scale).backward()
            for opt in optimizers:
                opt.step()
            zero_grad_all()
            if args.warmup_steps <= 20 or (warmup_step + 1) % 10 == 0 or warmup_step + 1 == args.warmup_steps:
                log0(f"warmup_step:{warmup_step + 1}/{args.warmup_steps}")
        base_model.load_state_dict(initial_model_state, strict=True)
        for opt, state in zip(optimizers, initial_optimizer_states, strict=True):
            opt.load_state_dict(state)
        zero_grad_all()
        if distributed:
            model.require_backward_grad_sync = True
        train_loader = base.DistributedTokenLoader(args.train_files, rank, world_size, device)

    training_time_ms = 0.0
    stop_after_step: int | None = None
    torch.cuda.synchronize()
    t0 = time.perf_counter()

    step = 0
    while True:
        last_step = step == args.iterations or (stop_after_step is not None and step >= stop_after_step)

        should_validate = last_step or (args.val_loss_every > 0 and step % args.val_loss_every == 0)
        if should_validate:
            torch.cuda.synchronize()
            training_time_ms += 1000.0 * (time.perf_counter() - t0)
            val_loss, val_bpb = base.eval_val(
                args,
                model,
                rank,
                world_size,
                device,
                grad_accum_steps,
                val_tokens,
                base_bytes_lut,
                has_leading_space_lut,
                is_boundary_token_lut,
            )
            log0(
                f"step:{step}/{args.iterations} val_loss:{val_loss:.4f} val_bpb:{val_bpb:.4f} "
                f"train_time:{training_time_ms:.0f}ms step_avg:{training_time_ms / max(step, 1):.2f}ms"
            )
            torch.cuda.synchronize()
            t0 = time.perf_counter()

        if last_step:
            if stop_after_step is not None and step < args.iterations:
                log0(
                    f"stopping_early: wallclock_cap train_time:{training_time_ms:.0f}ms "
                    f"step:{step}/{args.iterations}"
                )
            break

        elapsed_ms = training_time_ms + 1000.0 * (time.perf_counter() - t0)
        scale = lr_mul(step, elapsed_ms)

        base_model.resample_sigreg_dirs(step)

        zero_grad_all()
        train_loss = torch.zeros((), device=device)
        for micro_step in range(grad_accum_steps):
            if distributed:
                model.require_backward_grad_sync = micro_step == grad_accum_steps - 1
            x, y = train_loader.next_batch(args.train_batch_tokens, args.train_seq_len, grad_accum_steps)
            with torch.autocast(device_type="cuda", dtype=torch.bfloat16, enabled=True):
                loss = model(x, y)
            train_loss += loss.detach()
            (loss * grad_scale).backward()
        train_loss /= grad_accum_steps

        frac = min(step / args.muon_momentum_warmup_steps, 1.0) if args.muon_momentum_warmup_steps > 0 else 1.0
        muon_momentum = (1 - frac) * args.muon_momentum_warmup_start + frac * args.muon_momentum
        for group in optimizer_muon.param_groups:
            group["momentum"] = muon_momentum

        for opt in optimizers:
            for group in opt.param_groups:
                group["lr"] = group["base_lr"] * scale

        grad_norm = global_grad_norm()
        if args.grad_clip_norm > 0:
            torch.nn.utils.clip_grad_norm_(base_model.parameters(), args.grad_clip_norm)
        for opt in optimizers:
            opt.step()
        zero_grad_all()

        step += 1
        torch.cuda.synchronize()
        training_time_ms += 1000.0 * (time.perf_counter() - t0)
        t0 = time.perf_counter()
        if step % 10 == 0 or last_step:
            log0(
                f"step:{step}/{args.iterations} train_loss:{train_loss.item():.4f} "
                f"ce:{base_model.last_ce.item():.4f} "
                f"sigreg_tgt:{base_model.last_sigreg_tgt.item():.4f} "
                f"sigreg_h:{base_model.last_sigreg_h.item():.4f} "
                f"temp:{base_model.last_temp.item():.4f} "
                f"grad_norm:{grad_norm:.4f} train_time:{training_time_ms:.0f}ms "
                f"step_avg:{training_time_ms / step:.2f}ms"
            )
        if step % args.val_loss_every == 0 or last_step:
            diag = base_model.manifold_diagnostics()
            log0(
                "manifold_diag:"
                f"step:{step}/{args.iterations} "
                f"sigreg_tok:{diag['sigreg_tok']:.4f} "
                f"tok_row_norm_mean:{diag['tok_row_norm_mean']:.4f} "
                f"tok_row_norm_std:{diag['tok_row_norm_std']:.4f} "
                f"tok_dim_std_mean:{diag['tok_dim_std_mean']:.4f} "
                f"tok_eff_rank:{diag['tok_eff_rank']:.4f} "
                f"tok_cos_off_mean:{diag['tok_cos_off_mean']:.4f} "
                f"dirs_sum:{diag['dirs_sum']:.4f}"
            )
        if max_wallclock_ms is not None and training_time_ms >= max_wallclock_ms and stop_after_step is None:
            stop_after_step = step

    log0(
        f"peak memory allocated: {torch.cuda.max_memory_allocated() // 1024 // 1024} MiB "
        f"reserved: {torch.cuda.max_memory_reserved() // 1024 // 1024} MiB"
    )

    if master_process:
        torch.save(base_model.state_dict(), "final_model.pt")
        model_bytes = os.path.getsize("final_model.pt")
        code_bytes = len(code.encode("utf-8"))
        log0(f"Serialized model: {model_bytes} bytes")
        log0(f"Code size: {code_bytes} bytes")
        log0(f"Total submission size: {model_bytes + code_bytes} bytes")

    quant_obj, quant_stats = base.quantize_state_dict_int8(base_model.state_dict())
    quant_buf = io.BytesIO()
    torch.save(quant_obj, quant_buf)
    quant_raw = quant_buf.getvalue()
    quant_blob = zlib.compress(quant_raw, level=9)
    quant_raw_bytes = len(quant_raw)
    if master_process:
        with open("final_model.int8.ptz", "wb") as f:
            f.write(quant_blob)
        quant_file_bytes = os.path.getsize("final_model.int8.ptz")
        code_bytes = len(code.encode("utf-8"))
        ratio = quant_stats["baseline_tensor_bytes"] / max(quant_stats["int8_payload_bytes"], 1)
        log0(
            f"Serialized model int8+zlib: {quant_file_bytes} bytes "
            f"(payload:{quant_stats['int8_payload_bytes']} raw_torch:{quant_raw_bytes} payload_ratio:{ratio:.2f}x)"
        )
        log0(f"Total submission size int8+zlib: {quant_file_bytes + code_bytes} bytes")

    if distributed:
        dist.barrier()
    with open("final_model.int8.ptz", "rb") as f:
        quant_blob_disk = f.read()
    quant_state = torch.load(io.BytesIO(zlib.decompress(quant_blob_disk)), map_location="cpu")
    base_model.load_state_dict(base.dequantize_state_dict_int8(quant_state), strict=True)
    torch.cuda.synchronize()
    t_qeval = time.perf_counter()
    q_val_loss, q_val_bpb = base.eval_val(
        args,
        model,
        rank,
        world_size,
        device,
        grad_accum_steps,
        val_tokens,
        base_bytes_lut,
        has_leading_space_lut,
        is_boundary_token_lut,
    )
    torch.cuda.synchronize()
    log0(
        f"final_int8_zlib_roundtrip val_loss:{q_val_loss:.4f} val_bpb:{q_val_bpb:.4f} "
        f"eval_time:{1000.0 * (time.perf_counter() - t_qeval):.0f}ms"
    )
    log0(f"final_int8_zlib_roundtrip_exact val_loss:{q_val_loss:.8f} val_bpb:{q_val_bpb:.8f}")

    if distributed:
        dist.destroy_process_group()


if __name__ == "__main__":
    main()

====================================================================================================
Running Python 3.14.4 (main, Apr 11 2026, 09:29:24) [GCC 15.2.1 20260209]
Running PyTorch 2.11.0
Tue Apr 21 15:30:26 2026       
+-----------------------------------------------------------------------------------------+
| NVIDIA-SMI 595.58.03              Driver Version: 595.58.03      CUDA Version: 13.2     |
+-----------------------------------------+------------------------+----------------------+
| GPU  Name                 Persistence-M | Bus-Id          Disp.A | Volatile Uncorr. ECC |
| Fan  Temp   Perf          Pwr:Usage/Cap |           Memory-Usage | GPU-Util  Compute M. |
|                                         |                        |               MIG M. |
|=========================================+========================+======================|
|   0  NVIDIA GeForce RTX 5090        Off |   00000000:01:00.0  On |                  N/A |
|  0%   34C    P8             27W /  575W |    8530MiB /  32607MiB |      0%      Default |
|                                         |                        |                  N/A |
+-----------------------------------------+------------------------+----------------------+

+-----------------------------------------------------------------------------------------+
| Processes:                                                                              |
|  GPU   GI   CI              PID   Type   Process name                        GPU Memory |
|        ID   ID                                                               Usage      |
|=========================================================================================|
|    0   N/A  N/A            5235      G   /usr/bin/niri                           929MiB |
|    0   N/A  N/A            5425    C+G   /usr/bin/walker                         140MiB |
|    0   N/A  N/A            5585      G   Xwayland                                  8MiB |
|    0   N/A  N/A            7060      G   /app/zen/zen                            699MiB |
|    0   N/A  N/A            7573      G   /usr/lib/vesktop/vesktop                229MiB |
|    0   N/A  N/A            8896    C+G   missioncenter                            91MiB |
|    0   N/A  N/A            9395    C+G   ...al/zed.app/libexec/zed-editor       3425MiB |
|    0   N/A  N/A           23764      G   kitty                                    34MiB |
|    0   N/A  N/A           37137      G   kitty                                    36MiB |
|    0   N/A  N/A           65013      G   kitty                                    34MiB |
|    0   N/A  N/A           69845      G   kitty                                    34MiB |
|    0   N/A  N/A           75100      G   kitty                                    34MiB |
|    0   N/A  N/A          121390      G   kitty                                    34MiB |
|    0   N/A  N/A          141523      G   kitty                                    34MiB |
|    0   N/A  N/A          145599      G   kitty                                   110MiB |
|    0   N/A  N/A          248766      G   kitty                                    34MiB |
|    0   N/A  N/A          254170      G   kitty                                    34MiB |
|    0   N/A  N/A          256157      G   kitty                                    34MiB |
|    0   N/A  N/A          273387      G   kitty                                    34MiB |
|    0   N/A  N/A          279071      G   kitty                                    34MiB |
|    0   N/A  N/A          279663      G   kitty                                    34MiB |
|    0   N/A  N/A          358200      G   kitty                                    34MiB |
|    0   N/A  N/A          359542      G   kitty                                    34MiB |
|    0   N/A  N/A          432486      G   kitty                                    34MiB |
|    0   N/A  N/A          459029      G   kitty                                    34MiB |
|    0   N/A  N/A          498852      G   kitty                                    34MiB |
|    0   N/A  N/A          516761      G   kitty                                    34MiB |
|    0   N/A  N/A          528703      G   kitty                                    34MiB |
|    0   N/A  N/A          567362      G   kitty                                    34MiB |
|    0   N/A  N/A          577633      G   kitty                                    34MiB |
|    0   N/A  N/A          598854      G   kitty                                    34MiB |
|    0   N/A  N/A         1564235      G   kitty                                    34MiB |
|    0   N/A  N/A         1783024      G   kitty                                    34MiB |
|    0   N/A  N/A         1841696      G   ...odules/electron/dist/electron         64MiB |
|    0   N/A  N/A         1873639      G   ...rack-uuid=3190708988185955192          6MiB |
|    0   N/A  N/A         1873640      G   ...rack-uuid=3190708988185955192          6MiB |
|    0   N/A  N/A         1993537      G   kitty                                    34MiB |
|    0   N/A  N/A         2004195      C   /usr/bin/python3                        498MiB |
+-----------------------------------------------------------------------------------------+

====================================================================================================
val_bpb:enabled tokenizer_kind=sentencepiece tokenizer_path=./data/tokenizers/fineweb_1024_bpe.model
train_loader:dataset:fineweb10B_sp1024 train_shards:80
val_loader:shards pattern=./data/datasets/fineweb10B_sp1024/fineweb_val_*.bin tokens:62021632
model_params:17059913
world_size:1 grad_accum_steps:8
sdp_backends:cudnn=False flash=True mem_efficient=False math=False
attention_mode:gqa num_heads:8 num_kv_heads:4
metric_projected_lejepa_r38:use_additive=False sigreg_weight=-1.0 lejepa_lambda=0.05 sigreg_projections=64 sigreg_num_points=17 sigreg_t_max=4.0 temp_init=0.07 log_temp_max=5.3 head=cosine_infonce (softcap_disabled)
tie_embeddings:True embed_lr:0.05 head_lr:0.0 matrix_lr:0.04 scalar_lr:0.04
train_batch_tokens:524288 train_seq_len:1024 iterations:2000 warmup_steps:20 max_wallclock_seconds:0.000
seed:1337
warmup_step:1/20
warmup_step:2/20
warmup_step:3/20
warmup_step:4/20
warmup_step:5/20
warmup_step:6/20
warmup_step:7/20
warmup_step:8/20
warmup_step:9/20
warmup_step:10/20
warmup_step:11/20
warmup_step:12/20
warmup_step:13/20
warmup_step:14/20
warmup_step:15/20
warmup_step:16/20
warmup_step:17/20
warmup_step:18/20
warmup_step:19/20
warmup_step:20/20
step:0/2000 val_loss:14.1656 val_bpb:8.3896 train_time:0ms step_avg:0.01ms
step:10/2000 train_loss:5.4190 ce:5.7188 sigreg_tgt:0.0146 sigreg_h:0.2451 temp:10.5625 grad_norm:0.7388 train_time:7270ms step_avg:727.02ms
step:20/2000 train_loss:4.8092 ce:4.9375 sigreg_tgt:0.0283 sigreg_h:0.1045 temp:9.5625 grad_norm:0.7646 train_time:14459ms step_avg:722.97ms
manifold_diag:step:20/2000 sigreg_tok:0.0068 tok_row_norm_mean:25.4483 tok_row_norm_std:2.2685 tok_dim_std_mean:1.1186 tok_eff_rank:325.1661 tok_cos_off_mean:0.0114 dirs_sum:4.3415
step:20/2000 val_loss:5.0463 val_bpb:2.9887 train_time:14590ms step_avg:729.48ms
step:30/2000 train_loss:4.4984 ce:4.7500 sigreg_tgt:0.0260 sigreg_h:0.0510 temp:9.7500 grad_norm:0.6852 train_time:21877ms step_avg:729.23ms
step:40/2000 train_loss:4.1636 ce:4.3750 sigreg_tgt:0.0325 sigreg_h:0.0449 temp:10.6250 grad_norm:0.5921 train_time:29223ms step_avg:730.58ms
manifold_diag:step:40/2000 sigreg_tok:0.0199 tok_row_norm_mean:25.6629 tok_row_norm_std:2.3092 tok_dim_std_mean:1.1111 tok_eff_rank:221.7529 tok_cos_off_mean:0.0477 dirs_sum:1.4651
step:40/2000 val_loss:4.3478 val_bpb:2.5750 train_time:29235ms step_avg:730.87ms
step:50/2000 train_loss:3.8645 ce:4.0625 sigreg_tgt:0.0287 sigreg_h:0.0332 temp:11.8125 grad_norm:0.4755 train_time:36530ms step_avg:730.60ms
step:60/2000 train_loss:3.6288 ce:3.7500 sigreg_tgt:0.0278 sigreg_h:0.0352 temp:13.1875 grad_norm:0.4673 train_time:43867ms step_avg:731.11ms
manifold_diag:step:60/2000 sigreg_tok:0.0217 tok_row_norm_mean:25.7904 tok_row_norm_std:1.8725 tok_dim_std_mean:1.0876 tok_eff_rank:165.9268 tok_cos_off_mean:0.0591 dirs_sum:3.6376
step:60/2000 val_loss:3.7657 val_bpb:2.2303 train_time:43878ms step_avg:731.30ms
step:70/2000 train_loss:3.4685 ce:3.7031 sigreg_tgt:0.0322 sigreg_h:0.0393 temp:14.5625 grad_norm:0.5527 train_time:51171ms step_avg:731.02ms
step:80/2000 train_loss:3.3245 ce:3.5625 sigreg_tgt:0.0189 sigreg_h:0.0248 temp:15.8125 grad_norm:0.4219 train_time:58493ms step_avg:731.16ms
manifold_diag:step:80/2000 sigreg_tok:0.0224 tok_row_norm_mean:26.1123 tok_row_norm_std:1.7017 tok_dim_std_mean:1.0923 tok_eff_rank:154.6094 tok_cos_off_mean:0.0605 dirs_sum:-8.2501
step:80/2000 val_loss:3.4731 val_bpb:2.0570 train_time:58504ms step_avg:731.30ms
step:90/2000 train_loss:3.1963 ce:3.4375 sigreg_tgt:0.0237 sigreg_h:0.0251 temp:17.0000 grad_norm:0.3704 train_time:65955ms step_avg:732.83ms
step:100/2000 train_loss:3.1124 ce:3.2656 sigreg_tgt:0.0347 sigreg_h:0.0381 temp:18.0000 grad_norm:0.3164 train_time:73405ms step_avg:734.05ms
manifold_diag:step:100/2000 sigreg_tok:0.0326 tok_row_norm_mean:26.3724 tok_row_norm_std:1.7031 tok_dim_std_mean:1.1038 tok_eff_rank:155.5919 tok_cos_off_mean:0.0589 dirs_sum:-2.7515
step:100/2000 val_loss:3.2939 val_bpb:1.9508 train_time:73417ms step_avg:734.17ms
step:110/2000 train_loss:3.0386 ce:3.1562 sigreg_tgt:0.0284 sigreg_h:0.0337 temp:19.0000 grad_norm:0.3547 train_time:80867ms step_avg:735.15ms
step:120/2000 train_loss:3.0499 ce:3.2344 sigreg_tgt:0.0269 sigreg_h:0.0317 temp:19.8750 grad_norm:0.2650 train_time:88157ms step_avg:734.64ms
manifold_diag:step:120/2000 sigreg_tok:0.0321 tok_row_norm_mean:26.5963 tok_row_norm_std:1.7560 tok_dim_std_mean:1.1156 tok_eff_rank:158.9045 tok_cos_off_mean:0.0572 dirs_sum:5.4575
step:120/2000 val_loss:3.1612 val_bpb:1.8723 train_time:88169ms step_avg:734.74ms
step:130/2000 train_loss:2.9712 ce:3.0469 sigreg_tgt:0.0250 sigreg_h:0.0249 temp:20.7500 grad_norm:0.2432 train_time:95342ms step_avg:733.40ms
step:140/2000 train_loss:2.8645 ce:2.9688 sigreg_tgt:0.0283 sigreg_h:0.0232 temp:21.7500 grad_norm:0.2614 train_time:102568ms step_avg:732.63ms
manifold_diag:step:140/2000 sigreg_tok:0.0270 tok_row_norm_mean:26.8012 tok_row_norm_std:1.8122 tok_dim_std_mean:1.1268 tok_eff_rank:162.3258 tok_cos_off_mean:0.0558 dirs_sum:10.3282
step:140/2000 val_loss:3.0523 val_bpb:1.8077 train_time:102579ms step_avg:732.71ms
step:150/2000 train_loss:2.8986 ce:3.0781 sigreg_tgt:0.0320 sigreg_h:0.0303 temp:22.2500 grad_norm:0.2598 train_time:109733ms step_avg:731.56ms
step:160/2000 train_loss:2.8010 ce:2.8906 sigreg_tgt:0.0300 sigreg_h:0.0248 temp:22.8750 grad_norm:0.2367 train_time:116974ms step_avg:731.09ms
manifold_diag:step:160/2000 sigreg_tok:0.0234 tok_row_norm_mean:27.0054 tok_row_norm_std:1.8693 tok_dim_std_mean:1.1378 tok_eff_rank:165.6489 tok_cos_off_mean:0.0545 dirs_sum:-15.4711
step:160/2000 val_loss:2.9744 val_bpb:1.7616 train_time:116986ms step_avg:731.16ms
step:170/2000 train_loss:2.8501 ce:2.9688 sigreg_tgt:0.0227 sigreg_h:0.0234 temp:23.6250 grad_norm:0.2282 train_time:124103ms step_avg:730.02ms
step:180/2000 train_loss:2.7652 ce:3.0156 sigreg_tgt:0.0332 sigreg_h:0.0342 temp:24.3750 grad_norm:0.2209 train_time:131361ms step_avg:729.79ms
manifold_diag:step:180/2000 sigreg_tok:0.0309 tok_row_norm_mean:27.1945 tok_row_norm_std:1.9268 tok_dim_std_mean:1.1479 tok_eff_rank:168.6806 tok_cos_off_mean:0.0533 dirs_sum:-0.5967
step:180/2000 val_loss:2.9034 val_bpb:1.7196 train_time:131372ms step_avg:729.85ms
step:190/2000 train_loss:2.7452 ce:2.8438 sigreg_tgt:0.0264 sigreg_h:0.0222 temp:24.7500 grad_norm:0.2212 train_time:138491ms step_avg:728.90ms
step:200/2000 train_loss:2.6690 ce:2.8125 sigreg_tgt:0.0308 sigreg_h:0.0210 temp:25.2500 grad_norm:0.2237 train_time:145860ms step_avg:729.30ms
manifold_diag:step:200/2000 sigreg_tok:0.0298 tok_row_norm_mean:27.3684 tok_row_norm_std:1.9907 tok_dim_std_mean:1.1570 tok_eff_rank:171.3987 tok_cos_off_mean:0.0527 dirs_sum:-4.5593
step:200/2000 val_loss:2.8525 val_bpb:1.6894 train_time:145871ms step_avg:729.36ms
step:210/2000 train_loss:2.6876 ce:2.8438 sigreg_tgt:0.0332 sigreg_h:0.0259 temp:25.7500 grad_norm:0.2085 train_time:153132ms step_avg:729.20ms
step:220/2000 train_loss:2.7509 ce:2.8594 sigreg_tgt:0.0254 sigreg_h:0.0249 temp:26.1250 grad_norm:0.2327 train_time:160470ms step_avg:729.41ms
manifold_diag:step:220/2000 sigreg_tok:0.0305 tok_row_norm_mean:27.5528 tok_row_norm_std:2.0567 tok_dim_std_mean:1.1665 tok_eff_rank:174.3484 tok_cos_off_mean:0.0521 dirs_sum:-0.8422
step:220/2000 val_loss:2.7952 val_bpb:1.6555 train_time:160482ms step_avg:729.46ms
step:230/2000 train_loss:2.6777 ce:2.9531 sigreg_tgt:0.0315 sigreg_h:0.0227 temp:26.5000 grad_norm:0.1779 train_time:167876ms step_avg:729.89ms
step:240/2000 train_loss:2.6385 ce:2.7969 sigreg_tgt:0.0203 sigreg_h:0.0195 temp:26.8750 grad_norm:0.1750 train_time:175210ms step_avg:730.04ms
manifold_diag:step:240/2000 sigreg_tok:0.0228 tok_row_norm_mean:27.7219 tok_row_norm_std:2.1181 tok_dim_std_mean:1.1752 tok_eff_rank:176.9615 tok_cos_off_mean:0.0517 dirs_sum:-1.5644
step:240/2000 val_loss:2.7527 val_bpb:1.6303 train_time:175222ms step_avg:730.09ms
step:250/2000 train_loss:2.6090 ce:2.7500 sigreg_tgt:0.0270 sigreg_h:0.0233 temp:27.2500 grad_norm:0.1613 train_time:182361ms step_avg:729.44ms
step:260/2000 train_loss:2.5498 ce:2.6719 sigreg_tgt:0.0320 sigreg_h:0.0221 temp:27.6250 grad_norm:0.1430 train_time:189598ms step_avg:729.22ms
manifold_diag:step:260/2000 sigreg_tok:0.0338 tok_row_norm_mean:27.8830 tok_row_norm_std:2.1781 tok_dim_std_mean:1.1835 tok_eff_rank:179.5969 tok_cos_off_mean:0.0513 dirs_sum:-0.4284
step:260/2000 val_loss:2.7038 val_bpb:1.6013 train_time:189610ms step_avg:729.27ms
step:270/2000 train_loss:2.5171 ce:2.7656 sigreg_tgt:0.0334 sigreg_h:0.0282 temp:28.0000 grad_norm:0.1812 train_time:196807ms step_avg:728.92ms
step:280/2000 train_loss:2.5387 ce:2.5312 sigreg_tgt:0.0305 sigreg_h:0.0175 temp:28.2500 grad_norm:0.1599 train_time:203885ms step_avg:728.16ms
manifold_diag:step:280/2000 sigreg_tok:0.0331 tok_row_norm_mean:28.0320 tok_row_norm_std:2.2411 tok_dim_std_mean:1.1910 tok_eff_rank:181.9633 tok_cos_off_mean:0.0510 dirs_sum:-1.2760
step:280/2000 val_loss:2.6787 val_bpb:1.5865 train_time:203896ms step_avg:728.20ms
step:290/2000 train_loss:2.5417 ce:2.5625 sigreg_tgt:0.0352 sigreg_h:0.0269 temp:28.5000 grad_norm:0.1599 train_time:211026ms step_avg:727.67ms
step:300/2000 train_loss:2.4887 ce:2.6250 sigreg_tgt:0.0306 sigreg_h:0.0167 temp:28.6250 grad_norm:0.1370 train_time:218292ms step_avg:727.64ms
manifold_diag:step:300/2000 sigreg_tok:0.0344 tok_row_norm_mean:28.1908 tok_row_norm_std:2.3069 tok_dim_std_mean:1.1991 tok_eff_rank:184.5778 tok_cos_off_mean:0.0508 dirs_sum:-6.9630
step:300/2000 val_loss:2.6462 val_bpb:1.5672 train_time:218304ms step_avg:727.68ms
step:310/2000 train_loss:2.5049 ce:2.5938 sigreg_tgt:0.0273 sigreg_h:0.0312 temp:28.7500 grad_norm:0.2149 train_time:225456ms step_avg:727.28ms
step:320/2000 train_loss:2.4817 ce:2.6250 sigreg_tgt:0.0303 sigreg_h:0.0359 temp:29.2500 grad_norm:0.1632 train_time:232710ms step_avg:727.22ms
manifold_diag:step:320/2000 sigreg_tok:0.0330 tok_row_norm_mean:28.3470 tok_row_norm_std:2.3720 tok_dim_std_mean:1.2070 tok_eff_rank:187.0944 tok_cos_off_mean:0.0504 dirs_sum:15.8774
step:320/2000 val_loss:2.6305 val_bpb:1.5579 train_time:232721ms step_avg:727.25ms
step:330/2000 train_loss:2.4991 ce:2.7656 sigreg_tgt:0.0306 sigreg_h:0.0309 temp:29.5000 grad_norm:0.1419 train_time:239825ms step_avg:726.74ms
step:340/2000 train_loss:2.4596 ce:2.5938 sigreg_tgt:0.0339 sigreg_h:0.0334 temp:29.7500 grad_norm:0.1226 train_time:246924ms step_avg:726.25ms
manifold_diag:step:340/2000 sigreg_tok:0.0376 tok_row_norm_mean:28.5014 tok_row_norm_std:2.4385 tok_dim_std_mean:1.2147 tok_eff_rank:189.3230 tok_cos_off_mean:0.0502 dirs_sum:-7.9831
step:340/2000 val_loss:2.5952 val_bpb:1.5370 train_time:246936ms step_avg:726.28ms
step:350/2000 train_loss:2.4772 ce:2.5469 sigreg_tgt:0.0364 sigreg_h:0.0320 temp:30.1250 grad_norm:0.1401 train_time:254126ms step_avg:726.07ms
step:360/2000 train_loss:2.4708 ce:2.5781 sigreg_tgt:0.0325 sigreg_h:0.0262 temp:30.1250 grad_norm:0.1309 train_time:261391ms step_avg:726.09ms
manifold_diag:step:360/2000 sigreg_tok:0.0318 tok_row_norm_mean:28.6490 tok_row_norm_std:2.5116 tok_dim_std_mean:1.2222 tok_eff_rank:191.5462 tok_cos_off_mean:0.0499 dirs_sum:6.9638
step:360/2000 val_loss:2.5774 val_bpb:1.5265 train_time:261402ms step_avg:726.12ms
step:370/2000 train_loss:2.3489 ce:2.3906 sigreg_tgt:0.0332 sigreg_h:0.0273 temp:30.3750 grad_norm:0.1201 train_time:268677ms step_avg:726.15ms
step:380/2000 train_loss:2.4310 ce:2.5938 sigreg_tgt:0.0265 sigreg_h:0.0388 temp:30.6250 grad_norm:0.1350 train_time:275828ms step_avg:725.86ms
manifold_diag:step:380/2000 sigreg_tok:0.0326 tok_row_norm_mean:28.7919 tok_row_norm_std:2.5793 tok_dim_std_mean:1.2294 tok_eff_rank:193.8674 tok_cos_off_mean:0.0497 dirs_sum:1.6819
step:380/2000 val_loss:2.5610 val_bpb:1.5168 train_time:275840ms step_avg:725.90ms
step:390/2000 train_loss:2.4659 ce:2.5469 sigreg_tgt:0.0286 sigreg_h:0.0287 temp:30.6250 grad_norm:0.1091 train_time:283200ms step_avg:726.15ms
step:400/2000 train_loss:2.2647 ce:2.4531 sigreg_tgt:0.0352 sigreg_h:0.0325 temp:31.0000 grad_norm:0.1214 train_time:290541ms step_avg:726.35ms
manifold_diag:step:400/2000 sigreg_tok:0.0376 tok_row_norm_mean:28.9425 tok_row_norm_std:2.6515 tok_dim_std_mean:1.2370 tok_eff_rank:195.9599 tok_cos_off_mean:0.0495 dirs_sum:-17.4705
step:400/2000 val_loss:2.5517 val_bpb:1.5113 train_time:290552ms step_avg:726.38ms
step:410/2000 train_loss:2.4238 ce:2.5938 sigreg_tgt:0.0292 sigreg_h:0.0317 temp:31.1250 grad_norm:0.1690 train_time:297993ms step_avg:726.81ms
step:420/2000 train_loss:2.3488 ce:2.4688 sigreg_tgt:0.0391 sigreg_h:0.0337 temp:31.1250 grad_norm:0.1309 train_time:305129ms step_avg:726.50ms
manifold_diag:step:420/2000 sigreg_tok:0.0385 tok_row_norm_mean:29.1052 tok_row_norm_std:2.7297 tok_dim_std_mean:1.2451 tok_eff_rank:198.1698 tok_cos_off_mean:0.0492 dirs_sum:1.0246
step:420/2000 val_loss:2.5318 val_bpb:1.4995 train_time:305140ms step_avg:726.52ms
step:430/2000 train_loss:2.3508 ce:2.5000 sigreg_tgt:0.0359 sigreg_h:0.0330 temp:31.7500 grad_norm:0.1370 train_time:312417ms step_avg:726.55ms
step:440/2000 train_loss:2.4326 ce:2.5469 sigreg_tgt:0.0381 sigreg_h:0.0349 temp:31.7500 grad_norm:0.1304 train_time:319598ms step_avg:726.36ms
manifold_diag:step:440/2000 sigreg_tok:0.0377 tok_row_norm_mean:29.2607 tok_row_norm_std:2.8060 tok_dim_std_mean:1.2530 tok_eff_rank:200.4854 tok_cos_off_mean:0.0489 dirs_sum:7.2776
step:440/2000 val_loss:2.5182 val_bpb:1.4914 train_time:319610ms step_avg:726.39ms
step:450/2000 train_loss:2.3769 ce:2.5781 sigreg_tgt:0.0267 sigreg_h:0.0491 temp:32.0000 grad_norm:0.1065 train_time:326871ms step_avg:726.38ms
step:460/2000 train_loss:2.3888 ce:2.2812 sigreg_tgt:0.0339 sigreg_h:0.0337 temp:32.2500 grad_norm:0.0946 train_time:334079ms step_avg:726.26ms
manifold_diag:step:460/2000 sigreg_tok:0.0321 tok_row_norm_mean:29.4096 tok_row_norm_std:2.8817 tok_dim_std_mean:1.2603 tok_eff_rank:202.5255 tok_cos_off_mean:0.0487 dirs_sum:-9.2074
step:460/2000 val_loss:2.5087 val_bpb:1.4858 train_time:334091ms step_avg:726.28ms
step:470/2000 train_loss:2.3965 ce:2.5156 sigreg_tgt:0.0305 sigreg_h:0.0449 temp:32.0000 grad_norm:0.1091 train_time:341401ms step_avg:726.38ms
step:480/2000 train_loss:2.3555 ce:2.4219 sigreg_tgt:0.0282 sigreg_h:0.0366 temp:32.0000 grad_norm:0.1020 train_time:349020ms step_avg:727.12ms
manifold_diag:step:480/2000 sigreg_tok:0.0247 tok_row_norm_mean:29.5681 tok_row_norm_std:2.9602 tok_dim_std_mean:1.2682 tok_eff_rank:204.3285 tok_cos_off_mean:0.0486 dirs_sum:-4.5319
step:480/2000 val_loss:2.4991 val_bpb:1.4801 train_time:349031ms step_avg:727.15ms
step:490/2000 train_loss:2.4204 ce:2.6562 sigreg_tgt:0.0376 sigreg_h:0.0339 temp:32.7500 grad_norm:0.0959 train_time:356466ms step_avg:727.48ms
step:500/2000 train_loss:2.3681 ce:2.4688 sigreg_tgt:0.0276 sigreg_h:0.0420 temp:32.5000 grad_norm:0.1204 train_time:363696ms step_avg:727.39ms
manifold_diag:step:500/2000 sigreg_tok:0.0328 tok_row_norm_mean:29.7268 tok_row_norm_std:3.0394 tok_dim_std_mean:1.2759 tok_eff_rank:206.0204 tok_cos_off_mean:0.0485 dirs_sum:5.5702
step:500/2000 val_loss:2.4871 val_bpb:1.4730 train_time:363707ms step_avg:727.41ms
step:510/2000 train_loss:2.2813 ce:2.4219 sigreg_tgt:0.0361 sigreg_h:0.0417 temp:32.7500 grad_norm:0.1156 train_time:370816ms step_avg:727.09ms
step:520/2000 train_loss:2.3605 ce:2.4375 sigreg_tgt:0.0330 sigreg_h:0.0464 temp:33.2500 grad_norm:0.0737 train_time:378073ms step_avg:727.06ms
manifold_diag:step:520/2000 sigreg_tok:0.0417 tok_row_norm_mean:29.8807 tok_row_norm_std:3.1149 tok_dim_std_mean:1.2835 tok_eff_rank:208.0541 tok_cos_off_mean:0.0484 dirs_sum:2.8259
step:520/2000 val_loss:2.4735 val_bpb:1.4650 train_time:378084ms step_avg:727.08ms
step:530/2000 train_loss:2.3829 ce:2.3594 sigreg_tgt:0.0359 sigreg_h:0.0393 temp:32.7500 grad_norm:0.0866 train_time:385154ms step_avg:726.71ms
step:540/2000 train_loss:2.1804 ce:2.3594 sigreg_tgt:0.0354 sigreg_h:0.0400 temp:33.2500 grad_norm:0.0900 train_time:392308ms step_avg:726.50ms
manifold_diag:step:540/2000 sigreg_tok:0.0358 tok_row_norm_mean:30.0508 tok_row_norm_std:3.1967 tok_dim_std_mean:1.2918 tok_eff_rank:209.8896 tok_cos_off_mean:0.0482 dirs_sum:14.8482
step:540/2000 val_loss:2.4715 val_bpb:1.4637 train_time:392319ms step_avg:726.52ms
step:550/2000 train_loss:2.2553 ce:2.3906 sigreg_tgt:0.0312 sigreg_h:0.0388 temp:33.5000 grad_norm:0.0765 train_time:399603ms step_avg:726.55ms
step:560/2000 train_loss:2.3488 ce:2.4531 sigreg_tgt:0.0452 sigreg_h:0.0525 temp:33.5000 grad_norm:0.0795 train_time:406658ms step_avg:726.18ms
manifold_diag:step:560/2000 sigreg_tok:0.0483 tok_row_norm_mean:30.2174 tok_row_norm_std:3.2825 tok_dim_std_mean:1.3000 tok_eff_rank:211.8362 tok_cos_off_mean:0.0481 dirs_sum:6.1567
step:560/2000 val_loss:2.4542 val_bpb:1.4535 train_time:406670ms step_avg:726.20ms
step:570/2000 train_loss:2.3686 ce:2.4375 sigreg_tgt:0.0325 sigreg_h:0.0515 temp:34.0000 grad_norm:0.0974 train_time:413798ms step_avg:725.96ms
step:580/2000 train_loss:2.3771 ce:2.5938 sigreg_tgt:0.0342 sigreg_h:0.0601 temp:33.7500 grad_norm:0.0757 train_time:420727ms step_avg:725.39ms
manifold_diag:step:580/2000 sigreg_tok:0.0407 tok_row_norm_mean:30.3798 tok_row_norm_std:3.3677 tok_dim_std_mean:1.3079 tok_eff_rank:213.8167 tok_cos_off_mean:0.0481 dirs_sum:10.3320
step:580/2000 val_loss:2.4432 val_bpb:1.4470 train_time:420739ms step_avg:725.41ms
step:590/2000 train_loss:2.3464 ce:2.6250 sigreg_tgt:0.0317 sigreg_h:0.0564 temp:33.7500 grad_norm:0.0724 train_time:427766ms step_avg:725.03ms
step:600/2000 train_loss:2.3648 ce:2.4844 sigreg_tgt:0.0366 sigreg_h:0.0408 temp:34.5000 grad_norm:0.0818 train_time:434700ms step_avg:724.50ms
manifold_diag:step:600/2000 sigreg_tok:0.0340 tok_row_norm_mean:30.5374 tok_row_norm_std:3.4522 tok_dim_std_mean:1.3156 tok_eff_rank:215.7003 tok_cos_off_mean:0.0480 dirs_sum:6.9616
step:600/2000 val_loss:2.4371 val_bpb:1.4434 train_time:434711ms step_avg:724.52ms
step:610/2000 train_loss:2.3641 ce:2.3594 sigreg_tgt:0.0300 sigreg_h:0.0540 temp:34.5000 grad_norm:0.0693 train_time:441628ms step_avg:723.98ms
step:620/2000 train_loss:2.3276 ce:2.4062 sigreg_tgt:0.0337 sigreg_h:0.0435 temp:34.2500 grad_norm:0.0736 train_time:448580ms step_avg:723.52ms
manifold_diag:step:620/2000 sigreg_tok:0.0375 tok_row_norm_mean:30.6944 tok_row_norm_std:3.5371 tok_dim_std_mean:1.3234 tok_eff_rank:217.5922 tok_cos_off_mean:0.0478 dirs_sum:-0.8131
step:620/2000 val_loss:2.4286 val_bpb:1.4383 train_time:448592ms step_avg:723.53ms
step:630/2000 train_loss:2.3498 ce:2.4688 sigreg_tgt:0.0371 sigreg_h:0.0593 temp:34.5000 grad_norm:0.0918 train_time:455654ms step_avg:723.26ms
step:640/2000 train_loss:2.2553 ce:2.4219 sigreg_tgt:0.0334 sigreg_h:0.0410 temp:34.5000 grad_norm:0.0777 train_time:462640ms step_avg:722.88ms
manifold_diag:step:640/2000 sigreg_tok:0.0427 tok_row_norm_mean:30.8467 tok_row_norm_std:3.6173 tok_dim_std_mean:1.3308 tok_eff_rank:219.1999 tok_cos_off_mean:0.0478 dirs_sum:6.9049
step:640/2000 val_loss:2.4201 val_bpb:1.4333 train_time:462653ms step_avg:722.89ms
step:650/2000 train_loss:2.1878 ce:2.2812 sigreg_tgt:0.0366 sigreg_h:0.0540 temp:35.0000 grad_norm:0.0837 train_time:469593ms step_avg:722.45ms
step:660/2000 train_loss:2.3632 ce:2.5000 sigreg_tgt:0.0342 sigreg_h:0.0613 temp:35.0000 grad_norm:0.0809 train_time:476626ms step_avg:722.16ms
manifold_diag:step:660/2000 sigreg_tok:0.0431 tok_row_norm_mean:30.9976 tok_row_norm_std:3.6978 tok_dim_std_mean:1.3381 tok_eff_rank:220.7357 tok_cos_off_mean:0.0477 dirs_sum:-16.8073
step:660/2000 val_loss:2.4122 val_bpb:1.4287 train_time:476638ms step_avg:722.18ms
step:670/2000 train_loss:2.3121 ce:2.3125 sigreg_tgt:0.0344 sigreg_h:0.0615 temp:34.7500 grad_norm:0.0762 train_time:483668ms step_avg:721.89ms
step:680/2000 train_loss:2.3374 ce:2.4062 sigreg_tgt:0.0378 sigreg_h:0.0640 temp:35.5000 grad_norm:0.0657 train_time:490780ms step_avg:721.74ms
manifold_diag:step:680/2000 sigreg_tok:0.0520 tok_row_norm_mean:31.1477 tok_row_norm_std:3.7792 tok_dim_std_mean:1.3455 tok_eff_rank:222.3388 tok_cos_off_mean:0.0476 dirs_sum:13.3458
step:680/2000 val_loss:2.4056 val_bpb:1.4247 train_time:490791ms step_avg:721.75ms
step:690/2000 train_loss:2.3006 ce:2.4844 sigreg_tgt:0.0354 sigreg_h:0.0728 temp:35.2500 grad_norm:0.0559 train_time:498076ms step_avg:721.85ms
step:700/2000 train_loss:2.3221 ce:2.6250 sigreg_tgt:0.0352 sigreg_h:0.0752 temp:35.2500 grad_norm:0.0546 train_time:505152ms step_avg:721.65ms
manifold_diag:step:700/2000 sigreg_tok:0.0430 tok_row_norm_mean:31.3049 tok_row_norm_std:3.8624 tok_dim_std_mean:1.3530 tok_eff_rank:223.9703 tok_cos_off_mean:0.0477 dirs_sum:-4.6936
step:700/2000 val_loss:2.3959 val_bpb:1.4190 train_time:505163ms step_avg:721.66ms
step:710/2000 train_loss:2.2542 ce:2.3594 sigreg_tgt:0.0325 sigreg_h:0.0374 temp:35.5000 grad_norm:0.0729 train_time:512102ms step_avg:721.27ms
step:720/2000 train_loss:2.2083 ce:2.3594 sigreg_tgt:0.0381 sigreg_h:0.0496 temp:35.7500 grad_norm:0.0895 train_time:519132ms step_avg:721.02ms
manifold_diag:step:720/2000 sigreg_tok:0.0404 tok_row_norm_mean:31.4571 tok_row_norm_std:3.9485 tok_dim_std_mean:1.3604 tok_eff_rank:225.5235 tok_cos_off_mean:0.0476 dirs_sum:-13.5893
step:720/2000 val_loss:2.3934 val_bpb:1.4175 train_time:519143ms step_avg:721.03ms
step:730/2000 train_loss:2.3056 ce:2.4688 sigreg_tgt:0.0310 sigreg_h:0.0903 temp:35.7500 grad_norm:0.0596 train_time:526189ms step_avg:720.81ms
step:740/2000 train_loss:2.2663 ce:2.4688 sigreg_tgt:0.0396 sigreg_h:0.0618 temp:35.7500 grad_norm:0.0652 train_time:533229ms step_avg:720.58ms
manifold_diag:step:740/2000 sigreg_tok:0.0485 tok_row_norm_mean:31.6076 tok_row_norm_std:4.0310 tok_dim_std_mean:1.3677 tok_eff_rank:227.0815 tok_cos_off_mean:0.0476 dirs_sum:8.2411
step:740/2000 val_loss:2.3861 val_bpb:1.4132 train_time:533240ms step_avg:720.59ms
step:750/2000 train_loss:2.2356 ce:2.2656 sigreg_tgt:0.0325 sigreg_h:0.0559 temp:35.7500 grad_norm:0.0626 train_time:540393ms step_avg:720.52ms
step:760/2000 train_loss:2.2054 ce:2.2969 sigreg_tgt:0.0344 sigreg_h:0.0435 temp:35.7500 grad_norm:0.0543 train_time:547325ms step_avg:720.16ms
manifold_diag:step:760/2000 sigreg_tok:0.0508 tok_row_norm_mean:31.7663 tok_row_norm_std:4.1180 tok_dim_std_mean:1.3755 tok_eff_rank:228.6671 tok_cos_off_mean:0.0474 dirs_sum:4.1511
step:760/2000 val_loss:2.3810 val_bpb:1.4101 train_time:547337ms step_avg:720.18ms
step:770/2000 train_loss:2.2619 ce:2.3906 sigreg_tgt:0.0337 sigreg_h:0.0645 temp:36.0000 grad_norm:0.0535 train_time:554438ms step_avg:720.05ms
step:780/2000 train_loss:2.2483 ce:2.3750 sigreg_tgt:0.0371 sigreg_h:0.0908 temp:36.2500 grad_norm:0.0492 train_time:561540ms step_avg:719.92ms
manifold_diag:step:780/2000 sigreg_tok:0.0442 tok_row_norm_mean:31.9115 tok_row_norm_std:4.1953 tok_dim_std_mean:1.3825 tok_eff_rank:230.1509 tok_cos_off_mean:0.0474 dirs_sum:2.9604
step:780/2000 val_loss:2.3756 val_bpb:1.4069 train_time:561552ms step_avg:719.94ms
step:790/2000 train_loss:2.2687 ce:2.3750 sigreg_tgt:0.0396 sigreg_h:0.0669 temp:36.0000 grad_norm:0.0482 train_time:568594ms step_avg:719.74ms
step:800/2000 train_loss:2.2223 ce:2.3906 sigreg_tgt:0.0364 sigreg_h:0.0703 temp:36.5000 grad_norm:0.0794 train_time:575735ms step_avg:719.67ms
manifold_diag:step:800/2000 sigreg_tok:0.0444 tok_row_norm_mean:32.0519 tok_row_norm_std:4.2742 tok_dim_std_mean:1.3893 tok_eff_rank:231.5125 tok_cos_off_mean:0.0474 dirs_sum:0.5850
step:800/2000 val_loss:2.3719 val_bpb:1.4048 train_time:575747ms step_avg:719.68ms
step:810/2000 train_loss:2.2738 ce:2.3125 sigreg_tgt:0.0413 sigreg_h:0.0708 temp:36.2500 grad_norm:0.0563 train_time:583021ms step_avg:719.78ms
step:820/2000 train_loss:2.2257 ce:2.2969 sigreg_tgt:0.0444 sigreg_h:0.0767 temp:36.7500 grad_norm:0.0532 train_time:590065ms step_avg:719.59ms
manifold_diag:step:820/2000 sigreg_tok:0.0495 tok_row_norm_mean:32.2011 tok_row_norm_std:4.3557 tok_dim_std_mean:1.3965 tok_eff_rank:232.9009 tok_cos_off_mean:0.0473 dirs_sum:6.8246
step:820/2000 val_loss:2.3663 val_bpb:1.4015 train_time:590076ms step_avg:719.61ms
step:830/2000 train_loss:2.2688 ce:2.3438 sigreg_tgt:0.0354 sigreg_h:0.0649 temp:36.5000 grad_norm:0.0600 train_time:597010ms step_avg:719.29ms
step:840/2000 train_loss:2.2423 ce:2.2031 sigreg_tgt:0.0405 sigreg_h:0.0466 temp:37.0000 grad_norm:0.0598 train_time:604003ms step_avg:719.05ms
manifold_diag:step:840/2000 sigreg_tok:0.0510 tok_row_norm_mean:32.3480 tok_row_norm_std:4.4368 tok_dim_std_mean:1.4037 tok_eff_rank:234.0753 tok_cos_off_mean:0.0473 dirs_sum:10.2512
step:840/2000 val_loss:2.3594 val_bpb:1.3973 train_time:604015ms step_avg:719.07ms
step:850/2000 train_loss:2.3248 ce:2.3594 sigreg_tgt:0.0330 sigreg_h:0.0737 temp:37.0000 grad_norm:0.0545 train_time:610934ms step_avg:718.75ms
step:860/2000 train_loss:2.2290 ce:2.5156 sigreg_tgt:0.0339 sigreg_h:0.0684 temp:37.2500 grad_norm:0.0675 train_time:617841ms step_avg:718.42ms
manifold_diag:step:860/2000 sigreg_tok:0.0440 tok_row_norm_mean:32.4919 tok_row_norm_std:4.5178 tok_dim_std_mean:1.4106 tok_eff_rank:235.4331 tok_cos_off_mean:0.0473 dirs_sum:-4.5054
step:860/2000 val_loss:2.3571 val_bpb:1.3960 train_time:617856ms step_avg:718.44ms
step:870/2000 train_loss:2.2746 ce:2.4531 sigreg_tgt:0.0334 sigreg_h:0.0845 temp:37.0000 grad_norm:0.0665 train_time:624773ms step_avg:718.13ms
step:880/2000 train_loss:2.2254 ce:2.3906 sigreg_tgt:0.0349 sigreg_h:0.0830 temp:37.2500 grad_norm:0.0640 train_time:631698ms step_avg:717.84ms
manifold_diag:step:880/2000 sigreg_tok:0.0430 tok_row_norm_mean:32.6405 tok_row_norm_std:4.6029 tok_dim_std_mean:1.4178 tok_eff_rank:236.5782 tok_cos_off_mean:0.0473 dirs_sum:-7.0867
step:880/2000 val_loss:2.3528 val_bpb:1.3934 train_time:631709ms step_avg:717.85ms
step:890/2000 train_loss:2.2163 ce:2.3750 sigreg_tgt:0.0427 sigreg_h:0.0898 temp:37.2500 grad_norm:0.1039 train_time:638784ms step_avg:717.73ms
step:900/2000 train_loss:2.2477 ce:2.3594 sigreg_tgt:0.0287 sigreg_h:0.0674 temp:37.2500 grad_norm:0.0485 train_time:645875ms step_avg:717.64ms
manifold_diag:step:900/2000 sigreg_tok:0.0420 tok_row_norm_mean:32.7944 tok_row_norm_std:4.6945 tok_dim_std_mean:1.4252 tok_eff_rank:237.9731 tok_cos_off_mean:0.0473 dirs_sum:3.7159
step:900/2000 val_loss:2.3504 val_bpb:1.3920 train_time:645890ms step_avg:717.66ms
step:910/2000 train_loss:2.3062 ce:2.4062 sigreg_tgt:0.0320 sigreg_h:0.0718 temp:37.5000 grad_norm:0.0506 train_time:653094ms step_avg:717.69ms
step:920/2000 train_loss:2.1983 ce:2.4062 sigreg_tgt:0.0317 sigreg_h:0.0771 temp:37.5000 grad_norm:0.0498 train_time:660024ms step_avg:717.42ms
manifold_diag:step:920/2000 sigreg_tok:0.0484 tok_row_norm_mean:32.9432 tok_row_norm_std:4.7744 tok_dim_std_mean:1.4324 tok_eff_rank:239.1472 tok_cos_off_mean:0.0472 dirs_sum:-20.0554
step:920/2000 val_loss:2.3454 val_bpb:1.3891 train_time:660035ms step_avg:717.43ms
step:930/2000 train_loss:2.2201 ce:2.3281 sigreg_tgt:0.0403 sigreg_h:0.0698 temp:37.7500 grad_norm:0.0684 train_time:666933ms step_avg:717.13ms
step:940/2000 train_loss:2.2400 ce:2.4062 sigreg_tgt:0.0344 sigreg_h:0.0737 temp:37.7500 grad_norm:0.0615 train_time:674041ms step_avg:717.07ms
manifold_diag:step:940/2000 sigreg_tok:0.0441 tok_row_norm_mean:33.0910 tok_row_norm_std:4.8552 tok_dim_std_mean:1.4395 tok_eff_rank:240.4995 tok_cos_off_mean:0.0472 dirs_sum:11.3044
step:940/2000 val_loss:2.3445 val_bpb:1.3886 train_time:674053ms step_avg:717.08ms
step:950/2000 train_loss:2.2633 ce:2.3594 sigreg_tgt:0.0386 sigreg_h:0.0737 temp:37.5000 grad_norm:0.0461 train_time:680974ms step_avg:716.82ms
step:960/2000 train_loss:2.2129 ce:2.2969 sigreg_tgt:0.0393 sigreg_h:0.0845 temp:37.5000 grad_norm:0.1457 train_time:687858ms step_avg:716.52ms
manifold_diag:step:960/2000 sigreg_tok:0.0513 tok_row_norm_mean:33.2382 tok_row_norm_std:4.9427 tok_dim_std_mean:1.4469 tok_eff_rank:241.9162 tok_cos_off_mean:0.0470 dirs_sum:-9.9576
step:960/2000 val_loss:2.3429 val_bpb:1.3876 train_time:687869ms step_avg:716.53ms
step:970/2000 train_loss:2.2456 ce:2.4062 sigreg_tgt:0.0366 sigreg_h:0.0688 temp:37.5000 grad_norm:0.0475 train_time:694822ms step_avg:716.31ms
step:980/2000 train_loss:2.2055 ce:2.2031 sigreg_tgt:0.0327 sigreg_h:0.0630 temp:38.0000 grad_norm:0.0376 train_time:701709ms step_avg:716.03ms
manifold_diag:step:980/2000 sigreg_tok:0.0484 tok_row_norm_mean:33.3853 tok_row_norm_std:5.0253 tok_dim_std_mean:1.4539 tok_eff_rank:243.3262 tok_cos_off_mean:0.0469 dirs_sum:-14.8857
step:980/2000 val_loss:2.3340 val_bpb:1.3823 train_time:701720ms step_avg:716.04ms
step:990/2000 train_loss:2.2287 ce:2.4219 sigreg_tgt:0.0403 sigreg_h:0.0835 temp:38.0000 grad_norm:0.0620 train_time:708626ms step_avg:715.78ms
step:1000/2000 train_loss:2.2465 ce:2.3438 sigreg_tgt:0.0386 sigreg_h:0.0620 temp:38.2500 grad_norm:0.0486 train_time:715529ms step_avg:715.53ms
manifold_diag:step:1000/2000 sigreg_tok:0.0498 tok_row_norm_mean:33.5238 tok_row_norm_std:5.1049 tok_dim_std_mean:1.4607 tok_eff_rank:244.3802 tok_cos_off_mean:0.0468 dirs_sum:-5.7313
step:1000/2000 val_loss:2.3290 val_bpb:1.3794 train_time:715540ms step_avg:715.54ms
step:1010/2000 train_loss:2.2369 ce:2.3906 sigreg_tgt:0.0381 sigreg_h:0.0588 temp:38.2500 grad_norm:0.0477 train_time:722453ms step_avg:715.30ms
step:1020/2000 train_loss:2.1574 ce:2.2812 sigreg_tgt:0.0403 sigreg_h:0.0781 temp:38.2500 grad_norm:0.0774 train_time:729353ms step_avg:715.05ms
manifold_diag:step:1020/2000 sigreg_tok:0.0568 tok_row_norm_mean:33.6652 tok_row_norm_std:5.1894 tok_dim_std_mean:1.4676 tok_eff_rank:245.4756 tok_cos_off_mean:0.0467 dirs_sum:-13.1154
step:1020/2000 val_loss:2.3293 val_bpb:1.3795 train_time:729364ms step_avg:715.06ms
step:1030/2000 train_loss:2.2318 ce:2.3594 sigreg_tgt:0.0410 sigreg_h:0.0884 temp:38.0000 grad_norm:0.0473 train_time:736330ms step_avg:714.88ms
step:1040/2000 train_loss:2.1589 ce:2.2969 sigreg_tgt:0.0347 sigreg_h:0.0796 temp:38.2500 grad_norm:0.0509 train_time:743215ms step_avg:714.63ms
manifold_diag:step:1040/2000 sigreg_tok:0.0543 tok_row_norm_mean:33.8058 tok_row_norm_std:5.2701 tok_dim_std_mean:1.4744 tok_eff_rank:246.3408 tok_cos_off_mean:0.0467 dirs_sum:-6.3511
step:1040/2000 val_loss:2.3253 val_bpb:1.3772 train_time:743227ms step_avg:714.64ms
step:1050/2000 train_loss:2.2708 ce:2.2969 sigreg_tgt:0.0347 sigreg_h:0.0552 temp:38.7500 grad_norm:0.0594 train_time:750100ms step_avg:714.38ms
step:1060/2000 train_loss:2.1934 ce:2.2969 sigreg_tgt:0.0388 sigreg_h:0.0820 temp:38.7500 grad_norm:0.0457 train_time:756978ms step_avg:714.13ms
manifold_diag:step:1060/2000 sigreg_tok:0.0640 tok_row_norm_mean:33.9306 tok_row_norm_std:5.3469 tok_dim_std_mean:1.4805 tok_eff_rank:247.3481 tok_cos_off_mean:0.0466 dirs_sum:2.7337
step:1060/2000 val_loss:2.3188 val_bpb:1.3733 train_time:756989ms step_avg:714.14ms
step:1070/2000 train_loss:2.0955 ce:2.2344 sigreg_tgt:0.0347 sigreg_h:0.0684 temp:39.0000 grad_norm:0.0442 train_time:764062ms step_avg:714.08ms
step:1080/2000 train_loss:2.2520 ce:2.3438 sigreg_tgt:0.0327 sigreg_h:0.0757 temp:39.2500 grad_norm:0.0494 train_time:771080ms step_avg:713.96ms
manifold_diag:step:1080/2000 sigreg_tok:0.0530 tok_row_norm_mean:34.0640 tok_row_norm_std:5.4259 tok_dim_std_mean:1.4869 tok_eff_rank:248.4783 tok_cos_off_mean:0.0466 dirs_sum:-6.2475
step:1080/2000 val_loss:2.3191 val_bpb:1.3735 train_time:771092ms step_avg:713.97ms
step:1090/2000 train_loss:2.2265 ce:2.2812 sigreg_tgt:0.0408 sigreg_h:0.0874 temp:39.0000 grad_norm:0.0468 train_time:777995ms step_avg:713.76ms
step:1100/2000 train_loss:2.1685 ce:2.2344 sigreg_tgt:0.0342 sigreg_h:0.0703 temp:38.5000 grad_norm:0.0401 train_time:784905ms step_avg:713.55ms
manifold_diag:step:1100/2000 sigreg_tok:0.0496 tok_row_norm_mean:34.2055 tok_row_norm_std:5.5106 tok_dim_std_mean:1.4938 tok_eff_rank:249.5161 tok_cos_off_mean:0.0466 dirs_sum:4.1091
step:1100/2000 val_loss:2.3147 val_bpb:1.3709 train_time:784916ms step_avg:713.56ms
step:1110/2000 train_loss:2.1176 ce:2.1562 sigreg_tgt:0.0393 sigreg_h:0.0610 temp:39.0000 grad_norm:0.0443 train_time:791924ms step_avg:713.45ms
step:1120/2000 train_loss:2.2511 ce:2.3594 sigreg_tgt:0.0388 sigreg_h:0.0732 temp:39.0000 grad_norm:0.0527 train_time:798869ms step_avg:713.28ms
manifold_diag:step:1120/2000 sigreg_tok:0.0609 tok_row_norm_mean:34.3438 tok_row_norm_std:5.5910 tok_dim_std_mean:1.5003 tok_eff_rank:250.5955 tok_cos_off_mean:0.0467 dirs_sum:-12.4911
step:1120/2000 val_loss:2.3150 val_bpb:1.3711 train_time:798881ms step_avg:713.29ms
step:1130/2000 train_loss:2.1760 ce:2.3281 sigreg_tgt:0.0437 sigreg_h:0.0942 temp:39.0000 grad_norm:0.0533 train_time:805838ms step_avg:713.13ms
step:1140/2000 train_loss:2.2246 ce:2.3750 sigreg_tgt:0.0381 sigreg_h:0.0947 temp:39.0000 grad_norm:0.0389 train_time:812852ms step_avg:713.03ms
manifold_diag:step:1140/2000 sigreg_tok:0.0619 tok_row_norm_mean:34.4853 tok_row_norm_std:5.6750 tok_dim_std_mean:1.5071 tok_eff_rank:251.5808 tok_cos_off_mean:0.0467 dirs_sum:-0.0778
step:1140/2000 val_loss:2.3178 val_bpb:1.3728 train_time:812864ms step_avg:713.04ms
step:1150/2000 train_loss:2.1784 ce:2.2344 sigreg_tgt:0.0352 sigreg_h:0.0557 temp:39.5000 grad_norm:0.0550 train_time:820144ms step_avg:713.17ms
step:1160/2000 train_loss:2.2358 ce:2.3281 sigreg_tgt:0.0396 sigreg_h:0.0674 temp:39.5000 grad_norm:0.0362 train_time:827447ms step_avg:713.32ms
manifold_diag:step:1160/2000 sigreg_tok:0.0527 tok_row_norm_mean:34.6270 tok_row_norm_std:5.7519 tok_dim_std_mean:1.5140 tok_eff_rank:252.4203 tok_cos_off_mean:0.0466 dirs_sum:-4.2477
step:1160/2000 val_loss:2.3076 val_bpb:1.3667 train_time:827458ms step_avg:713.33ms
step:1170/2000 train_loss:2.1694 ce:2.2812 sigreg_tgt:0.0391 sigreg_h:0.0928 temp:39.5000 grad_norm:0.0409 train_time:834538ms step_avg:713.28ms
step:1180/2000 train_loss:2.0393 ce:2.1094 sigreg_tgt:0.0354 sigreg_h:0.0635 temp:40.0000 grad_norm:0.0518 train_time:841623ms step_avg:713.24ms
manifold_diag:step:1180/2000 sigreg_tok:0.0599 tok_row_norm_mean:34.7555 tok_row_norm_std:5.8304 tok_dim_std_mean:1.5202 tok_eff_rank:253.2007 tok_cos_off_mean:0.0466 dirs_sum:-6.9455
step:1180/2000 val_loss:2.3092 val_bpb:1.3676 train_time:841634ms step_avg:713.25ms
step:1190/2000 train_loss:2.2508 ce:2.3594 sigreg_tgt:0.0374 sigreg_h:0.0771 temp:40.0000 grad_norm:0.0398 train_time:848780ms step_avg:713.26ms
step:1200/2000 train_loss:2.1771 ce:2.3281 sigreg_tgt:0.0374 sigreg_h:0.0737 temp:39.5000 grad_norm:0.0390 train_time:855928ms step_avg:713.27ms
manifold_diag:step:1200/2000 sigreg_tok:0.0499 tok_row_norm_mean:34.8821 tok_row_norm_std:5.9065 tok_dim_std_mean:1.5264 tok_eff_rank:253.8893 tok_cos_off_mean:0.0465 dirs_sum:-2.7707
step:1200/2000 val_loss:2.3004 val_bpb:1.3624 train_time:855940ms step_avg:713.28ms
step:1210/2000 train_loss:2.2090 ce:2.2188 sigreg_tgt:0.0432 sigreg_h:0.0630 temp:39.7500 grad_norm:0.0455 train_time:863031ms step_avg:713.25ms
step:1220/2000 train_loss:2.1777 ce:2.3438 sigreg_tgt:0.0459 sigreg_h:0.0947 temp:40.2500 grad_norm:0.0731 train_time:870113ms step_avg:713.21ms
manifold_diag:step:1220/2000 sigreg_tok:0.0642 tok_row_norm_mean:35.0034 tok_row_norm_std:5.9813 tok_dim_std_mean:1.5323 tok_eff_rank:254.5503 tok_cos_off_mean:0.0465 dirs_sum:7.8939
step:1220/2000 val_loss:2.2990 val_bpb:1.3616 train_time:870125ms step_avg:713.22ms
step:1230/2000 train_loss:2.1949 ce:2.2656 sigreg_tgt:0.0391 sigreg_h:0.0908 temp:40.0000 grad_norm:0.0436 train_time:877311ms step_avg:713.26ms
step:1240/2000 train_loss:2.1420 ce:2.1875 sigreg_tgt:0.0371 sigreg_h:0.0854 temp:40.0000 grad_norm:0.0473 train_time:884528ms step_avg:713.33ms
manifold_diag:step:1240/2000 sigreg_tok:0.0575 tok_row_norm_mean:35.1307 tok_row_norm_std:6.0573 tok_dim_std_mean:1.5384 tok_eff_rank:255.5134 tok_cos_off_mean:0.0465 dirs_sum:3.7081
step:1240/2000 val_loss:2.2959 val_bpb:1.3598 train_time:884539ms step_avg:713.34ms
step:1250/2000 train_loss:2.0965 ce:2.1875 sigreg_tgt:0.0352 sigreg_h:0.0996 temp:40.5000 grad_norm:0.0380 train_time:891857ms step_avg:713.49ms
step:1260/2000 train_loss:2.1893 ce:2.3281 sigreg_tgt:0.0374 sigreg_h:0.0742 temp:40.5000 grad_norm:0.0515 train_time:899203ms step_avg:713.65ms
manifold_diag:step:1260/2000 sigreg_tok:0.0609 tok_row_norm_mean:35.2584 tok_row_norm_std:6.1349 tok_dim_std_mean:1.5447 tok_eff_rank:256.2582 tok_cos_off_mean:0.0464 dirs_sum:6.3829
step:1260/2000 val_loss:2.2939 val_bpb:1.3586 train_time:899214ms step_avg:713.66ms
step:1270/2000 train_loss:2.1552 ce:2.2344 sigreg_tgt:0.0359 sigreg_h:0.0811 temp:40.2500 grad_norm:0.0421 train_time:906269ms step_avg:713.60ms
step:1280/2000 train_loss:2.1120 ce:2.2656 sigreg_tgt:0.0359 sigreg_h:0.0811 temp:40.5000 grad_norm:0.0461 train_time:913556ms step_avg:713.72ms
manifold_diag:step:1280/2000 sigreg_tok:0.0591 tok_row_norm_mean:35.3854 tok_row_norm_std:6.2153 tok_dim_std_mean:1.5508 tok_eff_rank:256.8617 tok_cos_off_mean:0.0464 dirs_sum:-16.9696
step:1280/2000 val_loss:2.2912 val_bpb:1.3570 train_time:913567ms step_avg:713.72ms
step:1290/2000 train_loss:2.1744 ce:2.2344 sigreg_tgt:0.0425 sigreg_h:0.0845 temp:40.7500 grad_norm:0.0446 train_time:920665ms step_avg:713.69ms
step:1300/2000 train_loss:2.1955 ce:2.2031 sigreg_tgt:0.0369 sigreg_h:0.1172 temp:40.5000 grad_norm:0.0591 train_time:927733ms step_avg:713.64ms
manifold_diag:step:1300/2000 sigreg_tok:0.0639 tok_row_norm_mean:35.5142 tok_row_norm_std:6.2941 tok_dim_std_mean:1.5571 tok_eff_rank:257.7701 tok_cos_off_mean:0.0464 dirs_sum:5.5228
step:1300/2000 val_loss:2.2880 val_bpb:1.3551 train_time:927745ms step_avg:713.65ms
step:1310/2000 train_loss:2.1511 ce:2.2656 sigreg_tgt:0.0386 sigreg_h:0.0928 temp:40.5000 grad_norm:0.0459 train_time:934648ms step_avg:713.47ms
step:1320/2000 train_loss:2.1622 ce:2.2344 sigreg_tgt:0.0413 sigreg_h:0.0825 temp:41.0000 grad_norm:0.0500 train_time:941536ms step_avg:713.28ms
manifold_diag:step:1320/2000 sigreg_tok:0.0694 tok_row_norm_mean:35.6409 tok_row_norm_std:6.3737 tok_dim_std_mean:1.5632 tok_eff_rank:258.4631 tok_cos_off_mean:0.0463 dirs_sum:17.0866
step:1320/2000 val_loss:2.2864 val_bpb:1.3541 train_time:941547ms step_avg:713.29ms
step:1330/2000 train_loss:2.1758 ce:2.2344 sigreg_tgt:0.0454 sigreg_h:0.0850 temp:41.0000 grad_norm:0.0406 train_time:949414ms step_avg:713.84ms
step:1340/2000 train_loss:2.1402 ce:2.2812 sigreg_tgt:0.0435 sigreg_h:0.1050 temp:41.0000 grad_norm:0.0331 train_time:957322ms step_avg:714.42ms
manifold_diag:step:1340/2000 sigreg_tok:0.0714 tok_row_norm_mean:35.7613 tok_row_norm_std:6.4491 tok_dim_std_mean:1.5691 tok_eff_rank:259.2435 tok_cos_off_mean:0.0464 dirs_sum:-7.0173
step:1340/2000 val_loss:2.2836 val_bpb:1.3525 train_time:957334ms step_avg:714.43ms
step:1350/2000 train_loss:2.0684 ce:2.2656 sigreg_tgt:0.0386 sigreg_h:0.0967 temp:41.2500 grad_norm:0.0367 train_time:964358ms step_avg:714.34ms
step:1360/2000 train_loss:2.2039 ce:2.4531 sigreg_tgt:0.0408 sigreg_h:0.1191 temp:41.5000 grad_norm:0.0368 train_time:971307ms step_avg:714.20ms
manifold_diag:step:1360/2000 sigreg_tok:0.0631 tok_row_norm_mean:35.8781 tok_row_norm_std:6.5246 tok_dim_std_mean:1.5748 tok_eff_rank:259.9777 tok_cos_off_mean:0.0464 dirs_sum:-9.2884
step:1360/2000 val_loss:2.2806 val_bpb:1.3507 train_time:971319ms step_avg:714.21ms
step:1370/2000 train_loss:2.1329 ce:2.2500 sigreg_tgt:0.0378 sigreg_h:0.0840 temp:41.2500 grad_norm:0.0581 train_time:978352ms step_avg:714.13ms
step:1380/2000 train_loss:2.0780 ce:2.1719 sigreg_tgt:0.0369 sigreg_h:0.0903 temp:41.0000 grad_norm:0.0626 train_time:985474ms step_avg:714.11ms
manifold_diag:step:1380/2000 sigreg_tok:0.0684 tok_row_norm_mean:35.9975 tok_row_norm_std:6.6004 tok_dim_std_mean:1.5806 tok_eff_rank:260.8274 tok_cos_off_mean:0.0464 dirs_sum:-3.6616
step:1380/2000 val_loss:2.2830 val_bpb:1.3521 train_time:985485ms step_avg:714.12ms
step:1390/2000 train_loss:2.1731 ce:2.2969 sigreg_tgt:0.0352 sigreg_h:0.1084 temp:41.5000 grad_norm:0.0382 train_time:992404ms step_avg:713.96ms
step:1400/2000 train_loss:2.2113 ce:2.3281 sigreg_tgt:0.0405 sigreg_h:0.1045 temp:41.0000 grad_norm:0.0663 train_time:999326ms step_avg:713.80ms
manifold_diag:step:1400/2000 sigreg_tok:0.0672 tok_row_norm_mean:36.1208 tok_row_norm_std:6.6742 tok_dim_std_mean:1.5864 tok_eff_rank:261.5487 tok_cos_off_mean:0.0465 dirs_sum:-7.7116
step:1400/2000 val_loss:2.2791 val_bpb:1.3498 train_time:999338ms step_avg:713.81ms
step:1410/2000 train_loss:2.1322 ce:2.2344 sigreg_tgt:0.0386 sigreg_h:0.1196 temp:41.0000 grad_norm:0.0352 train_time:1006440ms step_avg:713.79ms
step:1420/2000 train_loss:2.1630 ce:2.3281 sigreg_tgt:0.0452 sigreg_h:0.0996 temp:41.2500 grad_norm:0.0522 train_time:1013465ms step_avg:713.71ms
manifold_diag:step:1420/2000 sigreg_tok:0.0651 tok_row_norm_mean:36.2397 tok_row_norm_std:6.7506 tok_dim_std_mean:1.5921 tok_eff_rank:262.1080 tok_cos_off_mean:0.0466 dirs_sum:2.9018
step:1420/2000 val_loss:2.2787 val_bpb:1.3496 train_time:1013476ms step_avg:713.72ms
step:1430/2000 train_loss:2.1390 ce:2.1875 sigreg_tgt:0.0413 sigreg_h:0.0977 temp:41.2500 grad_norm:0.0536 train_time:1020427ms step_avg:713.59ms
step:1440/2000 train_loss:2.1030 ce:2.2344 sigreg_tgt:0.0410 sigreg_h:0.1113 temp:41.2500 grad_norm:0.0393 train_time:1027558ms step_avg:713.58ms
manifold_diag:step:1440/2000 sigreg_tok:0.0727 tok_row_norm_mean:36.3667 tok_row_norm_std:6.8325 tok_dim_std_mean:1.5984 tok_eff_rank:262.8704 tok_cos_off_mean:0.0465 dirs_sum:-1.4421
step:1440/2000 val_loss:2.2763 val_bpb:1.3481 train_time:1027573ms step_avg:713.59ms
step:1450/2000 train_loss:2.1461 ce:2.3281 sigreg_tgt:0.0339 sigreg_h:0.1011 temp:41.5000 grad_norm:0.0426 train_time:1034680ms step_avg:713.57ms
step:1460/2000 train_loss:2.1644 ce:2.3438 sigreg_tgt:0.0381 sigreg_h:0.1167 temp:41.2500 grad_norm:0.0395 train_time:1041605ms step_avg:713.43ms
manifold_diag:step:1460/2000 sigreg_tok:0.0666 tok_row_norm_mean:36.4920 tok_row_norm_std:6.9112 tok_dim_std_mean:1.6045 tok_eff_rank:263.5150 tok_cos_off_mean:0.0465 dirs_sum:7.6998
step:1460/2000 val_loss:2.2764 val_bpb:1.3482 train_time:1041616ms step_avg:713.44ms
step:1470/2000 train_loss:2.1654 ce:2.1719 sigreg_tgt:0.0400 sigreg_h:0.1260 temp:41.2500 grad_norm:0.0423 train_time:1048803ms step_avg:713.47ms
step:1480/2000 train_loss:2.1848 ce:2.2344 sigreg_tgt:0.0415 sigreg_h:0.0791 temp:41.5000 grad_norm:0.0326 train_time:1055997ms step_avg:713.51ms
manifold_diag:step:1480/2000 sigreg_tok:0.0794 tok_row_norm_mean:36.6110 tok_row_norm_std:6.9824 tok_dim_std_mean:1.6103 tok_eff_rank:264.0646 tok_cos_off_mean:0.0465 dirs_sum:-12.0718
step:1480/2000 val_loss:2.2705 val_bpb:1.3447 train_time:1056008ms step_avg:713.52ms
step:1490/2000 train_loss:2.1859 ce:2.2812 sigreg_tgt:0.0361 sigreg_h:0.0845 temp:41.7500 grad_norm:0.0412 train_time:1062961ms step_avg:713.40ms
step:1500/2000 train_loss:2.1748 ce:2.2656 sigreg_tgt:0.0400 sigreg_h:0.1216 temp:41.5000 grad_norm:0.0386 train_time:1069900ms step_avg:713.27ms
manifold_diag:step:1500/2000 sigreg_tok:0.0719 tok_row_norm_mean:36.7239 tok_row_norm_std:7.0526 tok_dim_std_mean:1.6158 tok_eff_rank:264.5549 tok_cos_off_mean:0.0464 dirs_sum:-11.7740
step:1500/2000 val_loss:2.2709 val_bpb:1.3449 train_time:1069912ms step_avg:713.27ms
step:1510/2000 train_loss:2.1473 ce:2.2344 sigreg_tgt:0.0396 sigreg_h:0.0835 temp:41.7500 grad_norm:0.0547 train_time:1076961ms step_avg:713.22ms
step:1520/2000 train_loss:2.1317 ce:2.1406 sigreg_tgt:0.0383 sigreg_h:0.0752 temp:42.0000 grad_norm:0.0398 train_time:1084010ms step_avg:713.16ms
manifold_diag:step:1520/2000 sigreg_tok:0.0595 tok_row_norm_mean:36.8411 tok_row_norm_std:7.1283 tok_dim_std_mean:1.6215 tok_eff_rank:265.3212 tok_cos_off_mean:0.0464 dirs_sum:13.9907
step:1520/2000 val_loss:2.2693 val_bpb:1.3440 train_time:1084022ms step_avg:713.17ms
step:1530/2000 train_loss:2.1959 ce:2.2969 sigreg_tgt:0.0437 sigreg_h:0.0928 temp:42.0000 grad_norm:0.0354 train_time:1091367ms step_avg:713.31ms
step:1540/2000 train_loss:2.1681 ce:2.2812 sigreg_tgt:0.0376 sigreg_h:0.0977 temp:42.0000 grad_norm:0.0362 train_time:1098558ms step_avg:713.35ms
manifold_diag:step:1540/2000 sigreg_tok:0.0682 tok_row_norm_mean:36.9551 tok_row_norm_std:7.1990 tok_dim_std_mean:1.6270 tok_eff_rank:265.9132 tok_cos_off_mean:0.0465 dirs_sum:-2.9634
step:1540/2000 val_loss:2.2685 val_bpb:1.3435 train_time:1098571ms step_avg:713.36ms
step:1550/2000 train_loss:2.4606 ce:3.7500 sigreg_tgt:0.0410 sigreg_h:0.2305 temp:42.0000 grad_norm:0.0416 train_time:1105442ms step_avg:713.19ms
step:1560/2000 train_loss:2.1611 ce:2.3125 sigreg_tgt:0.0415 sigreg_h:0.1001 temp:42.0000 grad_norm:0.0450 train_time:1112312ms step_avg:713.02ms
manifold_diag:step:1560/2000 sigreg_tok:0.0724 tok_row_norm_mean:37.0688 tok_row_norm_std:7.2702 tok_dim_std_mean:1.6325 tok_eff_rank:266.4747 tok_cos_off_mean:0.0465 dirs_sum:-12.3874
step:1560/2000 val_loss:2.2671 val_bpb:1.3427 train_time:1112323ms step_avg:713.03ms
step:1570/2000 train_loss:2.1975 ce:2.3906 sigreg_tgt:0.0378 sigreg_h:0.1299 temp:41.7500 grad_norm:0.0379 train_time:1119236ms step_avg:712.89ms
step:1580/2000 train_loss:2.1283 ce:2.2344 sigreg_tgt:0.0383 sigreg_h:0.1240 temp:42.0000 grad_norm:0.0350 train_time:1126119ms step_avg:712.73ms
manifold_diag:step:1580/2000 sigreg_tok:0.0674 tok_row_norm_mean:37.1794 tok_row_norm_std:7.3375 tok_dim_std_mean:1.6379 tok_eff_rank:266.9113 tok_cos_off_mean:0.0465 dirs_sum:-4.3918
step:1580/2000 val_loss:2.2642 val_bpb:1.3410 train_time:1126131ms step_avg:712.74ms
step:1590/2000 train_loss:2.1654 ce:2.2344 sigreg_tgt:0.0410 sigreg_h:0.1338 temp:42.0000 grad_norm:0.0406 train_time:1133081ms step_avg:712.63ms
step:1600/2000 train_loss:2.1134 ce:2.2812 sigreg_tgt:0.0444 sigreg_h:0.1182 temp:42.0000 grad_norm:0.0480 train_time:1140222ms step_avg:712.64ms
manifold_diag:step:1600/2000 sigreg_tok:0.0789 tok_row_norm_mean:37.2981 tok_row_norm_std:7.4126 tok_dim_std_mean:1.6437 tok_eff_rank:267.6577 tok_cos_off_mean:0.0464 dirs_sum:7.9111
step:1600/2000 val_loss:2.2656 val_bpb:1.3418 train_time:1140234ms step_avg:712.65ms
step:1610/2000 train_loss:2.1044 ce:1.8359 sigreg_tgt:0.0491 sigreg_h:0.1157 temp:42.0000 grad_norm:0.0656 train_time:1147343ms step_avg:712.64ms
step:1620/2000 train_loss:2.1572 ce:2.2500 sigreg_tgt:0.0408 sigreg_h:0.1094 temp:42.0000 grad_norm:0.0712 train_time:1154396ms step_avg:712.59ms
manifold_diag:step:1620/2000 sigreg_tok:0.0804 tok_row_norm_mean:37.4147 tok_row_norm_std:7.4818 tok_dim_std_mean:1.6494 tok_eff_rank:268.2993 tok_cos_off_mean:0.0464 dirs_sum:-6.8681
step:1620/2000 val_loss:2.2646 val_bpb:1.3413 train_time:1154408ms step_avg:712.60ms
step:1630/2000 train_loss:2.1822 ce:2.3281 sigreg_tgt:0.0405 sigreg_h:0.0894 temp:42.2500 grad_norm:0.0344 train_time:1161394ms step_avg:712.51ms
step:1640/2000 train_loss:2.2610 ce:2.2656 sigreg_tgt:0.0439 sigreg_h:0.1113 temp:42.5000 grad_norm:0.0345 train_time:1168440ms step_avg:712.46ms
manifold_diag:step:1640/2000 sigreg_tok:0.0693 tok_row_norm_mean:37.5276 tok_row_norm_std:7.5533 tok_dim_std_mean:1.6549 tok_eff_rank:268.6179 tok_cos_off_mean:0.0464 dirs_sum:-5.8242
step:1640/2000 val_loss:2.2606 val_bpb:1.3389 train_time:1168451ms step_avg:712.47ms
step:1650/2000 train_loss:2.1459 ce:2.2656 sigreg_tgt:0.0476 sigreg_h:0.0977 temp:42.2500 grad_norm:0.0330 train_time:1175529ms step_avg:712.44ms
step:1660/2000 train_loss:2.1413 ce:2.1875 sigreg_tgt:0.0374 sigreg_h:0.0981 temp:42.5000 grad_norm:0.0367 train_time:1182435ms step_avg:712.31ms
manifold_diag:step:1660/2000 sigreg_tok:0.0735 tok_row_norm_mean:37.6365 tok_row_norm_std:7.6230 tok_dim_std_mean:1.6603 tok_eff_rank:269.0859 tok_cos_off_mean:0.0464 dirs_sum:-6.4264
step:1660/2000 val_loss:2.2590 val_bpb:1.3379 train_time:1182447ms step_avg:712.32ms
step:1670/2000 train_loss:2.1474 ce:2.2344 sigreg_tgt:0.0427 sigreg_h:0.1060 temp:42.5000 grad_norm:0.0594 train_time:1189657ms step_avg:712.37ms
step:1680/2000 train_loss:2.1333 ce:2.2969 sigreg_tgt:0.0422 sigreg_h:0.1152 temp:42.5000 grad_norm:0.0434 train_time:1196677ms step_avg:712.31ms
manifold_diag:step:1680/2000 sigreg_tok:0.0724 tok_row_norm_mean:37.7415 tok_row_norm_std:7.6904 tok_dim_std_mean:1.6653 tok_eff_rank:269.5832 tok_cos_off_mean:0.0464 dirs_sum:-2.0021
step:1680/2000 val_loss:2.2572 val_bpb:1.3369 train_time:1196688ms step_avg:712.31ms
step:1690/2000 train_loss:2.1731 ce:2.3438 sigreg_tgt:0.0437 sigreg_h:0.0967 temp:43.0000 grad_norm:0.0691 train_time:1203995ms step_avg:712.42ms
step:1700/2000 train_loss:2.1584 ce:2.2031 sigreg_tgt:0.0427 sigreg_h:0.0757 temp:42.7500 grad_norm:0.0415 train_time:1211224ms step_avg:712.48ms
manifold_diag:step:1700/2000 sigreg_tok:0.0729 tok_row_norm_mean:37.8485 tok_row_norm_std:7.7569 tok_dim_std_mean:1.6706 tok_eff_rank:270.2933 tok_cos_off_mean:0.0464 dirs_sum:0.0853
step:1700/2000 val_loss:2.2557 val_bpb:1.3360 train_time:1211240ms step_avg:712.49ms
step:1710/2000 train_loss:2.1587 ce:2.2656 sigreg_tgt:0.0437 sigreg_h:0.1172 temp:42.7500 grad_norm:0.0372 train_time:1218490ms step_avg:712.57ms
step:1720/2000 train_loss:2.1942 ce:2.3281 sigreg_tgt:0.0388 sigreg_h:0.1113 temp:43.0000 grad_norm:0.0326 train_time:1225750ms step_avg:712.65ms
manifold_diag:step:1720/2000 sigreg_tok:0.0723 tok_row_norm_mean:37.9602 tok_row_norm_std:7.8277 tok_dim_std_mean:1.6761 tok_eff_rank:270.8718 tok_cos_off_mean:0.0464 dirs_sum:-6.6719
step:1720/2000 val_loss:2.2534 val_bpb:1.3346 train_time:1225761ms step_avg:712.65ms
step:1730/2000 train_loss:2.1125 ce:2.2344 sigreg_tgt:0.0378 sigreg_h:0.0952 temp:43.0000 grad_norm:0.0342 train_time:1233017ms step_avg:712.73ms
step:1740/2000 train_loss:2.1696 ce:2.3125 sigreg_tgt:0.0393 sigreg_h:0.0869 temp:43.0000 grad_norm:0.0411 train_time:1240273ms step_avg:712.80ms
manifold_diag:step:1740/2000 sigreg_tok:0.0703 tok_row_norm_mean:38.0623 tok_row_norm_std:7.8901 tok_dim_std_mean:1.6810 tok_eff_rank:271.2264 tok_cos_off_mean:0.0464 dirs_sum:16.9748
step:1740/2000 val_loss:2.2535 val_bpb:1.3347 train_time:1240285ms step_avg:712.81ms
step:1750/2000 train_loss:2.1304 ce:2.2031 sigreg_tgt:0.0405 sigreg_h:0.1196 temp:43.0000 grad_norm:0.0556 train_time:1247275ms step_avg:712.73ms
step:1760/2000 train_loss:2.1257 ce:2.1875 sigreg_tgt:0.0415 sigreg_h:0.1289 temp:43.2500 grad_norm:0.0551 train_time:1254453ms step_avg:712.76ms
manifold_diag:step:1760/2000 sigreg_tok:0.0729 tok_row_norm_mean:38.1673 tok_row_norm_std:7.9543 tok_dim_std_mean:1.6861 tok_eff_rank:271.5629 tok_cos_off_mean:0.0464 dirs_sum:-0.7794
step:1760/2000 val_loss:2.2514 val_bpb:1.3334 train_time:1254464ms step_avg:712.76ms
step:1770/2000 train_loss:2.1460 ce:2.2500 sigreg_tgt:0.0374 sigreg_h:0.1445 temp:43.2500 grad_norm:0.0484 train_time:1261774ms step_avg:712.87ms
step:1780/2000 train_loss:2.0793 ce:2.1562 sigreg_tgt:0.0376 sigreg_h:0.0986 temp:43.2500 grad_norm:0.0307 train_time:1268985ms step_avg:712.91ms
manifold_diag:step:1780/2000 sigreg_tok:0.0700 tok_row_norm_mean:38.2826 tok_row_norm_std:8.0280 tok_dim_std_mean:1.6918 tok_eff_rank:272.1871 tok_cos_off_mean:0.0464 dirs_sum:-3.7176
step:1780/2000 val_loss:2.2518 val_bpb:1.3336 train_time:1268997ms step_avg:712.92ms
step:1790/2000 train_loss:2.1155 ce:2.2344 sigreg_tgt:0.0366 sigreg_h:0.1260 temp:43.2500 grad_norm:0.0311 train_time:1276038ms step_avg:712.87ms
step:1800/2000 train_loss:2.1575 ce:2.2656 sigreg_tgt:0.0437 sigreg_h:0.1104 temp:43.2500 grad_norm:0.0468 train_time:1283041ms step_avg:712.80ms
manifold_diag:step:1800/2000 sigreg_tok:0.0776 tok_row_norm_mean:38.3961 tok_row_norm_std:8.0936 tok_dim_std_mean:1.6973 tok_eff_rank:272.5545 tok_cos_off_mean:0.0463 dirs_sum:8.3653
step:1800/2000 val_loss:2.2503 val_bpb:1.3328 train_time:1283053ms step_avg:712.81ms
step:1810/2000 train_loss:2.1337 ce:2.2812 sigreg_tgt:0.0408 sigreg_h:0.1021 temp:43.2500 grad_norm:0.0462 train_time:1290068ms step_avg:712.74ms
step:1820/2000 train_loss:2.0745 ce:2.1094 sigreg_tgt:0.0444 sigreg_h:0.1338 temp:43.2500 grad_norm:0.0408 train_time:1296968ms step_avg:712.62ms
manifold_diag:step:1820/2000 sigreg_tok:0.0846 tok_row_norm_mean:38.5054 tok_row_norm_std:8.1606 tok_dim_std_mean:1.7027 tok_eff_rank:272.9499 tok_cos_off_mean:0.0463 dirs_sum:-8.3227
step:1820/2000 val_loss:2.2471 val_bpb:1.3309 train_time:1296979ms step_avg:712.63ms
step:1830/2000 train_loss:2.0748 ce:2.1875 sigreg_tgt:0.0398 sigreg_h:0.1216 temp:43.5000 grad_norm:0.0470 train_time:1303912ms step_avg:712.52ms
step:1840/2000 train_loss:2.1164 ce:2.2344 sigreg_tgt:0.0435 sigreg_h:0.1245 temp:43.5000 grad_norm:0.0431 train_time:1310868ms step_avg:712.43ms
manifold_diag:step:1840/2000 sigreg_tok:0.0875 tok_row_norm_mean:38.6086 tok_row_norm_std:8.2256 tok_dim_std_mean:1.7078 tok_eff_rank:273.4280 tok_cos_off_mean:0.0462 dirs_sum:1.2153
step:1840/2000 val_loss:2.2447 val_bpb:1.3294 train_time:1310880ms step_avg:712.43ms
step:1850/2000 train_loss:2.1714 ce:2.2500 sigreg_tgt:0.0400 sigreg_h:0.1187 temp:43.5000 grad_norm:0.0444 train_time:1317917ms step_avg:712.39ms
step:1860/2000 train_loss:2.1359 ce:2.2188 sigreg_tgt:0.0410 sigreg_h:0.0981 temp:43.7500 grad_norm:0.0335 train_time:1325160ms step_avg:712.45ms
manifold_diag:step:1860/2000 sigreg_tok:0.0664 tok_row_norm_mean:38.7120 tok_row_norm_std:8.2902 tok_dim_std_mean:1.7128 tok_eff_rank:273.9032 tok_cos_off_mean:0.0462 dirs_sum:-4.2533
step:1860/2000 val_loss:2.2435 val_bpb:1.3287 train_time:1325172ms step_avg:712.46ms
step:1870/2000 train_loss:2.1416 ce:2.2812 sigreg_tgt:0.0417 sigreg_h:0.1309 temp:44.0000 grad_norm:0.0291 train_time:1332054ms step_avg:712.33ms
step:1880/2000 train_loss:2.1651 ce:2.3125 sigreg_tgt:0.0403 sigreg_h:0.1104 temp:44.0000 grad_norm:0.0483 train_time:1338925ms step_avg:712.19ms
manifold_diag:step:1880/2000 sigreg_tok:0.0809 tok_row_norm_mean:38.8117 tok_row_norm_std:8.3531 tok_dim_std_mean:1.7177 tok_eff_rank:274.4491 tok_cos_off_mean:0.0462 dirs_sum:-4.3870
step:1880/2000 val_loss:2.2431 val_bpb:1.3285 train_time:1338936ms step_avg:712.20ms
step:1890/2000 train_loss:2.1294 ce:2.2344 sigreg_tgt:0.0469 sigreg_h:0.1387 temp:43.7500 grad_norm:0.0299 train_time:1345816ms step_avg:712.07ms
step:1900/2000 train_loss:2.1105 ce:2.2188 sigreg_tgt:0.0459 sigreg_h:0.1152 temp:43.7500 grad_norm:0.0372 train_time:1352694ms step_avg:711.94ms
manifold_diag:step:1900/2000 sigreg_tok:0.0808 tok_row_norm_mean:38.9236 tok_row_norm_std:8.4266 tok_dim_std_mean:1.7231 tok_eff_rank:274.9005 tok_cos_off_mean:0.0463 dirs_sum:-1.3700
step:1900/2000 val_loss:2.2466 val_bpb:1.3306 train_time:1352708ms step_avg:711.95ms
step:1910/2000 train_loss:2.2195 ce:2.2969 sigreg_tgt:0.0403 sigreg_h:0.1245 temp:44.0000 grad_norm:0.0597 train_time:1359597ms step_avg:711.83ms
step:1920/2000 train_loss:2.1432 ce:2.4219 sigreg_tgt:0.0417 sigreg_h:0.1357 temp:43.7500 grad_norm:0.0311 train_time:1366560ms step_avg:711.75ms
manifold_diag:step:1920/2000 sigreg_tok:0.0793 tok_row_norm_mean:39.0354 tok_row_norm_std:8.4922 tok_dim_std_mean:1.7286 tok_eff_rank:275.3769 tok_cos_off_mean:0.0463 dirs_sum:-6.8124
step:1920/2000 val_loss:2.2433 val_bpb:1.3286 train_time:1366572ms step_avg:711.76ms
step:1930/2000 train_loss:2.1221 ce:2.2188 sigreg_tgt:0.0398 sigreg_h:0.1187 temp:43.7500 grad_norm:0.0388 train_time:1373600ms step_avg:711.71ms
step:1940/2000 train_loss:2.1191 ce:2.2031 sigreg_tgt:0.0378 sigreg_h:0.0962 temp:44.0000 grad_norm:0.0407 train_time:1380750ms step_avg:711.73ms
manifold_diag:step:1940/2000 sigreg_tok:0.0844 tok_row_norm_mean:39.1338 tok_row_norm_std:8.5557 tok_dim_std_mean:1.7334 tok_eff_rank:275.6718 tok_cos_off_mean:0.0463 dirs_sum:6.9145
step:1940/2000 val_loss:2.2411 val_bpb:1.3273 train_time:1380762ms step_avg:711.73ms
step:1950/2000 train_loss:2.1840 ce:2.3125 sigreg_tgt:0.0427 sigreg_h:0.1094 temp:44.0000 grad_norm:0.0379 train_time:1387851ms step_avg:711.72ms
step:1960/2000 train_loss:2.1202 ce:2.2500 sigreg_tgt:0.0400 sigreg_h:0.1279 temp:44.0000 grad_norm:0.0625 train_time:1395034ms step_avg:711.75ms
manifold_diag:step:1960/2000 sigreg_tok:0.0799 tok_row_norm_mean:39.2406 tok_row_norm_std:8.6246 tok_dim_std_mean:1.7387 tok_eff_rank:276.1002 tok_cos_off_mean:0.0462 dirs_sum:-5.1533
step:1960/2000 val_loss:2.2405 val_bpb:1.3270 train_time:1395046ms step_avg:711.76ms
step:1970/2000 train_loss:2.1313 ce:2.4688 sigreg_tgt:0.0435 sigreg_h:0.1455 temp:43.7500 grad_norm:0.0917 train_time:1402127ms step_avg:711.74ms
step:1980/2000 train_loss:2.1392 ce:2.3281 sigreg_tgt:0.0415 sigreg_h:0.1191 temp:44.0000 grad_norm:0.0350 train_time:1409203ms step_avg:711.72ms
manifold_diag:step:1980/2000 sigreg_tok:0.0825 tok_row_norm_mean:39.3409 tok_row_norm_std:8.6923 tok_dim_std_mean:1.7437 tok_eff_rank:276.4941 tok_cos_off_mean:0.0462 dirs_sum:-8.4052
step:1980/2000 val_loss:2.2393 val_bpb:1.3262 train_time:1409215ms step_avg:711.72ms
step:1990/2000 train_loss:2.1122 ce:2.1719 sigreg_tgt:0.0444 sigreg_h:0.1118 temp:44.0000 grad_norm:0.0408 train_time:1416241ms step_avg:711.68ms
step:2000/2000 train_loss:2.1159 ce:2.2969 sigreg_tgt:0.0449 sigreg_h:0.0903 temp:44.5000 grad_norm:0.0610 train_time:1423539ms step_avg:711.77ms
manifold_diag:step:2000/2000 sigreg_tok:0.0882 tok_row_norm_mean:39.4422 tok_row_norm_std:8.7556 tok_dim_std_mean:1.7487 tok_eff_rank:276.8775 tok_cos_off_mean:0.0462 dirs_sum:1.5561
step:2000/2000 val_loss:2.2371 val_bpb:1.3249 train_time:1423550ms step_avg:711.78ms
peak memory allocated: 11019 MiB reserved: 11258 MiB
Serialized model: 67225304 bytes
Code size: 30567 bytes
Total submission size: 67255871 bytes
Serialized model int8+zlib: 15677947 bytes (payload:17178914 raw_torch:17224343 payload_ratio:3.91x)
Total submission size int8+zlib: 15708514 bytes
final_int8_zlib_roundtrip val_loss:2.2375 val_bpb:1.3252 eval_time:20290ms
final_int8_zlib_roundtrip_exact val_loss:2.23750554 val_bpb:1.32517682
